[2024-05-05T03:46:32.830+0000] {local_task_job_runner.py:120} INFO - ::group::Pre task execution logs
[2024-05-05T03:46:32.930+0000] {taskinstance.py:2073} INFO - Dependencies all met for dep_context=non-requeueable deps ti=<TaskInstance: emaildag.emailfunc manual__2024-05-05T03:40:07.111984+00:00 [queued]>
[2024-05-05T03:46:32.956+0000] {taskinstance.py:2073} INFO - Dependencies all met for dep_context=requeueable deps ti=<TaskInstance: emaildag.emailfunc manual__2024-05-05T03:40:07.111984+00:00 [queued]>
[2024-05-05T03:46:32.957+0000] {taskinstance.py:2303} INFO - Starting attempt 2 of 2
[2024-05-05T03:46:32.998+0000] {taskinstance.py:2327} INFO - Executing <Task(EmailOperator): emailfunc> on 2024-05-05 03:40:07.111984+00:00
[2024-05-05T03:46:33.024+0000] {warnings.py:110} WARNING - /home/***/.local/lib/python3.12/site-packages/***/task/task_runner/standard_task_runner.py:61: DeprecationWarning: This process (pid=204) is multi-threaded, use of fork() may lead to deadlocks in the child.
  pid = os.fork()

[2024-05-05T03:46:33.030+0000] {standard_task_runner.py:63} INFO - Started process 213 to run task
[2024-05-05T03:46:33.029+0000] {standard_task_runner.py:90} INFO - Running: ['***', 'tasks', 'run', 'emaildag', 'emailfunc', 'manual__2024-05-05T03:40:07.111984+00:00', '--job-id', '106', '--raw', '--subdir', 'DAGS_FOLDER/emaildag.py', '--cfg-path', '/tmp/tmpkyyggs2o']
[2024-05-05T03:46:33.038+0000] {standard_task_runner.py:91} INFO - Job 106: Subtask emailfunc
[2024-05-05T03:46:33.189+0000] {task_command.py:426} INFO - Running <TaskInstance: emaildag.emailfunc manual__2024-05-05T03:40:07.111984+00:00 [running]> on host 9fcd8cc615be
[2024-05-05T03:46:33.488+0000] {taskinstance.py:2644} INFO - Exporting env vars: AIRFLOW_CTX_DAG_EMAIL='kalyanad100@gmail.com' AIRFLOW_CTX_DAG_OWNER='***' AIRFLOW_CTX_DAG_ID='emaildag' AIRFLOW_CTX_TASK_ID='emailfunc' AIRFLOW_CTX_EXECUTION_DATE='2024-05-05T03:40:07.111984+00:00' AIRFLOW_CTX_TRY_NUMBER='2' AIRFLOW_CTX_DAG_RUN_ID='manual__2024-05-05T03:40:07.111984+00:00'
[2024-05-05T03:46:33.493+0000] {taskinstance.py:430} INFO - ::endgroup::
[2024-05-05T03:46:33.525+0000] {warnings.py:110} WARNING - /home/***/.local/lib/python3.12/site-packages/***/utils/email.py:154: RemovedInAirflow3Warning: Fetching SMTP credentials from configuration variables will be deprecated in a future release. Please set credentials using a connection instead.
  send_mime_email(e_from=mail_from, e_to=recipients, mime_msg=msg, conn_id=conn_id, dryrun=dryrun)

[2024-05-05T03:46:33.529+0000] {email.py:271} INFO - Email alerting: attempt 1
[2024-05-05T03:46:41.396+0000] {email.py:282} INFO - Sent an alert email to ['kalyanad100@gmail.com']
[2024-05-05T03:46:42.545+0000] {taskinstance.py:441} INFO - ::group::Post task execution logs
[2024-05-05T03:46:42.666+0000] {taskinstance.py:1205} INFO - Marking task as SUCCESS. dag_id=emaildag, task_id=emailfunc, execution_date=20240505T034007, start_date=20240505T034632, end_date=20240505T034642
[2024-05-05T03:46:42.839+0000] {local_task_job_runner.py:240} INFO - Task exited with return code 0
[2024-05-05T03:46:42.959+0000] {taskinstance.py:3482} INFO - 0 downstream tasks scheduled from follow-on schedule check
[2024-05-05T03:46:42.968+0000] {local_task_job_runner.py:222} INFO - ::endgroup::
