[2024-05-08T03:25:21.925+0000] {processor.py:161} INFO - Started process (PID=61) to work on /home/airflow/.local/lib/python3.12/site-packages/airflow/example_dags/example_task_group_decorator.py
[2024-05-08T03:25:21.927+0000] {processor.py:830} INFO - Processing file /home/airflow/.local/lib/python3.12/site-packages/airflow/example_dags/example_task_group_decorator.py for tasks to queue
[2024-05-08T03:25:21.930+0000] {logging_mixin.py:188} INFO - [2024-05-08T03:25:21.929+0000] {dagbag.py:540} INFO - Filling up the DagBag from /home/airflow/.local/lib/python3.12/site-packages/airflow/example_dags/example_task_group_decorator.py
[2024-05-08T03:25:21.995+0000] {processor.py:840} INFO - DAG(s) 'example_task_group_decorator' retrieved from /home/airflow/.local/lib/python3.12/site-packages/airflow/example_dags/example_task_group_decorator.py
[2024-05-08T03:25:23.446+0000] {logging_mixin.py:188} INFO - [2024-05-08T03:25:23.441+0000] {dag.py:3096} INFO - Sync 1 DAGs
[2024-05-08T03:25:23.843+0000] {logging_mixin.py:188} INFO - [2024-05-08T03:25:23.842+0000] {dag.py:3954} INFO - Setting next_dagrun for example_task_group_decorator to 2024-05-07 00:00:00+00:00, run_after=2024-05-08 00:00:00+00:00
[2024-05-08T03:25:24.061+0000] {processor.py:183} INFO - Processing /home/airflow/.local/lib/python3.12/site-packages/airflow/example_dags/example_task_group_decorator.py took 2.160 seconds
[2024-05-08T03:26:32.665+0000] {processor.py:161} INFO - Started process (PID=136) to work on /home/airflow/.local/lib/python3.12/site-packages/airflow/example_dags/example_task_group_decorator.py
[2024-05-08T03:26:32.668+0000] {processor.py:830} INFO - Processing file /home/airflow/.local/lib/python3.12/site-packages/airflow/example_dags/example_task_group_decorator.py for tasks to queue
[2024-05-08T03:26:32.678+0000] {logging_mixin.py:188} INFO - [2024-05-08T03:26:32.677+0000] {dagbag.py:540} INFO - Filling up the DagBag from /home/airflow/.local/lib/python3.12/site-packages/airflow/example_dags/example_task_group_decorator.py
[2024-05-08T03:26:32.782+0000] {processor.py:840} INFO - DAG(s) 'example_task_group_decorator' retrieved from /home/airflow/.local/lib/python3.12/site-packages/airflow/example_dags/example_task_group_decorator.py
[2024-05-08T03:26:33.056+0000] {logging_mixin.py:188} INFO - [2024-05-08T03:26:33.055+0000] {dag.py:3096} INFO - Sync 1 DAGs
[2024-05-08T03:26:33.197+0000] {logging_mixin.py:188} INFO - [2024-05-08T03:26:33.196+0000] {dag.py:3954} INFO - Setting next_dagrun for example_task_group_decorator to 2024-05-07 00:00:00+00:00, run_after=2024-05-08 00:00:00+00:00
[2024-05-08T03:26:33.335+0000] {processor.py:183} INFO - Processing /home/airflow/.local/lib/python3.12/site-packages/airflow/example_dags/example_task_group_decorator.py took 0.694 seconds
[2024-05-08T03:27:03.843+0000] {processor.py:161} INFO - Started process (PID=201) to work on /home/airflow/.local/lib/python3.12/site-packages/airflow/example_dags/example_task_group_decorator.py
[2024-05-08T03:27:03.846+0000] {processor.py:830} INFO - Processing file /home/airflow/.local/lib/python3.12/site-packages/airflow/example_dags/example_task_group_decorator.py for tasks to queue
[2024-05-08T03:27:03.851+0000] {logging_mixin.py:188} INFO - [2024-05-08T03:27:03.850+0000] {dagbag.py:540} INFO - Filling up the DagBag from /home/airflow/.local/lib/python3.12/site-packages/airflow/example_dags/example_task_group_decorator.py
[2024-05-08T03:27:03.895+0000] {processor.py:840} INFO - DAG(s) 'example_task_group_decorator' retrieved from /home/airflow/.local/lib/python3.12/site-packages/airflow/example_dags/example_task_group_decorator.py
[2024-05-08T03:27:03.941+0000] {logging_mixin.py:188} INFO - [2024-05-08T03:27:03.941+0000] {dag.py:3096} INFO - Sync 1 DAGs
[2024-05-08T03:27:04.001+0000] {logging_mixin.py:188} INFO - [2024-05-08T03:27:03.999+0000] {dag.py:3954} INFO - Setting next_dagrun for example_task_group_decorator to 2024-05-07 00:00:00+00:00, run_after=2024-05-08 00:00:00+00:00
[2024-05-08T03:27:04.069+0000] {processor.py:183} INFO - Processing /home/airflow/.local/lib/python3.12/site-packages/airflow/example_dags/example_task_group_decorator.py took 0.243 seconds
[2024-05-08T03:27:34.418+0000] {processor.py:161} INFO - Started process (PID=260) to work on /home/airflow/.local/lib/python3.12/site-packages/airflow/example_dags/example_task_group_decorator.py
[2024-05-08T03:27:34.420+0000] {processor.py:830} INFO - Processing file /home/airflow/.local/lib/python3.12/site-packages/airflow/example_dags/example_task_group_decorator.py for tasks to queue
[2024-05-08T03:27:34.424+0000] {logging_mixin.py:188} INFO - [2024-05-08T03:27:34.423+0000] {dagbag.py:540} INFO - Filling up the DagBag from /home/airflow/.local/lib/python3.12/site-packages/airflow/example_dags/example_task_group_decorator.py
[2024-05-08T03:27:34.456+0000] {processor.py:840} INFO - DAG(s) 'example_task_group_decorator' retrieved from /home/airflow/.local/lib/python3.12/site-packages/airflow/example_dags/example_task_group_decorator.py
[2024-05-08T03:27:34.496+0000] {logging_mixin.py:188} INFO - [2024-05-08T03:27:34.496+0000] {dag.py:3096} INFO - Sync 1 DAGs
[2024-05-08T03:27:34.528+0000] {logging_mixin.py:188} INFO - [2024-05-08T03:27:34.528+0000] {dag.py:3954} INFO - Setting next_dagrun for example_task_group_decorator to 2024-05-07 00:00:00+00:00, run_after=2024-05-08 00:00:00+00:00
[2024-05-08T03:27:34.561+0000] {processor.py:183} INFO - Processing /home/airflow/.local/lib/python3.12/site-packages/airflow/example_dags/example_task_group_decorator.py took 0.154 seconds
[2024-05-08T03:28:04.987+0000] {processor.py:161} INFO - Started process (PID=321) to work on /home/airflow/.local/lib/python3.12/site-packages/airflow/example_dags/example_task_group_decorator.py
[2024-05-08T03:28:05.004+0000] {processor.py:830} INFO - Processing file /home/airflow/.local/lib/python3.12/site-packages/airflow/example_dags/example_task_group_decorator.py for tasks to queue
[2024-05-08T03:28:05.012+0000] {logging_mixin.py:188} INFO - [2024-05-08T03:28:05.011+0000] {dagbag.py:540} INFO - Filling up the DagBag from /home/airflow/.local/lib/python3.12/site-packages/airflow/example_dags/example_task_group_decorator.py
[2024-05-08T03:28:05.121+0000] {processor.py:840} INFO - DAG(s) 'example_task_group_decorator' retrieved from /home/airflow/.local/lib/python3.12/site-packages/airflow/example_dags/example_task_group_decorator.py
[2024-05-08T03:28:05.291+0000] {logging_mixin.py:188} INFO - [2024-05-08T03:28:05.291+0000] {dag.py:3096} INFO - Sync 1 DAGs
[2024-05-08T03:28:05.426+0000] {logging_mixin.py:188} INFO - [2024-05-08T03:28:05.426+0000] {dag.py:3954} INFO - Setting next_dagrun for example_task_group_decorator to 2024-05-07 00:00:00+00:00, run_after=2024-05-08 00:00:00+00:00
[2024-05-08T03:28:05.589+0000] {processor.py:183} INFO - Processing /home/airflow/.local/lib/python3.12/site-packages/airflow/example_dags/example_task_group_decorator.py took 0.628 seconds
[2024-05-08T03:28:36.129+0000] {processor.py:161} INFO - Started process (PID=382) to work on /home/airflow/.local/lib/python3.12/site-packages/airflow/example_dags/example_task_group_decorator.py
[2024-05-08T03:28:36.131+0000] {processor.py:830} INFO - Processing file /home/airflow/.local/lib/python3.12/site-packages/airflow/example_dags/example_task_group_decorator.py for tasks to queue
[2024-05-08T03:28:36.135+0000] {logging_mixin.py:188} INFO - [2024-05-08T03:28:36.135+0000] {dagbag.py:540} INFO - Filling up the DagBag from /home/airflow/.local/lib/python3.12/site-packages/airflow/example_dags/example_task_group_decorator.py
[2024-05-08T03:28:36.172+0000] {processor.py:840} INFO - DAG(s) 'example_task_group_decorator' retrieved from /home/airflow/.local/lib/python3.12/site-packages/airflow/example_dags/example_task_group_decorator.py
[2024-05-08T03:28:36.221+0000] {logging_mixin.py:188} INFO - [2024-05-08T03:28:36.220+0000] {dag.py:3096} INFO - Sync 1 DAGs
[2024-05-08T03:28:36.266+0000] {logging_mixin.py:188} INFO - [2024-05-08T03:28:36.266+0000] {dag.py:3954} INFO - Setting next_dagrun for example_task_group_decorator to 2024-05-07 00:00:00+00:00, run_after=2024-05-08 00:00:00+00:00
[2024-05-08T03:28:36.323+0000] {processor.py:183} INFO - Processing /home/airflow/.local/lib/python3.12/site-packages/airflow/example_dags/example_task_group_decorator.py took 0.206 seconds
[2024-05-08T03:29:06.512+0000] {processor.py:161} INFO - Started process (PID=442) to work on /home/airflow/.local/lib/python3.12/site-packages/airflow/example_dags/example_task_group_decorator.py
[2024-05-08T03:29:06.513+0000] {processor.py:830} INFO - Processing file /home/airflow/.local/lib/python3.12/site-packages/airflow/example_dags/example_task_group_decorator.py for tasks to queue
[2024-05-08T03:29:06.517+0000] {logging_mixin.py:188} INFO - [2024-05-08T03:29:06.516+0000] {dagbag.py:540} INFO - Filling up the DagBag from /home/airflow/.local/lib/python3.12/site-packages/airflow/example_dags/example_task_group_decorator.py
[2024-05-08T03:29:06.536+0000] {processor.py:840} INFO - DAG(s) 'example_task_group_decorator' retrieved from /home/airflow/.local/lib/python3.12/site-packages/airflow/example_dags/example_task_group_decorator.py
[2024-05-08T03:29:06.572+0000] {logging_mixin.py:188} INFO - [2024-05-08T03:29:06.572+0000] {dag.py:3096} INFO - Sync 1 DAGs
[2024-05-08T03:29:06.602+0000] {logging_mixin.py:188} INFO - [2024-05-08T03:29:06.601+0000] {dag.py:3954} INFO - Setting next_dagrun for example_task_group_decorator to 2024-05-07 00:00:00+00:00, run_after=2024-05-08 00:00:00+00:00
[2024-05-08T03:29:06.634+0000] {processor.py:183} INFO - Processing /home/airflow/.local/lib/python3.12/site-packages/airflow/example_dags/example_task_group_decorator.py took 0.129 seconds
[2024-05-08T03:29:37.299+0000] {processor.py:161} INFO - Started process (PID=504) to work on /home/airflow/.local/lib/python3.12/site-packages/airflow/example_dags/example_task_group_decorator.py
[2024-05-08T03:29:37.301+0000] {processor.py:830} INFO - Processing file /home/airflow/.local/lib/python3.12/site-packages/airflow/example_dags/example_task_group_decorator.py for tasks to queue
[2024-05-08T03:29:37.305+0000] {logging_mixin.py:188} INFO - [2024-05-08T03:29:37.304+0000] {dagbag.py:540} INFO - Filling up the DagBag from /home/airflow/.local/lib/python3.12/site-packages/airflow/example_dags/example_task_group_decorator.py
[2024-05-08T03:29:37.342+0000] {processor.py:840} INFO - DAG(s) 'example_task_group_decorator' retrieved from /home/airflow/.local/lib/python3.12/site-packages/airflow/example_dags/example_task_group_decorator.py
[2024-05-08T03:29:37.408+0000] {logging_mixin.py:188} INFO - [2024-05-08T03:29:37.407+0000] {dag.py:3096} INFO - Sync 1 DAGs
[2024-05-08T03:29:37.457+0000] {logging_mixin.py:188} INFO - [2024-05-08T03:29:37.456+0000] {dag.py:3954} INFO - Setting next_dagrun for example_task_group_decorator to 2024-05-07 00:00:00+00:00, run_after=2024-05-08 00:00:00+00:00
[2024-05-08T03:29:37.501+0000] {processor.py:183} INFO - Processing /home/airflow/.local/lib/python3.12/site-packages/airflow/example_dags/example_task_group_decorator.py took 0.217 seconds
[2024-05-08T03:30:07.583+0000] {processor.py:161} INFO - Started process (PID=564) to work on /home/airflow/.local/lib/python3.12/site-packages/airflow/example_dags/example_task_group_decorator.py
[2024-05-08T03:30:07.585+0000] {processor.py:830} INFO - Processing file /home/airflow/.local/lib/python3.12/site-packages/airflow/example_dags/example_task_group_decorator.py for tasks to queue
[2024-05-08T03:30:07.589+0000] {logging_mixin.py:188} INFO - [2024-05-08T03:30:07.588+0000] {dagbag.py:540} INFO - Filling up the DagBag from /home/airflow/.local/lib/python3.12/site-packages/airflow/example_dags/example_task_group_decorator.py
[2024-05-08T03:30:07.619+0000] {processor.py:840} INFO - DAG(s) 'example_task_group_decorator' retrieved from /home/airflow/.local/lib/python3.12/site-packages/airflow/example_dags/example_task_group_decorator.py
[2024-05-08T03:30:07.677+0000] {logging_mixin.py:188} INFO - [2024-05-08T03:30:07.677+0000] {dag.py:3096} INFO - Sync 1 DAGs
[2024-05-08T03:30:07.716+0000] {logging_mixin.py:188} INFO - [2024-05-08T03:30:07.716+0000] {dag.py:3954} INFO - Setting next_dagrun for example_task_group_decorator to 2024-05-07 00:00:00+00:00, run_after=2024-05-08 00:00:00+00:00
[2024-05-08T03:30:07.751+0000] {processor.py:183} INFO - Processing /home/airflow/.local/lib/python3.12/site-packages/airflow/example_dags/example_task_group_decorator.py took 0.181 seconds
[2024-05-08T03:30:38.112+0000] {processor.py:161} INFO - Started process (PID=625) to work on /home/airflow/.local/lib/python3.12/site-packages/airflow/example_dags/example_task_group_decorator.py
[2024-05-08T03:30:38.114+0000] {processor.py:830} INFO - Processing file /home/airflow/.local/lib/python3.12/site-packages/airflow/example_dags/example_task_group_decorator.py for tasks to queue
[2024-05-08T03:30:38.118+0000] {logging_mixin.py:188} INFO - [2024-05-08T03:30:38.118+0000] {dagbag.py:540} INFO - Filling up the DagBag from /home/airflow/.local/lib/python3.12/site-packages/airflow/example_dags/example_task_group_decorator.py
[2024-05-08T03:30:38.146+0000] {processor.py:840} INFO - DAG(s) 'example_task_group_decorator' retrieved from /home/airflow/.local/lib/python3.12/site-packages/airflow/example_dags/example_task_group_decorator.py
[2024-05-08T03:30:38.190+0000] {logging_mixin.py:188} INFO - [2024-05-08T03:30:38.190+0000] {dag.py:3096} INFO - Sync 1 DAGs
[2024-05-08T03:30:38.244+0000] {logging_mixin.py:188} INFO - [2024-05-08T03:30:38.244+0000] {dag.py:3954} INFO - Setting next_dagrun for example_task_group_decorator to 2024-05-07 00:00:00+00:00, run_after=2024-05-08 00:00:00+00:00
[2024-05-08T03:30:38.345+0000] {processor.py:183} INFO - Processing /home/airflow/.local/lib/python3.12/site-packages/airflow/example_dags/example_task_group_decorator.py took 0.245 seconds
[2024-05-08T03:31:08.674+0000] {processor.py:161} INFO - Started process (PID=687) to work on /home/airflow/.local/lib/python3.12/site-packages/airflow/example_dags/example_task_group_decorator.py
[2024-05-08T03:31:08.676+0000] {processor.py:830} INFO - Processing file /home/airflow/.local/lib/python3.12/site-packages/airflow/example_dags/example_task_group_decorator.py for tasks to queue
[2024-05-08T03:31:08.680+0000] {logging_mixin.py:188} INFO - [2024-05-08T03:31:08.679+0000] {dagbag.py:540} INFO - Filling up the DagBag from /home/airflow/.local/lib/python3.12/site-packages/airflow/example_dags/example_task_group_decorator.py
[2024-05-08T03:31:08.708+0000] {processor.py:840} INFO - DAG(s) 'example_task_group_decorator' retrieved from /home/airflow/.local/lib/python3.12/site-packages/airflow/example_dags/example_task_group_decorator.py
[2024-05-08T03:31:08.752+0000] {logging_mixin.py:188} INFO - [2024-05-08T03:31:08.752+0000] {dag.py:3096} INFO - Sync 1 DAGs
[2024-05-08T03:31:08.794+0000] {logging_mixin.py:188} INFO - [2024-05-08T03:31:08.794+0000] {dag.py:3954} INFO - Setting next_dagrun for example_task_group_decorator to 2024-05-07 00:00:00+00:00, run_after=2024-05-08 00:00:00+00:00
[2024-05-08T03:31:08.831+0000] {processor.py:183} INFO - Processing /home/airflow/.local/lib/python3.12/site-packages/airflow/example_dags/example_task_group_decorator.py took 0.166 seconds
[2024-05-08T03:31:39.269+0000] {processor.py:161} INFO - Started process (PID=748) to work on /home/airflow/.local/lib/python3.12/site-packages/airflow/example_dags/example_task_group_decorator.py
[2024-05-08T03:31:39.272+0000] {processor.py:830} INFO - Processing file /home/airflow/.local/lib/python3.12/site-packages/airflow/example_dags/example_task_group_decorator.py for tasks to queue
[2024-05-08T03:31:39.281+0000] {logging_mixin.py:188} INFO - [2024-05-08T03:31:39.280+0000] {dagbag.py:540} INFO - Filling up the DagBag from /home/airflow/.local/lib/python3.12/site-packages/airflow/example_dags/example_task_group_decorator.py
[2024-05-08T03:31:39.326+0000] {processor.py:840} INFO - DAG(s) 'example_task_group_decorator' retrieved from /home/airflow/.local/lib/python3.12/site-packages/airflow/example_dags/example_task_group_decorator.py
[2024-05-08T03:31:39.371+0000] {logging_mixin.py:188} INFO - [2024-05-08T03:31:39.371+0000] {dag.py:3096} INFO - Sync 1 DAGs
[2024-05-08T03:31:39.430+0000] {logging_mixin.py:188} INFO - [2024-05-08T03:31:39.428+0000] {dag.py:3954} INFO - Setting next_dagrun for example_task_group_decorator to 2024-05-07 00:00:00+00:00, run_after=2024-05-08 00:00:00+00:00
[2024-05-08T03:31:39.485+0000] {processor.py:183} INFO - Processing /home/airflow/.local/lib/python3.12/site-packages/airflow/example_dags/example_task_group_decorator.py took 0.240 seconds
[2024-05-08T03:32:25.075+0000] {processor.py:161} INFO - Started process (PID=816) to work on /home/airflow/.local/lib/python3.12/site-packages/airflow/example_dags/example_task_group_decorator.py
[2024-05-08T03:32:25.081+0000] {processor.py:830} INFO - Processing file /home/airflow/.local/lib/python3.12/site-packages/airflow/example_dags/example_task_group_decorator.py for tasks to queue
[2024-05-08T03:32:25.091+0000] {logging_mixin.py:188} INFO - [2024-05-08T03:32:25.090+0000] {dagbag.py:540} INFO - Filling up the DagBag from /home/airflow/.local/lib/python3.12/site-packages/airflow/example_dags/example_task_group_decorator.py
[2024-05-08T03:32:25.177+0000] {processor.py:840} INFO - DAG(s) 'example_task_group_decorator' retrieved from /home/airflow/.local/lib/python3.12/site-packages/airflow/example_dags/example_task_group_decorator.py
[2024-05-08T03:32:25.291+0000] {logging_mixin.py:188} INFO - [2024-05-08T03:32:25.290+0000] {dag.py:3096} INFO - Sync 1 DAGs
[2024-05-08T03:32:25.402+0000] {logging_mixin.py:188} INFO - [2024-05-08T03:32:25.400+0000] {dag.py:3954} INFO - Setting next_dagrun for example_task_group_decorator to 2024-05-07 00:00:00+00:00, run_after=2024-05-08 00:00:00+00:00
[2024-05-08T03:32:26.349+0000] {processor.py:183} INFO - Processing /home/airflow/.local/lib/python3.12/site-packages/airflow/example_dags/example_task_group_decorator.py took 1.305 seconds
[2024-05-08T03:32:56.688+0000] {processor.py:161} INFO - Started process (PID=878) to work on /home/airflow/.local/lib/python3.12/site-packages/airflow/example_dags/example_task_group_decorator.py
[2024-05-08T03:32:56.691+0000] {processor.py:830} INFO - Processing file /home/airflow/.local/lib/python3.12/site-packages/airflow/example_dags/example_task_group_decorator.py for tasks to queue
[2024-05-08T03:32:56.698+0000] {logging_mixin.py:188} INFO - [2024-05-08T03:32:56.696+0000] {dagbag.py:540} INFO - Filling up the DagBag from /home/airflow/.local/lib/python3.12/site-packages/airflow/example_dags/example_task_group_decorator.py
[2024-05-08T03:32:56.777+0000] {processor.py:840} INFO - DAG(s) 'example_task_group_decorator' retrieved from /home/airflow/.local/lib/python3.12/site-packages/airflow/example_dags/example_task_group_decorator.py
[2024-05-08T03:32:56.879+0000] {logging_mixin.py:188} INFO - [2024-05-08T03:32:56.876+0000] {dag.py:3096} INFO - Sync 1 DAGs
[2024-05-08T03:32:57.054+0000] {logging_mixin.py:188} INFO - [2024-05-08T03:32:57.053+0000] {dag.py:3954} INFO - Setting next_dagrun for example_task_group_decorator to 2024-05-07 00:00:00+00:00, run_after=2024-05-08 00:00:00+00:00
[2024-05-08T03:32:57.172+0000] {processor.py:183} INFO - Processing /home/airflow/.local/lib/python3.12/site-packages/airflow/example_dags/example_task_group_decorator.py took 0.507 seconds
[2024-05-08T03:33:27.463+0000] {processor.py:161} INFO - Started process (PID=940) to work on /home/airflow/.local/lib/python3.12/site-packages/airflow/example_dags/example_task_group_decorator.py
[2024-05-08T03:33:27.468+0000] {processor.py:830} INFO - Processing file /home/airflow/.local/lib/python3.12/site-packages/airflow/example_dags/example_task_group_decorator.py for tasks to queue
[2024-05-08T03:33:27.484+0000] {logging_mixin.py:188} INFO - [2024-05-08T03:33:27.483+0000] {dagbag.py:540} INFO - Filling up the DagBag from /home/airflow/.local/lib/python3.12/site-packages/airflow/example_dags/example_task_group_decorator.py
[2024-05-08T03:33:27.542+0000] {processor.py:840} INFO - DAG(s) 'example_task_group_decorator' retrieved from /home/airflow/.local/lib/python3.12/site-packages/airflow/example_dags/example_task_group_decorator.py
[2024-05-08T03:33:27.610+0000] {logging_mixin.py:188} INFO - [2024-05-08T03:33:27.610+0000] {dag.py:3096} INFO - Sync 1 DAGs
[2024-05-08T03:33:27.778+0000] {logging_mixin.py:188} INFO - [2024-05-08T03:33:27.777+0000] {dag.py:3954} INFO - Setting next_dagrun for example_task_group_decorator to 2024-05-07 00:00:00+00:00, run_after=2024-05-08 00:00:00+00:00
[2024-05-08T03:33:27.886+0000] {processor.py:183} INFO - Processing /home/airflow/.local/lib/python3.12/site-packages/airflow/example_dags/example_task_group_decorator.py took 0.462 seconds
[2024-05-08T03:41:47.884+0000] {processor.py:161} INFO - Started process (PID=1006) to work on /home/airflow/.local/lib/python3.12/site-packages/airflow/example_dags/example_task_group_decorator.py
[2024-05-08T03:41:47.889+0000] {processor.py:830} INFO - Processing file /home/airflow/.local/lib/python3.12/site-packages/airflow/example_dags/example_task_group_decorator.py for tasks to queue
[2024-05-08T03:41:47.891+0000] {logging_mixin.py:188} INFO - [2024-05-08T03:41:47.890+0000] {dagbag.py:540} INFO - Filling up the DagBag from /home/airflow/.local/lib/python3.12/site-packages/airflow/example_dags/example_task_group_decorator.py
[2024-05-08T03:41:47.944+0000] {processor.py:840} INFO - DAG(s) 'example_task_group_decorator' retrieved from /home/airflow/.local/lib/python3.12/site-packages/airflow/example_dags/example_task_group_decorator.py
[2024-05-08T03:41:48.039+0000] {logging_mixin.py:188} INFO - [2024-05-08T03:41:48.038+0000] {dag.py:3096} INFO - Sync 1 DAGs
[2024-05-08T03:41:48.520+0000] {logging_mixin.py:188} INFO - [2024-05-08T03:41:48.520+0000] {dag.py:3954} INFO - Setting next_dagrun for example_task_group_decorator to 2024-05-07 00:00:00+00:00, run_after=2024-05-08 00:00:00+00:00
[2024-05-08T03:41:48.587+0000] {processor.py:183} INFO - Processing /home/airflow/.local/lib/python3.12/site-packages/airflow/example_dags/example_task_group_decorator.py took 0.726 seconds
[2024-05-08T03:42:19.423+0000] {processor.py:161} INFO - Started process (PID=1067) to work on /home/airflow/.local/lib/python3.12/site-packages/airflow/example_dags/example_task_group_decorator.py
[2024-05-08T03:42:19.424+0000] {processor.py:830} INFO - Processing file /home/airflow/.local/lib/python3.12/site-packages/airflow/example_dags/example_task_group_decorator.py for tasks to queue
[2024-05-08T03:42:19.427+0000] {logging_mixin.py:188} INFO - [2024-05-08T03:42:19.426+0000] {dagbag.py:540} INFO - Filling up the DagBag from /home/airflow/.local/lib/python3.12/site-packages/airflow/example_dags/example_task_group_decorator.py
[2024-05-08T03:42:19.475+0000] {processor.py:840} INFO - DAG(s) 'example_task_group_decorator' retrieved from /home/airflow/.local/lib/python3.12/site-packages/airflow/example_dags/example_task_group_decorator.py
[2024-05-08T03:42:20.297+0000] {logging_mixin.py:188} INFO - [2024-05-08T03:42:20.296+0000] {dag.py:3096} INFO - Sync 1 DAGs
[2024-05-08T03:42:20.571+0000] {logging_mixin.py:188} INFO - [2024-05-08T03:42:20.571+0000] {dag.py:3954} INFO - Setting next_dagrun for example_task_group_decorator to 2024-05-07 00:00:00+00:00, run_after=2024-05-08 00:00:00+00:00
[2024-05-08T03:42:20.708+0000] {processor.py:183} INFO - Processing /home/airflow/.local/lib/python3.12/site-packages/airflow/example_dags/example_task_group_decorator.py took 1.294 seconds
