[2024-05-08T03:25:21.722+0000] {processor.py:161} INFO - Started process (PID=60) to work on /home/airflow/.local/lib/python3.12/site-packages/airflow/example_dags/example_datasets.py
[2024-05-08T03:25:21.728+0000] {processor.py:830} INFO - Processing file /home/airflow/.local/lib/python3.12/site-packages/airflow/example_dags/example_datasets.py for tasks to queue
[2024-05-08T03:25:21.750+0000] {logging_mixin.py:188} INFO - [2024-05-08T03:25:21.749+0000] {dagbag.py:540} INFO - Filling up the DagBag from /home/airflow/.local/lib/python3.12/site-packages/airflow/example_dags/example_datasets.py
[2024-05-08T03:25:21.891+0000] {processor.py:840} INFO - DAG(s) 'dataset_consumes_unknown_never_scheduled', 'dataset_produces_1', 'consume_1_and_2_with_dataset_expressions', 'conditional_dataset_and_time_based_timetable', 'dataset_consumes_1_never_scheduled', 'dataset_produces_2', 'dataset_consumes_1', 'consume_1_or_both_2_and_3_with_dataset_expressions', 'dataset_consumes_1_and_2', 'consume_1_or_2_with_dataset_expressions' retrieved from /home/airflow/.local/lib/python3.12/site-packages/airflow/example_dags/example_datasets.py
[2024-05-08T03:25:23.527+0000] {logging_mixin.py:188} INFO - [2024-05-08T03:25:23.517+0000] {dag.py:3096} INFO - Sync 10 DAGs
[2024-05-08T03:25:23.916+0000] {logging_mixin.py:188} INFO - [2024-05-08T03:25:23.916+0000] {dag.py:3954} INFO - Setting next_dagrun for conditional_dataset_and_time_based_timetable to 2024-05-08 01:00:00+00:00, run_after=2024-05-08 01:00:00+00:00
[2024-05-08T03:25:23.934+0000] {logging_mixin.py:188} INFO - [2024-05-08T03:25:23.933+0000] {dag.py:3954} INFO - Setting next_dagrun for consume_1_and_2_with_dataset_expressions to None, run_after=None
[2024-05-08T03:25:23.947+0000] {logging_mixin.py:188} INFO - [2024-05-08T03:25:23.946+0000] {dag.py:3954} INFO - Setting next_dagrun for consume_1_or_2_with_dataset_expressions to None, run_after=None
[2024-05-08T03:25:23.953+0000] {logging_mixin.py:188} INFO - [2024-05-08T03:25:23.953+0000] {dag.py:3954} INFO - Setting next_dagrun for consume_1_or_both_2_and_3_with_dataset_expressions to None, run_after=None
[2024-05-08T03:25:23.965+0000] {logging_mixin.py:188} INFO - [2024-05-08T03:25:23.964+0000] {dag.py:3954} INFO - Setting next_dagrun for dataset_consumes_1 to None, run_after=None
[2024-05-08T03:25:23.977+0000] {logging_mixin.py:188} INFO - [2024-05-08T03:25:23.976+0000] {dag.py:3954} INFO - Setting next_dagrun for dataset_consumes_1_and_2 to None, run_after=None
[2024-05-08T03:25:23.990+0000] {logging_mixin.py:188} INFO - [2024-05-08T03:25:23.989+0000] {dag.py:3954} INFO - Setting next_dagrun for dataset_consumes_1_never_scheduled to None, run_after=None
[2024-05-08T03:25:23.995+0000] {logging_mixin.py:188} INFO - [2024-05-08T03:25:23.994+0000] {dag.py:3954} INFO - Setting next_dagrun for dataset_consumes_unknown_never_scheduled to None, run_after=None
[2024-05-08T03:25:24.010+0000] {logging_mixin.py:188} INFO - [2024-05-08T03:25:24.010+0000] {dag.py:3954} INFO - Setting next_dagrun for dataset_produces_1 to 2024-05-07 00:00:00+00:00, run_after=2024-05-08 00:00:00+00:00
[2024-05-08T03:25:24.019+0000] {logging_mixin.py:188} INFO - [2024-05-08T03:25:24.019+0000] {dag.py:3954} INFO - Setting next_dagrun for dataset_produces_2 to None, run_after=None
[2024-05-08T03:25:24.317+0000] {processor.py:183} INFO - Processing /home/airflow/.local/lib/python3.12/site-packages/airflow/example_dags/example_datasets.py took 2.687 seconds
[2024-05-08T03:26:31.426+0000] {processor.py:161} INFO - Started process (PID=135) to work on /home/airflow/.local/lib/python3.12/site-packages/airflow/example_dags/example_datasets.py
[2024-05-08T03:26:31.430+0000] {processor.py:830} INFO - Processing file /home/airflow/.local/lib/python3.12/site-packages/airflow/example_dags/example_datasets.py for tasks to queue
[2024-05-08T03:26:31.435+0000] {logging_mixin.py:188} INFO - [2024-05-08T03:26:31.435+0000] {dagbag.py:540} INFO - Filling up the DagBag from /home/airflow/.local/lib/python3.12/site-packages/airflow/example_dags/example_datasets.py
[2024-05-08T03:26:31.966+0000] {processor.py:840} INFO - DAG(s) 'dataset_produces_1', 'consume_1_or_both_2_and_3_with_dataset_expressions', 'dataset_produces_2', 'dataset_consumes_1_never_scheduled', 'dataset_consumes_unknown_never_scheduled', 'dataset_consumes_1', 'conditional_dataset_and_time_based_timetable', 'consume_1_and_2_with_dataset_expressions', 'dataset_consumes_1_and_2', 'consume_1_or_2_with_dataset_expressions' retrieved from /home/airflow/.local/lib/python3.12/site-packages/airflow/example_dags/example_datasets.py
[2024-05-08T03:26:32.249+0000] {logging_mixin.py:188} INFO - [2024-05-08T03:26:32.247+0000] {dag.py:3096} INFO - Sync 10 DAGs
[2024-05-08T03:26:32.336+0000] {logging_mixin.py:188} INFO - [2024-05-08T03:26:32.335+0000] {dag.py:3954} INFO - Setting next_dagrun for conditional_dataset_and_time_based_timetable to 2024-05-08 01:00:00+00:00, run_after=2024-05-08 01:00:00+00:00
[2024-05-08T03:26:32.351+0000] {logging_mixin.py:188} INFO - [2024-05-08T03:26:32.350+0000] {dag.py:3954} INFO - Setting next_dagrun for consume_1_and_2_with_dataset_expressions to None, run_after=None
[2024-05-08T03:26:32.357+0000] {logging_mixin.py:188} INFO - [2024-05-08T03:26:32.356+0000] {dag.py:3954} INFO - Setting next_dagrun for consume_1_or_2_with_dataset_expressions to None, run_after=None
[2024-05-08T03:26:32.369+0000] {logging_mixin.py:188} INFO - [2024-05-08T03:26:32.368+0000] {dag.py:3954} INFO - Setting next_dagrun for consume_1_or_both_2_and_3_with_dataset_expressions to None, run_after=None
[2024-05-08T03:26:32.373+0000] {logging_mixin.py:188} INFO - [2024-05-08T03:26:32.373+0000] {dag.py:3954} INFO - Setting next_dagrun for dataset_consumes_1 to None, run_after=None
[2024-05-08T03:26:32.387+0000] {logging_mixin.py:188} INFO - [2024-05-08T03:26:32.386+0000] {dag.py:3954} INFO - Setting next_dagrun for dataset_consumes_1_and_2 to None, run_after=None
[2024-05-08T03:26:32.392+0000] {logging_mixin.py:188} INFO - [2024-05-08T03:26:32.391+0000] {dag.py:3954} INFO - Setting next_dagrun for dataset_consumes_1_never_scheduled to None, run_after=None
[2024-05-08T03:26:32.402+0000] {logging_mixin.py:188} INFO - [2024-05-08T03:26:32.401+0000] {dag.py:3954} INFO - Setting next_dagrun for dataset_consumes_unknown_never_scheduled to None, run_after=None
[2024-05-08T03:26:32.412+0000] {logging_mixin.py:188} INFO - [2024-05-08T03:26:32.412+0000] {dag.py:3954} INFO - Setting next_dagrun for dataset_produces_1 to 2024-05-07 00:00:00+00:00, run_after=2024-05-08 00:00:00+00:00
[2024-05-08T03:26:32.422+0000] {logging_mixin.py:188} INFO - [2024-05-08T03:26:32.420+0000] {dag.py:3954} INFO - Setting next_dagrun for dataset_produces_2 to None, run_after=None
[2024-05-08T03:26:32.580+0000] {processor.py:183} INFO - Processing /home/airflow/.local/lib/python3.12/site-packages/airflow/example_dags/example_datasets.py took 1.164 seconds
[2024-05-08T03:27:03.435+0000] {processor.py:161} INFO - Started process (PID=198) to work on /home/airflow/.local/lib/python3.12/site-packages/airflow/example_dags/example_datasets.py
[2024-05-08T03:27:03.439+0000] {processor.py:830} INFO - Processing file /home/airflow/.local/lib/python3.12/site-packages/airflow/example_dags/example_datasets.py for tasks to queue
[2024-05-08T03:27:03.444+0000] {logging_mixin.py:188} INFO - [2024-05-08T03:27:03.443+0000] {dagbag.py:540} INFO - Filling up the DagBag from /home/airflow/.local/lib/python3.12/site-packages/airflow/example_dags/example_datasets.py
[2024-05-08T03:27:03.481+0000] {processor.py:840} INFO - DAG(s) 'dataset_consumes_unknown_never_scheduled', 'dataset_consumes_1_and_2', 'consume_1_and_2_with_dataset_expressions', 'consume_1_or_2_with_dataset_expressions', 'dataset_consumes_1_never_scheduled', 'consume_1_or_both_2_and_3_with_dataset_expressions', 'dataset_produces_1', 'dataset_produces_2', 'conditional_dataset_and_time_based_timetable', 'dataset_consumes_1' retrieved from /home/airflow/.local/lib/python3.12/site-packages/airflow/example_dags/example_datasets.py
[2024-05-08T03:27:03.589+0000] {logging_mixin.py:188} INFO - [2024-05-08T03:27:03.588+0000] {dag.py:3096} INFO - Sync 10 DAGs
[2024-05-08T03:27:03.637+0000] {logging_mixin.py:188} INFO - [2024-05-08T03:27:03.636+0000] {dag.py:3954} INFO - Setting next_dagrun for conditional_dataset_and_time_based_timetable to 2024-05-08 01:00:00+00:00, run_after=2024-05-08 01:00:00+00:00
[2024-05-08T03:27:03.647+0000] {logging_mixin.py:188} INFO - [2024-05-08T03:27:03.647+0000] {dag.py:3954} INFO - Setting next_dagrun for consume_1_and_2_with_dataset_expressions to None, run_after=None
[2024-05-08T03:27:03.651+0000] {logging_mixin.py:188} INFO - [2024-05-08T03:27:03.651+0000] {dag.py:3954} INFO - Setting next_dagrun for consume_1_or_2_with_dataset_expressions to None, run_after=None
[2024-05-08T03:27:03.655+0000] {logging_mixin.py:188} INFO - [2024-05-08T03:27:03.654+0000] {dag.py:3954} INFO - Setting next_dagrun for consume_1_or_both_2_and_3_with_dataset_expressions to None, run_after=None
[2024-05-08T03:27:03.659+0000] {logging_mixin.py:188} INFO - [2024-05-08T03:27:03.658+0000] {dag.py:3954} INFO - Setting next_dagrun for dataset_consumes_1 to None, run_after=None
[2024-05-08T03:27:03.662+0000] {logging_mixin.py:188} INFO - [2024-05-08T03:27:03.662+0000] {dag.py:3954} INFO - Setting next_dagrun for dataset_consumes_1_and_2 to None, run_after=None
[2024-05-08T03:27:03.666+0000] {logging_mixin.py:188} INFO - [2024-05-08T03:27:03.665+0000] {dag.py:3954} INFO - Setting next_dagrun for dataset_consumes_1_never_scheduled to None, run_after=None
[2024-05-08T03:27:03.671+0000] {logging_mixin.py:188} INFO - [2024-05-08T03:27:03.670+0000] {dag.py:3954} INFO - Setting next_dagrun for dataset_consumes_unknown_never_scheduled to None, run_after=None
[2024-05-08T03:27:03.677+0000] {logging_mixin.py:188} INFO - [2024-05-08T03:27:03.677+0000] {dag.py:3954} INFO - Setting next_dagrun for dataset_produces_1 to 2024-05-07 00:00:00+00:00, run_after=2024-05-08 00:00:00+00:00
[2024-05-08T03:27:03.681+0000] {logging_mixin.py:188} INFO - [2024-05-08T03:27:03.680+0000] {dag.py:3954} INFO - Setting next_dagrun for dataset_produces_2 to None, run_after=None
[2024-05-08T03:27:03.774+0000] {processor.py:183} INFO - Processing /home/airflow/.local/lib/python3.12/site-packages/airflow/example_dags/example_datasets.py took 0.352 seconds
[2024-05-08T03:27:34.416+0000] {processor.py:161} INFO - Started process (PID=259) to work on /home/airflow/.local/lib/python3.12/site-packages/airflow/example_dags/example_datasets.py
[2024-05-08T03:27:34.418+0000] {processor.py:830} INFO - Processing file /home/airflow/.local/lib/python3.12/site-packages/airflow/example_dags/example_datasets.py for tasks to queue
[2024-05-08T03:27:34.423+0000] {logging_mixin.py:188} INFO - [2024-05-08T03:27:34.422+0000] {dagbag.py:540} INFO - Filling up the DagBag from /home/airflow/.local/lib/python3.12/site-packages/airflow/example_dags/example_datasets.py
[2024-05-08T03:27:34.452+0000] {processor.py:840} INFO - DAG(s) 'dataset_consumes_1_never_scheduled', 'consume_1_or_both_2_and_3_with_dataset_expressions', 'consume_1_or_2_with_dataset_expressions', 'dataset_consumes_1', 'dataset_produces_1', 'dataset_produces_2', 'conditional_dataset_and_time_based_timetable', 'dataset_consumes_unknown_never_scheduled', 'dataset_consumes_1_and_2', 'consume_1_and_2_with_dataset_expressions' retrieved from /home/airflow/.local/lib/python3.12/site-packages/airflow/example_dags/example_datasets.py
[2024-05-08T03:27:34.547+0000] {logging_mixin.py:188} INFO - [2024-05-08T03:27:34.546+0000] {dag.py:3096} INFO - Sync 10 DAGs
[2024-05-08T03:27:34.593+0000] {logging_mixin.py:188} INFO - [2024-05-08T03:27:34.592+0000] {dag.py:3954} INFO - Setting next_dagrun for conditional_dataset_and_time_based_timetable to 2024-05-08 01:00:00+00:00, run_after=2024-05-08 01:00:00+00:00
[2024-05-08T03:27:34.603+0000] {logging_mixin.py:188} INFO - [2024-05-08T03:27:34.602+0000] {dag.py:3954} INFO - Setting next_dagrun for consume_1_and_2_with_dataset_expressions to None, run_after=None
[2024-05-08T03:27:34.606+0000] {logging_mixin.py:188} INFO - [2024-05-08T03:27:34.605+0000] {dag.py:3954} INFO - Setting next_dagrun for consume_1_or_2_with_dataset_expressions to None, run_after=None
[2024-05-08T03:27:34.609+0000] {logging_mixin.py:188} INFO - [2024-05-08T03:27:34.608+0000] {dag.py:3954} INFO - Setting next_dagrun for consume_1_or_both_2_and_3_with_dataset_expressions to None, run_after=None
[2024-05-08T03:27:34.611+0000] {logging_mixin.py:188} INFO - [2024-05-08T03:27:34.611+0000] {dag.py:3954} INFO - Setting next_dagrun for dataset_consumes_1 to None, run_after=None
[2024-05-08T03:27:34.615+0000] {logging_mixin.py:188} INFO - [2024-05-08T03:27:34.614+0000] {dag.py:3954} INFO - Setting next_dagrun for dataset_consumes_1_and_2 to None, run_after=None
[2024-05-08T03:27:34.619+0000] {logging_mixin.py:188} INFO - [2024-05-08T03:27:34.617+0000] {dag.py:3954} INFO - Setting next_dagrun for dataset_consumes_1_never_scheduled to None, run_after=None
[2024-05-08T03:27:34.622+0000] {logging_mixin.py:188} INFO - [2024-05-08T03:27:34.622+0000] {dag.py:3954} INFO - Setting next_dagrun for dataset_consumes_unknown_never_scheduled to None, run_after=None
[2024-05-08T03:27:34.626+0000] {logging_mixin.py:188} INFO - [2024-05-08T03:27:34.626+0000] {dag.py:3954} INFO - Setting next_dagrun for dataset_produces_1 to 2024-05-07 00:00:00+00:00, run_after=2024-05-08 00:00:00+00:00
[2024-05-08T03:27:34.629+0000] {logging_mixin.py:188} INFO - [2024-05-08T03:27:34.629+0000] {dag.py:3954} INFO - Setting next_dagrun for dataset_produces_2 to None, run_after=None
[2024-05-08T03:27:34.710+0000] {processor.py:183} INFO - Processing /home/airflow/.local/lib/python3.12/site-packages/airflow/example_dags/example_datasets.py took 0.305 seconds
[2024-05-08T03:28:04.981+0000] {processor.py:161} INFO - Started process (PID=320) to work on /home/airflow/.local/lib/python3.12/site-packages/airflow/example_dags/example_datasets.py
[2024-05-08T03:28:04.992+0000] {processor.py:830} INFO - Processing file /home/airflow/.local/lib/python3.12/site-packages/airflow/example_dags/example_datasets.py for tasks to queue
[2024-05-08T03:28:05.003+0000] {logging_mixin.py:188} INFO - [2024-05-08T03:28:05.002+0000] {dagbag.py:540} INFO - Filling up the DagBag from /home/airflow/.local/lib/python3.12/site-packages/airflow/example_dags/example_datasets.py
[2024-05-08T03:28:05.105+0000] {processor.py:840} INFO - DAG(s) 'consume_1_and_2_with_dataset_expressions', 'dataset_produces_1', 'dataset_consumes_1_never_scheduled', 'dataset_produces_2', 'consume_1_or_both_2_and_3_with_dataset_expressions', 'dataset_consumes_unknown_never_scheduled', 'dataset_consumes_1_and_2', 'dataset_consumes_1', 'consume_1_or_2_with_dataset_expressions', 'conditional_dataset_and_time_based_timetable' retrieved from /home/airflow/.local/lib/python3.12/site-packages/airflow/example_dags/example_datasets.py
[2024-05-08T03:28:05.386+0000] {logging_mixin.py:188} INFO - [2024-05-08T03:28:05.385+0000] {dag.py:3096} INFO - Sync 10 DAGs
[2024-05-08T03:28:05.613+0000] {logging_mixin.py:188} INFO - [2024-05-08T03:28:05.613+0000] {dag.py:3954} INFO - Setting next_dagrun for conditional_dataset_and_time_based_timetable to 2024-05-08 01:00:00+00:00, run_after=2024-05-08 01:00:00+00:00
[2024-05-08T03:28:05.663+0000] {logging_mixin.py:188} INFO - [2024-05-08T03:28:05.662+0000] {dag.py:3954} INFO - Setting next_dagrun for consume_1_and_2_with_dataset_expressions to None, run_after=None
[2024-05-08T03:28:05.681+0000] {logging_mixin.py:188} INFO - [2024-05-08T03:28:05.681+0000] {dag.py:3954} INFO - Setting next_dagrun for consume_1_or_2_with_dataset_expressions to None, run_after=None
[2024-05-08T03:28:05.694+0000] {logging_mixin.py:188} INFO - [2024-05-08T03:28:05.694+0000] {dag.py:3954} INFO - Setting next_dagrun for consume_1_or_both_2_and_3_with_dataset_expressions to None, run_after=None
[2024-05-08T03:28:05.714+0000] {logging_mixin.py:188} INFO - [2024-05-08T03:28:05.713+0000] {dag.py:3954} INFO - Setting next_dagrun for dataset_consumes_1 to None, run_after=None
[2024-05-08T03:28:05.724+0000] {logging_mixin.py:188} INFO - [2024-05-08T03:28:05.723+0000] {dag.py:3954} INFO - Setting next_dagrun for dataset_consumes_1_and_2 to None, run_after=None
[2024-05-08T03:28:05.741+0000] {logging_mixin.py:188} INFO - [2024-05-08T03:28:05.740+0000] {dag.py:3954} INFO - Setting next_dagrun for dataset_consumes_1_never_scheduled to None, run_after=None
[2024-05-08T03:28:05.755+0000] {logging_mixin.py:188} INFO - [2024-05-08T03:28:05.754+0000] {dag.py:3954} INFO - Setting next_dagrun for dataset_consumes_unknown_never_scheduled to None, run_after=None
[2024-05-08T03:28:05.772+0000] {logging_mixin.py:188} INFO - [2024-05-08T03:28:05.772+0000] {dag.py:3954} INFO - Setting next_dagrun for dataset_produces_1 to 2024-05-07 00:00:00+00:00, run_after=2024-05-08 00:00:00+00:00
[2024-05-08T03:28:05.776+0000] {logging_mixin.py:188} INFO - [2024-05-08T03:28:05.776+0000] {dag.py:3954} INFO - Setting next_dagrun for dataset_produces_2 to None, run_after=None
[2024-05-08T03:28:06.007+0000] {processor.py:183} INFO - Processing /home/airflow/.local/lib/python3.12/site-packages/airflow/example_dags/example_datasets.py took 1.050 seconds
[2024-05-08T03:28:36.119+0000] {processor.py:161} INFO - Started process (PID=381) to work on /home/airflow/.local/lib/python3.12/site-packages/airflow/example_dags/example_datasets.py
[2024-05-08T03:28:36.124+0000] {processor.py:830} INFO - Processing file /home/airflow/.local/lib/python3.12/site-packages/airflow/example_dags/example_datasets.py for tasks to queue
[2024-05-08T03:28:36.127+0000] {logging_mixin.py:188} INFO - [2024-05-08T03:28:36.127+0000] {dagbag.py:540} INFO - Filling up the DagBag from /home/airflow/.local/lib/python3.12/site-packages/airflow/example_dags/example_datasets.py
[2024-05-08T03:28:36.157+0000] {processor.py:840} INFO - DAG(s) 'consume_1_or_both_2_and_3_with_dataset_expressions', 'dataset_consumes_1_never_scheduled', 'dataset_consumes_1', 'consume_1_and_2_with_dataset_expressions', 'consume_1_or_2_with_dataset_expressions', 'dataset_produces_1', 'dataset_produces_2', 'dataset_consumes_unknown_never_scheduled', 'conditional_dataset_and_time_based_timetable', 'dataset_consumes_1_and_2' retrieved from /home/airflow/.local/lib/python3.12/site-packages/airflow/example_dags/example_datasets.py
[2024-05-08T03:28:36.252+0000] {logging_mixin.py:188} INFO - [2024-05-08T03:28:36.251+0000] {dag.py:3096} INFO - Sync 10 DAGs
[2024-05-08T03:28:36.324+0000] {logging_mixin.py:188} INFO - [2024-05-08T03:28:36.323+0000] {dag.py:3954} INFO - Setting next_dagrun for conditional_dataset_and_time_based_timetable to 2024-05-08 01:00:00+00:00, run_after=2024-05-08 01:00:00+00:00
[2024-05-08T03:28:36.340+0000] {logging_mixin.py:188} INFO - [2024-05-08T03:28:36.339+0000] {dag.py:3954} INFO - Setting next_dagrun for consume_1_and_2_with_dataset_expressions to None, run_after=None
[2024-05-08T03:28:36.345+0000] {logging_mixin.py:188} INFO - [2024-05-08T03:28:36.345+0000] {dag.py:3954} INFO - Setting next_dagrun for consume_1_or_2_with_dataset_expressions to None, run_after=None
[2024-05-08T03:28:36.352+0000] {logging_mixin.py:188} INFO - [2024-05-08T03:28:36.351+0000] {dag.py:3954} INFO - Setting next_dagrun for consume_1_or_both_2_and_3_with_dataset_expressions to None, run_after=None
[2024-05-08T03:28:36.358+0000] {logging_mixin.py:188} INFO - [2024-05-08T03:28:36.357+0000] {dag.py:3954} INFO - Setting next_dagrun for dataset_consumes_1 to None, run_after=None
[2024-05-08T03:28:36.363+0000] {logging_mixin.py:188} INFO - [2024-05-08T03:28:36.363+0000] {dag.py:3954} INFO - Setting next_dagrun for dataset_consumes_1_and_2 to None, run_after=None
[2024-05-08T03:28:36.369+0000] {logging_mixin.py:188} INFO - [2024-05-08T03:28:36.368+0000] {dag.py:3954} INFO - Setting next_dagrun for dataset_consumes_1_never_scheduled to None, run_after=None
[2024-05-08T03:28:36.374+0000] {logging_mixin.py:188} INFO - [2024-05-08T03:28:36.373+0000] {dag.py:3954} INFO - Setting next_dagrun for dataset_consumes_unknown_never_scheduled to None, run_after=None
[2024-05-08T03:28:36.383+0000] {logging_mixin.py:188} INFO - [2024-05-08T03:28:36.383+0000] {dag.py:3954} INFO - Setting next_dagrun for dataset_produces_1 to 2024-05-07 00:00:00+00:00, run_after=2024-05-08 00:00:00+00:00
[2024-05-08T03:28:36.389+0000] {logging_mixin.py:188} INFO - [2024-05-08T03:28:36.388+0000] {dag.py:3954} INFO - Setting next_dagrun for dataset_produces_2 to None, run_after=None
[2024-05-08T03:28:36.490+0000] {processor.py:183} INFO - Processing /home/airflow/.local/lib/python3.12/site-packages/airflow/example_dags/example_datasets.py took 0.380 seconds
[2024-05-08T03:29:06.692+0000] {processor.py:161} INFO - Started process (PID=443) to work on /home/airflow/.local/lib/python3.12/site-packages/airflow/example_dags/example_datasets.py
[2024-05-08T03:29:06.693+0000] {processor.py:830} INFO - Processing file /home/airflow/.local/lib/python3.12/site-packages/airflow/example_dags/example_datasets.py for tasks to queue
[2024-05-08T03:29:06.696+0000] {logging_mixin.py:188} INFO - [2024-05-08T03:29:06.695+0000] {dagbag.py:540} INFO - Filling up the DagBag from /home/airflow/.local/lib/python3.12/site-packages/airflow/example_dags/example_datasets.py
[2024-05-08T03:29:06.714+0000] {processor.py:840} INFO - DAG(s) 'dataset_produces_1', 'consume_1_and_2_with_dataset_expressions', 'conditional_dataset_and_time_based_timetable', 'dataset_consumes_1_never_scheduled', 'consume_1_or_both_2_and_3_with_dataset_expressions', 'dataset_consumes_1_and_2', 'dataset_consumes_1', 'dataset_consumes_unknown_never_scheduled', 'consume_1_or_2_with_dataset_expressions', 'dataset_produces_2' retrieved from /home/airflow/.local/lib/python3.12/site-packages/airflow/example_dags/example_datasets.py
[2024-05-08T03:29:06.794+0000] {logging_mixin.py:188} INFO - [2024-05-08T03:29:06.793+0000] {dag.py:3096} INFO - Sync 10 DAGs
[2024-05-08T03:29:06.835+0000] {logging_mixin.py:188} INFO - [2024-05-08T03:29:06.835+0000] {dag.py:3954} INFO - Setting next_dagrun for conditional_dataset_and_time_based_timetable to 2024-05-08 01:00:00+00:00, run_after=2024-05-08 01:00:00+00:00
[2024-05-08T03:29:06.842+0000] {logging_mixin.py:188} INFO - [2024-05-08T03:29:06.842+0000] {dag.py:3954} INFO - Setting next_dagrun for consume_1_and_2_with_dataset_expressions to None, run_after=None
[2024-05-08T03:29:06.845+0000] {logging_mixin.py:188} INFO - [2024-05-08T03:29:06.845+0000] {dag.py:3954} INFO - Setting next_dagrun for consume_1_or_2_with_dataset_expressions to None, run_after=None
[2024-05-08T03:29:06.848+0000] {logging_mixin.py:188} INFO - [2024-05-08T03:29:06.848+0000] {dag.py:3954} INFO - Setting next_dagrun for consume_1_or_both_2_and_3_with_dataset_expressions to None, run_after=None
[2024-05-08T03:29:06.850+0000] {logging_mixin.py:188} INFO - [2024-05-08T03:29:06.850+0000] {dag.py:3954} INFO - Setting next_dagrun for dataset_consumes_1 to None, run_after=None
[2024-05-08T03:29:06.852+0000] {logging_mixin.py:188} INFO - [2024-05-08T03:29:06.852+0000] {dag.py:3954} INFO - Setting next_dagrun for dataset_consumes_1_and_2 to None, run_after=None
[2024-05-08T03:29:06.855+0000] {logging_mixin.py:188} INFO - [2024-05-08T03:29:06.855+0000] {dag.py:3954} INFO - Setting next_dagrun for dataset_consumes_1_never_scheduled to None, run_after=None
[2024-05-08T03:29:06.858+0000] {logging_mixin.py:188} INFO - [2024-05-08T03:29:06.858+0000] {dag.py:3954} INFO - Setting next_dagrun for dataset_consumes_unknown_never_scheduled to None, run_after=None
[2024-05-08T03:29:06.862+0000] {logging_mixin.py:188} INFO - [2024-05-08T03:29:06.862+0000] {dag.py:3954} INFO - Setting next_dagrun for dataset_produces_1 to 2024-05-07 00:00:00+00:00, run_after=2024-05-08 00:00:00+00:00
[2024-05-08T03:29:06.864+0000] {logging_mixin.py:188} INFO - [2024-05-08T03:29:06.864+0000] {dag.py:3954} INFO - Setting next_dagrun for dataset_produces_2 to None, run_after=None
[2024-05-08T03:29:06.919+0000] {processor.py:183} INFO - Processing /home/airflow/.local/lib/python3.12/site-packages/airflow/example_dags/example_datasets.py took 0.235 seconds
[2024-05-08T03:29:37.296+0000] {processor.py:161} INFO - Started process (PID=503) to work on /home/airflow/.local/lib/python3.12/site-packages/airflow/example_dags/example_datasets.py
[2024-05-08T03:29:37.299+0000] {processor.py:830} INFO - Processing file /home/airflow/.local/lib/python3.12/site-packages/airflow/example_dags/example_datasets.py for tasks to queue
[2024-05-08T03:29:37.303+0000] {logging_mixin.py:188} INFO - [2024-05-08T03:29:37.302+0000] {dagbag.py:540} INFO - Filling up the DagBag from /home/airflow/.local/lib/python3.12/site-packages/airflow/example_dags/example_datasets.py
[2024-05-08T03:29:37.338+0000] {processor.py:840} INFO - DAG(s) 'consume_1_or_2_with_dataset_expressions', 'consume_1_and_2_with_dataset_expressions', 'consume_1_or_both_2_and_3_with_dataset_expressions', 'dataset_consumes_1_never_scheduled', 'conditional_dataset_and_time_based_timetable', 'dataset_produces_1', 'dataset_consumes_unknown_never_scheduled', 'dataset_produces_2', 'dataset_consumes_1_and_2', 'dataset_consumes_1' retrieved from /home/airflow/.local/lib/python3.12/site-packages/airflow/example_dags/example_datasets.py
[2024-05-08T03:29:37.464+0000] {logging_mixin.py:188} INFO - [2024-05-08T03:29:37.464+0000] {dag.py:3096} INFO - Sync 10 DAGs
[2024-05-08T03:29:37.532+0000] {logging_mixin.py:188} INFO - [2024-05-08T03:29:37.532+0000] {dag.py:3954} INFO - Setting next_dagrun for conditional_dataset_and_time_based_timetable to 2024-05-08 01:00:00+00:00, run_after=2024-05-08 01:00:00+00:00
[2024-05-08T03:29:37.545+0000] {logging_mixin.py:188} INFO - [2024-05-08T03:29:37.545+0000] {dag.py:3954} INFO - Setting next_dagrun for consume_1_and_2_with_dataset_expressions to None, run_after=None
[2024-05-08T03:29:37.548+0000] {logging_mixin.py:188} INFO - [2024-05-08T03:29:37.548+0000] {dag.py:3954} INFO - Setting next_dagrun for consume_1_or_2_with_dataset_expressions to None, run_after=None
[2024-05-08T03:29:37.552+0000] {logging_mixin.py:188} INFO - [2024-05-08T03:29:37.551+0000] {dag.py:3954} INFO - Setting next_dagrun for consume_1_or_both_2_and_3_with_dataset_expressions to None, run_after=None
[2024-05-08T03:29:37.556+0000] {logging_mixin.py:188} INFO - [2024-05-08T03:29:37.555+0000] {dag.py:3954} INFO - Setting next_dagrun for dataset_consumes_1 to None, run_after=None
[2024-05-08T03:29:37.559+0000] {logging_mixin.py:188} INFO - [2024-05-08T03:29:37.558+0000] {dag.py:3954} INFO - Setting next_dagrun for dataset_consumes_1_and_2 to None, run_after=None
[2024-05-08T03:29:37.562+0000] {logging_mixin.py:188} INFO - [2024-05-08T03:29:37.562+0000] {dag.py:3954} INFO - Setting next_dagrun for dataset_consumes_1_never_scheduled to None, run_after=None
[2024-05-08T03:29:37.566+0000] {logging_mixin.py:188} INFO - [2024-05-08T03:29:37.565+0000] {dag.py:3954} INFO - Setting next_dagrun for dataset_consumes_unknown_never_scheduled to None, run_after=None
[2024-05-08T03:29:37.574+0000] {logging_mixin.py:188} INFO - [2024-05-08T03:29:37.573+0000] {dag.py:3954} INFO - Setting next_dagrun for dataset_produces_1 to 2024-05-07 00:00:00+00:00, run_after=2024-05-08 00:00:00+00:00
[2024-05-08T03:29:37.579+0000] {logging_mixin.py:188} INFO - [2024-05-08T03:29:37.579+0000] {dag.py:3954} INFO - Setting next_dagrun for dataset_produces_2 to None, run_after=None
[2024-05-08T03:29:37.684+0000] {processor.py:183} INFO - Processing /home/airflow/.local/lib/python3.12/site-packages/airflow/example_dags/example_datasets.py took 0.401 seconds
[2024-05-08T03:30:07.821+0000] {processor.py:161} INFO - Started process (PID=565) to work on /home/airflow/.local/lib/python3.12/site-packages/airflow/example_dags/example_datasets.py
[2024-05-08T03:30:07.823+0000] {processor.py:830} INFO - Processing file /home/airflow/.local/lib/python3.12/site-packages/airflow/example_dags/example_datasets.py for tasks to queue
[2024-05-08T03:30:07.826+0000] {logging_mixin.py:188} INFO - [2024-05-08T03:30:07.825+0000] {dagbag.py:540} INFO - Filling up the DagBag from /home/airflow/.local/lib/python3.12/site-packages/airflow/example_dags/example_datasets.py
[2024-05-08T03:30:07.845+0000] {processor.py:840} INFO - DAG(s) 'dataset_consumes_1_and_2', 'dataset_consumes_1_never_scheduled', 'consume_1_and_2_with_dataset_expressions', 'dataset_produces_1', 'conditional_dataset_and_time_based_timetable', 'dataset_produces_2', 'consume_1_or_both_2_and_3_with_dataset_expressions', 'dataset_consumes_1', 'dataset_consumes_unknown_never_scheduled', 'consume_1_or_2_with_dataset_expressions' retrieved from /home/airflow/.local/lib/python3.12/site-packages/airflow/example_dags/example_datasets.py
[2024-05-08T03:30:07.919+0000] {logging_mixin.py:188} INFO - [2024-05-08T03:30:07.919+0000] {dag.py:3096} INFO - Sync 10 DAGs
[2024-05-08T03:30:07.958+0000] {logging_mixin.py:188} INFO - [2024-05-08T03:30:07.957+0000] {dag.py:3954} INFO - Setting next_dagrun for conditional_dataset_and_time_based_timetable to 2024-05-08 01:00:00+00:00, run_after=2024-05-08 01:00:00+00:00
[2024-05-08T03:30:07.964+0000] {logging_mixin.py:188} INFO - [2024-05-08T03:30:07.964+0000] {dag.py:3954} INFO - Setting next_dagrun for consume_1_and_2_with_dataset_expressions to None, run_after=None
[2024-05-08T03:30:07.967+0000] {logging_mixin.py:188} INFO - [2024-05-08T03:30:07.966+0000] {dag.py:3954} INFO - Setting next_dagrun for consume_1_or_2_with_dataset_expressions to None, run_after=None
[2024-05-08T03:30:07.969+0000] {logging_mixin.py:188} INFO - [2024-05-08T03:30:07.969+0000] {dag.py:3954} INFO - Setting next_dagrun for consume_1_or_both_2_and_3_with_dataset_expressions to None, run_after=None
[2024-05-08T03:30:07.973+0000] {logging_mixin.py:188} INFO - [2024-05-08T03:30:07.973+0000] {dag.py:3954} INFO - Setting next_dagrun for dataset_consumes_1 to None, run_after=None
[2024-05-08T03:30:07.975+0000] {logging_mixin.py:188} INFO - [2024-05-08T03:30:07.975+0000] {dag.py:3954} INFO - Setting next_dagrun for dataset_consumes_1_and_2 to None, run_after=None
[2024-05-08T03:30:07.978+0000] {logging_mixin.py:188} INFO - [2024-05-08T03:30:07.978+0000] {dag.py:3954} INFO - Setting next_dagrun for dataset_consumes_1_never_scheduled to None, run_after=None
[2024-05-08T03:30:07.983+0000] {logging_mixin.py:188} INFO - [2024-05-08T03:30:07.982+0000] {dag.py:3954} INFO - Setting next_dagrun for dataset_consumes_unknown_never_scheduled to None, run_after=None
[2024-05-08T03:30:07.989+0000] {logging_mixin.py:188} INFO - [2024-05-08T03:30:07.988+0000] {dag.py:3954} INFO - Setting next_dagrun for dataset_produces_1 to 2024-05-07 00:00:00+00:00, run_after=2024-05-08 00:00:00+00:00
[2024-05-08T03:30:07.993+0000] {logging_mixin.py:188} INFO - [2024-05-08T03:30:07.993+0000] {dag.py:3954} INFO - Setting next_dagrun for dataset_produces_2 to None, run_after=None
[2024-05-08T03:30:08.085+0000] {processor.py:183} INFO - Processing /home/airflow/.local/lib/python3.12/site-packages/airflow/example_dags/example_datasets.py took 0.273 seconds
[2024-05-08T03:30:38.357+0000] {processor.py:161} INFO - Started process (PID=626) to work on /home/airflow/.local/lib/python3.12/site-packages/airflow/example_dags/example_datasets.py
[2024-05-08T03:30:38.360+0000] {processor.py:830} INFO - Processing file /home/airflow/.local/lib/python3.12/site-packages/airflow/example_dags/example_datasets.py for tasks to queue
[2024-05-08T03:30:38.365+0000] {logging_mixin.py:188} INFO - [2024-05-08T03:30:38.364+0000] {dagbag.py:540} INFO - Filling up the DagBag from /home/airflow/.local/lib/python3.12/site-packages/airflow/example_dags/example_datasets.py
[2024-05-08T03:30:38.398+0000] {processor.py:840} INFO - DAG(s) 'consume_1_or_2_with_dataset_expressions', 'dataset_consumes_1', 'consume_1_or_both_2_and_3_with_dataset_expressions', 'dataset_consumes_1_and_2', 'dataset_produces_1', 'conditional_dataset_and_time_based_timetable', 'dataset_consumes_1_never_scheduled', 'dataset_produces_2', 'dataset_consumes_unknown_never_scheduled', 'consume_1_and_2_with_dataset_expressions' retrieved from /home/airflow/.local/lib/python3.12/site-packages/airflow/example_dags/example_datasets.py
[2024-05-08T03:30:38.546+0000] {logging_mixin.py:188} INFO - [2024-05-08T03:30:38.545+0000] {dag.py:3096} INFO - Sync 10 DAGs
[2024-05-08T03:30:38.627+0000] {logging_mixin.py:188} INFO - [2024-05-08T03:30:38.626+0000] {dag.py:3954} INFO - Setting next_dagrun for conditional_dataset_and_time_based_timetable to 2024-05-08 01:00:00+00:00, run_after=2024-05-08 01:00:00+00:00
[2024-05-08T03:30:38.640+0000] {logging_mixin.py:188} INFO - [2024-05-08T03:30:38.639+0000] {dag.py:3954} INFO - Setting next_dagrun for consume_1_and_2_with_dataset_expressions to None, run_after=None
[2024-05-08T03:30:38.645+0000] {logging_mixin.py:188} INFO - [2024-05-08T03:30:38.644+0000] {dag.py:3954} INFO - Setting next_dagrun for consume_1_or_2_with_dataset_expressions to None, run_after=None
[2024-05-08T03:30:38.650+0000] {logging_mixin.py:188} INFO - [2024-05-08T03:30:38.649+0000] {dag.py:3954} INFO - Setting next_dagrun for consume_1_or_both_2_and_3_with_dataset_expressions to None, run_after=None
[2024-05-08T03:30:38.657+0000] {logging_mixin.py:188} INFO - [2024-05-08T03:30:38.656+0000] {dag.py:3954} INFO - Setting next_dagrun for dataset_consumes_1 to None, run_after=None
[2024-05-08T03:30:38.663+0000] {logging_mixin.py:188} INFO - [2024-05-08T03:30:38.663+0000] {dag.py:3954} INFO - Setting next_dagrun for dataset_consumes_1_and_2 to None, run_after=None
[2024-05-08T03:30:38.670+0000] {logging_mixin.py:188} INFO - [2024-05-08T03:30:38.669+0000] {dag.py:3954} INFO - Setting next_dagrun for dataset_consumes_1_never_scheduled to None, run_after=None
[2024-05-08T03:30:38.677+0000] {logging_mixin.py:188} INFO - [2024-05-08T03:30:38.676+0000] {dag.py:3954} INFO - Setting next_dagrun for dataset_consumes_unknown_never_scheduled to None, run_after=None
[2024-05-08T03:30:38.689+0000] {logging_mixin.py:188} INFO - [2024-05-08T03:30:38.688+0000] {dag.py:3954} INFO - Setting next_dagrun for dataset_produces_1 to 2024-05-07 00:00:00+00:00, run_after=2024-05-08 00:00:00+00:00
[2024-05-08T03:30:38.695+0000] {logging_mixin.py:188} INFO - [2024-05-08T03:30:38.694+0000] {dag.py:3954} INFO - Setting next_dagrun for dataset_produces_2 to None, run_after=None
[2024-05-08T03:30:38.828+0000] {processor.py:183} INFO - Processing /home/airflow/.local/lib/python3.12/site-packages/airflow/example_dags/example_datasets.py took 0.484 seconds
[2024-05-08T03:31:08.890+0000] {processor.py:161} INFO - Started process (PID=688) to work on /home/airflow/.local/lib/python3.12/site-packages/airflow/example_dags/example_datasets.py
[2024-05-08T03:31:08.892+0000] {processor.py:830} INFO - Processing file /home/airflow/.local/lib/python3.12/site-packages/airflow/example_dags/example_datasets.py for tasks to queue
[2024-05-08T03:31:08.900+0000] {logging_mixin.py:188} INFO - [2024-05-08T03:31:08.899+0000] {dagbag.py:540} INFO - Filling up the DagBag from /home/airflow/.local/lib/python3.12/site-packages/airflow/example_dags/example_datasets.py
[2024-05-08T03:31:08.940+0000] {processor.py:840} INFO - DAG(s) 'dataset_consumes_unknown_never_scheduled', 'consume_1_and_2_with_dataset_expressions', 'dataset_consumes_1', 'consume_1_or_both_2_and_3_with_dataset_expressions', 'dataset_produces_2', 'consume_1_or_2_with_dataset_expressions', 'dataset_consumes_1_and_2', 'dataset_produces_1', 'conditional_dataset_and_time_based_timetable', 'dataset_consumes_1_never_scheduled' retrieved from /home/airflow/.local/lib/python3.12/site-packages/airflow/example_dags/example_datasets.py
[2024-05-08T03:31:09.038+0000] {logging_mixin.py:188} INFO - [2024-05-08T03:31:09.037+0000] {dag.py:3096} INFO - Sync 10 DAGs
[2024-05-08T03:31:09.089+0000] {logging_mixin.py:188} INFO - [2024-05-08T03:31:09.088+0000] {dag.py:3954} INFO - Setting next_dagrun for conditional_dataset_and_time_based_timetable to 2024-05-08 01:00:00+00:00, run_after=2024-05-08 01:00:00+00:00
[2024-05-08T03:31:09.097+0000] {logging_mixin.py:188} INFO - [2024-05-08T03:31:09.097+0000] {dag.py:3954} INFO - Setting next_dagrun for consume_1_and_2_with_dataset_expressions to None, run_after=None
[2024-05-08T03:31:09.100+0000] {logging_mixin.py:188} INFO - [2024-05-08T03:31:09.100+0000] {dag.py:3954} INFO - Setting next_dagrun for consume_1_or_2_with_dataset_expressions to None, run_after=None
[2024-05-08T03:31:09.103+0000] {logging_mixin.py:188} INFO - [2024-05-08T03:31:09.103+0000] {dag.py:3954} INFO - Setting next_dagrun for consume_1_or_both_2_and_3_with_dataset_expressions to None, run_after=None
[2024-05-08T03:31:09.107+0000] {logging_mixin.py:188} INFO - [2024-05-08T03:31:09.106+0000] {dag.py:3954} INFO - Setting next_dagrun for dataset_consumes_1 to None, run_after=None
[2024-05-08T03:31:09.110+0000] {logging_mixin.py:188} INFO - [2024-05-08T03:31:09.110+0000] {dag.py:3954} INFO - Setting next_dagrun for dataset_consumes_1_and_2 to None, run_after=None
[2024-05-08T03:31:09.114+0000] {logging_mixin.py:188} INFO - [2024-05-08T03:31:09.113+0000] {dag.py:3954} INFO - Setting next_dagrun for dataset_consumes_1_never_scheduled to None, run_after=None
[2024-05-08T03:31:09.120+0000] {logging_mixin.py:188} INFO - [2024-05-08T03:31:09.120+0000] {dag.py:3954} INFO - Setting next_dagrun for dataset_consumes_unknown_never_scheduled to None, run_after=None
[2024-05-08T03:31:09.125+0000] {logging_mixin.py:188} INFO - [2024-05-08T03:31:09.125+0000] {dag.py:3954} INFO - Setting next_dagrun for dataset_produces_1 to 2024-05-07 00:00:00+00:00, run_after=2024-05-08 00:00:00+00:00
[2024-05-08T03:31:09.128+0000] {logging_mixin.py:188} INFO - [2024-05-08T03:31:09.128+0000] {dag.py:3954} INFO - Setting next_dagrun for dataset_produces_2 to None, run_after=None
[2024-05-08T03:31:09.192+0000] {processor.py:183} INFO - Processing /home/airflow/.local/lib/python3.12/site-packages/airflow/example_dags/example_datasets.py took 0.313 seconds
[2024-05-08T03:31:39.562+0000] {processor.py:161} INFO - Started process (PID=749) to work on /home/airflow/.local/lib/python3.12/site-packages/airflow/example_dags/example_datasets.py
[2024-05-08T03:31:39.564+0000] {processor.py:830} INFO - Processing file /home/airflow/.local/lib/python3.12/site-packages/airflow/example_dags/example_datasets.py for tasks to queue
[2024-05-08T03:31:39.568+0000] {logging_mixin.py:188} INFO - [2024-05-08T03:31:39.567+0000] {dagbag.py:540} INFO - Filling up the DagBag from /home/airflow/.local/lib/python3.12/site-packages/airflow/example_dags/example_datasets.py
[2024-05-08T03:31:39.605+0000] {processor.py:840} INFO - DAG(s) 'dataset_produces_1', 'dataset_consumes_1_and_2', 'consume_1_or_2_with_dataset_expressions', 'consume_1_and_2_with_dataset_expressions', 'dataset_consumes_1_never_scheduled', 'conditional_dataset_and_time_based_timetable', 'dataset_consumes_unknown_never_scheduled', 'dataset_produces_2', 'consume_1_or_both_2_and_3_with_dataset_expressions', 'dataset_consumes_1' retrieved from /home/airflow/.local/lib/python3.12/site-packages/airflow/example_dags/example_datasets.py
[2024-05-08T03:31:39.770+0000] {logging_mixin.py:188} INFO - [2024-05-08T03:31:39.769+0000] {dag.py:3096} INFO - Sync 10 DAGs
[2024-05-08T03:31:39.842+0000] {logging_mixin.py:188} INFO - [2024-05-08T03:31:39.842+0000] {dag.py:3954} INFO - Setting next_dagrun for conditional_dataset_and_time_based_timetable to 2024-05-08 01:00:00+00:00, run_after=2024-05-08 01:00:00+00:00
[2024-05-08T03:31:39.854+0000] {logging_mixin.py:188} INFO - [2024-05-08T03:31:39.853+0000] {dag.py:3954} INFO - Setting next_dagrun for consume_1_and_2_with_dataset_expressions to None, run_after=None
[2024-05-08T03:31:39.863+0000] {logging_mixin.py:188} INFO - [2024-05-08T03:31:39.863+0000] {dag.py:3954} INFO - Setting next_dagrun for consume_1_or_2_with_dataset_expressions to None, run_after=None
[2024-05-08T03:31:39.868+0000] {logging_mixin.py:188} INFO - [2024-05-08T03:31:39.868+0000] {dag.py:3954} INFO - Setting next_dagrun for consume_1_or_both_2_and_3_with_dataset_expressions to None, run_after=None
[2024-05-08T03:31:39.873+0000] {logging_mixin.py:188} INFO - [2024-05-08T03:31:39.872+0000] {dag.py:3954} INFO - Setting next_dagrun for dataset_consumes_1 to None, run_after=None
[2024-05-08T03:31:39.880+0000] {logging_mixin.py:188} INFO - [2024-05-08T03:31:39.879+0000] {dag.py:3954} INFO - Setting next_dagrun for dataset_consumes_1_and_2 to None, run_after=None
[2024-05-08T03:31:39.884+0000] {logging_mixin.py:188} INFO - [2024-05-08T03:31:39.884+0000] {dag.py:3954} INFO - Setting next_dagrun for dataset_consumes_1_never_scheduled to None, run_after=None
[2024-05-08T03:31:39.892+0000] {logging_mixin.py:188} INFO - [2024-05-08T03:31:39.890+0000] {dag.py:3954} INFO - Setting next_dagrun for dataset_consumes_unknown_never_scheduled to None, run_after=None
[2024-05-08T03:31:39.899+0000] {logging_mixin.py:188} INFO - [2024-05-08T03:31:39.899+0000] {dag.py:3954} INFO - Setting next_dagrun for dataset_produces_1 to 2024-05-07 00:00:00+00:00, run_after=2024-05-08 00:00:00+00:00
[2024-05-08T03:31:39.902+0000] {logging_mixin.py:188} INFO - [2024-05-08T03:31:39.902+0000] {dag.py:3954} INFO - Setting next_dagrun for dataset_produces_2 to None, run_after=None
[2024-05-08T03:31:39.996+0000] {processor.py:183} INFO - Processing /home/airflow/.local/lib/python3.12/site-packages/airflow/example_dags/example_datasets.py took 0.449 seconds
[2024-05-08T03:32:24.616+0000] {processor.py:161} INFO - Started process (PID=815) to work on /home/airflow/.local/lib/python3.12/site-packages/airflow/example_dags/example_datasets.py
[2024-05-08T03:32:24.619+0000] {processor.py:830} INFO - Processing file /home/airflow/.local/lib/python3.12/site-packages/airflow/example_dags/example_datasets.py for tasks to queue
[2024-05-08T03:32:24.629+0000] {logging_mixin.py:188} INFO - [2024-05-08T03:32:24.628+0000] {dagbag.py:540} INFO - Filling up the DagBag from /home/airflow/.local/lib/python3.12/site-packages/airflow/example_dags/example_datasets.py
[2024-05-08T03:32:24.712+0000] {processor.py:840} INFO - DAG(s) 'consume_1_or_2_with_dataset_expressions', 'conditional_dataset_and_time_based_timetable', 'dataset_produces_2', 'dataset_consumes_unknown_never_scheduled', 'consume_1_or_both_2_and_3_with_dataset_expressions', 'dataset_consumes_1_never_scheduled', 'dataset_produces_1', 'consume_1_and_2_with_dataset_expressions', 'dataset_consumes_1', 'dataset_consumes_1_and_2' retrieved from /home/airflow/.local/lib/python3.12/site-packages/airflow/example_dags/example_datasets.py
[2024-05-08T03:32:24.935+0000] {logging_mixin.py:188} INFO - [2024-05-08T03:32:24.934+0000] {dag.py:3096} INFO - Sync 10 DAGs
[2024-05-08T03:32:25.117+0000] {logging_mixin.py:188} INFO - [2024-05-08T03:32:25.116+0000] {dag.py:3954} INFO - Setting next_dagrun for conditional_dataset_and_time_based_timetable to 2024-05-08 01:00:00+00:00, run_after=2024-05-08 01:00:00+00:00
[2024-05-08T03:32:25.134+0000] {logging_mixin.py:188} INFO - [2024-05-08T03:32:25.134+0000] {dag.py:3954} INFO - Setting next_dagrun for consume_1_and_2_with_dataset_expressions to None, run_after=None
[2024-05-08T03:32:25.138+0000] {logging_mixin.py:188} INFO - [2024-05-08T03:32:25.138+0000] {dag.py:3954} INFO - Setting next_dagrun for consume_1_or_2_with_dataset_expressions to None, run_after=None
[2024-05-08T03:32:25.147+0000] {logging_mixin.py:188} INFO - [2024-05-08T03:32:25.146+0000] {dag.py:3954} INFO - Setting next_dagrun for consume_1_or_both_2_and_3_with_dataset_expressions to None, run_after=None
[2024-05-08T03:32:25.152+0000] {logging_mixin.py:188} INFO - [2024-05-08T03:32:25.152+0000] {dag.py:3954} INFO - Setting next_dagrun for dataset_consumes_1 to None, run_after=None
[2024-05-08T03:32:25.159+0000] {logging_mixin.py:188} INFO - [2024-05-08T03:32:25.159+0000] {dag.py:3954} INFO - Setting next_dagrun for dataset_consumes_1_and_2 to None, run_after=None
[2024-05-08T03:32:25.164+0000] {logging_mixin.py:188} INFO - [2024-05-08T03:32:25.163+0000] {dag.py:3954} INFO - Setting next_dagrun for dataset_consumes_1_never_scheduled to None, run_after=None
[2024-05-08T03:32:25.170+0000] {logging_mixin.py:188} INFO - [2024-05-08T03:32:25.170+0000] {dag.py:3954} INFO - Setting next_dagrun for dataset_consumes_unknown_never_scheduled to None, run_after=None
[2024-05-08T03:32:25.182+0000] {logging_mixin.py:188} INFO - [2024-05-08T03:32:25.181+0000] {dag.py:3954} INFO - Setting next_dagrun for dataset_produces_1 to 2024-05-07 00:00:00+00:00, run_after=2024-05-08 00:00:00+00:00
[2024-05-08T03:32:25.189+0000] {logging_mixin.py:188} INFO - [2024-05-08T03:32:25.188+0000] {dag.py:3954} INFO - Setting next_dagrun for dataset_produces_2 to None, run_after=None
[2024-05-08T03:32:25.356+0000] {processor.py:183} INFO - Processing /home/airflow/.local/lib/python3.12/site-packages/airflow/example_dags/example_datasets.py took 0.758 seconds
[2024-05-08T03:32:55.475+0000] {processor.py:161} INFO - Started process (PID=876) to work on /home/airflow/.local/lib/python3.12/site-packages/airflow/example_dags/example_datasets.py
[2024-05-08T03:32:55.478+0000] {processor.py:830} INFO - Processing file /home/airflow/.local/lib/python3.12/site-packages/airflow/example_dags/example_datasets.py for tasks to queue
[2024-05-08T03:32:55.495+0000] {logging_mixin.py:188} INFO - [2024-05-08T03:32:55.494+0000] {dagbag.py:540} INFO - Filling up the DagBag from /home/airflow/.local/lib/python3.12/site-packages/airflow/example_dags/example_datasets.py
[2024-05-08T03:32:55.591+0000] {processor.py:840} INFO - DAG(s) 'consume_1_or_both_2_and_3_with_dataset_expressions', 'dataset_consumes_unknown_never_scheduled', 'conditional_dataset_and_time_based_timetable', 'consume_1_and_2_with_dataset_expressions', 'dataset_produces_1', 'dataset_consumes_1_never_scheduled', 'dataset_consumes_1_and_2', 'dataset_produces_2', 'dataset_consumes_1', 'consume_1_or_2_with_dataset_expressions' retrieved from /home/airflow/.local/lib/python3.12/site-packages/airflow/example_dags/example_datasets.py
[2024-05-08T03:32:55.860+0000] {logging_mixin.py:188} INFO - [2024-05-08T03:32:55.854+0000] {dag.py:3096} INFO - Sync 10 DAGs
[2024-05-08T03:32:55.978+0000] {logging_mixin.py:188} INFO - [2024-05-08T03:32:55.978+0000] {dag.py:3954} INFO - Setting next_dagrun for conditional_dataset_and_time_based_timetable to 2024-05-08 01:00:00+00:00, run_after=2024-05-08 01:00:00+00:00
[2024-05-08T03:32:55.994+0000] {logging_mixin.py:188} INFO - [2024-05-08T03:32:55.994+0000] {dag.py:3954} INFO - Setting next_dagrun for consume_1_and_2_with_dataset_expressions to None, run_after=None
[2024-05-08T03:32:55.999+0000] {logging_mixin.py:188} INFO - [2024-05-08T03:32:55.998+0000] {dag.py:3954} INFO - Setting next_dagrun for consume_1_or_2_with_dataset_expressions to None, run_after=None
[2024-05-08T03:32:56.006+0000] {logging_mixin.py:188} INFO - [2024-05-08T03:32:56.004+0000] {dag.py:3954} INFO - Setting next_dagrun for consume_1_or_both_2_and_3_with_dataset_expressions to None, run_after=None
[2024-05-08T03:32:56.016+0000] {logging_mixin.py:188} INFO - [2024-05-08T03:32:56.015+0000] {dag.py:3954} INFO - Setting next_dagrun for dataset_consumes_1 to None, run_after=None
[2024-05-08T03:32:56.024+0000] {logging_mixin.py:188} INFO - [2024-05-08T03:32:56.022+0000] {dag.py:3954} INFO - Setting next_dagrun for dataset_consumes_1_and_2 to None, run_after=None
[2024-05-08T03:32:56.029+0000] {logging_mixin.py:188} INFO - [2024-05-08T03:32:56.028+0000] {dag.py:3954} INFO - Setting next_dagrun for dataset_consumes_1_never_scheduled to None, run_after=None
[2024-05-08T03:32:56.033+0000] {logging_mixin.py:188} INFO - [2024-05-08T03:32:56.032+0000] {dag.py:3954} INFO - Setting next_dagrun for dataset_consumes_unknown_never_scheduled to None, run_after=None
[2024-05-08T03:32:56.039+0000] {logging_mixin.py:188} INFO - [2024-05-08T03:32:56.039+0000] {dag.py:3954} INFO - Setting next_dagrun for dataset_produces_1 to 2024-05-07 00:00:00+00:00, run_after=2024-05-08 00:00:00+00:00
[2024-05-08T03:32:56.043+0000] {logging_mixin.py:188} INFO - [2024-05-08T03:32:56.043+0000] {dag.py:3954} INFO - Setting next_dagrun for dataset_produces_2 to None, run_after=None
[2024-05-08T03:32:56.196+0000] {processor.py:183} INFO - Processing /home/airflow/.local/lib/python3.12/site-packages/airflow/example_dags/example_datasets.py took 0.747 seconds
[2024-05-08T03:33:26.636+0000] {processor.py:161} INFO - Started process (PID=938) to work on /home/airflow/.local/lib/python3.12/site-packages/airflow/example_dags/example_datasets.py
[2024-05-08T03:33:26.639+0000] {processor.py:830} INFO - Processing file /home/airflow/.local/lib/python3.12/site-packages/airflow/example_dags/example_datasets.py for tasks to queue
[2024-05-08T03:33:26.645+0000] {logging_mixin.py:188} INFO - [2024-05-08T03:33:26.643+0000] {dagbag.py:540} INFO - Filling up the DagBag from /home/airflow/.local/lib/python3.12/site-packages/airflow/example_dags/example_datasets.py
[2024-05-08T03:33:26.716+0000] {processor.py:840} INFO - DAG(s) 'dataset_consumes_1_and_2', 'dataset_consumes_unknown_never_scheduled', 'conditional_dataset_and_time_based_timetable', 'dataset_produces_1', 'dataset_produces_2', 'consume_1_and_2_with_dataset_expressions', 'consume_1_or_2_with_dataset_expressions', 'dataset_consumes_1', 'dataset_consumes_1_never_scheduled', 'consume_1_or_both_2_and_3_with_dataset_expressions' retrieved from /home/airflow/.local/lib/python3.12/site-packages/airflow/example_dags/example_datasets.py
[2024-05-08T03:33:27.076+0000] {logging_mixin.py:188} INFO - [2024-05-08T03:33:27.075+0000] {dag.py:3096} INFO - Sync 10 DAGs
[2024-05-08T03:33:27.147+0000] {logging_mixin.py:188} INFO - [2024-05-08T03:33:27.146+0000] {dag.py:3954} INFO - Setting next_dagrun for conditional_dataset_and_time_based_timetable to 2024-05-08 01:00:00+00:00, run_after=2024-05-08 01:00:00+00:00
[2024-05-08T03:33:27.156+0000] {logging_mixin.py:188} INFO - [2024-05-08T03:33:27.156+0000] {dag.py:3954} INFO - Setting next_dagrun for consume_1_and_2_with_dataset_expressions to None, run_after=None
[2024-05-08T03:33:27.161+0000] {logging_mixin.py:188} INFO - [2024-05-08T03:33:27.160+0000] {dag.py:3954} INFO - Setting next_dagrun for consume_1_or_2_with_dataset_expressions to None, run_after=None
[2024-05-08T03:33:27.165+0000] {logging_mixin.py:188} INFO - [2024-05-08T03:33:27.165+0000] {dag.py:3954} INFO - Setting next_dagrun for consume_1_or_both_2_and_3_with_dataset_expressions to None, run_after=None
[2024-05-08T03:33:27.170+0000] {logging_mixin.py:188} INFO - [2024-05-08T03:33:27.169+0000] {dag.py:3954} INFO - Setting next_dagrun for dataset_consumes_1 to None, run_after=None
[2024-05-08T03:33:27.175+0000] {logging_mixin.py:188} INFO - [2024-05-08T03:33:27.174+0000] {dag.py:3954} INFO - Setting next_dagrun for dataset_consumes_1_and_2 to None, run_after=None
[2024-05-08T03:33:27.180+0000] {logging_mixin.py:188} INFO - [2024-05-08T03:33:27.179+0000] {dag.py:3954} INFO - Setting next_dagrun for dataset_consumes_1_never_scheduled to None, run_after=None
[2024-05-08T03:33:27.185+0000] {logging_mixin.py:188} INFO - [2024-05-08T03:33:27.185+0000] {dag.py:3954} INFO - Setting next_dagrun for dataset_consumes_unknown_never_scheduled to None, run_after=None
[2024-05-08T03:33:27.191+0000] {logging_mixin.py:188} INFO - [2024-05-08T03:33:27.191+0000] {dag.py:3954} INFO - Setting next_dagrun for dataset_produces_1 to 2024-05-07 00:00:00+00:00, run_after=2024-05-08 00:00:00+00:00
[2024-05-08T03:33:27.196+0000] {logging_mixin.py:188} INFO - [2024-05-08T03:33:27.195+0000] {dag.py:3954} INFO - Setting next_dagrun for dataset_produces_2 to None, run_after=None
[2024-05-08T03:33:27.344+0000] {processor.py:183} INFO - Processing /home/airflow/.local/lib/python3.12/site-packages/airflow/example_dags/example_datasets.py took 0.850 seconds
[2024-05-08T03:41:47.611+0000] {processor.py:161} INFO - Started process (PID=999) to work on /home/airflow/.local/lib/python3.12/site-packages/airflow/example_dags/example_datasets.py
[2024-05-08T03:41:47.616+0000] {processor.py:830} INFO - Processing file /home/airflow/.local/lib/python3.12/site-packages/airflow/example_dags/example_datasets.py for tasks to queue
[2024-05-08T03:41:47.619+0000] {logging_mixin.py:188} INFO - [2024-05-08T03:41:47.618+0000] {dagbag.py:540} INFO - Filling up the DagBag from /home/airflow/.local/lib/python3.12/site-packages/airflow/example_dags/example_datasets.py
[2024-05-08T03:41:47.718+0000] {processor.py:840} INFO - DAG(s) 'consume_1_or_2_with_dataset_expressions', 'dataset_produces_2', 'consume_1_and_2_with_dataset_expressions', 'dataset_consumes_1_never_scheduled', 'consume_1_or_both_2_and_3_with_dataset_expressions', 'dataset_produces_1', 'dataset_consumes_1', 'dataset_consumes_1_and_2', 'conditional_dataset_and_time_based_timetable', 'dataset_consumes_unknown_never_scheduled' retrieved from /home/airflow/.local/lib/python3.12/site-packages/airflow/example_dags/example_datasets.py
[2024-05-08T03:41:48.369+0000] {logging_mixin.py:188} INFO - [2024-05-08T03:41:48.368+0000] {dag.py:3096} INFO - Sync 10 DAGs
[2024-05-08T03:41:48.511+0000] {logging_mixin.py:188} INFO - [2024-05-08T03:41:48.510+0000] {dag.py:3954} INFO - Setting next_dagrun for conditional_dataset_and_time_based_timetable to 2024-05-08 01:00:00+00:00, run_after=2024-05-08 01:00:00+00:00
[2024-05-08T03:41:48.523+0000] {logging_mixin.py:188} INFO - [2024-05-08T03:41:48.523+0000] {dag.py:3954} INFO - Setting next_dagrun for consume_1_and_2_with_dataset_expressions to None, run_after=None
[2024-05-08T03:41:48.527+0000] {logging_mixin.py:188} INFO - [2024-05-08T03:41:48.527+0000] {dag.py:3954} INFO - Setting next_dagrun for consume_1_or_2_with_dataset_expressions to None, run_after=None
[2024-05-08T03:41:48.532+0000] {logging_mixin.py:188} INFO - [2024-05-08T03:41:48.532+0000] {dag.py:3954} INFO - Setting next_dagrun for consume_1_or_both_2_and_3_with_dataset_expressions to None, run_after=None
[2024-05-08T03:41:48.537+0000] {logging_mixin.py:188} INFO - [2024-05-08T03:41:48.536+0000] {dag.py:3954} INFO - Setting next_dagrun for dataset_consumes_1 to None, run_after=None
[2024-05-08T03:41:48.541+0000] {logging_mixin.py:188} INFO - [2024-05-08T03:41:48.540+0000] {dag.py:3954} INFO - Setting next_dagrun for dataset_consumes_1_and_2 to None, run_after=None
[2024-05-08T03:41:48.544+0000] {logging_mixin.py:188} INFO - [2024-05-08T03:41:48.544+0000] {dag.py:3954} INFO - Setting next_dagrun for dataset_consumes_1_never_scheduled to None, run_after=None
[2024-05-08T03:41:48.549+0000] {logging_mixin.py:188} INFO - [2024-05-08T03:41:48.548+0000] {dag.py:3954} INFO - Setting next_dagrun for dataset_consumes_unknown_never_scheduled to None, run_after=None
[2024-05-08T03:41:48.557+0000] {logging_mixin.py:188} INFO - [2024-05-08T03:41:48.556+0000] {dag.py:3954} INFO - Setting next_dagrun for dataset_produces_1 to 2024-05-07 00:00:00+00:00, run_after=2024-05-08 00:00:00+00:00
[2024-05-08T03:41:48.563+0000] {logging_mixin.py:188} INFO - [2024-05-08T03:41:48.563+0000] {dag.py:3954} INFO - Setting next_dagrun for dataset_produces_2 to None, run_after=None
[2024-05-08T03:41:48.685+0000] {processor.py:183} INFO - Processing /home/airflow/.local/lib/python3.12/site-packages/airflow/example_dags/example_datasets.py took 1.098 seconds
[2024-05-08T03:42:19.423+0000] {processor.py:161} INFO - Started process (PID=1066) to work on /home/airflow/.local/lib/python3.12/site-packages/airflow/example_dags/example_datasets.py
[2024-05-08T03:42:19.424+0000] {processor.py:830} INFO - Processing file /home/airflow/.local/lib/python3.12/site-packages/airflow/example_dags/example_datasets.py for tasks to queue
[2024-05-08T03:42:19.427+0000] {logging_mixin.py:188} INFO - [2024-05-08T03:42:19.426+0000] {dagbag.py:540} INFO - Filling up the DagBag from /home/airflow/.local/lib/python3.12/site-packages/airflow/example_dags/example_datasets.py
[2024-05-08T03:42:19.999+0000] {processor.py:840} INFO - DAG(s) 'consume_1_or_both_2_and_3_with_dataset_expressions', 'dataset_produces_1', 'dataset_consumes_1_never_scheduled', 'dataset_consumes_unknown_never_scheduled', 'dataset_produces_2', 'conditional_dataset_and_time_based_timetable', 'consume_1_or_2_with_dataset_expressions', 'dataset_consumes_1_and_2', 'dataset_consumes_1', 'consume_1_and_2_with_dataset_expressions' retrieved from /home/airflow/.local/lib/python3.12/site-packages/airflow/example_dags/example_datasets.py
[2024-05-08T03:42:20.359+0000] {logging_mixin.py:188} INFO - [2024-05-08T03:42:20.359+0000] {dag.py:3096} INFO - Sync 10 DAGs
[2024-05-08T03:42:20.619+0000] {logging_mixin.py:188} INFO - [2024-05-08T03:42:20.619+0000] {dag.py:3954} INFO - Setting next_dagrun for conditional_dataset_and_time_based_timetable to 2024-05-08 01:00:00+00:00, run_after=2024-05-08 01:00:00+00:00
[2024-05-08T03:42:20.625+0000] {logging_mixin.py:188} INFO - [2024-05-08T03:42:20.624+0000] {dag.py:3954} INFO - Setting next_dagrun for consume_1_and_2_with_dataset_expressions to None, run_after=None
[2024-05-08T03:42:20.627+0000] {logging_mixin.py:188} INFO - [2024-05-08T03:42:20.627+0000] {dag.py:3954} INFO - Setting next_dagrun for consume_1_or_2_with_dataset_expressions to None, run_after=None
[2024-05-08T03:42:20.629+0000] {logging_mixin.py:188} INFO - [2024-05-08T03:42:20.629+0000] {dag.py:3954} INFO - Setting next_dagrun for consume_1_or_both_2_and_3_with_dataset_expressions to None, run_after=None
[2024-05-08T03:42:20.631+0000] {logging_mixin.py:188} INFO - [2024-05-08T03:42:20.631+0000] {dag.py:3954} INFO - Setting next_dagrun for dataset_consumes_1 to None, run_after=None
[2024-05-08T03:42:20.633+0000] {logging_mixin.py:188} INFO - [2024-05-08T03:42:20.633+0000] {dag.py:3954} INFO - Setting next_dagrun for dataset_consumes_1_and_2 to None, run_after=None
[2024-05-08T03:42:20.635+0000] {logging_mixin.py:188} INFO - [2024-05-08T03:42:20.634+0000] {dag.py:3954} INFO - Setting next_dagrun for dataset_consumes_1_never_scheduled to None, run_after=None
[2024-05-08T03:42:20.637+0000] {logging_mixin.py:188} INFO - [2024-05-08T03:42:20.636+0000] {dag.py:3954} INFO - Setting next_dagrun for dataset_consumes_unknown_never_scheduled to None, run_after=None
[2024-05-08T03:42:20.640+0000] {logging_mixin.py:188} INFO - [2024-05-08T03:42:20.640+0000] {dag.py:3954} INFO - Setting next_dagrun for dataset_produces_1 to 2024-05-07 00:00:00+00:00, run_after=2024-05-08 00:00:00+00:00
[2024-05-08T03:42:20.642+0000] {logging_mixin.py:188} INFO - [2024-05-08T03:42:20.642+0000] {dag.py:3954} INFO - Setting next_dagrun for dataset_produces_2 to None, run_after=None
[2024-05-08T03:42:20.782+0000] {processor.py:183} INFO - Processing /home/airflow/.local/lib/python3.12/site-packages/airflow/example_dags/example_datasets.py took 1.368 seconds
