[2024-05-08T03:25:28.886+0000] {processor.py:161} INFO - Started process (PID=70) to work on /home/airflow/.local/lib/python3.12/site-packages/airflow/example_dags/example_external_task_marker_dag.py
[2024-05-08T03:25:28.897+0000] {processor.py:830} INFO - Processing file /home/airflow/.local/lib/python3.12/site-packages/airflow/example_dags/example_external_task_marker_dag.py for tasks to queue
[2024-05-08T03:25:28.946+0000] {logging_mixin.py:188} INFO - [2024-05-08T03:25:28.945+0000] {dagbag.py:540} INFO - Filling up the DagBag from /home/airflow/.local/lib/python3.12/site-packages/airflow/example_dags/example_external_task_marker_dag.py
[2024-05-08T03:25:29.035+0000] {processor.py:840} INFO - DAG(s) 'example_external_task_marker_child', 'example_external_task_marker_parent' retrieved from /home/airflow/.local/lib/python3.12/site-packages/airflow/example_dags/example_external_task_marker_dag.py
[2024-05-08T03:25:30.890+0000] {logging_mixin.py:188} INFO - [2024-05-08T03:25:30.890+0000] {dag.py:3096} INFO - Sync 2 DAGs
[2024-05-08T03:25:31.088+0000] {logging_mixin.py:188} INFO - [2024-05-08T03:25:31.087+0000] {dag.py:3954} INFO - Setting next_dagrun for example_external_task_marker_child to None, run_after=None
[2024-05-08T03:25:31.098+0000] {logging_mixin.py:188} INFO - [2024-05-08T03:25:31.098+0000] {dag.py:3954} INFO - Setting next_dagrun for example_external_task_marker_parent to None, run_after=None
[2024-05-08T03:25:31.521+0000] {processor.py:183} INFO - Processing /home/airflow/.local/lib/python3.12/site-packages/airflow/example_dags/example_external_task_marker_dag.py took 2.663 seconds
[2024-05-08T03:26:39.870+0000] {processor.py:161} INFO - Started process (PID=155) to work on /home/airflow/.local/lib/python3.12/site-packages/airflow/example_dags/example_external_task_marker_dag.py
[2024-05-08T03:26:39.879+0000] {processor.py:830} INFO - Processing file /home/airflow/.local/lib/python3.12/site-packages/airflow/example_dags/example_external_task_marker_dag.py for tasks to queue
[2024-05-08T03:26:39.897+0000] {logging_mixin.py:188} INFO - [2024-05-08T03:26:39.894+0000] {dagbag.py:540} INFO - Filling up the DagBag from /home/airflow/.local/lib/python3.12/site-packages/airflow/example_dags/example_external_task_marker_dag.py
[2024-05-08T03:26:39.957+0000] {processor.py:840} INFO - DAG(s) 'example_external_task_marker_child', 'example_external_task_marker_parent' retrieved from /home/airflow/.local/lib/python3.12/site-packages/airflow/example_dags/example_external_task_marker_dag.py
[2024-05-08T03:26:40.147+0000] {logging_mixin.py:188} INFO - [2024-05-08T03:26:40.146+0000] {dag.py:3096} INFO - Sync 2 DAGs
[2024-05-08T03:26:40.273+0000] {logging_mixin.py:188} INFO - [2024-05-08T03:26:40.267+0000] {dag.py:3954} INFO - Setting next_dagrun for example_external_task_marker_child to None, run_after=None
[2024-05-08T03:26:40.293+0000] {logging_mixin.py:188} INFO - [2024-05-08T03:26:40.290+0000] {dag.py:3954} INFO - Setting next_dagrun for example_external_task_marker_parent to None, run_after=None
[2024-05-08T03:26:40.419+0000] {processor.py:183} INFO - Processing /home/airflow/.local/lib/python3.12/site-packages/airflow/example_dags/example_external_task_marker_dag.py took 0.604 seconds
[2024-05-08T03:27:10.587+0000] {processor.py:161} INFO - Started process (PID=216) to work on /home/airflow/.local/lib/python3.12/site-packages/airflow/example_dags/example_external_task_marker_dag.py
[2024-05-08T03:27:10.594+0000] {processor.py:830} INFO - Processing file /home/airflow/.local/lib/python3.12/site-packages/airflow/example_dags/example_external_task_marker_dag.py for tasks to queue
[2024-05-08T03:27:10.606+0000] {logging_mixin.py:188} INFO - [2024-05-08T03:27:10.603+0000] {dagbag.py:540} INFO - Filling up the DagBag from /home/airflow/.local/lib/python3.12/site-packages/airflow/example_dags/example_external_task_marker_dag.py
[2024-05-08T03:27:10.629+0000] {processor.py:840} INFO - DAG(s) 'example_external_task_marker_parent', 'example_external_task_marker_child' retrieved from /home/airflow/.local/lib/python3.12/site-packages/airflow/example_dags/example_external_task_marker_dag.py
[2024-05-08T03:27:10.683+0000] {logging_mixin.py:188} INFO - [2024-05-08T03:27:10.682+0000] {dag.py:3096} INFO - Sync 2 DAGs
[2024-05-08T03:27:10.720+0000] {logging_mixin.py:188} INFO - [2024-05-08T03:27:10.720+0000] {dag.py:3954} INFO - Setting next_dagrun for example_external_task_marker_child to None, run_after=None
[2024-05-08T03:27:10.731+0000] {logging_mixin.py:188} INFO - [2024-05-08T03:27:10.731+0000] {dag.py:3954} INFO - Setting next_dagrun for example_external_task_marker_parent to None, run_after=None
[2024-05-08T03:27:10.781+0000] {processor.py:183} INFO - Processing /home/airflow/.local/lib/python3.12/site-packages/airflow/example_dags/example_external_task_marker_dag.py took 0.214 seconds
[2024-05-08T03:27:41.439+0000] {processor.py:161} INFO - Started process (PID=277) to work on /home/airflow/.local/lib/python3.12/site-packages/airflow/example_dags/example_external_task_marker_dag.py
[2024-05-08T03:27:41.441+0000] {processor.py:830} INFO - Processing file /home/airflow/.local/lib/python3.12/site-packages/airflow/example_dags/example_external_task_marker_dag.py for tasks to queue
[2024-05-08T03:27:41.445+0000] {logging_mixin.py:188} INFO - [2024-05-08T03:27:41.444+0000] {dagbag.py:540} INFO - Filling up the DagBag from /home/airflow/.local/lib/python3.12/site-packages/airflow/example_dags/example_external_task_marker_dag.py
[2024-05-08T03:27:41.462+0000] {processor.py:840} INFO - DAG(s) 'example_external_task_marker_child', 'example_external_task_marker_parent' retrieved from /home/airflow/.local/lib/python3.12/site-packages/airflow/example_dags/example_external_task_marker_dag.py
[2024-05-08T03:27:41.507+0000] {logging_mixin.py:188} INFO - [2024-05-08T03:27:41.506+0000] {dag.py:3096} INFO - Sync 2 DAGs
[2024-05-08T03:27:41.530+0000] {logging_mixin.py:188} INFO - [2024-05-08T03:27:41.530+0000] {dag.py:3954} INFO - Setting next_dagrun for example_external_task_marker_child to None, run_after=None
[2024-05-08T03:27:41.538+0000] {logging_mixin.py:188} INFO - [2024-05-08T03:27:41.537+0000] {dag.py:3954} INFO - Setting next_dagrun for example_external_task_marker_parent to None, run_after=None
[2024-05-08T03:27:41.565+0000] {processor.py:183} INFO - Processing /home/airflow/.local/lib/python3.12/site-packages/airflow/example_dags/example_external_task_marker_dag.py took 0.136 seconds
[2024-05-08T03:28:11.958+0000] {processor.py:161} INFO - Started process (PID=337) to work on /home/airflow/.local/lib/python3.12/site-packages/airflow/example_dags/example_external_task_marker_dag.py
[2024-05-08T03:28:11.960+0000] {processor.py:830} INFO - Processing file /home/airflow/.local/lib/python3.12/site-packages/airflow/example_dags/example_external_task_marker_dag.py for tasks to queue
[2024-05-08T03:28:11.964+0000] {logging_mixin.py:188} INFO - [2024-05-08T03:28:11.964+0000] {dagbag.py:540} INFO - Filling up the DagBag from /home/airflow/.local/lib/python3.12/site-packages/airflow/example_dags/example_external_task_marker_dag.py
[2024-05-08T03:28:11.979+0000] {processor.py:840} INFO - DAG(s) 'example_external_task_marker_child', 'example_external_task_marker_parent' retrieved from /home/airflow/.local/lib/python3.12/site-packages/airflow/example_dags/example_external_task_marker_dag.py
[2024-05-08T03:28:12.037+0000] {logging_mixin.py:188} INFO - [2024-05-08T03:28:12.036+0000] {dag.py:3096} INFO - Sync 2 DAGs
[2024-05-08T03:28:12.070+0000] {logging_mixin.py:188} INFO - [2024-05-08T03:28:12.070+0000] {dag.py:3954} INFO - Setting next_dagrun for example_external_task_marker_child to None, run_after=None
[2024-05-08T03:28:12.081+0000] {logging_mixin.py:188} INFO - [2024-05-08T03:28:12.081+0000] {dag.py:3954} INFO - Setting next_dagrun for example_external_task_marker_parent to None, run_after=None
[2024-05-08T03:28:12.129+0000] {processor.py:183} INFO - Processing /home/airflow/.local/lib/python3.12/site-packages/airflow/example_dags/example_external_task_marker_dag.py took 0.180 seconds
[2024-05-08T03:28:42.473+0000] {processor.py:161} INFO - Started process (PID=398) to work on /home/airflow/.local/lib/python3.12/site-packages/airflow/example_dags/example_external_task_marker_dag.py
[2024-05-08T03:28:42.475+0000] {processor.py:830} INFO - Processing file /home/airflow/.local/lib/python3.12/site-packages/airflow/example_dags/example_external_task_marker_dag.py for tasks to queue
[2024-05-08T03:28:42.478+0000] {logging_mixin.py:188} INFO - [2024-05-08T03:28:42.478+0000] {dagbag.py:540} INFO - Filling up the DagBag from /home/airflow/.local/lib/python3.12/site-packages/airflow/example_dags/example_external_task_marker_dag.py
[2024-05-08T03:28:42.491+0000] {processor.py:840} INFO - DAG(s) 'example_external_task_marker_child', 'example_external_task_marker_parent' retrieved from /home/airflow/.local/lib/python3.12/site-packages/airflow/example_dags/example_external_task_marker_dag.py
[2024-05-08T03:28:42.532+0000] {logging_mixin.py:188} INFO - [2024-05-08T03:28:42.532+0000] {dag.py:3096} INFO - Sync 2 DAGs
[2024-05-08T03:28:42.553+0000] {logging_mixin.py:188} INFO - [2024-05-08T03:28:42.553+0000] {dag.py:3954} INFO - Setting next_dagrun for example_external_task_marker_child to None, run_after=None
[2024-05-08T03:28:42.559+0000] {logging_mixin.py:188} INFO - [2024-05-08T03:28:42.558+0000] {dag.py:3954} INFO - Setting next_dagrun for example_external_task_marker_parent to None, run_after=None
[2024-05-08T03:28:42.587+0000] {processor.py:183} INFO - Processing /home/airflow/.local/lib/python3.12/site-packages/airflow/example_dags/example_external_task_marker_dag.py took 0.124 seconds
[2024-05-08T03:29:12.983+0000] {processor.py:161} INFO - Started process (PID=459) to work on /home/airflow/.local/lib/python3.12/site-packages/airflow/example_dags/example_external_task_marker_dag.py
[2024-05-08T03:29:12.985+0000] {processor.py:830} INFO - Processing file /home/airflow/.local/lib/python3.12/site-packages/airflow/example_dags/example_external_task_marker_dag.py for tasks to queue
[2024-05-08T03:29:12.990+0000] {logging_mixin.py:188} INFO - [2024-05-08T03:29:12.989+0000] {dagbag.py:540} INFO - Filling up the DagBag from /home/airflow/.local/lib/python3.12/site-packages/airflow/example_dags/example_external_task_marker_dag.py
[2024-05-08T03:29:12.999+0000] {processor.py:840} INFO - DAG(s) 'example_external_task_marker_parent', 'example_external_task_marker_child' retrieved from /home/airflow/.local/lib/python3.12/site-packages/airflow/example_dags/example_external_task_marker_dag.py
[2024-05-08T03:29:13.048+0000] {logging_mixin.py:188} INFO - [2024-05-08T03:29:13.048+0000] {dag.py:3096} INFO - Sync 2 DAGs
[2024-05-08T03:29:13.082+0000] {logging_mixin.py:188} INFO - [2024-05-08T03:29:13.082+0000] {dag.py:3954} INFO - Setting next_dagrun for example_external_task_marker_child to None, run_after=None
[2024-05-08T03:29:13.093+0000] {logging_mixin.py:188} INFO - [2024-05-08T03:29:13.093+0000] {dag.py:3954} INFO - Setting next_dagrun for example_external_task_marker_parent to None, run_after=None
[2024-05-08T03:29:13.144+0000] {processor.py:183} INFO - Processing /home/airflow/.local/lib/python3.12/site-packages/airflow/example_dags/example_external_task_marker_dag.py took 0.173 seconds
[2024-05-08T03:29:43.291+0000] {processor.py:161} INFO - Started process (PID=518) to work on /home/airflow/.local/lib/python3.12/site-packages/airflow/example_dags/example_external_task_marker_dag.py
[2024-05-08T03:29:43.293+0000] {processor.py:830} INFO - Processing file /home/airflow/.local/lib/python3.12/site-packages/airflow/example_dags/example_external_task_marker_dag.py for tasks to queue
[2024-05-08T03:29:43.296+0000] {logging_mixin.py:188} INFO - [2024-05-08T03:29:43.296+0000] {dagbag.py:540} INFO - Filling up the DagBag from /home/airflow/.local/lib/python3.12/site-packages/airflow/example_dags/example_external_task_marker_dag.py
[2024-05-08T03:29:43.307+0000] {processor.py:840} INFO - DAG(s) 'example_external_task_marker_parent', 'example_external_task_marker_child' retrieved from /home/airflow/.local/lib/python3.12/site-packages/airflow/example_dags/example_external_task_marker_dag.py
[2024-05-08T03:29:43.374+0000] {logging_mixin.py:188} INFO - [2024-05-08T03:29:43.373+0000] {dag.py:3096} INFO - Sync 2 DAGs
[2024-05-08T03:29:43.421+0000] {logging_mixin.py:188} INFO - [2024-05-08T03:29:43.421+0000] {dag.py:3954} INFO - Setting next_dagrun for example_external_task_marker_child to None, run_after=None
[2024-05-08T03:29:43.439+0000] {logging_mixin.py:188} INFO - [2024-05-08T03:29:43.439+0000] {dag.py:3954} INFO - Setting next_dagrun for example_external_task_marker_parent to None, run_after=None
[2024-05-08T03:29:43.474+0000] {processor.py:183} INFO - Processing /home/airflow/.local/lib/python3.12/site-packages/airflow/example_dags/example_external_task_marker_dag.py took 0.193 seconds
[2024-05-08T03:30:13.654+0000] {processor.py:161} INFO - Started process (PID=579) to work on /home/airflow/.local/lib/python3.12/site-packages/airflow/example_dags/example_external_task_marker_dag.py
[2024-05-08T03:30:13.656+0000] {processor.py:830} INFO - Processing file /home/airflow/.local/lib/python3.12/site-packages/airflow/example_dags/example_external_task_marker_dag.py for tasks to queue
[2024-05-08T03:30:13.660+0000] {logging_mixin.py:188} INFO - [2024-05-08T03:30:13.660+0000] {dagbag.py:540} INFO - Filling up the DagBag from /home/airflow/.local/lib/python3.12/site-packages/airflow/example_dags/example_external_task_marker_dag.py
[2024-05-08T03:30:13.676+0000] {processor.py:840} INFO - DAG(s) 'example_external_task_marker_child', 'example_external_task_marker_parent' retrieved from /home/airflow/.local/lib/python3.12/site-packages/airflow/example_dags/example_external_task_marker_dag.py
[2024-05-08T03:30:13.727+0000] {logging_mixin.py:188} INFO - [2024-05-08T03:30:13.727+0000] {dag.py:3096} INFO - Sync 2 DAGs
[2024-05-08T03:30:13.754+0000] {logging_mixin.py:188} INFO - [2024-05-08T03:30:13.754+0000] {dag.py:3954} INFO - Setting next_dagrun for example_external_task_marker_child to None, run_after=None
[2024-05-08T03:30:13.762+0000] {logging_mixin.py:188} INFO - [2024-05-08T03:30:13.761+0000] {dag.py:3954} INFO - Setting next_dagrun for example_external_task_marker_parent to None, run_after=None
[2024-05-08T03:30:13.795+0000] {processor.py:183} INFO - Processing /home/airflow/.local/lib/python3.12/site-packages/airflow/example_dags/example_external_task_marker_dag.py took 0.157 seconds
[2024-05-08T03:30:44.296+0000] {processor.py:161} INFO - Started process (PID=641) to work on /home/airflow/.local/lib/python3.12/site-packages/airflow/example_dags/example_external_task_marker_dag.py
[2024-05-08T03:30:44.301+0000] {processor.py:830} INFO - Processing file /home/airflow/.local/lib/python3.12/site-packages/airflow/example_dags/example_external_task_marker_dag.py for tasks to queue
[2024-05-08T03:30:44.306+0000] {logging_mixin.py:188} INFO - [2024-05-08T03:30:44.305+0000] {dagbag.py:540} INFO - Filling up the DagBag from /home/airflow/.local/lib/python3.12/site-packages/airflow/example_dags/example_external_task_marker_dag.py
[2024-05-08T03:30:44.334+0000] {processor.py:840} INFO - DAG(s) 'example_external_task_marker_child', 'example_external_task_marker_parent' retrieved from /home/airflow/.local/lib/python3.12/site-packages/airflow/example_dags/example_external_task_marker_dag.py
[2024-05-08T03:30:46.150+0000] {logging_mixin.py:188} INFO - [2024-05-08T03:30:46.148+0000] {dag.py:3096} INFO - Sync 2 DAGs
[2024-05-08T03:30:46.625+0000] {logging_mixin.py:188} INFO - [2024-05-08T03:30:46.623+0000] {dag.py:3954} INFO - Setting next_dagrun for example_external_task_marker_child to None, run_after=None
[2024-05-08T03:30:46.642+0000] {logging_mixin.py:188} INFO - [2024-05-08T03:30:46.642+0000] {dag.py:3954} INFO - Setting next_dagrun for example_external_task_marker_parent to None, run_after=None
[2024-05-08T03:30:46.698+0000] {processor.py:183} INFO - Processing /home/airflow/.local/lib/python3.12/site-packages/airflow/example_dags/example_external_task_marker_dag.py took 2.660 seconds
[2024-05-08T03:31:17.353+0000] {processor.py:161} INFO - Started process (PID=702) to work on /home/airflow/.local/lib/python3.12/site-packages/airflow/example_dags/example_external_task_marker_dag.py
[2024-05-08T03:31:17.356+0000] {processor.py:830} INFO - Processing file /home/airflow/.local/lib/python3.12/site-packages/airflow/example_dags/example_external_task_marker_dag.py for tasks to queue
[2024-05-08T03:31:17.361+0000] {logging_mixin.py:188} INFO - [2024-05-08T03:31:17.360+0000] {dagbag.py:540} INFO - Filling up the DagBag from /home/airflow/.local/lib/python3.12/site-packages/airflow/example_dags/example_external_task_marker_dag.py
[2024-05-08T03:31:17.373+0000] {processor.py:840} INFO - DAG(s) 'example_external_task_marker_child', 'example_external_task_marker_parent' retrieved from /home/airflow/.local/lib/python3.12/site-packages/airflow/example_dags/example_external_task_marker_dag.py
[2024-05-08T03:31:17.422+0000] {logging_mixin.py:188} INFO - [2024-05-08T03:31:17.421+0000] {dag.py:3096} INFO - Sync 2 DAGs
[2024-05-08T03:31:17.445+0000] {logging_mixin.py:188} INFO - [2024-05-08T03:31:17.445+0000] {dag.py:3954} INFO - Setting next_dagrun for example_external_task_marker_child to None, run_after=None
[2024-05-08T03:31:17.453+0000] {logging_mixin.py:188} INFO - [2024-05-08T03:31:17.453+0000] {dag.py:3954} INFO - Setting next_dagrun for example_external_task_marker_parent to None, run_after=None
[2024-05-08T03:31:17.483+0000] {processor.py:183} INFO - Processing /home/airflow/.local/lib/python3.12/site-packages/airflow/example_dags/example_external_task_marker_dag.py took 0.144 seconds
[2024-05-08T03:31:47.792+0000] {processor.py:161} INFO - Started process (PID=763) to work on /home/airflow/.local/lib/python3.12/site-packages/airflow/example_dags/example_external_task_marker_dag.py
[2024-05-08T03:31:47.796+0000] {processor.py:830} INFO - Processing file /home/airflow/.local/lib/python3.12/site-packages/airflow/example_dags/example_external_task_marker_dag.py for tasks to queue
[2024-05-08T03:31:47.801+0000] {logging_mixin.py:188} INFO - [2024-05-08T03:31:47.800+0000] {dagbag.py:540} INFO - Filling up the DagBag from /home/airflow/.local/lib/python3.12/site-packages/airflow/example_dags/example_external_task_marker_dag.py
[2024-05-08T03:31:47.830+0000] {processor.py:840} INFO - DAG(s) 'example_external_task_marker_child', 'example_external_task_marker_parent' retrieved from /home/airflow/.local/lib/python3.12/site-packages/airflow/example_dags/example_external_task_marker_dag.py
[2024-05-08T03:31:47.928+0000] {logging_mixin.py:188} INFO - [2024-05-08T03:31:47.927+0000] {dag.py:3096} INFO - Sync 2 DAGs
[2024-05-08T03:31:48.018+0000] {logging_mixin.py:188} INFO - [2024-05-08T03:31:48.017+0000] {dag.py:3954} INFO - Setting next_dagrun for example_external_task_marker_child to None, run_after=None
[2024-05-08T03:31:48.040+0000] {logging_mixin.py:188} INFO - [2024-05-08T03:31:48.039+0000] {dag.py:3954} INFO - Setting next_dagrun for example_external_task_marker_parent to None, run_after=None
[2024-05-08T03:31:48.115+0000] {processor.py:183} INFO - Processing /home/airflow/.local/lib/python3.12/site-packages/airflow/example_dags/example_external_task_marker_dag.py took 0.358 seconds
[2024-05-08T03:32:28.158+0000] {processor.py:161} INFO - Started process (PID=824) to work on /home/airflow/.local/lib/python3.12/site-packages/airflow/example_dags/example_external_task_marker_dag.py
[2024-05-08T03:32:28.169+0000] {processor.py:830} INFO - Processing file /home/airflow/.local/lib/python3.12/site-packages/airflow/example_dags/example_external_task_marker_dag.py for tasks to queue
[2024-05-08T03:32:28.179+0000] {logging_mixin.py:188} INFO - [2024-05-08T03:32:28.178+0000] {dagbag.py:540} INFO - Filling up the DagBag from /home/airflow/.local/lib/python3.12/site-packages/airflow/example_dags/example_external_task_marker_dag.py
[2024-05-08T03:32:28.204+0000] {processor.py:840} INFO - DAG(s) 'example_external_task_marker_parent', 'example_external_task_marker_child' retrieved from /home/airflow/.local/lib/python3.12/site-packages/airflow/example_dags/example_external_task_marker_dag.py
[2024-05-08T03:32:28.314+0000] {logging_mixin.py:188} INFO - [2024-05-08T03:32:28.313+0000] {dag.py:3096} INFO - Sync 2 DAGs
[2024-05-08T03:32:28.407+0000] {logging_mixin.py:188} INFO - [2024-05-08T03:32:28.400+0000] {dag.py:3954} INFO - Setting next_dagrun for example_external_task_marker_child to None, run_after=None
[2024-05-08T03:32:28.423+0000] {logging_mixin.py:188} INFO - [2024-05-08T03:32:28.423+0000] {dag.py:3954} INFO - Setting next_dagrun for example_external_task_marker_parent to None, run_after=None
[2024-05-08T03:32:28.482+0000] {processor.py:183} INFO - Processing /home/airflow/.local/lib/python3.12/site-packages/airflow/example_dags/example_external_task_marker_dag.py took 0.350 seconds
[2024-05-08T03:32:58.614+0000] {processor.py:161} INFO - Started process (PID=885) to work on /home/airflow/.local/lib/python3.12/site-packages/airflow/example_dags/example_external_task_marker_dag.py
[2024-05-08T03:32:58.618+0000] {processor.py:830} INFO - Processing file /home/airflow/.local/lib/python3.12/site-packages/airflow/example_dags/example_external_task_marker_dag.py for tasks to queue
[2024-05-08T03:32:58.623+0000] {logging_mixin.py:188} INFO - [2024-05-08T03:32:58.622+0000] {dagbag.py:540} INFO - Filling up the DagBag from /home/airflow/.local/lib/python3.12/site-packages/airflow/example_dags/example_external_task_marker_dag.py
[2024-05-08T03:32:58.638+0000] {processor.py:840} INFO - DAG(s) 'example_external_task_marker_child', 'example_external_task_marker_parent' retrieved from /home/airflow/.local/lib/python3.12/site-packages/airflow/example_dags/example_external_task_marker_dag.py
[2024-05-08T03:32:58.698+0000] {logging_mixin.py:188} INFO - [2024-05-08T03:32:58.697+0000] {dag.py:3096} INFO - Sync 2 DAGs
[2024-05-08T03:32:58.740+0000] {logging_mixin.py:188} INFO - [2024-05-08T03:32:58.739+0000] {dag.py:3954} INFO - Setting next_dagrun for example_external_task_marker_child to None, run_after=None
[2024-05-08T03:32:58.753+0000] {logging_mixin.py:188} INFO - [2024-05-08T03:32:58.752+0000] {dag.py:3954} INFO - Setting next_dagrun for example_external_task_marker_parent to None, run_after=None
[2024-05-08T03:32:58.807+0000] {processor.py:183} INFO - Processing /home/airflow/.local/lib/python3.12/site-packages/airflow/example_dags/example_external_task_marker_dag.py took 0.209 seconds
[2024-05-08T03:33:29.280+0000] {processor.py:161} INFO - Started process (PID=947) to work on /home/airflow/.local/lib/python3.12/site-packages/airflow/example_dags/example_external_task_marker_dag.py
[2024-05-08T03:33:29.283+0000] {processor.py:830} INFO - Processing file /home/airflow/.local/lib/python3.12/site-packages/airflow/example_dags/example_external_task_marker_dag.py for tasks to queue
[2024-05-08T03:33:29.289+0000] {logging_mixin.py:188} INFO - [2024-05-08T03:33:29.288+0000] {dagbag.py:540} INFO - Filling up the DagBag from /home/airflow/.local/lib/python3.12/site-packages/airflow/example_dags/example_external_task_marker_dag.py
[2024-05-08T03:33:29.309+0000] {processor.py:840} INFO - DAG(s) 'example_external_task_marker_parent', 'example_external_task_marker_child' retrieved from /home/airflow/.local/lib/python3.12/site-packages/airflow/example_dags/example_external_task_marker_dag.py
[2024-05-08T03:33:29.407+0000] {logging_mixin.py:188} INFO - [2024-05-08T03:33:29.406+0000] {dag.py:3096} INFO - Sync 2 DAGs
[2024-05-08T03:33:29.482+0000] {logging_mixin.py:188} INFO - [2024-05-08T03:33:29.482+0000] {dag.py:3954} INFO - Setting next_dagrun for example_external_task_marker_child to None, run_after=None
[2024-05-08T03:33:29.494+0000] {logging_mixin.py:188} INFO - [2024-05-08T03:33:29.494+0000] {dag.py:3954} INFO - Setting next_dagrun for example_external_task_marker_parent to None, run_after=None
[2024-05-08T03:33:29.556+0000] {processor.py:183} INFO - Processing /home/airflow/.local/lib/python3.12/site-packages/airflow/example_dags/example_external_task_marker_dag.py took 0.290 seconds
[2024-05-08T03:41:50.837+0000] {processor.py:161} INFO - Started process (PID=1014) to work on /home/airflow/.local/lib/python3.12/site-packages/airflow/example_dags/example_external_task_marker_dag.py
[2024-05-08T03:41:50.841+0000] {processor.py:830} INFO - Processing file /home/airflow/.local/lib/python3.12/site-packages/airflow/example_dags/example_external_task_marker_dag.py for tasks to queue
[2024-05-08T03:41:50.844+0000] {logging_mixin.py:188} INFO - [2024-05-08T03:41:50.843+0000] {dagbag.py:540} INFO - Filling up the DagBag from /home/airflow/.local/lib/python3.12/site-packages/airflow/example_dags/example_external_task_marker_dag.py
[2024-05-08T03:41:50.875+0000] {processor.py:840} INFO - DAG(s) 'example_external_task_marker_parent', 'example_external_task_marker_child' retrieved from /home/airflow/.local/lib/python3.12/site-packages/airflow/example_dags/example_external_task_marker_dag.py
[2024-05-08T03:41:50.968+0000] {logging_mixin.py:188} INFO - [2024-05-08T03:41:50.968+0000] {dag.py:3096} INFO - Sync 2 DAGs
[2024-05-08T03:41:51.015+0000] {logging_mixin.py:188} INFO - [2024-05-08T03:41:51.014+0000] {dag.py:3954} INFO - Setting next_dagrun for example_external_task_marker_child to None, run_after=None
[2024-05-08T03:41:51.030+0000] {logging_mixin.py:188} INFO - [2024-05-08T03:41:51.030+0000] {dag.py:3954} INFO - Setting next_dagrun for example_external_task_marker_parent to None, run_after=None
[2024-05-08T03:41:51.087+0000] {processor.py:183} INFO - Processing /home/airflow/.local/lib/python3.12/site-packages/airflow/example_dags/example_external_task_marker_dag.py took 0.274 seconds
[2024-05-08T03:42:22.722+0000] {processor.py:161} INFO - Started process (PID=1076) to work on /home/airflow/.local/lib/python3.12/site-packages/airflow/example_dags/example_external_task_marker_dag.py
[2024-05-08T03:42:22.723+0000] {processor.py:830} INFO - Processing file /home/airflow/.local/lib/python3.12/site-packages/airflow/example_dags/example_external_task_marker_dag.py for tasks to queue
[2024-05-08T03:42:22.725+0000] {logging_mixin.py:188} INFO - [2024-05-08T03:42:22.725+0000] {dagbag.py:540} INFO - Filling up the DagBag from /home/airflow/.local/lib/python3.12/site-packages/airflow/example_dags/example_external_task_marker_dag.py
[2024-05-08T03:42:22.736+0000] {processor.py:840} INFO - DAG(s) 'example_external_task_marker_child', 'example_external_task_marker_parent' retrieved from /home/airflow/.local/lib/python3.12/site-packages/airflow/example_dags/example_external_task_marker_dag.py
[2024-05-08T03:42:22.770+0000] {logging_mixin.py:188} INFO - [2024-05-08T03:42:22.770+0000] {dag.py:3096} INFO - Sync 2 DAGs
[2024-05-08T03:42:22.951+0000] {logging_mixin.py:188} INFO - [2024-05-08T03:42:22.950+0000] {dag.py:3954} INFO - Setting next_dagrun for example_external_task_marker_child to None, run_after=None
[2024-05-08T03:42:22.958+0000] {logging_mixin.py:188} INFO - [2024-05-08T03:42:22.958+0000] {dag.py:3954} INFO - Setting next_dagrun for example_external_task_marker_parent to None, run_after=None
[2024-05-08T03:42:23.023+0000] {processor.py:183} INFO - Processing /home/airflow/.local/lib/python3.12/site-packages/airflow/example_dags/example_external_task_marker_dag.py took 0.313 seconds
