[2024-05-08T03:25:36.262+0000] {processor.py:161} INFO - Started process (PID=84) to work on /home/airflow/.local/lib/python3.12/site-packages/airflow/example_dags/example_short_circuit_operator.py
[2024-05-08T03:25:36.294+0000] {processor.py:830} INFO - Processing file /home/airflow/.local/lib/python3.12/site-packages/airflow/example_dags/example_short_circuit_operator.py for tasks to queue
[2024-05-08T03:25:36.327+0000] {logging_mixin.py:188} INFO - [2024-05-08T03:25:36.322+0000] {dagbag.py:540} INFO - Filling up the DagBag from /home/airflow/.local/lib/python3.12/site-packages/airflow/example_dags/example_short_circuit_operator.py
[2024-05-08T03:25:36.472+0000] {processor.py:840} INFO - DAG(s) 'example_short_circuit_operator' retrieved from /home/airflow/.local/lib/python3.12/site-packages/airflow/example_dags/example_short_circuit_operator.py
[2024-05-08T03:25:37.345+0000] {logging_mixin.py:188} INFO - [2024-05-08T03:25:37.344+0000] {dag.py:3096} INFO - Sync 1 DAGs
[2024-05-08T03:25:38.216+0000] {logging_mixin.py:188} INFO - [2024-05-08T03:25:38.215+0000] {dag.py:3954} INFO - Setting next_dagrun for example_short_circuit_operator to 2024-05-07 00:00:00+00:00, run_after=2024-05-08 00:00:00+00:00
[2024-05-08T03:25:38.822+0000] {processor.py:183} INFO - Processing /home/airflow/.local/lib/python3.12/site-packages/airflow/example_dags/example_short_circuit_operator.py took 2.567 seconds
[2024-05-08T03:26:42.757+0000] {processor.py:161} INFO - Started process (PID=163) to work on /home/airflow/.local/lib/python3.12/site-packages/airflow/example_dags/example_short_circuit_operator.py
[2024-05-08T03:26:42.764+0000] {processor.py:830} INFO - Processing file /home/airflow/.local/lib/python3.12/site-packages/airflow/example_dags/example_short_circuit_operator.py for tasks to queue
[2024-05-08T03:26:42.780+0000] {logging_mixin.py:188} INFO - [2024-05-08T03:26:42.779+0000] {dagbag.py:540} INFO - Filling up the DagBag from /home/airflow/.local/lib/python3.12/site-packages/airflow/example_dags/example_short_circuit_operator.py
[2024-05-08T03:26:42.830+0000] {processor.py:840} INFO - DAG(s) 'example_short_circuit_operator' retrieved from /home/airflow/.local/lib/python3.12/site-packages/airflow/example_dags/example_short_circuit_operator.py
[2024-05-08T03:26:42.991+0000] {logging_mixin.py:188} INFO - [2024-05-08T03:26:42.990+0000] {dag.py:3096} INFO - Sync 1 DAGs
[2024-05-08T03:26:43.164+0000] {logging_mixin.py:188} INFO - [2024-05-08T03:26:43.163+0000] {dag.py:3954} INFO - Setting next_dagrun for example_short_circuit_operator to 2024-05-07 00:00:00+00:00, run_after=2024-05-08 00:00:00+00:00
[2024-05-08T03:26:43.277+0000] {processor.py:183} INFO - Processing /home/airflow/.local/lib/python3.12/site-packages/airflow/example_dags/example_short_circuit_operator.py took 0.552 seconds
[2024-05-08T03:27:13.562+0000] {processor.py:161} INFO - Started process (PID=224) to work on /home/airflow/.local/lib/python3.12/site-packages/airflow/example_dags/example_short_circuit_operator.py
[2024-05-08T03:27:13.565+0000] {processor.py:830} INFO - Processing file /home/airflow/.local/lib/python3.12/site-packages/airflow/example_dags/example_short_circuit_operator.py for tasks to queue
[2024-05-08T03:27:13.572+0000] {logging_mixin.py:188} INFO - [2024-05-08T03:27:13.570+0000] {dagbag.py:540} INFO - Filling up the DagBag from /home/airflow/.local/lib/python3.12/site-packages/airflow/example_dags/example_short_circuit_operator.py
[2024-05-08T03:27:13.610+0000] {processor.py:840} INFO - DAG(s) 'example_short_circuit_operator' retrieved from /home/airflow/.local/lib/python3.12/site-packages/airflow/example_dags/example_short_circuit_operator.py
[2024-05-08T03:27:13.719+0000] {logging_mixin.py:188} INFO - [2024-05-08T03:27:13.718+0000] {dag.py:3096} INFO - Sync 1 DAGs
[2024-05-08T03:27:13.795+0000] {logging_mixin.py:188} INFO - [2024-05-08T03:27:13.794+0000] {dag.py:3954} INFO - Setting next_dagrun for example_short_circuit_operator to 2024-05-07 00:00:00+00:00, run_after=2024-05-08 00:00:00+00:00
[2024-05-08T03:27:13.855+0000] {processor.py:183} INFO - Processing /home/airflow/.local/lib/python3.12/site-packages/airflow/example_dags/example_short_circuit_operator.py took 0.317 seconds
[2024-05-08T03:27:44.706+0000] {processor.py:161} INFO - Started process (PID=285) to work on /home/airflow/.local/lib/python3.12/site-packages/airflow/example_dags/example_short_circuit_operator.py
[2024-05-08T03:27:44.709+0000] {processor.py:830} INFO - Processing file /home/airflow/.local/lib/python3.12/site-packages/airflow/example_dags/example_short_circuit_operator.py for tasks to queue
[2024-05-08T03:27:44.713+0000] {logging_mixin.py:188} INFO - [2024-05-08T03:27:44.713+0000] {dagbag.py:540} INFO - Filling up the DagBag from /home/airflow/.local/lib/python3.12/site-packages/airflow/example_dags/example_short_circuit_operator.py
[2024-05-08T03:27:44.723+0000] {processor.py:840} INFO - DAG(s) 'example_short_circuit_operator' retrieved from /home/airflow/.local/lib/python3.12/site-packages/airflow/example_dags/example_short_circuit_operator.py
[2024-05-08T03:27:44.758+0000] {logging_mixin.py:188} INFO - [2024-05-08T03:27:44.758+0000] {dag.py:3096} INFO - Sync 1 DAGs
[2024-05-08T03:27:44.789+0000] {logging_mixin.py:188} INFO - [2024-05-08T03:27:44.789+0000] {dag.py:3954} INFO - Setting next_dagrun for example_short_circuit_operator to 2024-05-07 00:00:00+00:00, run_after=2024-05-08 00:00:00+00:00
[2024-05-08T03:27:44.817+0000] {processor.py:183} INFO - Processing /home/airflow/.local/lib/python3.12/site-packages/airflow/example_dags/example_short_circuit_operator.py took 0.125 seconds
[2024-05-08T03:28:15.358+0000] {processor.py:161} INFO - Started process (PID=346) to work on /home/airflow/.local/lib/python3.12/site-packages/airflow/example_dags/example_short_circuit_operator.py
[2024-05-08T03:28:15.361+0000] {processor.py:830} INFO - Processing file /home/airflow/.local/lib/python3.12/site-packages/airflow/example_dags/example_short_circuit_operator.py for tasks to queue
[2024-05-08T03:28:15.366+0000] {logging_mixin.py:188} INFO - [2024-05-08T03:28:15.365+0000] {dagbag.py:540} INFO - Filling up the DagBag from /home/airflow/.local/lib/python3.12/site-packages/airflow/example_dags/example_short_circuit_operator.py
[2024-05-08T03:28:15.380+0000] {processor.py:840} INFO - DAG(s) 'example_short_circuit_operator' retrieved from /home/airflow/.local/lib/python3.12/site-packages/airflow/example_dags/example_short_circuit_operator.py
[2024-05-08T03:28:15.427+0000] {logging_mixin.py:188} INFO - [2024-05-08T03:28:15.427+0000] {dag.py:3096} INFO - Sync 1 DAGs
[2024-05-08T03:28:15.463+0000] {logging_mixin.py:188} INFO - [2024-05-08T03:28:15.463+0000] {dag.py:3954} INFO - Setting next_dagrun for example_short_circuit_operator to 2024-05-07 00:00:00+00:00, run_after=2024-05-08 00:00:00+00:00
[2024-05-08T03:28:15.494+0000] {processor.py:183} INFO - Processing /home/airflow/.local/lib/python3.12/site-packages/airflow/example_dags/example_short_circuit_operator.py took 0.144 seconds
[2024-05-08T03:28:45.908+0000] {processor.py:161} INFO - Started process (PID=407) to work on /home/airflow/.local/lib/python3.12/site-packages/airflow/example_dags/example_short_circuit_operator.py
[2024-05-08T03:28:45.909+0000] {processor.py:830} INFO - Processing file /home/airflow/.local/lib/python3.12/site-packages/airflow/example_dags/example_short_circuit_operator.py for tasks to queue
[2024-05-08T03:28:45.913+0000] {logging_mixin.py:188} INFO - [2024-05-08T03:28:45.912+0000] {dagbag.py:540} INFO - Filling up the DagBag from /home/airflow/.local/lib/python3.12/site-packages/airflow/example_dags/example_short_circuit_operator.py
[2024-05-08T03:28:45.928+0000] {processor.py:840} INFO - DAG(s) 'example_short_circuit_operator' retrieved from /home/airflow/.local/lib/python3.12/site-packages/airflow/example_dags/example_short_circuit_operator.py
[2024-05-08T03:28:45.968+0000] {logging_mixin.py:188} INFO - [2024-05-08T03:28:45.968+0000] {dag.py:3096} INFO - Sync 1 DAGs
[2024-05-08T03:28:46.015+0000] {logging_mixin.py:188} INFO - [2024-05-08T03:28:46.014+0000] {dag.py:3954} INFO - Setting next_dagrun for example_short_circuit_operator to 2024-05-07 00:00:00+00:00, run_after=2024-05-08 00:00:00+00:00
[2024-05-08T03:28:46.076+0000] {processor.py:183} INFO - Processing /home/airflow/.local/lib/python3.12/site-packages/airflow/example_dags/example_short_circuit_operator.py took 0.180 seconds
[2024-05-08T03:29:16.873+0000] {processor.py:161} INFO - Started process (PID=468) to work on /home/airflow/.local/lib/python3.12/site-packages/airflow/example_dags/example_short_circuit_operator.py
[2024-05-08T03:29:16.875+0000] {processor.py:830} INFO - Processing file /home/airflow/.local/lib/python3.12/site-packages/airflow/example_dags/example_short_circuit_operator.py for tasks to queue
[2024-05-08T03:29:16.878+0000] {logging_mixin.py:188} INFO - [2024-05-08T03:29:16.878+0000] {dagbag.py:540} INFO - Filling up the DagBag from /home/airflow/.local/lib/python3.12/site-packages/airflow/example_dags/example_short_circuit_operator.py
[2024-05-08T03:29:16.891+0000] {processor.py:840} INFO - DAG(s) 'example_short_circuit_operator' retrieved from /home/airflow/.local/lib/python3.12/site-packages/airflow/example_dags/example_short_circuit_operator.py
[2024-05-08T03:29:16.922+0000] {logging_mixin.py:188} INFO - [2024-05-08T03:29:16.921+0000] {dag.py:3096} INFO - Sync 1 DAGs
[2024-05-08T03:29:16.974+0000] {logging_mixin.py:188} INFO - [2024-05-08T03:29:16.973+0000] {dag.py:3954} INFO - Setting next_dagrun for example_short_circuit_operator to 2024-05-07 00:00:00+00:00, run_after=2024-05-08 00:00:00+00:00
[2024-05-08T03:29:17.030+0000] {processor.py:183} INFO - Processing /home/airflow/.local/lib/python3.12/site-packages/airflow/example_dags/example_short_circuit_operator.py took 0.164 seconds
[2024-05-08T03:29:47.479+0000] {processor.py:161} INFO - Started process (PID=529) to work on /home/airflow/.local/lib/python3.12/site-packages/airflow/example_dags/example_short_circuit_operator.py
[2024-05-08T03:29:47.482+0000] {processor.py:830} INFO - Processing file /home/airflow/.local/lib/python3.12/site-packages/airflow/example_dags/example_short_circuit_operator.py for tasks to queue
[2024-05-08T03:29:47.488+0000] {logging_mixin.py:188} INFO - [2024-05-08T03:29:47.487+0000] {dagbag.py:540} INFO - Filling up the DagBag from /home/airflow/.local/lib/python3.12/site-packages/airflow/example_dags/example_short_circuit_operator.py
[2024-05-08T03:29:47.505+0000] {processor.py:840} INFO - DAG(s) 'example_short_circuit_operator' retrieved from /home/airflow/.local/lib/python3.12/site-packages/airflow/example_dags/example_short_circuit_operator.py
[2024-05-08T03:29:47.564+0000] {logging_mixin.py:188} INFO - [2024-05-08T03:29:47.563+0000] {dag.py:3096} INFO - Sync 1 DAGs
[2024-05-08T03:29:47.648+0000] {logging_mixin.py:188} INFO - [2024-05-08T03:29:47.647+0000] {dag.py:3954} INFO - Setting next_dagrun for example_short_circuit_operator to 2024-05-07 00:00:00+00:00, run_after=2024-05-08 00:00:00+00:00
[2024-05-08T03:29:47.723+0000] {processor.py:183} INFO - Processing /home/airflow/.local/lib/python3.12/site-packages/airflow/example_dags/example_short_circuit_operator.py took 0.260 seconds
[2024-05-08T03:30:17.861+0000] {processor.py:161} INFO - Started process (PID=590) to work on /home/airflow/.local/lib/python3.12/site-packages/airflow/example_dags/example_short_circuit_operator.py
[2024-05-08T03:30:17.864+0000] {processor.py:830} INFO - Processing file /home/airflow/.local/lib/python3.12/site-packages/airflow/example_dags/example_short_circuit_operator.py for tasks to queue
[2024-05-08T03:30:17.869+0000] {logging_mixin.py:188} INFO - [2024-05-08T03:30:17.868+0000] {dagbag.py:540} INFO - Filling up the DagBag from /home/airflow/.local/lib/python3.12/site-packages/airflow/example_dags/example_short_circuit_operator.py
[2024-05-08T03:30:17.905+0000] {processor.py:840} INFO - DAG(s) 'example_short_circuit_operator' retrieved from /home/airflow/.local/lib/python3.12/site-packages/airflow/example_dags/example_short_circuit_operator.py
[2024-05-08T03:30:17.984+0000] {logging_mixin.py:188} INFO - [2024-05-08T03:30:17.983+0000] {dag.py:3096} INFO - Sync 1 DAGs
[2024-05-08T03:30:18.054+0000] {logging_mixin.py:188} INFO - [2024-05-08T03:30:18.053+0000] {dag.py:3954} INFO - Setting next_dagrun for example_short_circuit_operator to 2024-05-07 00:00:00+00:00, run_after=2024-05-08 00:00:00+00:00
[2024-05-08T03:30:18.128+0000] {processor.py:183} INFO - Processing /home/airflow/.local/lib/python3.12/site-packages/airflow/example_dags/example_short_circuit_operator.py took 0.287 seconds
[2024-05-08T03:30:50.384+0000] {processor.py:161} INFO - Started process (PID=651) to work on /home/airflow/.local/lib/python3.12/site-packages/airflow/example_dags/example_short_circuit_operator.py
[2024-05-08T03:30:50.386+0000] {processor.py:830} INFO - Processing file /home/airflow/.local/lib/python3.12/site-packages/airflow/example_dags/example_short_circuit_operator.py for tasks to queue
[2024-05-08T03:30:50.390+0000] {logging_mixin.py:188} INFO - [2024-05-08T03:30:50.389+0000] {dagbag.py:540} INFO - Filling up the DagBag from /home/airflow/.local/lib/python3.12/site-packages/airflow/example_dags/example_short_circuit_operator.py
[2024-05-08T03:30:50.406+0000] {processor.py:840} INFO - DAG(s) 'example_short_circuit_operator' retrieved from /home/airflow/.local/lib/python3.12/site-packages/airflow/example_dags/example_short_circuit_operator.py
[2024-05-08T03:30:50.455+0000] {logging_mixin.py:188} INFO - [2024-05-08T03:30:50.455+0000] {dag.py:3096} INFO - Sync 1 DAGs
[2024-05-08T03:30:50.510+0000] {logging_mixin.py:188} INFO - [2024-05-08T03:30:50.509+0000] {dag.py:3954} INFO - Setting next_dagrun for example_short_circuit_operator to 2024-05-07 00:00:00+00:00, run_after=2024-05-08 00:00:00+00:00
[2024-05-08T03:30:50.564+0000] {processor.py:183} INFO - Processing /home/airflow/.local/lib/python3.12/site-packages/airflow/example_dags/example_short_circuit_operator.py took 0.191 seconds
[2024-05-08T03:31:21.163+0000] {processor.py:161} INFO - Started process (PID=710) to work on /home/airflow/.local/lib/python3.12/site-packages/airflow/example_dags/example_short_circuit_operator.py
[2024-05-08T03:31:21.166+0000] {processor.py:830} INFO - Processing file /home/airflow/.local/lib/python3.12/site-packages/airflow/example_dags/example_short_circuit_operator.py for tasks to queue
[2024-05-08T03:31:21.170+0000] {logging_mixin.py:188} INFO - [2024-05-08T03:31:21.169+0000] {dagbag.py:540} INFO - Filling up the DagBag from /home/airflow/.local/lib/python3.12/site-packages/airflow/example_dags/example_short_circuit_operator.py
[2024-05-08T03:31:21.182+0000] {processor.py:840} INFO - DAG(s) 'example_short_circuit_operator' retrieved from /home/airflow/.local/lib/python3.12/site-packages/airflow/example_dags/example_short_circuit_operator.py
[2024-05-08T03:31:21.244+0000] {logging_mixin.py:188} INFO - [2024-05-08T03:31:21.243+0000] {dag.py:3096} INFO - Sync 1 DAGs
[2024-05-08T03:31:21.294+0000] {logging_mixin.py:188} INFO - [2024-05-08T03:31:21.293+0000] {dag.py:3954} INFO - Setting next_dagrun for example_short_circuit_operator to 2024-05-07 00:00:00+00:00, run_after=2024-05-08 00:00:00+00:00
[2024-05-08T03:31:21.344+0000] {processor.py:183} INFO - Processing /home/airflow/.local/lib/python3.12/site-packages/airflow/example_dags/example_short_circuit_operator.py took 0.193 seconds
[2024-05-08T03:31:52.065+0000] {processor.py:161} INFO - Started process (PID=771) to work on /home/airflow/.local/lib/python3.12/site-packages/airflow/example_dags/example_short_circuit_operator.py
[2024-05-08T03:31:52.083+0000] {processor.py:830} INFO - Processing file /home/airflow/.local/lib/python3.12/site-packages/airflow/example_dags/example_short_circuit_operator.py for tasks to queue
[2024-05-08T03:31:52.123+0000] {logging_mixin.py:188} INFO - [2024-05-08T03:31:52.121+0000] {dagbag.py:540} INFO - Filling up the DagBag from /home/airflow/.local/lib/python3.12/site-packages/airflow/example_dags/example_short_circuit_operator.py
[2024-05-08T03:31:52.168+0000] {processor.py:840} INFO - DAG(s) 'example_short_circuit_operator' retrieved from /home/airflow/.local/lib/python3.12/site-packages/airflow/example_dags/example_short_circuit_operator.py
[2024-05-08T03:31:52.342+0000] {logging_mixin.py:188} INFO - [2024-05-08T03:31:52.341+0000] {dag.py:3096} INFO - Sync 1 DAGs
[2024-05-08T03:31:52.517+0000] {logging_mixin.py:188} INFO - [2024-05-08T03:31:52.516+0000] {dag.py:3954} INFO - Setting next_dagrun for example_short_circuit_operator to 2024-05-07 00:00:00+00:00, run_after=2024-05-08 00:00:00+00:00
[2024-05-08T03:31:52.682+0000] {processor.py:183} INFO - Processing /home/airflow/.local/lib/python3.12/site-packages/airflow/example_dags/example_short_circuit_operator.py took 0.657 seconds
[2024-05-08T03:32:30.546+0000] {processor.py:161} INFO - Started process (PID=833) to work on /home/airflow/.local/lib/python3.12/site-packages/airflow/example_dags/example_short_circuit_operator.py
[2024-05-08T03:32:30.562+0000] {processor.py:830} INFO - Processing file /home/airflow/.local/lib/python3.12/site-packages/airflow/example_dags/example_short_circuit_operator.py for tasks to queue
[2024-05-08T03:32:30.578+0000] {logging_mixin.py:188} INFO - [2024-05-08T03:32:30.577+0000] {dagbag.py:540} INFO - Filling up the DagBag from /home/airflow/.local/lib/python3.12/site-packages/airflow/example_dags/example_short_circuit_operator.py
[2024-05-08T03:32:30.648+0000] {processor.py:840} INFO - DAG(s) 'example_short_circuit_operator' retrieved from /home/airflow/.local/lib/python3.12/site-packages/airflow/example_dags/example_short_circuit_operator.py
[2024-05-08T03:32:30.835+0000] {logging_mixin.py:188} INFO - [2024-05-08T03:32:30.834+0000] {dag.py:3096} INFO - Sync 1 DAGs
[2024-05-08T03:32:31.003+0000] {logging_mixin.py:188} INFO - [2024-05-08T03:32:31.002+0000] {dag.py:3954} INFO - Setting next_dagrun for example_short_circuit_operator to 2024-05-07 00:00:00+00:00, run_after=2024-05-08 00:00:00+00:00
[2024-05-08T03:32:31.185+0000] {processor.py:183} INFO - Processing /home/airflow/.local/lib/python3.12/site-packages/airflow/example_dags/example_short_circuit_operator.py took 0.692 seconds
[2024-05-08T03:33:01.632+0000] {processor.py:161} INFO - Started process (PID=894) to work on /home/airflow/.local/lib/python3.12/site-packages/airflow/example_dags/example_short_circuit_operator.py
[2024-05-08T03:33:01.635+0000] {processor.py:830} INFO - Processing file /home/airflow/.local/lib/python3.12/site-packages/airflow/example_dags/example_short_circuit_operator.py for tasks to queue
[2024-05-08T03:33:01.640+0000] {logging_mixin.py:188} INFO - [2024-05-08T03:33:01.639+0000] {dagbag.py:540} INFO - Filling up the DagBag from /home/airflow/.local/lib/python3.12/site-packages/airflow/example_dags/example_short_circuit_operator.py
[2024-05-08T03:33:01.667+0000] {processor.py:840} INFO - DAG(s) 'example_short_circuit_operator' retrieved from /home/airflow/.local/lib/python3.12/site-packages/airflow/example_dags/example_short_circuit_operator.py
[2024-05-08T03:33:01.756+0000] {logging_mixin.py:188} INFO - [2024-05-08T03:33:01.755+0000] {dag.py:3096} INFO - Sync 1 DAGs
[2024-05-08T03:33:01.841+0000] {logging_mixin.py:188} INFO - [2024-05-08T03:33:01.840+0000] {dag.py:3954} INFO - Setting next_dagrun for example_short_circuit_operator to 2024-05-07 00:00:00+00:00, run_after=2024-05-08 00:00:00+00:00
[2024-05-08T03:33:01.920+0000] {processor.py:183} INFO - Processing /home/airflow/.local/lib/python3.12/site-packages/airflow/example_dags/example_short_circuit_operator.py took 0.308 seconds
[2024-05-08T03:33:36.031+0000] {processor.py:161} INFO - Started process (PID=956) to work on /home/airflow/.local/lib/python3.12/site-packages/airflow/example_dags/example_short_circuit_operator.py
[2024-05-08T03:33:36.045+0000] {processor.py:830} INFO - Processing file /home/airflow/.local/lib/python3.12/site-packages/airflow/example_dags/example_short_circuit_operator.py for tasks to queue
[2024-05-08T03:33:36.148+0000] {logging_mixin.py:188} INFO - [2024-05-08T03:33:36.147+0000] {dagbag.py:540} INFO - Filling up the DagBag from /home/airflow/.local/lib/python3.12/site-packages/airflow/example_dags/example_short_circuit_operator.py
[2024-05-08T03:33:36.212+0000] {processor.py:840} INFO - DAG(s) 'example_short_circuit_operator' retrieved from /home/airflow/.local/lib/python3.12/site-packages/airflow/example_dags/example_short_circuit_operator.py
[2024-05-08T03:33:36.371+0000] {logging_mixin.py:188} INFO - [2024-05-08T03:33:36.370+0000] {dag.py:3096} INFO - Sync 1 DAGs
[2024-05-08T03:33:36.685+0000] {logging_mixin.py:188} INFO - [2024-05-08T03:33:36.680+0000] {dag.py:3954} INFO - Setting next_dagrun for example_short_circuit_operator to 2024-05-07 00:00:00+00:00, run_after=2024-05-08 00:00:00+00:00
[2024-05-08T03:33:36.846+0000] {processor.py:183} INFO - Processing /home/airflow/.local/lib/python3.12/site-packages/airflow/example_dags/example_short_circuit_operator.py took 0.854 seconds
[2024-05-08T03:41:54.884+0000] {processor.py:161} INFO - Started process (PID=1029) to work on /home/airflow/.local/lib/python3.12/site-packages/airflow/example_dags/example_short_circuit_operator.py
[2024-05-08T03:41:54.887+0000] {processor.py:830} INFO - Processing file /home/airflow/.local/lib/python3.12/site-packages/airflow/example_dags/example_short_circuit_operator.py for tasks to queue
[2024-05-08T03:41:54.890+0000] {logging_mixin.py:188} INFO - [2024-05-08T03:41:54.889+0000] {dagbag.py:540} INFO - Filling up the DagBag from /home/airflow/.local/lib/python3.12/site-packages/airflow/example_dags/example_short_circuit_operator.py
[2024-05-08T03:41:54.921+0000] {processor.py:840} INFO - DAG(s) 'example_short_circuit_operator' retrieved from /home/airflow/.local/lib/python3.12/site-packages/airflow/example_dags/example_short_circuit_operator.py
[2024-05-08T03:41:54.987+0000] {logging_mixin.py:188} INFO - [2024-05-08T03:41:54.986+0000] {dag.py:3096} INFO - Sync 1 DAGs
[2024-05-08T03:41:55.083+0000] {logging_mixin.py:188} INFO - [2024-05-08T03:41:55.082+0000] {dag.py:3954} INFO - Setting next_dagrun for example_short_circuit_operator to 2024-05-07 00:00:00+00:00, run_after=2024-05-08 00:00:00+00:00
[2024-05-08T03:41:55.162+0000] {processor.py:183} INFO - Processing /home/airflow/.local/lib/python3.12/site-packages/airflow/example_dags/example_short_circuit_operator.py took 0.295 seconds
[2024-05-08T03:42:26.415+0000] {processor.py:161} INFO - Started process (PID=1090) to work on /home/airflow/.local/lib/python3.12/site-packages/airflow/example_dags/example_short_circuit_operator.py
[2024-05-08T03:42:26.417+0000] {processor.py:830} INFO - Processing file /home/airflow/.local/lib/python3.12/site-packages/airflow/example_dags/example_short_circuit_operator.py for tasks to queue
[2024-05-08T03:42:26.419+0000] {logging_mixin.py:188} INFO - [2024-05-08T03:42:26.418+0000] {dagbag.py:540} INFO - Filling up the DagBag from /home/airflow/.local/lib/python3.12/site-packages/airflow/example_dags/example_short_circuit_operator.py
[2024-05-08T03:42:26.466+0000] {processor.py:840} INFO - DAG(s) 'example_short_circuit_operator' retrieved from /home/airflow/.local/lib/python3.12/site-packages/airflow/example_dags/example_short_circuit_operator.py
[2024-05-08T03:42:26.551+0000] {logging_mixin.py:188} INFO - [2024-05-08T03:42:26.550+0000] {dag.py:3096} INFO - Sync 1 DAGs
[2024-05-08T03:42:26.596+0000] {logging_mixin.py:188} INFO - [2024-05-08T03:42:26.596+0000] {dag.py:3954} INFO - Setting next_dagrun for example_short_circuit_operator to 2024-05-07 00:00:00+00:00, run_after=2024-05-08 00:00:00+00:00
[2024-05-08T03:42:26.700+0000] {processor.py:183} INFO - Processing /home/airflow/.local/lib/python3.12/site-packages/airflow/example_dags/example_short_circuit_operator.py took 0.292 seconds
