[2024-05-08T03:25:20.880+0000] {processor.py:161} INFO - Started process (PID=59) to work on /home/airflow/.local/lib/python3.12/site-packages/airflow/example_dags/example_branch_python_dop_operator_3.py
[2024-05-08T03:25:20.894+0000] {processor.py:830} INFO - Processing file /home/airflow/.local/lib/python3.12/site-packages/airflow/example_dags/example_branch_python_dop_operator_3.py for tasks to queue
[2024-05-08T03:25:20.914+0000] {logging_mixin.py:188} INFO - [2024-05-08T03:25:20.911+0000] {dagbag.py:540} INFO - Filling up the DagBag from /home/airflow/.local/lib/python3.12/site-packages/airflow/example_dags/example_branch_python_dop_operator_3.py
[2024-05-08T03:25:21.031+0000] {processor.py:840} INFO - DAG(s) 'example_branch_dop_operator_v3' retrieved from /home/airflow/.local/lib/python3.12/site-packages/airflow/example_dags/example_branch_python_dop_operator_3.py
[2024-05-08T03:25:21.665+0000] {logging_mixin.py:188} INFO - [2024-05-08T03:25:21.664+0000] {dag.py:3096} INFO - Sync 1 DAGs
[2024-05-08T03:25:21.772+0000] {logging_mixin.py:188} INFO - [2024-05-08T03:25:21.771+0000] {dag.py:3954} INFO - Setting next_dagrun for example_branch_dop_operator_v3 to 2024-05-08 03:24:00+00:00, run_after=2024-05-08 03:25:00+00:00
[2024-05-08T03:25:21.850+0000] {processor.py:183} INFO - Processing /home/airflow/.local/lib/python3.12/site-packages/airflow/example_dags/example_branch_python_dop_operator_3.py took 0.998 seconds
[2024-05-08T03:26:30.913+0000] {processor.py:161} INFO - Started process (PID=134) to work on /home/airflow/.local/lib/python3.12/site-packages/airflow/example_dags/example_branch_python_dop_operator_3.py
[2024-05-08T03:26:30.916+0000] {processor.py:830} INFO - Processing file /home/airflow/.local/lib/python3.12/site-packages/airflow/example_dags/example_branch_python_dop_operator_3.py for tasks to queue
[2024-05-08T03:26:30.921+0000] {logging_mixin.py:188} INFO - [2024-05-08T03:26:30.920+0000] {dagbag.py:540} INFO - Filling up the DagBag from /home/airflow/.local/lib/python3.12/site-packages/airflow/example_dags/example_branch_python_dop_operator_3.py
[2024-05-08T03:26:30.973+0000] {processor.py:840} INFO - DAG(s) 'example_branch_dop_operator_v3' retrieved from /home/airflow/.local/lib/python3.12/site-packages/airflow/example_dags/example_branch_python_dop_operator_3.py
[2024-05-08T03:26:31.103+0000] {logging_mixin.py:188} INFO - [2024-05-08T03:26:31.102+0000] {dag.py:3096} INFO - Sync 1 DAGs
[2024-05-08T03:26:31.259+0000] {logging_mixin.py:188} INFO - [2024-05-08T03:26:31.258+0000] {dag.py:3954} INFO - Setting next_dagrun for example_branch_dop_operator_v3 to 2024-05-08 03:25:00+00:00, run_after=2024-05-08 03:26:00+00:00
[2024-05-08T03:26:31.360+0000] {processor.py:183} INFO - Processing /home/airflow/.local/lib/python3.12/site-packages/airflow/example_dags/example_branch_python_dop_operator_3.py took 0.463 seconds
[2024-05-08T03:27:02.263+0000] {processor.py:161} INFO - Started process (PID=197) to work on /home/airflow/.local/lib/python3.12/site-packages/airflow/example_dags/example_branch_python_dop_operator_3.py
[2024-05-08T03:27:02.267+0000] {processor.py:830} INFO - Processing file /home/airflow/.local/lib/python3.12/site-packages/airflow/example_dags/example_branch_python_dop_operator_3.py for tasks to queue
[2024-05-08T03:27:02.275+0000] {logging_mixin.py:188} INFO - [2024-05-08T03:27:02.272+0000] {dagbag.py:540} INFO - Filling up the DagBag from /home/airflow/.local/lib/python3.12/site-packages/airflow/example_dags/example_branch_python_dop_operator_3.py
[2024-05-08T03:27:02.307+0000] {processor.py:840} INFO - DAG(s) 'example_branch_dop_operator_v3' retrieved from /home/airflow/.local/lib/python3.12/site-packages/airflow/example_dags/example_branch_python_dop_operator_3.py
[2024-05-08T03:27:02.354+0000] {logging_mixin.py:188} INFO - [2024-05-08T03:27:02.353+0000] {dag.py:3096} INFO - Sync 1 DAGs
[2024-05-08T03:27:02.432+0000] {logging_mixin.py:188} INFO - [2024-05-08T03:27:02.432+0000] {dag.py:3954} INFO - Setting next_dagrun for example_branch_dop_operator_v3 to 2024-05-08 03:26:00+00:00, run_after=2024-05-08 03:27:00+00:00
[2024-05-08T03:27:02.476+0000] {processor.py:183} INFO - Processing /home/airflow/.local/lib/python3.12/site-packages/airflow/example_dags/example_branch_python_dop_operator_3.py took 0.237 seconds
[2024-05-08T03:27:33.233+0000] {processor.py:161} INFO - Started process (PID=258) to work on /home/airflow/.local/lib/python3.12/site-packages/airflow/example_dags/example_branch_python_dop_operator_3.py
[2024-05-08T03:27:33.236+0000] {processor.py:830} INFO - Processing file /home/airflow/.local/lib/python3.12/site-packages/airflow/example_dags/example_branch_python_dop_operator_3.py for tasks to queue
[2024-05-08T03:27:33.240+0000] {logging_mixin.py:188} INFO - [2024-05-08T03:27:33.239+0000] {dagbag.py:540} INFO - Filling up the DagBag from /home/airflow/.local/lib/python3.12/site-packages/airflow/example_dags/example_branch_python_dop_operator_3.py
[2024-05-08T03:27:33.282+0000] {processor.py:840} INFO - DAG(s) 'example_branch_dop_operator_v3' retrieved from /home/airflow/.local/lib/python3.12/site-packages/airflow/example_dags/example_branch_python_dop_operator_3.py
[2024-05-08T03:27:33.387+0000] {logging_mixin.py:188} INFO - [2024-05-08T03:27:33.386+0000] {dag.py:3096} INFO - Sync 1 DAGs
[2024-05-08T03:27:33.504+0000] {logging_mixin.py:188} INFO - [2024-05-08T03:27:33.503+0000] {dag.py:3954} INFO - Setting next_dagrun for example_branch_dop_operator_v3 to 2024-05-08 03:26:00+00:00, run_after=2024-05-08 03:27:00+00:00
[2024-05-08T03:27:33.552+0000] {processor.py:183} INFO - Processing /home/airflow/.local/lib/python3.12/site-packages/airflow/example_dags/example_branch_python_dop_operator_3.py took 0.336 seconds
[2024-05-08T03:28:03.957+0000] {processor.py:161} INFO - Started process (PID=319) to work on /home/airflow/.local/lib/python3.12/site-packages/airflow/example_dags/example_branch_python_dop_operator_3.py
[2024-05-08T03:28:03.960+0000] {processor.py:830} INFO - Processing file /home/airflow/.local/lib/python3.12/site-packages/airflow/example_dags/example_branch_python_dop_operator_3.py for tasks to queue
[2024-05-08T03:28:03.974+0000] {logging_mixin.py:188} INFO - [2024-05-08T03:28:03.972+0000] {dagbag.py:540} INFO - Filling up the DagBag from /home/airflow/.local/lib/python3.12/site-packages/airflow/example_dags/example_branch_python_dop_operator_3.py
[2024-05-08T03:28:04.043+0000] {processor.py:840} INFO - DAG(s) 'example_branch_dop_operator_v3' retrieved from /home/airflow/.local/lib/python3.12/site-packages/airflow/example_dags/example_branch_python_dop_operator_3.py
[2024-05-08T03:28:04.162+0000] {logging_mixin.py:188} INFO - [2024-05-08T03:28:04.162+0000] {dag.py:3096} INFO - Sync 1 DAGs
[2024-05-08T03:28:04.363+0000] {logging_mixin.py:188} INFO - [2024-05-08T03:28:04.363+0000] {dag.py:3954} INFO - Setting next_dagrun for example_branch_dop_operator_v3 to 2024-05-08 03:27:00+00:00, run_after=2024-05-08 03:28:00+00:00
[2024-05-08T03:28:04.629+0000] {processor.py:183} INFO - Processing /home/airflow/.local/lib/python3.12/site-packages/airflow/example_dags/example_branch_python_dop_operator_3.py took 0.703 seconds
[2024-05-08T03:28:34.988+0000] {processor.py:161} INFO - Started process (PID=380) to work on /home/airflow/.local/lib/python3.12/site-packages/airflow/example_dags/example_branch_python_dop_operator_3.py
[2024-05-08T03:28:34.990+0000] {processor.py:830} INFO - Processing file /home/airflow/.local/lib/python3.12/site-packages/airflow/example_dags/example_branch_python_dop_operator_3.py for tasks to queue
[2024-05-08T03:28:34.994+0000] {logging_mixin.py:188} INFO - [2024-05-08T03:28:34.993+0000] {dagbag.py:540} INFO - Filling up the DagBag from /home/airflow/.local/lib/python3.12/site-packages/airflow/example_dags/example_branch_python_dop_operator_3.py
[2024-05-08T03:28:35.008+0000] {processor.py:840} INFO - DAG(s) 'example_branch_dop_operator_v3' retrieved from /home/airflow/.local/lib/python3.12/site-packages/airflow/example_dags/example_branch_python_dop_operator_3.py
[2024-05-08T03:28:35.036+0000] {logging_mixin.py:188} INFO - [2024-05-08T03:28:35.036+0000] {dag.py:3096} INFO - Sync 1 DAGs
[2024-05-08T03:28:35.103+0000] {logging_mixin.py:188} INFO - [2024-05-08T03:28:35.103+0000] {dag.py:3954} INFO - Setting next_dagrun for example_branch_dop_operator_v3 to 2024-05-08 03:27:00+00:00, run_after=2024-05-08 03:28:00+00:00
[2024-05-08T03:28:35.138+0000] {processor.py:183} INFO - Processing /home/airflow/.local/lib/python3.12/site-packages/airflow/example_dags/example_branch_python_dop_operator_3.py took 0.159 seconds
[2024-05-08T03:29:05.331+0000] {processor.py:161} INFO - Started process (PID=441) to work on /home/airflow/.local/lib/python3.12/site-packages/airflow/example_dags/example_branch_python_dop_operator_3.py
[2024-05-08T03:29:05.333+0000] {processor.py:830} INFO - Processing file /home/airflow/.local/lib/python3.12/site-packages/airflow/example_dags/example_branch_python_dop_operator_3.py for tasks to queue
[2024-05-08T03:29:05.336+0000] {logging_mixin.py:188} INFO - [2024-05-08T03:29:05.335+0000] {dagbag.py:540} INFO - Filling up the DagBag from /home/airflow/.local/lib/python3.12/site-packages/airflow/example_dags/example_branch_python_dop_operator_3.py
[2024-05-08T03:29:05.347+0000] {processor.py:840} INFO - DAG(s) 'example_branch_dop_operator_v3' retrieved from /home/airflow/.local/lib/python3.12/site-packages/airflow/example_dags/example_branch_python_dop_operator_3.py
[2024-05-08T03:29:05.375+0000] {logging_mixin.py:188} INFO - [2024-05-08T03:29:05.375+0000] {dag.py:3096} INFO - Sync 1 DAGs
[2024-05-08T03:29:05.411+0000] {logging_mixin.py:188} INFO - [2024-05-08T03:29:05.411+0000] {dag.py:3954} INFO - Setting next_dagrun for example_branch_dop_operator_v3 to 2024-05-08 03:28:00+00:00, run_after=2024-05-08 03:29:00+00:00
[2024-05-08T03:29:05.439+0000] {processor.py:183} INFO - Processing /home/airflow/.local/lib/python3.12/site-packages/airflow/example_dags/example_branch_python_dop_operator_3.py took 0.117 seconds
[2024-05-08T03:29:36.265+0000] {processor.py:161} INFO - Started process (PID=502) to work on /home/airflow/.local/lib/python3.12/site-packages/airflow/example_dags/example_branch_python_dop_operator_3.py
[2024-05-08T03:29:36.267+0000] {processor.py:830} INFO - Processing file /home/airflow/.local/lib/python3.12/site-packages/airflow/example_dags/example_branch_python_dop_operator_3.py for tasks to queue
[2024-05-08T03:29:36.272+0000] {logging_mixin.py:188} INFO - [2024-05-08T03:29:36.271+0000] {dagbag.py:540} INFO - Filling up the DagBag from /home/airflow/.local/lib/python3.12/site-packages/airflow/example_dags/example_branch_python_dop_operator_3.py
[2024-05-08T03:29:36.291+0000] {processor.py:840} INFO - DAG(s) 'example_branch_dop_operator_v3' retrieved from /home/airflow/.local/lib/python3.12/site-packages/airflow/example_dags/example_branch_python_dop_operator_3.py
[2024-05-08T03:29:36.334+0000] {logging_mixin.py:188} INFO - [2024-05-08T03:29:36.333+0000] {dag.py:3096} INFO - Sync 1 DAGs
[2024-05-08T03:29:36.411+0000] {logging_mixin.py:188} INFO - [2024-05-08T03:29:36.410+0000] {dag.py:3954} INFO - Setting next_dagrun for example_branch_dop_operator_v3 to 2024-05-08 03:28:00+00:00, run_after=2024-05-08 03:29:00+00:00
[2024-05-08T03:29:36.462+0000] {processor.py:183} INFO - Processing /home/airflow/.local/lib/python3.12/site-packages/airflow/example_dags/example_branch_python_dop_operator_3.py took 0.213 seconds
[2024-05-08T03:30:07.292+0000] {processor.py:161} INFO - Started process (PID=563) to work on /home/airflow/.local/lib/python3.12/site-packages/airflow/example_dags/example_branch_python_dop_operator_3.py
[2024-05-08T03:30:07.294+0000] {processor.py:830} INFO - Processing file /home/airflow/.local/lib/python3.12/site-packages/airflow/example_dags/example_branch_python_dop_operator_3.py for tasks to queue
[2024-05-08T03:30:07.297+0000] {logging_mixin.py:188} INFO - [2024-05-08T03:30:07.297+0000] {dagbag.py:540} INFO - Filling up the DagBag from /home/airflow/.local/lib/python3.12/site-packages/airflow/example_dags/example_branch_python_dop_operator_3.py
[2024-05-08T03:30:07.312+0000] {processor.py:840} INFO - DAG(s) 'example_branch_dop_operator_v3' retrieved from /home/airflow/.local/lib/python3.12/site-packages/airflow/example_dags/example_branch_python_dop_operator_3.py
[2024-05-08T03:30:07.372+0000] {logging_mixin.py:188} INFO - [2024-05-08T03:30:07.371+0000] {dag.py:3096} INFO - Sync 1 DAGs
[2024-05-08T03:30:07.441+0000] {logging_mixin.py:188} INFO - [2024-05-08T03:30:07.438+0000] {dag.py:3954} INFO - Setting next_dagrun for example_branch_dop_operator_v3 to 2024-05-08 03:29:00+00:00, run_after=2024-05-08 03:30:00+00:00
[2024-05-08T03:30:07.500+0000] {processor.py:183} INFO - Processing /home/airflow/.local/lib/python3.12/site-packages/airflow/example_dags/example_branch_python_dop_operator_3.py took 0.218 seconds
[2024-05-08T03:30:38.109+0000] {processor.py:161} INFO - Started process (PID=624) to work on /home/airflow/.local/lib/python3.12/site-packages/airflow/example_dags/example_branch_python_dop_operator_3.py
[2024-05-08T03:30:38.110+0000] {processor.py:830} INFO - Processing file /home/airflow/.local/lib/python3.12/site-packages/airflow/example_dags/example_branch_python_dop_operator_3.py for tasks to queue
[2024-05-08T03:30:38.114+0000] {logging_mixin.py:188} INFO - [2024-05-08T03:30:38.114+0000] {dagbag.py:540} INFO - Filling up the DagBag from /home/airflow/.local/lib/python3.12/site-packages/airflow/example_dags/example_branch_python_dop_operator_3.py
[2024-05-08T03:30:38.130+0000] {processor.py:840} INFO - DAG(s) 'example_branch_dop_operator_v3' retrieved from /home/airflow/.local/lib/python3.12/site-packages/airflow/example_dags/example_branch_python_dop_operator_3.py
[2024-05-08T03:30:38.166+0000] {logging_mixin.py:188} INFO - [2024-05-08T03:30:38.165+0000] {dag.py:3096} INFO - Sync 1 DAGs
[2024-05-08T03:30:38.219+0000] {logging_mixin.py:188} INFO - [2024-05-08T03:30:38.218+0000] {dag.py:3954} INFO - Setting next_dagrun for example_branch_dop_operator_v3 to 2024-05-08 03:29:00+00:00, run_after=2024-05-08 03:30:00+00:00
[2024-05-08T03:30:38.298+0000] {processor.py:183} INFO - Processing /home/airflow/.local/lib/python3.12/site-packages/airflow/example_dags/example_branch_python_dop_operator_3.py took 0.200 seconds
[2024-05-08T03:31:08.672+0000] {processor.py:161} INFO - Started process (PID=686) to work on /home/airflow/.local/lib/python3.12/site-packages/airflow/example_dags/example_branch_python_dop_operator_3.py
[2024-05-08T03:31:08.674+0000] {processor.py:830} INFO - Processing file /home/airflow/.local/lib/python3.12/site-packages/airflow/example_dags/example_branch_python_dop_operator_3.py for tasks to queue
[2024-05-08T03:31:08.678+0000] {logging_mixin.py:188} INFO - [2024-05-08T03:31:08.677+0000] {dagbag.py:540} INFO - Filling up the DagBag from /home/airflow/.local/lib/python3.12/site-packages/airflow/example_dags/example_branch_python_dop_operator_3.py
[2024-05-08T03:31:08.694+0000] {processor.py:840} INFO - DAG(s) 'example_branch_dop_operator_v3' retrieved from /home/airflow/.local/lib/python3.12/site-packages/airflow/example_dags/example_branch_python_dop_operator_3.py
[2024-05-08T03:31:08.730+0000] {logging_mixin.py:188} INFO - [2024-05-08T03:31:08.729+0000] {dag.py:3096} INFO - Sync 1 DAGs
[2024-05-08T03:31:08.776+0000] {logging_mixin.py:188} INFO - [2024-05-08T03:31:08.775+0000] {dag.py:3954} INFO - Setting next_dagrun for example_branch_dop_operator_v3 to 2024-05-08 03:30:00+00:00, run_after=2024-05-08 03:31:00+00:00
[2024-05-08T03:31:08.810+0000] {processor.py:183} INFO - Processing /home/airflow/.local/lib/python3.12/site-packages/airflow/example_dags/example_branch_python_dop_operator_3.py took 0.147 seconds
[2024-05-08T03:31:39.265+0000] {processor.py:161} INFO - Started process (PID=747) to work on /home/airflow/.local/lib/python3.12/site-packages/airflow/example_dags/example_branch_python_dop_operator_3.py
[2024-05-08T03:31:39.268+0000] {processor.py:830} INFO - Processing file /home/airflow/.local/lib/python3.12/site-packages/airflow/example_dags/example_branch_python_dop_operator_3.py for tasks to queue
[2024-05-08T03:31:39.276+0000] {logging_mixin.py:188} INFO - [2024-05-08T03:31:39.275+0000] {dagbag.py:540} INFO - Filling up the DagBag from /home/airflow/.local/lib/python3.12/site-packages/airflow/example_dags/example_branch_python_dop_operator_3.py
[2024-05-08T03:31:39.304+0000] {processor.py:840} INFO - DAG(s) 'example_branch_dop_operator_v3' retrieved from /home/airflow/.local/lib/python3.12/site-packages/airflow/example_dags/example_branch_python_dop_operator_3.py
[2024-05-08T03:31:39.347+0000] {logging_mixin.py:188} INFO - [2024-05-08T03:31:39.346+0000] {dag.py:3096} INFO - Sync 1 DAGs
[2024-05-08T03:31:39.411+0000] {logging_mixin.py:188} INFO - [2024-05-08T03:31:39.410+0000] {dag.py:3954} INFO - Setting next_dagrun for example_branch_dop_operator_v3 to 2024-05-08 03:30:00+00:00, run_after=2024-05-08 03:31:00+00:00
[2024-05-08T03:31:39.462+0000] {processor.py:183} INFO - Processing /home/airflow/.local/lib/python3.12/site-packages/airflow/example_dags/example_branch_python_dop_operator_3.py took 0.219 seconds
[2024-05-08T03:32:24.575+0000] {processor.py:161} INFO - Started process (PID=814) to work on /home/airflow/.local/lib/python3.12/site-packages/airflow/example_dags/example_branch_python_dop_operator_3.py
[2024-05-08T03:32:24.580+0000] {processor.py:830} INFO - Processing file /home/airflow/.local/lib/python3.12/site-packages/airflow/example_dags/example_branch_python_dop_operator_3.py for tasks to queue
[2024-05-08T03:32:24.586+0000] {logging_mixin.py:188} INFO - [2024-05-08T03:32:24.585+0000] {dagbag.py:540} INFO - Filling up the DagBag from /home/airflow/.local/lib/python3.12/site-packages/airflow/example_dags/example_branch_python_dop_operator_3.py
[2024-05-08T03:32:24.616+0000] {processor.py:840} INFO - DAG(s) 'example_branch_dop_operator_v3' retrieved from /home/airflow/.local/lib/python3.12/site-packages/airflow/example_dags/example_branch_python_dop_operator_3.py
[2024-05-08T03:32:24.698+0000] {logging_mixin.py:188} INFO - [2024-05-08T03:32:24.698+0000] {dag.py:3096} INFO - Sync 1 DAGs
[2024-05-08T03:32:24.824+0000] {logging_mixin.py:188} INFO - [2024-05-08T03:32:24.823+0000] {dag.py:3954} INFO - Setting next_dagrun for example_branch_dop_operator_v3 to 2024-05-08 03:31:00+00:00, run_after=2024-05-08 03:32:00+00:00
[2024-05-08T03:32:24.928+0000] {processor.py:183} INFO - Processing /home/airflow/.local/lib/python3.12/site-packages/airflow/example_dags/example_branch_python_dop_operator_3.py took 0.383 seconds
[2024-05-08T03:32:55.388+0000] {processor.py:161} INFO - Started process (PID=875) to work on /home/airflow/.local/lib/python3.12/site-packages/airflow/example_dags/example_branch_python_dop_operator_3.py
[2024-05-08T03:32:55.398+0000] {processor.py:830} INFO - Processing file /home/airflow/.local/lib/python3.12/site-packages/airflow/example_dags/example_branch_python_dop_operator_3.py for tasks to queue
[2024-05-08T03:32:55.406+0000] {logging_mixin.py:188} INFO - [2024-05-08T03:32:55.405+0000] {dagbag.py:540} INFO - Filling up the DagBag from /home/airflow/.local/lib/python3.12/site-packages/airflow/example_dags/example_branch_python_dop_operator_3.py
[2024-05-08T03:32:55.444+0000] {processor.py:840} INFO - DAG(s) 'example_branch_dop_operator_v3' retrieved from /home/airflow/.local/lib/python3.12/site-packages/airflow/example_dags/example_branch_python_dop_operator_3.py
[2024-05-08T03:32:55.546+0000] {logging_mixin.py:188} INFO - [2024-05-08T03:32:55.545+0000] {dag.py:3096} INFO - Sync 1 DAGs
[2024-05-08T03:32:55.701+0000] {logging_mixin.py:188} INFO - [2024-05-08T03:32:55.701+0000] {dag.py:3954} INFO - Setting next_dagrun for example_branch_dop_operator_v3 to 2024-05-08 03:31:00+00:00, run_after=2024-05-08 03:32:00+00:00
[2024-05-08T03:32:55.813+0000] {processor.py:183} INFO - Processing /home/airflow/.local/lib/python3.12/site-packages/airflow/example_dags/example_branch_python_dop_operator_3.py took 0.463 seconds
[2024-05-08T03:33:25.975+0000] {processor.py:161} INFO - Started process (PID=937) to work on /home/airflow/.local/lib/python3.12/site-packages/airflow/example_dags/example_branch_python_dop_operator_3.py
[2024-05-08T03:33:25.979+0000] {processor.py:830} INFO - Processing file /home/airflow/.local/lib/python3.12/site-packages/airflow/example_dags/example_branch_python_dop_operator_3.py for tasks to queue
[2024-05-08T03:33:25.983+0000] {logging_mixin.py:188} INFO - [2024-05-08T03:33:25.982+0000] {dagbag.py:540} INFO - Filling up the DagBag from /home/airflow/.local/lib/python3.12/site-packages/airflow/example_dags/example_branch_python_dop_operator_3.py
[2024-05-08T03:33:26.022+0000] {processor.py:840} INFO - DAG(s) 'example_branch_dop_operator_v3' retrieved from /home/airflow/.local/lib/python3.12/site-packages/airflow/example_dags/example_branch_python_dop_operator_3.py
[2024-05-08T03:33:26.154+0000] {logging_mixin.py:188} INFO - [2024-05-08T03:33:26.151+0000] {dag.py:3096} INFO - Sync 1 DAGs
[2024-05-08T03:33:26.267+0000] {logging_mixin.py:188} INFO - [2024-05-08T03:33:26.266+0000] {dag.py:3954} INFO - Setting next_dagrun for example_branch_dop_operator_v3 to 2024-05-08 03:32:00+00:00, run_after=2024-05-08 03:33:00+00:00
[2024-05-08T03:33:26.369+0000] {processor.py:183} INFO - Processing /home/airflow/.local/lib/python3.12/site-packages/airflow/example_dags/example_branch_python_dop_operator_3.py took 0.414 seconds
[2024-05-08T03:41:43.697+0000] {processor.py:161} INFO - Started process (PID=998) to work on /home/airflow/.local/lib/python3.12/site-packages/airflow/example_dags/example_branch_python_dop_operator_3.py
[2024-05-08T03:41:43.703+0000] {processor.py:830} INFO - Processing file /home/airflow/.local/lib/python3.12/site-packages/airflow/example_dags/example_branch_python_dop_operator_3.py for tasks to queue
[2024-05-08T03:41:43.717+0000] {logging_mixin.py:188} INFO - [2024-05-08T03:41:43.705+0000] {dagbag.py:540} INFO - Filling up the DagBag from /home/airflow/.local/lib/python3.12/site-packages/airflow/example_dags/example_branch_python_dop_operator_3.py
[2024-05-08T03:41:44.014+0000] {processor.py:840} INFO - DAG(s) 'example_branch_dop_operator_v3' retrieved from /home/airflow/.local/lib/python3.12/site-packages/airflow/example_dags/example_branch_python_dop_operator_3.py
[2024-05-08T03:41:45.897+0000] {logging_mixin.py:188} INFO - [2024-05-08T03:41:45.893+0000] {dag.py:3096} INFO - Sync 1 DAGs
[2024-05-08T03:41:47.288+0000] {logging_mixin.py:188} INFO - [2024-05-08T03:41:47.287+0000] {dag.py:3954} INFO - Setting next_dagrun for example_branch_dop_operator_v3 to 2024-05-08 03:40:00+00:00, run_after=2024-05-08 03:41:00+00:00
[2024-05-08T03:41:47.378+0000] {processor.py:183} INFO - Processing /home/airflow/.local/lib/python3.12/site-packages/airflow/example_dags/example_branch_python_dop_operator_3.py took 3.723 seconds
[2024-05-08T03:42:17.782+0000] {processor.py:161} INFO - Started process (PID=1059) to work on /home/airflow/.local/lib/python3.12/site-packages/airflow/example_dags/example_branch_python_dop_operator_3.py
[2024-05-08T03:42:17.785+0000] {processor.py:830} INFO - Processing file /home/airflow/.local/lib/python3.12/site-packages/airflow/example_dags/example_branch_python_dop_operator_3.py for tasks to queue
[2024-05-08T03:42:17.788+0000] {logging_mixin.py:188} INFO - [2024-05-08T03:42:17.787+0000] {dagbag.py:540} INFO - Filling up the DagBag from /home/airflow/.local/lib/python3.12/site-packages/airflow/example_dags/example_branch_python_dop_operator_3.py
[2024-05-08T03:42:17.810+0000] {processor.py:840} INFO - DAG(s) 'example_branch_dop_operator_v3' retrieved from /home/airflow/.local/lib/python3.12/site-packages/airflow/example_dags/example_branch_python_dop_operator_3.py
[2024-05-08T03:42:17.889+0000] {logging_mixin.py:188} INFO - [2024-05-08T03:42:17.888+0000] {dag.py:3096} INFO - Sync 1 DAGs
[2024-05-08T03:42:17.955+0000] {logging_mixin.py:188} INFO - [2024-05-08T03:42:17.955+0000] {dag.py:3954} INFO - Setting next_dagrun for example_branch_dop_operator_v3 to 2024-05-08 03:41:00+00:00, run_after=2024-05-08 03:42:00+00:00
[2024-05-08T03:42:18.382+0000] {processor.py:183} INFO - Processing /home/airflow/.local/lib/python3.12/site-packages/airflow/example_dags/example_branch_python_dop_operator_3.py took 0.615 seconds
