[2024-05-08T03:25:49.662+0000] {processor.py:161} INFO - Started process (PID=94) to work on /home/airflow/.local/lib/python3.12/site-packages/airflow/example_dags/example_python_decorator.py
[2024-05-08T03:25:49.687+0000] {processor.py:830} INFO - Processing file /home/airflow/.local/lib/python3.12/site-packages/airflow/example_dags/example_python_decorator.py for tasks to queue
[2024-05-08T03:25:49.709+0000] {logging_mixin.py:188} INFO - [2024-05-08T03:25:49.708+0000] {dagbag.py:540} INFO - Filling up the DagBag from /home/airflow/.local/lib/python3.12/site-packages/airflow/example_dags/example_python_decorator.py
[2024-05-08T03:25:49.841+0000] {processor.py:840} INFO - DAG(s) 'example_python_decorator' retrieved from /home/airflow/.local/lib/python3.12/site-packages/airflow/example_dags/example_python_decorator.py
[2024-05-08T03:25:51.724+0000] {logging_mixin.py:188} INFO - [2024-05-08T03:25:51.723+0000] {dag.py:3096} INFO - Sync 1 DAGs
[2024-05-08T03:25:52.514+0000] {logging_mixin.py:188} INFO - [2024-05-08T03:25:52.514+0000] {dag.py:3954} INFO - Setting next_dagrun for example_python_decorator to None, run_after=None
[2024-05-08T03:25:52.989+0000] {processor.py:183} INFO - Processing /home/airflow/.local/lib/python3.12/site-packages/airflow/example_dags/example_python_decorator.py took 3.347 seconds
[2024-05-08T03:26:46.263+0000] {processor.py:161} INFO - Started process (PID=173) to work on /home/airflow/.local/lib/python3.12/site-packages/airflow/example_dags/example_python_decorator.py
[2024-05-08T03:26:46.269+0000] {processor.py:830} INFO - Processing file /home/airflow/.local/lib/python3.12/site-packages/airflow/example_dags/example_python_decorator.py for tasks to queue
[2024-05-08T03:26:46.276+0000] {logging_mixin.py:188} INFO - [2024-05-08T03:26:46.275+0000] {dagbag.py:540} INFO - Filling up the DagBag from /home/airflow/.local/lib/python3.12/site-packages/airflow/example_dags/example_python_decorator.py
[2024-05-08T03:26:46.346+0000] {processor.py:840} INFO - DAG(s) 'example_python_decorator' retrieved from /home/airflow/.local/lib/python3.12/site-packages/airflow/example_dags/example_python_decorator.py
[2024-05-08T03:26:46.455+0000] {logging_mixin.py:188} INFO - [2024-05-08T03:26:46.454+0000] {dag.py:3096} INFO - Sync 1 DAGs
[2024-05-08T03:26:46.509+0000] {logging_mixin.py:188} INFO - [2024-05-08T03:26:46.508+0000] {dag.py:3954} INFO - Setting next_dagrun for example_python_decorator to None, run_after=None
[2024-05-08T03:26:46.608+0000] {processor.py:183} INFO - Processing /home/airflow/.local/lib/python3.12/site-packages/airflow/example_dags/example_python_decorator.py took 0.401 seconds
[2024-05-08T03:27:17.322+0000] {processor.py:161} INFO - Started process (PID=234) to work on /home/airflow/.local/lib/python3.12/site-packages/airflow/example_dags/example_python_decorator.py
[2024-05-08T03:27:17.326+0000] {processor.py:830} INFO - Processing file /home/airflow/.local/lib/python3.12/site-packages/airflow/example_dags/example_python_decorator.py for tasks to queue
[2024-05-08T03:27:17.331+0000] {logging_mixin.py:188} INFO - [2024-05-08T03:27:17.330+0000] {dagbag.py:540} INFO - Filling up the DagBag from /home/airflow/.local/lib/python3.12/site-packages/airflow/example_dags/example_python_decorator.py
[2024-05-08T03:27:17.379+0000] {processor.py:840} INFO - DAG(s) 'example_python_decorator' retrieved from /home/airflow/.local/lib/python3.12/site-packages/airflow/example_dags/example_python_decorator.py
[2024-05-08T03:27:17.445+0000] {logging_mixin.py:188} INFO - [2024-05-08T03:27:17.445+0000] {dag.py:3096} INFO - Sync 1 DAGs
[2024-05-08T03:27:17.496+0000] {logging_mixin.py:188} INFO - [2024-05-08T03:27:17.494+0000] {dag.py:3954} INFO - Setting next_dagrun for example_python_decorator to None, run_after=None
[2024-05-08T03:27:17.635+0000] {processor.py:183} INFO - Processing /home/airflow/.local/lib/python3.12/site-packages/airflow/example_dags/example_python_decorator.py took 0.334 seconds
[2024-05-08T03:27:48.055+0000] {processor.py:161} INFO - Started process (PID=295) to work on /home/airflow/.local/lib/python3.12/site-packages/airflow/example_dags/example_python_decorator.py
[2024-05-08T03:27:48.058+0000] {processor.py:830} INFO - Processing file /home/airflow/.local/lib/python3.12/site-packages/airflow/example_dags/example_python_decorator.py for tasks to queue
[2024-05-08T03:27:48.075+0000] {logging_mixin.py:188} INFO - [2024-05-08T03:27:48.072+0000] {dagbag.py:540} INFO - Filling up the DagBag from /home/airflow/.local/lib/python3.12/site-packages/airflow/example_dags/example_python_decorator.py
[2024-05-08T03:27:48.146+0000] {processor.py:840} INFO - DAG(s) 'example_python_decorator' retrieved from /home/airflow/.local/lib/python3.12/site-packages/airflow/example_dags/example_python_decorator.py
[2024-05-08T03:27:48.232+0000] {logging_mixin.py:188} INFO - [2024-05-08T03:27:48.232+0000] {dag.py:3096} INFO - Sync 1 DAGs
[2024-05-08T03:27:48.310+0000] {logging_mixin.py:188} INFO - [2024-05-08T03:27:48.310+0000] {dag.py:3954} INFO - Setting next_dagrun for example_python_decorator to None, run_after=None
[2024-05-08T03:27:48.715+0000] {processor.py:183} INFO - Processing /home/airflow/.local/lib/python3.12/site-packages/airflow/example_dags/example_python_decorator.py took 0.677 seconds
[2024-05-08T03:28:19.377+0000] {processor.py:161} INFO - Started process (PID=356) to work on /home/airflow/.local/lib/python3.12/site-packages/airflow/example_dags/example_python_decorator.py
[2024-05-08T03:28:19.379+0000] {processor.py:830} INFO - Processing file /home/airflow/.local/lib/python3.12/site-packages/airflow/example_dags/example_python_decorator.py for tasks to queue
[2024-05-08T03:28:19.382+0000] {logging_mixin.py:188} INFO - [2024-05-08T03:28:19.382+0000] {dagbag.py:540} INFO - Filling up the DagBag from /home/airflow/.local/lib/python3.12/site-packages/airflow/example_dags/example_python_decorator.py
[2024-05-08T03:28:19.400+0000] {processor.py:840} INFO - DAG(s) 'example_python_decorator' retrieved from /home/airflow/.local/lib/python3.12/site-packages/airflow/example_dags/example_python_decorator.py
[2024-05-08T03:28:19.435+0000] {logging_mixin.py:188} INFO - [2024-05-08T03:28:19.435+0000] {dag.py:3096} INFO - Sync 1 DAGs
[2024-05-08T03:28:19.455+0000] {logging_mixin.py:188} INFO - [2024-05-08T03:28:19.455+0000] {dag.py:3954} INFO - Setting next_dagrun for example_python_decorator to None, run_after=None
[2024-05-08T03:28:19.486+0000] {processor.py:183} INFO - Processing /home/airflow/.local/lib/python3.12/site-packages/airflow/example_dags/example_python_decorator.py took 0.119 seconds
[2024-05-08T03:28:49.984+0000] {processor.py:161} INFO - Started process (PID=417) to work on /home/airflow/.local/lib/python3.12/site-packages/airflow/example_dags/example_python_decorator.py
[2024-05-08T03:28:49.986+0000] {processor.py:830} INFO - Processing file /home/airflow/.local/lib/python3.12/site-packages/airflow/example_dags/example_python_decorator.py for tasks to queue
[2024-05-08T03:28:49.990+0000] {logging_mixin.py:188} INFO - [2024-05-08T03:28:49.989+0000] {dagbag.py:540} INFO - Filling up the DagBag from /home/airflow/.local/lib/python3.12/site-packages/airflow/example_dags/example_python_decorator.py
[2024-05-08T03:28:50.020+0000] {processor.py:840} INFO - DAG(s) 'example_python_decorator' retrieved from /home/airflow/.local/lib/python3.12/site-packages/airflow/example_dags/example_python_decorator.py
[2024-05-08T03:28:50.066+0000] {logging_mixin.py:188} INFO - [2024-05-08T03:28:50.065+0000] {dag.py:3096} INFO - Sync 1 DAGs
[2024-05-08T03:28:50.086+0000] {logging_mixin.py:188} INFO - [2024-05-08T03:28:50.085+0000] {dag.py:3954} INFO - Setting next_dagrun for example_python_decorator to None, run_after=None
[2024-05-08T03:28:50.119+0000] {processor.py:183} INFO - Processing /home/airflow/.local/lib/python3.12/site-packages/airflow/example_dags/example_python_decorator.py took 0.145 seconds
[2024-05-08T03:29:20.835+0000] {processor.py:161} INFO - Started process (PID=478) to work on /home/airflow/.local/lib/python3.12/site-packages/airflow/example_dags/example_python_decorator.py
[2024-05-08T03:29:20.837+0000] {processor.py:830} INFO - Processing file /home/airflow/.local/lib/python3.12/site-packages/airflow/example_dags/example_python_decorator.py for tasks to queue
[2024-05-08T03:29:20.839+0000] {logging_mixin.py:188} INFO - [2024-05-08T03:29:20.839+0000] {dagbag.py:540} INFO - Filling up the DagBag from /home/airflow/.local/lib/python3.12/site-packages/airflow/example_dags/example_python_decorator.py
[2024-05-08T03:29:20.860+0000] {processor.py:840} INFO - DAG(s) 'example_python_decorator' retrieved from /home/airflow/.local/lib/python3.12/site-packages/airflow/example_dags/example_python_decorator.py
[2024-05-08T03:29:20.893+0000] {logging_mixin.py:188} INFO - [2024-05-08T03:29:20.893+0000] {dag.py:3096} INFO - Sync 1 DAGs
[2024-05-08T03:29:20.911+0000] {logging_mixin.py:188} INFO - [2024-05-08T03:29:20.910+0000] {dag.py:3954} INFO - Setting next_dagrun for example_python_decorator to None, run_after=None
[2024-05-08T03:29:20.940+0000] {processor.py:183} INFO - Processing /home/airflow/.local/lib/python3.12/site-packages/airflow/example_dags/example_python_decorator.py took 0.111 seconds
[2024-05-08T03:29:51.768+0000] {processor.py:161} INFO - Started process (PID=539) to work on /home/airflow/.local/lib/python3.12/site-packages/airflow/example_dags/example_python_decorator.py
[2024-05-08T03:29:51.770+0000] {processor.py:830} INFO - Processing file /home/airflow/.local/lib/python3.12/site-packages/airflow/example_dags/example_python_decorator.py for tasks to queue
[2024-05-08T03:29:51.774+0000] {logging_mixin.py:188} INFO - [2024-05-08T03:29:51.773+0000] {dagbag.py:540} INFO - Filling up the DagBag from /home/airflow/.local/lib/python3.12/site-packages/airflow/example_dags/example_python_decorator.py
[2024-05-08T03:29:51.812+0000] {processor.py:840} INFO - DAG(s) 'example_python_decorator' retrieved from /home/airflow/.local/lib/python3.12/site-packages/airflow/example_dags/example_python_decorator.py
[2024-05-08T03:29:51.876+0000] {logging_mixin.py:188} INFO - [2024-05-08T03:29:51.875+0000] {dag.py:3096} INFO - Sync 1 DAGs
[2024-05-08T03:29:51.912+0000] {logging_mixin.py:188} INFO - [2024-05-08T03:29:51.912+0000] {dag.py:3954} INFO - Setting next_dagrun for example_python_decorator to None, run_after=None
[2024-05-08T03:29:51.968+0000] {processor.py:183} INFO - Processing /home/airflow/.local/lib/python3.12/site-packages/airflow/example_dags/example_python_decorator.py took 0.212 seconds
[2024-05-08T03:30:22.325+0000] {processor.py:161} INFO - Started process (PID=600) to work on /home/airflow/.local/lib/python3.12/site-packages/airflow/example_dags/example_python_decorator.py
[2024-05-08T03:30:22.328+0000] {processor.py:830} INFO - Processing file /home/airflow/.local/lib/python3.12/site-packages/airflow/example_dags/example_python_decorator.py for tasks to queue
[2024-05-08T03:30:22.333+0000] {logging_mixin.py:188} INFO - [2024-05-08T03:30:22.332+0000] {dagbag.py:540} INFO - Filling up the DagBag from /home/airflow/.local/lib/python3.12/site-packages/airflow/example_dags/example_python_decorator.py
[2024-05-08T03:30:22.369+0000] {processor.py:840} INFO - DAG(s) 'example_python_decorator' retrieved from /home/airflow/.local/lib/python3.12/site-packages/airflow/example_dags/example_python_decorator.py
[2024-05-08T03:30:22.418+0000] {logging_mixin.py:188} INFO - [2024-05-08T03:30:22.417+0000] {dag.py:3096} INFO - Sync 1 DAGs
[2024-05-08T03:30:22.457+0000] {logging_mixin.py:188} INFO - [2024-05-08T03:30:22.456+0000] {dag.py:3954} INFO - Setting next_dagrun for example_python_decorator to None, run_after=None
[2024-05-08T03:30:22.522+0000] {processor.py:183} INFO - Processing /home/airflow/.local/lib/python3.12/site-packages/airflow/example_dags/example_python_decorator.py took 0.214 seconds
[2024-05-08T03:30:53.509+0000] {processor.py:161} INFO - Started process (PID=662) to work on /home/airflow/.local/lib/python3.12/site-packages/airflow/example_dags/example_python_decorator.py
[2024-05-08T03:30:53.515+0000] {processor.py:830} INFO - Processing file /home/airflow/.local/lib/python3.12/site-packages/airflow/example_dags/example_python_decorator.py for tasks to queue
[2024-05-08T03:30:53.520+0000] {logging_mixin.py:188} INFO - [2024-05-08T03:30:53.519+0000] {dagbag.py:540} INFO - Filling up the DagBag from /home/airflow/.local/lib/python3.12/site-packages/airflow/example_dags/example_python_decorator.py
[2024-05-08T03:30:53.576+0000] {processor.py:840} INFO - DAG(s) 'example_python_decorator' retrieved from /home/airflow/.local/lib/python3.12/site-packages/airflow/example_dags/example_python_decorator.py
[2024-05-08T03:30:53.625+0000] {logging_mixin.py:188} INFO - [2024-05-08T03:30:53.624+0000] {dag.py:3096} INFO - Sync 1 DAGs
[2024-05-08T03:30:53.659+0000] {logging_mixin.py:188} INFO - [2024-05-08T03:30:53.659+0000] {dag.py:3954} INFO - Setting next_dagrun for example_python_decorator to None, run_after=None
[2024-05-08T03:30:53.718+0000] {processor.py:183} INFO - Processing /home/airflow/.local/lib/python3.12/site-packages/airflow/example_dags/example_python_decorator.py took 0.226 seconds
[2024-05-08T03:31:24.319+0000] {processor.py:161} INFO - Started process (PID=723) to work on /home/airflow/.local/lib/python3.12/site-packages/airflow/example_dags/example_python_decorator.py
[2024-05-08T03:31:24.322+0000] {processor.py:830} INFO - Processing file /home/airflow/.local/lib/python3.12/site-packages/airflow/example_dags/example_python_decorator.py for tasks to queue
[2024-05-08T03:31:24.327+0000] {logging_mixin.py:188} INFO - [2024-05-08T03:31:24.326+0000] {dagbag.py:540} INFO - Filling up the DagBag from /home/airflow/.local/lib/python3.12/site-packages/airflow/example_dags/example_python_decorator.py
[2024-05-08T03:31:24.354+0000] {processor.py:840} INFO - DAG(s) 'example_python_decorator' retrieved from /home/airflow/.local/lib/python3.12/site-packages/airflow/example_dags/example_python_decorator.py
[2024-05-08T03:31:24.400+0000] {logging_mixin.py:188} INFO - [2024-05-08T03:31:24.400+0000] {dag.py:3096} INFO - Sync 1 DAGs
[2024-05-08T03:31:24.451+0000] {logging_mixin.py:188} INFO - [2024-05-08T03:31:24.451+0000] {dag.py:3954} INFO - Setting next_dagrun for example_python_decorator to None, run_after=None
[2024-05-08T03:31:24.531+0000] {processor.py:183} INFO - Processing /home/airflow/.local/lib/python3.12/site-packages/airflow/example_dags/example_python_decorator.py took 0.227 seconds
[2024-05-08T03:32:05.871+0000] {processor.py:161} INFO - Started process (PID=786) to work on /home/airflow/.local/lib/python3.12/site-packages/airflow/example_dags/example_python_decorator.py
[2024-05-08T03:32:05.961+0000] {processor.py:830} INFO - Processing file /home/airflow/.local/lib/python3.12/site-packages/airflow/example_dags/example_python_decorator.py for tasks to queue
[2024-05-08T03:32:06.053+0000] {logging_mixin.py:188} INFO - [2024-05-08T03:32:06.052+0000] {dagbag.py:540} INFO - Filling up the DagBag from /home/airflow/.local/lib/python3.12/site-packages/airflow/example_dags/example_python_decorator.py
[2024-05-08T03:32:06.138+0000] {processor.py:840} INFO - DAG(s) 'example_python_decorator' retrieved from /home/airflow/.local/lib/python3.12/site-packages/airflow/example_dags/example_python_decorator.py
[2024-05-08T03:32:06.346+0000] {logging_mixin.py:188} INFO - [2024-05-08T03:32:06.345+0000] {dag.py:3096} INFO - Sync 1 DAGs
[2024-05-08T03:32:06.425+0000] {logging_mixin.py:188} INFO - [2024-05-08T03:32:06.424+0000] {dag.py:3954} INFO - Setting next_dagrun for example_python_decorator to None, run_after=None
[2024-05-08T03:32:06.932+0000] {processor.py:183} INFO - Processing /home/airflow/.local/lib/python3.12/site-packages/airflow/example_dags/example_python_decorator.py took 1.106 seconds
[2024-05-08T03:32:37.426+0000] {processor.py:161} INFO - Started process (PID=846) to work on /home/airflow/.local/lib/python3.12/site-packages/airflow/example_dags/example_python_decorator.py
[2024-05-08T03:32:37.430+0000] {processor.py:830} INFO - Processing file /home/airflow/.local/lib/python3.12/site-packages/airflow/example_dags/example_python_decorator.py for tasks to queue
[2024-05-08T03:32:37.440+0000] {logging_mixin.py:188} INFO - [2024-05-08T03:32:37.438+0000] {dagbag.py:540} INFO - Filling up the DagBag from /home/airflow/.local/lib/python3.12/site-packages/airflow/example_dags/example_python_decorator.py
[2024-05-08T03:32:37.521+0000] {processor.py:840} INFO - DAG(s) 'example_python_decorator' retrieved from /home/airflow/.local/lib/python3.12/site-packages/airflow/example_dags/example_python_decorator.py
[2024-05-08T03:32:37.715+0000] {logging_mixin.py:188} INFO - [2024-05-08T03:32:37.714+0000] {dag.py:3096} INFO - Sync 1 DAGs
[2024-05-08T03:32:37.998+0000] {logging_mixin.py:188} INFO - [2024-05-08T03:32:37.997+0000] {dag.py:3954} INFO - Setting next_dagrun for example_python_decorator to None, run_after=None
[2024-05-08T03:32:38.097+0000] {processor.py:183} INFO - Processing /home/airflow/.local/lib/python3.12/site-packages/airflow/example_dags/example_python_decorator.py took 0.714 seconds
[2024-05-08T03:33:08.660+0000] {processor.py:161} INFO - Started process (PID=906) to work on /home/airflow/.local/lib/python3.12/site-packages/airflow/example_dags/example_python_decorator.py
[2024-05-08T03:33:08.668+0000] {processor.py:830} INFO - Processing file /home/airflow/.local/lib/python3.12/site-packages/airflow/example_dags/example_python_decorator.py for tasks to queue
[2024-05-08T03:33:08.673+0000] {logging_mixin.py:188} INFO - [2024-05-08T03:33:08.672+0000] {dagbag.py:540} INFO - Filling up the DagBag from /home/airflow/.local/lib/python3.12/site-packages/airflow/example_dags/example_python_decorator.py
[2024-05-08T03:33:08.784+0000] {processor.py:840} INFO - DAG(s) 'example_python_decorator' retrieved from /home/airflow/.local/lib/python3.12/site-packages/airflow/example_dags/example_python_decorator.py
[2024-05-08T03:33:08.957+0000] {logging_mixin.py:188} INFO - [2024-05-08T03:33:08.956+0000] {dag.py:3096} INFO - Sync 1 DAGs
[2024-05-08T03:33:09.039+0000] {logging_mixin.py:188} INFO - [2024-05-08T03:33:09.038+0000] {dag.py:3954} INFO - Setting next_dagrun for example_python_decorator to None, run_after=None
[2024-05-08T03:33:09.112+0000] {processor.py:183} INFO - Processing /home/airflow/.local/lib/python3.12/site-packages/airflow/example_dags/example_python_decorator.py took 0.490 seconds
[2024-05-08T03:33:40.903+0000] {processor.py:161} INFO - Started process (PID=968) to work on /home/airflow/.local/lib/python3.12/site-packages/airflow/example_dags/example_python_decorator.py
[2024-05-08T03:33:40.911+0000] {processor.py:830} INFO - Processing file /home/airflow/.local/lib/python3.12/site-packages/airflow/example_dags/example_python_decorator.py for tasks to queue
[2024-05-08T03:33:40.918+0000] {logging_mixin.py:188} INFO - [2024-05-08T03:33:40.917+0000] {dagbag.py:540} INFO - Filling up the DagBag from /home/airflow/.local/lib/python3.12/site-packages/airflow/example_dags/example_python_decorator.py
[2024-05-08T03:33:41.002+0000] {processor.py:840} INFO - DAG(s) 'example_python_decorator' retrieved from /home/airflow/.local/lib/python3.12/site-packages/airflow/example_dags/example_python_decorator.py
[2024-05-08T03:33:41.075+0000] {logging_mixin.py:188} INFO - [2024-05-08T03:33:41.074+0000] {dag.py:3096} INFO - Sync 1 DAGs
[2024-05-08T03:33:41.164+0000] {logging_mixin.py:188} INFO - [2024-05-08T03:33:41.164+0000] {dag.py:3954} INFO - Setting next_dagrun for example_python_decorator to None, run_after=None
[2024-05-08T03:33:41.266+0000] {processor.py:183} INFO - Processing /home/airflow/.local/lib/python3.12/site-packages/airflow/example_dags/example_python_decorator.py took 0.394 seconds
[2024-05-08T03:41:57.143+0000] {processor.py:161} INFO - Started process (PID=1039) to work on /home/airflow/.local/lib/python3.12/site-packages/airflow/example_dags/example_python_decorator.py
[2024-05-08T03:41:57.146+0000] {processor.py:830} INFO - Processing file /home/airflow/.local/lib/python3.12/site-packages/airflow/example_dags/example_python_decorator.py for tasks to queue
[2024-05-08T03:41:57.149+0000] {logging_mixin.py:188} INFO - [2024-05-08T03:41:57.148+0000] {dagbag.py:540} INFO - Filling up the DagBag from /home/airflow/.local/lib/python3.12/site-packages/airflow/example_dags/example_python_decorator.py
[2024-05-08T03:41:57.186+0000] {processor.py:840} INFO - DAG(s) 'example_python_decorator' retrieved from /home/airflow/.local/lib/python3.12/site-packages/airflow/example_dags/example_python_decorator.py
[2024-05-08T03:41:57.252+0000] {logging_mixin.py:188} INFO - [2024-05-08T03:41:57.252+0000] {dag.py:3096} INFO - Sync 1 DAGs
[2024-05-08T03:41:57.289+0000] {logging_mixin.py:188} INFO - [2024-05-08T03:41:57.286+0000] {dag.py:3954} INFO - Setting next_dagrun for example_python_decorator to None, run_after=None
[2024-05-08T03:41:57.368+0000] {processor.py:183} INFO - Processing /home/airflow/.local/lib/python3.12/site-packages/airflow/example_dags/example_python_decorator.py took 0.234 seconds
[2024-05-08T03:42:28.367+0000] {processor.py:161} INFO - Started process (PID=1100) to work on /home/airflow/.local/lib/python3.12/site-packages/airflow/example_dags/example_python_decorator.py
[2024-05-08T03:42:28.370+0000] {processor.py:830} INFO - Processing file /home/airflow/.local/lib/python3.12/site-packages/airflow/example_dags/example_python_decorator.py for tasks to queue
[2024-05-08T03:42:28.373+0000] {logging_mixin.py:188} INFO - [2024-05-08T03:42:28.372+0000] {dagbag.py:540} INFO - Filling up the DagBag from /home/airflow/.local/lib/python3.12/site-packages/airflow/example_dags/example_python_decorator.py
[2024-05-08T03:42:28.438+0000] {processor.py:840} INFO - DAG(s) 'example_python_decorator' retrieved from /home/airflow/.local/lib/python3.12/site-packages/airflow/example_dags/example_python_decorator.py
[2024-05-08T03:42:28.468+0000] {logging_mixin.py:188} INFO - [2024-05-08T03:42:28.467+0000] {dag.py:3096} INFO - Sync 1 DAGs
[2024-05-08T03:42:28.482+0000] {logging_mixin.py:188} INFO - [2024-05-08T03:42:28.481+0000] {dag.py:3954} INFO - Setting next_dagrun for example_python_decorator to None, run_after=None
[2024-05-08T03:42:28.595+0000] {processor.py:183} INFO - Processing /home/airflow/.local/lib/python3.12/site-packages/airflow/example_dags/example_python_decorator.py took 0.242 seconds
