[2024-05-08T03:25:25.434+0000] {processor.py:161} INFO - Started process (PID=64) to work on /home/airflow/.local/lib/python3.12/site-packages/airflow/example_dags/example_complex.py
[2024-05-08T03:25:25.440+0000] {processor.py:830} INFO - Processing file /home/airflow/.local/lib/python3.12/site-packages/airflow/example_dags/example_complex.py for tasks to queue
[2024-05-08T03:25:25.447+0000] {logging_mixin.py:188} INFO - [2024-05-08T03:25:25.445+0000] {dagbag.py:540} INFO - Filling up the DagBag from /home/airflow/.local/lib/python3.12/site-packages/airflow/example_dags/example_complex.py
[2024-05-08T03:25:25.747+0000] {processor.py:840} INFO - DAG(s) 'example_complex' retrieved from /home/airflow/.local/lib/python3.12/site-packages/airflow/example_dags/example_complex.py
[2024-05-08T03:25:26.832+0000] {logging_mixin.py:188} INFO - [2024-05-08T03:25:26.832+0000] {dag.py:3096} INFO - Sync 1 DAGs
[2024-05-08T03:25:26.913+0000] {logging_mixin.py:188} INFO - [2024-05-08T03:25:26.912+0000] {dag.py:3954} INFO - Setting next_dagrun for example_complex to None, run_after=None
[2024-05-08T03:25:27.002+0000] {processor.py:183} INFO - Processing /home/airflow/.local/lib/python3.12/site-packages/airflow/example_dags/example_complex.py took 1.589 seconds
[2024-05-08T03:26:33.972+0000] {processor.py:161} INFO - Started process (PID=139) to work on /home/airflow/.local/lib/python3.12/site-packages/airflow/example_dags/example_complex.py
[2024-05-08T03:26:33.991+0000] {processor.py:830} INFO - Processing file /home/airflow/.local/lib/python3.12/site-packages/airflow/example_dags/example_complex.py for tasks to queue
[2024-05-08T03:26:34.009+0000] {logging_mixin.py:188} INFO - [2024-05-08T03:26:34.008+0000] {dagbag.py:540} INFO - Filling up the DagBag from /home/airflow/.local/lib/python3.12/site-packages/airflow/example_dags/example_complex.py
[2024-05-08T03:26:34.106+0000] {processor.py:840} INFO - DAG(s) 'example_complex' retrieved from /home/airflow/.local/lib/python3.12/site-packages/airflow/example_dags/example_complex.py
[2024-05-08T03:26:34.416+0000] {logging_mixin.py:188} INFO - [2024-05-08T03:26:34.415+0000] {dag.py:3096} INFO - Sync 1 DAGs
[2024-05-08T03:26:34.545+0000] {logging_mixin.py:188} INFO - [2024-05-08T03:26:34.544+0000] {dag.py:3954} INFO - Setting next_dagrun for example_complex to None, run_after=None
[2024-05-08T03:26:34.710+0000] {processor.py:183} INFO - Processing /home/airflow/.local/lib/python3.12/site-packages/airflow/example_dags/example_complex.py took 0.767 seconds
[2024-05-08T03:27:04.936+0000] {processor.py:161} INFO - Started process (PID=204) to work on /home/airflow/.local/lib/python3.12/site-packages/airflow/example_dags/example_complex.py
[2024-05-08T03:27:04.941+0000] {processor.py:830} INFO - Processing file /home/airflow/.local/lib/python3.12/site-packages/airflow/example_dags/example_complex.py for tasks to queue
[2024-05-08T03:27:04.944+0000] {logging_mixin.py:188} INFO - [2024-05-08T03:27:04.944+0000] {dagbag.py:540} INFO - Filling up the DagBag from /home/airflow/.local/lib/python3.12/site-packages/airflow/example_dags/example_complex.py
[2024-05-08T03:27:04.960+0000] {processor.py:840} INFO - DAG(s) 'example_complex' retrieved from /home/airflow/.local/lib/python3.12/site-packages/airflow/example_dags/example_complex.py
[2024-05-08T03:27:05.041+0000] {logging_mixin.py:188} INFO - [2024-05-08T03:27:05.040+0000] {dag.py:3096} INFO - Sync 1 DAGs
[2024-05-08T03:27:05.094+0000] {logging_mixin.py:188} INFO - [2024-05-08T03:27:05.093+0000] {dag.py:3954} INFO - Setting next_dagrun for example_complex to None, run_after=None
[2024-05-08T03:27:05.161+0000] {processor.py:183} INFO - Processing /home/airflow/.local/lib/python3.12/site-packages/airflow/example_dags/example_complex.py took 0.240 seconds
[2024-05-08T03:27:35.806+0000] {processor.py:161} INFO - Started process (PID=263) to work on /home/airflow/.local/lib/python3.12/site-packages/airflow/example_dags/example_complex.py
[2024-05-08T03:27:35.808+0000] {processor.py:830} INFO - Processing file /home/airflow/.local/lib/python3.12/site-packages/airflow/example_dags/example_complex.py for tasks to queue
[2024-05-08T03:27:35.812+0000] {logging_mixin.py:188} INFO - [2024-05-08T03:27:35.811+0000] {dagbag.py:540} INFO - Filling up the DagBag from /home/airflow/.local/lib/python3.12/site-packages/airflow/example_dags/example_complex.py
[2024-05-08T03:27:35.836+0000] {processor.py:840} INFO - DAG(s) 'example_complex' retrieved from /home/airflow/.local/lib/python3.12/site-packages/airflow/example_dags/example_complex.py
[2024-05-08T03:27:35.912+0000] {logging_mixin.py:188} INFO - [2024-05-08T03:27:35.912+0000] {dag.py:3096} INFO - Sync 1 DAGs
[2024-05-08T03:27:35.936+0000] {logging_mixin.py:188} INFO - [2024-05-08T03:27:35.936+0000] {dag.py:3954} INFO - Setting next_dagrun for example_complex to None, run_after=None
[2024-05-08T03:27:35.978+0000] {processor.py:183} INFO - Processing /home/airflow/.local/lib/python3.12/site-packages/airflow/example_dags/example_complex.py took 0.182 seconds
[2024-05-08T03:28:06.363+0000] {processor.py:161} INFO - Started process (PID=324) to work on /home/airflow/.local/lib/python3.12/site-packages/airflow/example_dags/example_complex.py
[2024-05-08T03:28:06.366+0000] {processor.py:830} INFO - Processing file /home/airflow/.local/lib/python3.12/site-packages/airflow/example_dags/example_complex.py for tasks to queue
[2024-05-08T03:28:06.373+0000] {logging_mixin.py:188} INFO - [2024-05-08T03:28:06.372+0000] {dagbag.py:540} INFO - Filling up the DagBag from /home/airflow/.local/lib/python3.12/site-packages/airflow/example_dags/example_complex.py
[2024-05-08T03:28:06.448+0000] {processor.py:840} INFO - DAG(s) 'example_complex' retrieved from /home/airflow/.local/lib/python3.12/site-packages/airflow/example_dags/example_complex.py
[2024-05-08T03:28:06.599+0000] {logging_mixin.py:188} INFO - [2024-05-08T03:28:06.598+0000] {dag.py:3096} INFO - Sync 1 DAGs
[2024-05-08T03:28:06.663+0000] {logging_mixin.py:188} INFO - [2024-05-08T03:28:06.662+0000] {dag.py:3954} INFO - Setting next_dagrun for example_complex to None, run_after=None
[2024-05-08T03:28:06.777+0000] {processor.py:183} INFO - Processing /home/airflow/.local/lib/python3.12/site-packages/airflow/example_dags/example_complex.py took 0.433 seconds
[2024-05-08T03:28:37.581+0000] {processor.py:161} INFO - Started process (PID=385) to work on /home/airflow/.local/lib/python3.12/site-packages/airflow/example_dags/example_complex.py
[2024-05-08T03:28:37.583+0000] {processor.py:830} INFO - Processing file /home/airflow/.local/lib/python3.12/site-packages/airflow/example_dags/example_complex.py for tasks to queue
[2024-05-08T03:28:37.587+0000] {logging_mixin.py:188} INFO - [2024-05-08T03:28:37.587+0000] {dagbag.py:540} INFO - Filling up the DagBag from /home/airflow/.local/lib/python3.12/site-packages/airflow/example_dags/example_complex.py
[2024-05-08T03:28:37.605+0000] {processor.py:840} INFO - DAG(s) 'example_complex' retrieved from /home/airflow/.local/lib/python3.12/site-packages/airflow/example_dags/example_complex.py
[2024-05-08T03:28:37.658+0000] {logging_mixin.py:188} INFO - [2024-05-08T03:28:37.657+0000] {dag.py:3096} INFO - Sync 1 DAGs
[2024-05-08T03:28:37.683+0000] {logging_mixin.py:188} INFO - [2024-05-08T03:28:37.683+0000] {dag.py:3954} INFO - Setting next_dagrun for example_complex to None, run_after=None
[2024-05-08T03:28:37.724+0000] {processor.py:183} INFO - Processing /home/airflow/.local/lib/python3.12/site-packages/airflow/example_dags/example_complex.py took 0.153 seconds
[2024-05-08T03:29:07.879+0000] {processor.py:161} INFO - Started process (PID=446) to work on /home/airflow/.local/lib/python3.12/site-packages/airflow/example_dags/example_complex.py
[2024-05-08T03:29:07.881+0000] {processor.py:830} INFO - Processing file /home/airflow/.local/lib/python3.12/site-packages/airflow/example_dags/example_complex.py for tasks to queue
[2024-05-08T03:29:07.884+0000] {logging_mixin.py:188} INFO - [2024-05-08T03:29:07.884+0000] {dagbag.py:540} INFO - Filling up the DagBag from /home/airflow/.local/lib/python3.12/site-packages/airflow/example_dags/example_complex.py
[2024-05-08T03:29:07.898+0000] {processor.py:840} INFO - DAG(s) 'example_complex' retrieved from /home/airflow/.local/lib/python3.12/site-packages/airflow/example_dags/example_complex.py
[2024-05-08T03:29:07.942+0000] {logging_mixin.py:188} INFO - [2024-05-08T03:29:07.941+0000] {dag.py:3096} INFO - Sync 1 DAGs
[2024-05-08T03:29:07.962+0000] {logging_mixin.py:188} INFO - [2024-05-08T03:29:07.962+0000] {dag.py:3954} INFO - Setting next_dagrun for example_complex to None, run_after=None
[2024-05-08T03:29:07.995+0000] {processor.py:183} INFO - Processing /home/airflow/.local/lib/python3.12/site-packages/airflow/example_dags/example_complex.py took 0.122 seconds
[2024-05-08T03:29:38.800+0000] {processor.py:161} INFO - Started process (PID=507) to work on /home/airflow/.local/lib/python3.12/site-packages/airflow/example_dags/example_complex.py
[2024-05-08T03:29:38.803+0000] {processor.py:830} INFO - Processing file /home/airflow/.local/lib/python3.12/site-packages/airflow/example_dags/example_complex.py for tasks to queue
[2024-05-08T03:29:38.809+0000] {logging_mixin.py:188} INFO - [2024-05-08T03:29:38.808+0000] {dagbag.py:540} INFO - Filling up the DagBag from /home/airflow/.local/lib/python3.12/site-packages/airflow/example_dags/example_complex.py
[2024-05-08T03:29:38.862+0000] {processor.py:840} INFO - DAG(s) 'example_complex' retrieved from /home/airflow/.local/lib/python3.12/site-packages/airflow/example_dags/example_complex.py
[2024-05-08T03:29:38.997+0000] {logging_mixin.py:188} INFO - [2024-05-08T03:29:38.996+0000] {dag.py:3096} INFO - Sync 1 DAGs
[2024-05-08T03:29:39.049+0000] {logging_mixin.py:188} INFO - [2024-05-08T03:29:39.048+0000] {dag.py:3954} INFO - Setting next_dagrun for example_complex to None, run_after=None
[2024-05-08T03:29:39.119+0000] {processor.py:183} INFO - Processing /home/airflow/.local/lib/python3.12/site-packages/airflow/example_dags/example_complex.py took 0.336 seconds
[2024-05-08T03:30:09.364+0000] {processor.py:161} INFO - Started process (PID=568) to work on /home/airflow/.local/lib/python3.12/site-packages/airflow/example_dags/example_complex.py
[2024-05-08T03:30:09.365+0000] {processor.py:830} INFO - Processing file /home/airflow/.local/lib/python3.12/site-packages/airflow/example_dags/example_complex.py for tasks to queue
[2024-05-08T03:30:09.368+0000] {logging_mixin.py:188} INFO - [2024-05-08T03:30:09.368+0000] {dagbag.py:540} INFO - Filling up the DagBag from /home/airflow/.local/lib/python3.12/site-packages/airflow/example_dags/example_complex.py
[2024-05-08T03:30:09.384+0000] {processor.py:840} INFO - DAG(s) 'example_complex' retrieved from /home/airflow/.local/lib/python3.12/site-packages/airflow/example_dags/example_complex.py
[2024-05-08T03:30:09.432+0000] {logging_mixin.py:188} INFO - [2024-05-08T03:30:09.432+0000] {dag.py:3096} INFO - Sync 1 DAGs
[2024-05-08T03:30:09.455+0000] {logging_mixin.py:188} INFO - [2024-05-08T03:30:09.455+0000] {dag.py:3954} INFO - Setting next_dagrun for example_complex to None, run_after=None
[2024-05-08T03:30:09.509+0000] {processor.py:183} INFO - Processing /home/airflow/.local/lib/python3.12/site-packages/airflow/example_dags/example_complex.py took 0.151 seconds
[2024-05-08T03:30:39.940+0000] {processor.py:161} INFO - Started process (PID=629) to work on /home/airflow/.local/lib/python3.12/site-packages/airflow/example_dags/example_complex.py
[2024-05-08T03:30:39.942+0000] {processor.py:830} INFO - Processing file /home/airflow/.local/lib/python3.12/site-packages/airflow/example_dags/example_complex.py for tasks to queue
[2024-05-08T03:30:39.945+0000] {logging_mixin.py:188} INFO - [2024-05-08T03:30:39.945+0000] {dagbag.py:540} INFO - Filling up the DagBag from /home/airflow/.local/lib/python3.12/site-packages/airflow/example_dags/example_complex.py
[2024-05-08T03:30:39.965+0000] {processor.py:840} INFO - DAG(s) 'example_complex' retrieved from /home/airflow/.local/lib/python3.12/site-packages/airflow/example_dags/example_complex.py
[2024-05-08T03:30:40.031+0000] {logging_mixin.py:188} INFO - [2024-05-08T03:30:40.031+0000] {dag.py:3096} INFO - Sync 1 DAGs
[2024-05-08T03:30:40.492+0000] {logging_mixin.py:188} INFO - [2024-05-08T03:30:40.491+0000] {dag.py:3954} INFO - Setting next_dagrun for example_complex to None, run_after=None
[2024-05-08T03:30:40.619+0000] {processor.py:183} INFO - Processing /home/airflow/.local/lib/python3.12/site-packages/airflow/example_dags/example_complex.py took 0.690 seconds
[2024-05-08T03:31:11.385+0000] {processor.py:161} INFO - Started process (PID=697) to work on /home/airflow/.local/lib/python3.12/site-packages/airflow/example_dags/example_complex.py
[2024-05-08T03:31:11.387+0000] {processor.py:830} INFO - Processing file /home/airflow/.local/lib/python3.12/site-packages/airflow/example_dags/example_complex.py for tasks to queue
[2024-05-08T03:31:11.396+0000] {logging_mixin.py:188} INFO - [2024-05-08T03:31:11.395+0000] {dagbag.py:540} INFO - Filling up the DagBag from /home/airflow/.local/lib/python3.12/site-packages/airflow/example_dags/example_complex.py
[2024-05-08T03:31:11.445+0000] {processor.py:840} INFO - DAG(s) 'example_complex' retrieved from /home/airflow/.local/lib/python3.12/site-packages/airflow/example_dags/example_complex.py
[2024-05-08T03:31:11.547+0000] {logging_mixin.py:188} INFO - [2024-05-08T03:31:11.546+0000] {dag.py:3096} INFO - Sync 1 DAGs
[2024-05-08T03:31:11.586+0000] {logging_mixin.py:188} INFO - [2024-05-08T03:31:11.585+0000] {dag.py:3954} INFO - Setting next_dagrun for example_complex to None, run_after=None
[2024-05-08T03:31:11.670+0000] {processor.py:183} INFO - Processing /home/airflow/.local/lib/python3.12/site-packages/airflow/example_dags/example_complex.py took 0.305 seconds
[2024-05-08T03:31:42.112+0000] {processor.py:161} INFO - Started process (PID=758) to work on /home/airflow/.local/lib/python3.12/site-packages/airflow/example_dags/example_complex.py
[2024-05-08T03:31:42.113+0000] {processor.py:830} INFO - Processing file /home/airflow/.local/lib/python3.12/site-packages/airflow/example_dags/example_complex.py for tasks to queue
[2024-05-08T03:31:42.117+0000] {logging_mixin.py:188} INFO - [2024-05-08T03:31:42.116+0000] {dagbag.py:540} INFO - Filling up the DagBag from /home/airflow/.local/lib/python3.12/site-packages/airflow/example_dags/example_complex.py
[2024-05-08T03:31:42.135+0000] {processor.py:840} INFO - DAG(s) 'example_complex' retrieved from /home/airflow/.local/lib/python3.12/site-packages/airflow/example_dags/example_complex.py
[2024-05-08T03:31:42.201+0000] {logging_mixin.py:188} INFO - [2024-05-08T03:31:42.201+0000] {dag.py:3096} INFO - Sync 1 DAGs
[2024-05-08T03:31:42.228+0000] {logging_mixin.py:188} INFO - [2024-05-08T03:31:42.228+0000] {dag.py:3954} INFO - Setting next_dagrun for example_complex to None, run_after=None
[2024-05-08T03:31:42.276+0000] {processor.py:183} INFO - Processing /home/airflow/.local/lib/python3.12/site-packages/airflow/example_dags/example_complex.py took 0.174 seconds
[2024-05-08T03:32:26.491+0000] {processor.py:161} INFO - Started process (PID=819) to work on /home/airflow/.local/lib/python3.12/site-packages/airflow/example_dags/example_complex.py
[2024-05-08T03:32:26.495+0000] {processor.py:830} INFO - Processing file /home/airflow/.local/lib/python3.12/site-packages/airflow/example_dags/example_complex.py for tasks to queue
[2024-05-08T03:32:26.501+0000] {logging_mixin.py:188} INFO - [2024-05-08T03:32:26.500+0000] {dagbag.py:540} INFO - Filling up the DagBag from /home/airflow/.local/lib/python3.12/site-packages/airflow/example_dags/example_complex.py
[2024-05-08T03:32:26.561+0000] {processor.py:840} INFO - DAG(s) 'example_complex' retrieved from /home/airflow/.local/lib/python3.12/site-packages/airflow/example_dags/example_complex.py
[2024-05-08T03:32:26.719+0000] {logging_mixin.py:188} INFO - [2024-05-08T03:32:26.718+0000] {dag.py:3096} INFO - Sync 1 DAGs
[2024-05-08T03:32:26.786+0000] {logging_mixin.py:188} INFO - [2024-05-08T03:32:26.784+0000] {dag.py:3954} INFO - Setting next_dagrun for example_complex to None, run_after=None
[2024-05-08T03:32:26.903+0000] {processor.py:183} INFO - Processing /home/airflow/.local/lib/python3.12/site-packages/airflow/example_dags/example_complex.py took 0.437 seconds
[2024-05-08T03:32:57.298+0000] {processor.py:161} INFO - Started process (PID=880) to work on /home/airflow/.local/lib/python3.12/site-packages/airflow/example_dags/example_complex.py
[2024-05-08T03:32:57.300+0000] {processor.py:830} INFO - Processing file /home/airflow/.local/lib/python3.12/site-packages/airflow/example_dags/example_complex.py for tasks to queue
[2024-05-08T03:32:57.305+0000] {logging_mixin.py:188} INFO - [2024-05-08T03:32:57.304+0000] {dagbag.py:540} INFO - Filling up the DagBag from /home/airflow/.local/lib/python3.12/site-packages/airflow/example_dags/example_complex.py
[2024-05-08T03:32:57.342+0000] {processor.py:840} INFO - DAG(s) 'example_complex' retrieved from /home/airflow/.local/lib/python3.12/site-packages/airflow/example_dags/example_complex.py
[2024-05-08T03:32:57.463+0000] {logging_mixin.py:188} INFO - [2024-05-08T03:32:57.461+0000] {dag.py:3096} INFO - Sync 1 DAGs
[2024-05-08T03:32:57.558+0000] {logging_mixin.py:188} INFO - [2024-05-08T03:32:57.557+0000] {dag.py:3954} INFO - Setting next_dagrun for example_complex to None, run_after=None
[2024-05-08T03:32:57.631+0000] {processor.py:183} INFO - Processing /home/airflow/.local/lib/python3.12/site-packages/airflow/example_dags/example_complex.py took 0.352 seconds
[2024-05-08T03:33:28.091+0000] {processor.py:161} INFO - Started process (PID=942) to work on /home/airflow/.local/lib/python3.12/site-packages/airflow/example_dags/example_complex.py
[2024-05-08T03:33:28.098+0000] {processor.py:830} INFO - Processing file /home/airflow/.local/lib/python3.12/site-packages/airflow/example_dags/example_complex.py for tasks to queue
[2024-05-08T03:33:28.103+0000] {logging_mixin.py:188} INFO - [2024-05-08T03:33:28.102+0000] {dagbag.py:540} INFO - Filling up the DagBag from /home/airflow/.local/lib/python3.12/site-packages/airflow/example_dags/example_complex.py
[2024-05-08T03:33:28.140+0000] {processor.py:840} INFO - DAG(s) 'example_complex' retrieved from /home/airflow/.local/lib/python3.12/site-packages/airflow/example_dags/example_complex.py
[2024-05-08T03:33:28.268+0000] {logging_mixin.py:188} INFO - [2024-05-08T03:33:28.267+0000] {dag.py:3096} INFO - Sync 1 DAGs
[2024-05-08T03:33:28.328+0000] {logging_mixin.py:188} INFO - [2024-05-08T03:33:28.327+0000] {dag.py:3954} INFO - Setting next_dagrun for example_complex to None, run_after=None
[2024-05-08T03:33:28.406+0000] {processor.py:183} INFO - Processing /home/airflow/.local/lib/python3.12/site-packages/airflow/example_dags/example_complex.py took 0.330 seconds
[2024-05-08T03:41:49.323+0000] {processor.py:161} INFO - Started process (PID=1009) to work on /home/airflow/.local/lib/python3.12/site-packages/airflow/example_dags/example_complex.py
[2024-05-08T03:41:49.330+0000] {processor.py:830} INFO - Processing file /home/airflow/.local/lib/python3.12/site-packages/airflow/example_dags/example_complex.py for tasks to queue
[2024-05-08T03:41:49.335+0000] {logging_mixin.py:188} INFO - [2024-05-08T03:41:49.333+0000] {dagbag.py:540} INFO - Filling up the DagBag from /home/airflow/.local/lib/python3.12/site-packages/airflow/example_dags/example_complex.py
[2024-05-08T03:41:49.394+0000] {processor.py:840} INFO - DAG(s) 'example_complex' retrieved from /home/airflow/.local/lib/python3.12/site-packages/airflow/example_dags/example_complex.py
[2024-05-08T03:41:49.763+0000] {logging_mixin.py:188} INFO - [2024-05-08T03:41:49.762+0000] {dag.py:3096} INFO - Sync 1 DAGs
[2024-05-08T03:41:49.815+0000] {logging_mixin.py:188} INFO - [2024-05-08T03:41:49.814+0000] {dag.py:3954} INFO - Setting next_dagrun for example_complex to None, run_after=None
[2024-05-08T03:41:49.929+0000] {processor.py:183} INFO - Processing /home/airflow/.local/lib/python3.12/site-packages/airflow/example_dags/example_complex.py took 0.665 seconds
[2024-05-08T03:42:21.266+0000] {processor.py:161} INFO - Started process (PID=1070) to work on /home/airflow/.local/lib/python3.12/site-packages/airflow/example_dags/example_complex.py
[2024-05-08T03:42:21.268+0000] {processor.py:830} INFO - Processing file /home/airflow/.local/lib/python3.12/site-packages/airflow/example_dags/example_complex.py for tasks to queue
[2024-05-08T03:42:21.270+0000] {logging_mixin.py:188} INFO - [2024-05-08T03:42:21.270+0000] {dagbag.py:540} INFO - Filling up the DagBag from /home/airflow/.local/lib/python3.12/site-packages/airflow/example_dags/example_complex.py
[2024-05-08T03:42:21.309+0000] {processor.py:840} INFO - DAG(s) 'example_complex' retrieved from /home/airflow/.local/lib/python3.12/site-packages/airflow/example_dags/example_complex.py
[2024-05-08T03:42:21.383+0000] {logging_mixin.py:188} INFO - [2024-05-08T03:42:21.383+0000] {dag.py:3096} INFO - Sync 1 DAGs
[2024-05-08T03:42:21.620+0000] {logging_mixin.py:188} INFO - [2024-05-08T03:42:21.620+0000] {dag.py:3954} INFO - Setting next_dagrun for example_complex to None, run_after=None
[2024-05-08T03:42:21.726+0000] {processor.py:183} INFO - Processing /home/airflow/.local/lib/python3.12/site-packages/airflow/example_dags/example_complex.py took 0.468 seconds
