[2024-05-08T03:25:14.850+0000] {processor.py:161} INFO - Started process (PID=40) to work on /home/airflow/.local/lib/python3.12/site-packages/airflow/example_dags/example_latest_only.py
[2024-05-08T03:25:14.863+0000] {processor.py:830} INFO - Processing file /home/airflow/.local/lib/python3.12/site-packages/airflow/example_dags/example_latest_only.py for tasks to queue
[2024-05-08T03:25:15.132+0000] {logging_mixin.py:188} INFO - [2024-05-08T03:25:15.130+0000] {dagbag.py:540} INFO - Filling up the DagBag from /home/airflow/.local/lib/python3.12/site-packages/airflow/example_dags/example_latest_only.py
[2024-05-08T03:25:15.283+0000] {processor.py:840} INFO - DAG(s) 'latest_only' retrieved from /home/airflow/.local/lib/python3.12/site-packages/airflow/example_dags/example_latest_only.py
[2024-05-08T03:25:16.376+0000] {logging_mixin.py:188} INFO - [2024-05-08T03:25:16.375+0000] {dag.py:3096} INFO - Sync 1 DAGs
[2024-05-08T03:25:16.530+0000] {logging_mixin.py:188} INFO - [2024-05-08T03:25:16.529+0000] {dag.py:3954} INFO - Setting next_dagrun for latest_only to 2024-05-07 20:00:00+00:00, run_after=2024-05-08 00:00:00+00:00
[2024-05-08T03:25:16.708+0000] {processor.py:183} INFO - Processing /home/airflow/.local/lib/python3.12/site-packages/airflow/example_dags/example_latest_only.py took 1.919 seconds
[2024-05-08T03:26:25.687+0000] {processor.py:161} INFO - Started process (PID=129) to work on /home/airflow/.local/lib/python3.12/site-packages/airflow/example_dags/example_latest_only.py
[2024-05-08T03:26:25.700+0000] {processor.py:830} INFO - Processing file /home/airflow/.local/lib/python3.12/site-packages/airflow/example_dags/example_latest_only.py for tasks to queue
[2024-05-08T03:26:25.705+0000] {logging_mixin.py:188} INFO - [2024-05-08T03:26:25.704+0000] {dagbag.py:540} INFO - Filling up the DagBag from /home/airflow/.local/lib/python3.12/site-packages/airflow/example_dags/example_latest_only.py
[2024-05-08T03:26:25.766+0000] {processor.py:840} INFO - DAG(s) 'latest_only' retrieved from /home/airflow/.local/lib/python3.12/site-packages/airflow/example_dags/example_latest_only.py
[2024-05-08T03:26:26.239+0000] {logging_mixin.py:188} INFO - [2024-05-08T03:26:26.238+0000] {dag.py:3096} INFO - Sync 1 DAGs
[2024-05-08T03:26:26.525+0000] {logging_mixin.py:188} INFO - [2024-05-08T03:26:26.524+0000] {dag.py:3954} INFO - Setting next_dagrun for latest_only to 2024-05-07 20:00:00+00:00, run_after=2024-05-08 00:00:00+00:00
[2024-05-08T03:26:26.742+0000] {processor.py:183} INFO - Processing /home/airflow/.local/lib/python3.12/site-packages/airflow/example_dags/example_latest_only.py took 1.100 seconds
[2024-05-08T03:26:57.333+0000] {processor.py:161} INFO - Started process (PID=192) to work on /home/airflow/.local/lib/python3.12/site-packages/airflow/example_dags/example_latest_only.py
[2024-05-08T03:26:57.336+0000] {processor.py:830} INFO - Processing file /home/airflow/.local/lib/python3.12/site-packages/airflow/example_dags/example_latest_only.py for tasks to queue
[2024-05-08T03:26:57.341+0000] {logging_mixin.py:188} INFO - [2024-05-08T03:26:57.340+0000] {dagbag.py:540} INFO - Filling up the DagBag from /home/airflow/.local/lib/python3.12/site-packages/airflow/example_dags/example_latest_only.py
[2024-05-08T03:26:57.354+0000] {processor.py:840} INFO - DAG(s) 'latest_only' retrieved from /home/airflow/.local/lib/python3.12/site-packages/airflow/example_dags/example_latest_only.py
[2024-05-08T03:26:57.406+0000] {logging_mixin.py:188} INFO - [2024-05-08T03:26:57.406+0000] {dag.py:3096} INFO - Sync 1 DAGs
[2024-05-08T03:26:57.467+0000] {logging_mixin.py:188} INFO - [2024-05-08T03:26:57.467+0000] {dag.py:3954} INFO - Setting next_dagrun for latest_only to 2024-05-07 20:00:00+00:00, run_after=2024-05-08 00:00:00+00:00
[2024-05-08T03:26:57.503+0000] {processor.py:183} INFO - Processing /home/airflow/.local/lib/python3.12/site-packages/airflow/example_dags/example_latest_only.py took 0.183 seconds
[2024-05-08T03:27:27.682+0000] {processor.py:161} INFO - Started process (PID=253) to work on /home/airflow/.local/lib/python3.12/site-packages/airflow/example_dags/example_latest_only.py
[2024-05-08T03:27:27.684+0000] {processor.py:830} INFO - Processing file /home/airflow/.local/lib/python3.12/site-packages/airflow/example_dags/example_latest_only.py for tasks to queue
[2024-05-08T03:27:27.687+0000] {logging_mixin.py:188} INFO - [2024-05-08T03:27:27.687+0000] {dagbag.py:540} INFO - Filling up the DagBag from /home/airflow/.local/lib/python3.12/site-packages/airflow/example_dags/example_latest_only.py
[2024-05-08T03:27:27.694+0000] {processor.py:840} INFO - DAG(s) 'latest_only' retrieved from /home/airflow/.local/lib/python3.12/site-packages/airflow/example_dags/example_latest_only.py
[2024-05-08T03:27:27.730+0000] {logging_mixin.py:188} INFO - [2024-05-08T03:27:27.729+0000] {dag.py:3096} INFO - Sync 1 DAGs
[2024-05-08T03:27:27.760+0000] {logging_mixin.py:188} INFO - [2024-05-08T03:27:27.760+0000] {dag.py:3954} INFO - Setting next_dagrun for latest_only to 2024-05-07 20:00:00+00:00, run_after=2024-05-08 00:00:00+00:00
[2024-05-08T03:27:27.793+0000] {processor.py:183} INFO - Processing /home/airflow/.local/lib/python3.12/site-packages/airflow/example_dags/example_latest_only.py took 0.122 seconds
[2024-05-08T03:27:57.986+0000] {processor.py:161} INFO - Started process (PID=314) to work on /home/airflow/.local/lib/python3.12/site-packages/airflow/example_dags/example_latest_only.py
[2024-05-08T03:27:57.988+0000] {processor.py:830} INFO - Processing file /home/airflow/.local/lib/python3.12/site-packages/airflow/example_dags/example_latest_only.py for tasks to queue
[2024-05-08T03:27:57.992+0000] {logging_mixin.py:188} INFO - [2024-05-08T03:27:57.991+0000] {dagbag.py:540} INFO - Filling up the DagBag from /home/airflow/.local/lib/python3.12/site-packages/airflow/example_dags/example_latest_only.py
[2024-05-08T03:27:58.002+0000] {processor.py:840} INFO - DAG(s) 'latest_only' retrieved from /home/airflow/.local/lib/python3.12/site-packages/airflow/example_dags/example_latest_only.py
[2024-05-08T03:27:58.056+0000] {logging_mixin.py:188} INFO - [2024-05-08T03:27:58.055+0000] {dag.py:3096} INFO - Sync 1 DAGs
[2024-05-08T03:27:58.112+0000] {logging_mixin.py:188} INFO - [2024-05-08T03:27:58.112+0000] {dag.py:3954} INFO - Setting next_dagrun for latest_only to 2024-05-07 20:00:00+00:00, run_after=2024-05-08 00:00:00+00:00
[2024-05-08T03:27:58.158+0000] {processor.py:183} INFO - Processing /home/airflow/.local/lib/python3.12/site-packages/airflow/example_dags/example_latest_only.py took 0.181 seconds
[2024-05-08T03:28:28.407+0000] {processor.py:161} INFO - Started process (PID=375) to work on /home/airflow/.local/lib/python3.12/site-packages/airflow/example_dags/example_latest_only.py
[2024-05-08T03:28:28.409+0000] {processor.py:830} INFO - Processing file /home/airflow/.local/lib/python3.12/site-packages/airflow/example_dags/example_latest_only.py for tasks to queue
[2024-05-08T03:28:28.412+0000] {logging_mixin.py:188} INFO - [2024-05-08T03:28:28.412+0000] {dagbag.py:540} INFO - Filling up the DagBag from /home/airflow/.local/lib/python3.12/site-packages/airflow/example_dags/example_latest_only.py
[2024-05-08T03:28:28.419+0000] {processor.py:840} INFO - DAG(s) 'latest_only' retrieved from /home/airflow/.local/lib/python3.12/site-packages/airflow/example_dags/example_latest_only.py
[2024-05-08T03:28:28.445+0000] {logging_mixin.py:188} INFO - [2024-05-08T03:28:28.445+0000] {dag.py:3096} INFO - Sync 1 DAGs
[2024-05-08T03:28:28.472+0000] {logging_mixin.py:188} INFO - [2024-05-08T03:28:28.472+0000] {dag.py:3954} INFO - Setting next_dagrun for latest_only to 2024-05-07 20:00:00+00:00, run_after=2024-05-08 00:00:00+00:00
[2024-05-08T03:28:28.509+0000] {processor.py:183} INFO - Processing /home/airflow/.local/lib/python3.12/site-packages/airflow/example_dags/example_latest_only.py took 0.108 seconds
[2024-05-08T03:28:58.803+0000] {processor.py:161} INFO - Started process (PID=436) to work on /home/airflow/.local/lib/python3.12/site-packages/airflow/example_dags/example_latest_only.py
[2024-05-08T03:28:58.806+0000] {processor.py:830} INFO - Processing file /home/airflow/.local/lib/python3.12/site-packages/airflow/example_dags/example_latest_only.py for tasks to queue
[2024-05-08T03:28:58.812+0000] {logging_mixin.py:188} INFO - [2024-05-08T03:28:58.810+0000] {dagbag.py:540} INFO - Filling up the DagBag from /home/airflow/.local/lib/python3.12/site-packages/airflow/example_dags/example_latest_only.py
[2024-05-08T03:28:58.826+0000] {processor.py:840} INFO - DAG(s) 'latest_only' retrieved from /home/airflow/.local/lib/python3.12/site-packages/airflow/example_dags/example_latest_only.py
[2024-05-08T03:28:58.872+0000] {logging_mixin.py:188} INFO - [2024-05-08T03:28:58.871+0000] {dag.py:3096} INFO - Sync 1 DAGs
[2024-05-08T03:28:58.921+0000] {logging_mixin.py:188} INFO - [2024-05-08T03:28:58.921+0000] {dag.py:3954} INFO - Setting next_dagrun for latest_only to 2024-05-07 20:00:00+00:00, run_after=2024-05-08 00:00:00+00:00
[2024-05-08T03:28:58.963+0000] {processor.py:183} INFO - Processing /home/airflow/.local/lib/python3.12/site-packages/airflow/example_dags/example_latest_only.py took 0.180 seconds
[2024-05-08T03:29:29.552+0000] {processor.py:161} INFO - Started process (PID=497) to work on /home/airflow/.local/lib/python3.12/site-packages/airflow/example_dags/example_latest_only.py
[2024-05-08T03:29:29.553+0000] {processor.py:830} INFO - Processing file /home/airflow/.local/lib/python3.12/site-packages/airflow/example_dags/example_latest_only.py for tasks to queue
[2024-05-08T03:29:29.556+0000] {logging_mixin.py:188} INFO - [2024-05-08T03:29:29.555+0000] {dagbag.py:540} INFO - Filling up the DagBag from /home/airflow/.local/lib/python3.12/site-packages/airflow/example_dags/example_latest_only.py
[2024-05-08T03:29:29.561+0000] {processor.py:840} INFO - DAG(s) 'latest_only' retrieved from /home/airflow/.local/lib/python3.12/site-packages/airflow/example_dags/example_latest_only.py
[2024-05-08T03:29:29.585+0000] {logging_mixin.py:188} INFO - [2024-05-08T03:29:29.584+0000] {dag.py:3096} INFO - Sync 1 DAGs
[2024-05-08T03:29:29.611+0000] {logging_mixin.py:188} INFO - [2024-05-08T03:29:29.611+0000] {dag.py:3954} INFO - Setting next_dagrun for latest_only to 2024-05-07 20:00:00+00:00, run_after=2024-05-08 00:00:00+00:00
[2024-05-08T03:29:29.636+0000] {processor.py:183} INFO - Processing /home/airflow/.local/lib/python3.12/site-packages/airflow/example_dags/example_latest_only.py took 0.091 seconds
[2024-05-08T03:30:00.649+0000] {processor.py:161} INFO - Started process (PID=558) to work on /home/airflow/.local/lib/python3.12/site-packages/airflow/example_dags/example_latest_only.py
[2024-05-08T03:30:00.651+0000] {processor.py:830} INFO - Processing file /home/airflow/.local/lib/python3.12/site-packages/airflow/example_dags/example_latest_only.py for tasks to queue
[2024-05-08T03:30:00.656+0000] {logging_mixin.py:188} INFO - [2024-05-08T03:30:00.655+0000] {dagbag.py:540} INFO - Filling up the DagBag from /home/airflow/.local/lib/python3.12/site-packages/airflow/example_dags/example_latest_only.py
[2024-05-08T03:30:00.662+0000] {processor.py:840} INFO - DAG(s) 'latest_only' retrieved from /home/airflow/.local/lib/python3.12/site-packages/airflow/example_dags/example_latest_only.py
[2024-05-08T03:30:00.705+0000] {logging_mixin.py:188} INFO - [2024-05-08T03:30:00.705+0000] {dag.py:3096} INFO - Sync 1 DAGs
[2024-05-08T03:30:00.782+0000] {logging_mixin.py:188} INFO - [2024-05-08T03:30:00.782+0000] {dag.py:3954} INFO - Setting next_dagrun for latest_only to 2024-05-07 20:00:00+00:00, run_after=2024-05-08 00:00:00+00:00
[2024-05-08T03:30:00.827+0000] {processor.py:183} INFO - Processing /home/airflow/.local/lib/python3.12/site-packages/airflow/example_dags/example_latest_only.py took 0.190 seconds
[2024-05-08T03:30:31.348+0000] {processor.py:161} INFO - Started process (PID=619) to work on /home/airflow/.local/lib/python3.12/site-packages/airflow/example_dags/example_latest_only.py
[2024-05-08T03:30:31.350+0000] {processor.py:830} INFO - Processing file /home/airflow/.local/lib/python3.12/site-packages/airflow/example_dags/example_latest_only.py for tasks to queue
[2024-05-08T03:30:31.352+0000] {logging_mixin.py:188} INFO - [2024-05-08T03:30:31.352+0000] {dagbag.py:540} INFO - Filling up the DagBag from /home/airflow/.local/lib/python3.12/site-packages/airflow/example_dags/example_latest_only.py
[2024-05-08T03:30:31.360+0000] {processor.py:840} INFO - DAG(s) 'latest_only' retrieved from /home/airflow/.local/lib/python3.12/site-packages/airflow/example_dags/example_latest_only.py
[2024-05-08T03:30:31.389+0000] {logging_mixin.py:188} INFO - [2024-05-08T03:30:31.389+0000] {dag.py:3096} INFO - Sync 1 DAGs
[2024-05-08T03:30:31.432+0000] {logging_mixin.py:188} INFO - [2024-05-08T03:30:31.431+0000] {dag.py:3954} INFO - Setting next_dagrun for latest_only to 2024-05-07 20:00:00+00:00, run_after=2024-05-08 00:00:00+00:00
[2024-05-08T03:30:31.532+0000] {processor.py:183} INFO - Processing /home/airflow/.local/lib/python3.12/site-packages/airflow/example_dags/example_latest_only.py took 0.192 seconds
[2024-05-08T03:31:02.085+0000] {processor.py:161} INFO - Started process (PID=681) to work on /home/airflow/.local/lib/python3.12/site-packages/airflow/example_dags/example_latest_only.py
[2024-05-08T03:31:02.088+0000] {processor.py:830} INFO - Processing file /home/airflow/.local/lib/python3.12/site-packages/airflow/example_dags/example_latest_only.py for tasks to queue
[2024-05-08T03:31:02.094+0000] {logging_mixin.py:188} INFO - [2024-05-08T03:31:02.093+0000] {dagbag.py:540} INFO - Filling up the DagBag from /home/airflow/.local/lib/python3.12/site-packages/airflow/example_dags/example_latest_only.py
[2024-05-08T03:31:02.112+0000] {processor.py:840} INFO - DAG(s) 'latest_only' retrieved from /home/airflow/.local/lib/python3.12/site-packages/airflow/example_dags/example_latest_only.py
[2024-05-08T03:31:02.166+0000] {logging_mixin.py:188} INFO - [2024-05-08T03:31:02.165+0000] {dag.py:3096} INFO - Sync 1 DAGs
[2024-05-08T03:31:02.230+0000] {logging_mixin.py:188} INFO - [2024-05-08T03:31:02.230+0000] {dag.py:3954} INFO - Setting next_dagrun for latest_only to 2024-05-07 20:00:00+00:00, run_after=2024-05-08 00:00:00+00:00
[2024-05-08T03:31:02.292+0000] {processor.py:183} INFO - Processing /home/airflow/.local/lib/python3.12/site-packages/airflow/example_dags/example_latest_only.py took 0.228 seconds
[2024-05-08T03:31:32.610+0000] {processor.py:161} INFO - Started process (PID=742) to work on /home/airflow/.local/lib/python3.12/site-packages/airflow/example_dags/example_latest_only.py
[2024-05-08T03:31:32.612+0000] {processor.py:830} INFO - Processing file /home/airflow/.local/lib/python3.12/site-packages/airflow/example_dags/example_latest_only.py for tasks to queue
[2024-05-08T03:31:32.616+0000] {logging_mixin.py:188} INFO - [2024-05-08T03:31:32.615+0000] {dagbag.py:540} INFO - Filling up the DagBag from /home/airflow/.local/lib/python3.12/site-packages/airflow/example_dags/example_latest_only.py
[2024-05-08T03:31:32.624+0000] {processor.py:840} INFO - DAG(s) 'latest_only' retrieved from /home/airflow/.local/lib/python3.12/site-packages/airflow/example_dags/example_latest_only.py
[2024-05-08T03:31:32.657+0000] {logging_mixin.py:188} INFO - [2024-05-08T03:31:32.657+0000] {dag.py:3096} INFO - Sync 1 DAGs
[2024-05-08T03:31:32.711+0000] {logging_mixin.py:188} INFO - [2024-05-08T03:31:32.710+0000] {dag.py:3954} INFO - Setting next_dagrun for latest_only to 2024-05-07 20:00:00+00:00, run_after=2024-05-08 00:00:00+00:00
[2024-05-08T03:31:32.767+0000] {processor.py:183} INFO - Processing /home/airflow/.local/lib/python3.12/site-packages/airflow/example_dags/example_latest_only.py took 0.167 seconds
[2024-05-08T03:32:21.935+0000] {processor.py:161} INFO - Started process (PID=809) to work on /home/airflow/.local/lib/python3.12/site-packages/airflow/example_dags/example_latest_only.py
[2024-05-08T03:32:21.943+0000] {processor.py:830} INFO - Processing file /home/airflow/.local/lib/python3.12/site-packages/airflow/example_dags/example_latest_only.py for tasks to queue
[2024-05-08T03:32:21.954+0000] {logging_mixin.py:188} INFO - [2024-05-08T03:32:21.952+0000] {dagbag.py:540} INFO - Filling up the DagBag from /home/airflow/.local/lib/python3.12/site-packages/airflow/example_dags/example_latest_only.py
[2024-05-08T03:32:22.064+0000] {processor.py:840} INFO - DAG(s) 'latest_only' retrieved from /home/airflow/.local/lib/python3.12/site-packages/airflow/example_dags/example_latest_only.py
[2024-05-08T03:32:22.196+0000] {logging_mixin.py:188} INFO - [2024-05-08T03:32:22.195+0000] {dag.py:3096} INFO - Sync 1 DAGs
[2024-05-08T03:32:22.409+0000] {logging_mixin.py:188} INFO - [2024-05-08T03:32:22.408+0000] {dag.py:3954} INFO - Setting next_dagrun for latest_only to 2024-05-07 20:00:00+00:00, run_after=2024-05-08 00:00:00+00:00
[2024-05-08T03:32:22.557+0000] {processor.py:183} INFO - Processing /home/airflow/.local/lib/python3.12/site-packages/airflow/example_dags/example_latest_only.py took 0.658 seconds
[2024-05-08T03:32:53.325+0000] {processor.py:161} INFO - Started process (PID=870) to work on /home/airflow/.local/lib/python3.12/site-packages/airflow/example_dags/example_latest_only.py
[2024-05-08T03:32:53.331+0000] {processor.py:830} INFO - Processing file /home/airflow/.local/lib/python3.12/site-packages/airflow/example_dags/example_latest_only.py for tasks to queue
[2024-05-08T03:32:53.335+0000] {logging_mixin.py:188} INFO - [2024-05-08T03:32:53.334+0000] {dagbag.py:540} INFO - Filling up the DagBag from /home/airflow/.local/lib/python3.12/site-packages/airflow/example_dags/example_latest_only.py
[2024-05-08T03:32:53.348+0000] {processor.py:840} INFO - DAG(s) 'latest_only' retrieved from /home/airflow/.local/lib/python3.12/site-packages/airflow/example_dags/example_latest_only.py
[2024-05-08T03:32:53.422+0000] {logging_mixin.py:188} INFO - [2024-05-08T03:32:53.421+0000] {dag.py:3096} INFO - Sync 1 DAGs
[2024-05-08T03:32:53.518+0000] {logging_mixin.py:188} INFO - [2024-05-08T03:32:53.518+0000] {dag.py:3954} INFO - Setting next_dagrun for latest_only to 2024-05-07 20:00:00+00:00, run_after=2024-05-08 00:00:00+00:00
[2024-05-08T03:32:53.597+0000] {processor.py:183} INFO - Processing /home/airflow/.local/lib/python3.12/site-packages/airflow/example_dags/example_latest_only.py took 0.295 seconds
[2024-05-08T03:33:23.975+0000] {processor.py:161} INFO - Started process (PID=932) to work on /home/airflow/.local/lib/python3.12/site-packages/airflow/example_dags/example_latest_only.py
[2024-05-08T03:33:23.981+0000] {processor.py:830} INFO - Processing file /home/airflow/.local/lib/python3.12/site-packages/airflow/example_dags/example_latest_only.py for tasks to queue
[2024-05-08T03:33:23.999+0000] {logging_mixin.py:188} INFO - [2024-05-08T03:33:23.999+0000] {dagbag.py:540} INFO - Filling up the DagBag from /home/airflow/.local/lib/python3.12/site-packages/airflow/example_dags/example_latest_only.py
[2024-05-08T03:33:24.017+0000] {processor.py:840} INFO - DAG(s) 'latest_only' retrieved from /home/airflow/.local/lib/python3.12/site-packages/airflow/example_dags/example_latest_only.py
[2024-05-08T03:33:24.070+0000] {logging_mixin.py:188} INFO - [2024-05-08T03:33:24.069+0000] {dag.py:3096} INFO - Sync 1 DAGs
[2024-05-08T03:33:24.188+0000] {logging_mixin.py:188} INFO - [2024-05-08T03:33:24.187+0000] {dag.py:3954} INFO - Setting next_dagrun for latest_only to 2024-05-07 20:00:00+00:00, run_after=2024-05-08 00:00:00+00:00
[2024-05-08T03:33:24.252+0000] {processor.py:183} INFO - Processing /home/airflow/.local/lib/python3.12/site-packages/airflow/example_dags/example_latest_only.py took 0.290 seconds
[2024-05-08T03:34:05.776+0000] {processor.py:161} INFO - Started process (PID=993) to work on /home/airflow/.local/lib/python3.12/site-packages/airflow/example_dags/example_latest_only.py
[2024-05-08T03:34:05.782+0000] {processor.py:830} INFO - Processing file /home/airflow/.local/lib/python3.12/site-packages/airflow/example_dags/example_latest_only.py for tasks to queue
[2024-05-08T03:34:05.791+0000] {logging_mixin.py:188} INFO - [2024-05-08T03:34:05.787+0000] {dagbag.py:540} INFO - Filling up the DagBag from /home/airflow/.local/lib/python3.12/site-packages/airflow/example_dags/example_latest_only.py
[2024-05-08T03:34:05.824+0000] {processor.py:840} INFO - DAG(s) 'latest_only' retrieved from /home/airflow/.local/lib/python3.12/site-packages/airflow/example_dags/example_latest_only.py
[2024-05-08T03:34:07.419+0000] {logging_mixin.py:188} INFO - [2024-05-08T03:34:07.408+0000] {dag.py:3096} INFO - Sync 1 DAGs
[2024-05-08T03:34:07.555+0000] {logging_mixin.py:188} INFO - [2024-05-08T03:34:07.554+0000] {dag.py:3954} INFO - Setting next_dagrun for latest_only to 2024-05-07 20:00:00+00:00, run_after=2024-05-08 00:00:00+00:00
[2024-05-08T03:34:08.337+0000] {processor.py:183} INFO - Processing /home/airflow/.local/lib/python3.12/site-packages/airflow/example_dags/example_latest_only.py took 2.601 seconds
[2024-05-08T03:41:52.802+0000] {processor.py:161} INFO - Started process (PID=1024) to work on /home/airflow/.local/lib/python3.12/site-packages/airflow/example_dags/example_latest_only.py
[2024-05-08T03:41:52.805+0000] {processor.py:830} INFO - Processing file /home/airflow/.local/lib/python3.12/site-packages/airflow/example_dags/example_latest_only.py for tasks to queue
[2024-05-08T03:41:52.807+0000] {logging_mixin.py:188} INFO - [2024-05-08T03:41:52.807+0000] {dagbag.py:540} INFO - Filling up the DagBag from /home/airflow/.local/lib/python3.12/site-packages/airflow/example_dags/example_latest_only.py
[2024-05-08T03:41:52.821+0000] {processor.py:840} INFO - DAG(s) 'latest_only' retrieved from /home/airflow/.local/lib/python3.12/site-packages/airflow/example_dags/example_latest_only.py
[2024-05-08T03:41:52.909+0000] {logging_mixin.py:188} INFO - [2024-05-08T03:41:52.908+0000] {dag.py:3096} INFO - Sync 1 DAGs
[2024-05-08T03:41:52.972+0000] {logging_mixin.py:188} INFO - [2024-05-08T03:41:52.971+0000] {dag.py:3954} INFO - Setting next_dagrun for latest_only to 2024-05-07 20:00:00+00:00, run_after=2024-05-08 00:00:00+00:00
[2024-05-08T03:41:53.037+0000] {processor.py:183} INFO - Processing /home/airflow/.local/lib/python3.12/site-packages/airflow/example_dags/example_latest_only.py took 0.249 seconds
[2024-05-08T03:42:25.200+0000] {processor.py:161} INFO - Started process (PID=1085) to work on /home/airflow/.local/lib/python3.12/site-packages/airflow/example_dags/example_latest_only.py
[2024-05-08T03:42:25.203+0000] {processor.py:830} INFO - Processing file /home/airflow/.local/lib/python3.12/site-packages/airflow/example_dags/example_latest_only.py for tasks to queue
[2024-05-08T03:42:25.206+0000] {logging_mixin.py:188} INFO - [2024-05-08T03:42:25.205+0000] {dagbag.py:540} INFO - Filling up the DagBag from /home/airflow/.local/lib/python3.12/site-packages/airflow/example_dags/example_latest_only.py
[2024-05-08T03:42:25.222+0000] {processor.py:840} INFO - DAG(s) 'latest_only' retrieved from /home/airflow/.local/lib/python3.12/site-packages/airflow/example_dags/example_latest_only.py
[2024-05-08T03:42:25.448+0000] {logging_mixin.py:188} INFO - [2024-05-08T03:42:25.447+0000] {dag.py:3096} INFO - Sync 1 DAGs
[2024-05-08T03:42:25.475+0000] {logging_mixin.py:188} INFO - [2024-05-08T03:42:25.475+0000] {dag.py:3954} INFO - Setting next_dagrun for latest_only to 2024-05-07 20:00:00+00:00, run_after=2024-05-08 00:00:00+00:00
[2024-05-08T03:42:25.659+0000] {processor.py:183} INFO - Processing /home/airflow/.local/lib/python3.12/site-packages/airflow/example_dags/example_latest_only.py took 0.473 seconds
