[2024-05-08T03:25:27.878+0000] {processor.py:161} INFO - Started process (PID=67) to work on /home/airflow/.local/lib/python3.12/site-packages/airflow/example_dags/example_branch_labels.py
[2024-05-08T03:25:27.881+0000] {processor.py:830} INFO - Processing file /home/airflow/.local/lib/python3.12/site-packages/airflow/example_dags/example_branch_labels.py for tasks to queue
[2024-05-08T03:25:27.886+0000] {logging_mixin.py:188} INFO - [2024-05-08T03:25:27.885+0000] {dagbag.py:540} INFO - Filling up the DagBag from /home/airflow/.local/lib/python3.12/site-packages/airflow/example_dags/example_branch_labels.py
[2024-05-08T03:25:27.918+0000] {processor.py:840} INFO - DAG(s) 'example_branch_labels' retrieved from /home/airflow/.local/lib/python3.12/site-packages/airflow/example_dags/example_branch_labels.py
[2024-05-08T03:25:28.249+0000] {logging_mixin.py:188} INFO - [2024-05-08T03:25:28.249+0000] {dag.py:3096} INFO - Sync 1 DAGs
[2024-05-08T03:25:28.287+0000] {logging_mixin.py:188} INFO - [2024-05-08T03:25:28.287+0000] {dag.py:3954} INFO - Setting next_dagrun for example_branch_labels to 2024-05-07 00:00:00+00:00, run_after=2024-05-08 00:00:00+00:00
[2024-05-08T03:25:28.323+0000] {processor.py:183} INFO - Processing /home/airflow/.local/lib/python3.12/site-packages/airflow/example_dags/example_branch_labels.py took 0.464 seconds
[2024-05-08T03:26:35.913+0000] {processor.py:161} INFO - Started process (PID=146) to work on /home/airflow/.local/lib/python3.12/site-packages/airflow/example_dags/example_branch_labels.py
[2024-05-08T03:26:35.917+0000] {processor.py:830} INFO - Processing file /home/airflow/.local/lib/python3.12/site-packages/airflow/example_dags/example_branch_labels.py for tasks to queue
[2024-05-08T03:26:35.931+0000] {logging_mixin.py:188} INFO - [2024-05-08T03:26:35.929+0000] {dagbag.py:540} INFO - Filling up the DagBag from /home/airflow/.local/lib/python3.12/site-packages/airflow/example_dags/example_branch_labels.py
[2024-05-08T03:26:35.978+0000] {processor.py:840} INFO - DAG(s) 'example_branch_labels' retrieved from /home/airflow/.local/lib/python3.12/site-packages/airflow/example_dags/example_branch_labels.py
[2024-05-08T03:26:36.261+0000] {logging_mixin.py:188} INFO - [2024-05-08T03:26:36.261+0000] {dag.py:3096} INFO - Sync 1 DAGs
[2024-05-08T03:26:36.599+0000] {logging_mixin.py:188} INFO - [2024-05-08T03:26:36.597+0000] {dag.py:3954} INFO - Setting next_dagrun for example_branch_labels to 2024-05-07 00:00:00+00:00, run_after=2024-05-08 00:00:00+00:00
[2024-05-08T03:26:36.749+0000] {processor.py:183} INFO - Processing /home/airflow/.local/lib/python3.12/site-packages/airflow/example_dags/example_branch_labels.py took 0.854 seconds
[2024-05-08T03:27:07.401+0000] {processor.py:161} INFO - Started process (PID=206) to work on /home/airflow/.local/lib/python3.12/site-packages/airflow/example_dags/example_branch_labels.py
[2024-05-08T03:27:07.404+0000] {processor.py:830} INFO - Processing file /home/airflow/.local/lib/python3.12/site-packages/airflow/example_dags/example_branch_labels.py for tasks to queue
[2024-05-08T03:27:07.413+0000] {logging_mixin.py:188} INFO - [2024-05-08T03:27:07.410+0000] {dagbag.py:540} INFO - Filling up the DagBag from /home/airflow/.local/lib/python3.12/site-packages/airflow/example_dags/example_branch_labels.py
[2024-05-08T03:27:07.445+0000] {processor.py:840} INFO - DAG(s) 'example_branch_labels' retrieved from /home/airflow/.local/lib/python3.12/site-packages/airflow/example_dags/example_branch_labels.py
[2024-05-08T03:27:07.534+0000] {logging_mixin.py:188} INFO - [2024-05-08T03:27:07.533+0000] {dag.py:3096} INFO - Sync 1 DAGs
[2024-05-08T03:27:07.616+0000] {logging_mixin.py:188} INFO - [2024-05-08T03:27:07.616+0000] {dag.py:3954} INFO - Setting next_dagrun for example_branch_labels to 2024-05-07 00:00:00+00:00, run_after=2024-05-08 00:00:00+00:00
[2024-05-08T03:27:07.673+0000] {processor.py:183} INFO - Processing /home/airflow/.local/lib/python3.12/site-packages/airflow/example_dags/example_branch_labels.py took 0.292 seconds
[2024-05-08T03:27:38.169+0000] {processor.py:161} INFO - Started process (PID=267) to work on /home/airflow/.local/lib/python3.12/site-packages/airflow/example_dags/example_branch_labels.py
[2024-05-08T03:27:38.171+0000] {processor.py:830} INFO - Processing file /home/airflow/.local/lib/python3.12/site-packages/airflow/example_dags/example_branch_labels.py for tasks to queue
[2024-05-08T03:27:38.176+0000] {logging_mixin.py:188} INFO - [2024-05-08T03:27:38.175+0000] {dagbag.py:540} INFO - Filling up the DagBag from /home/airflow/.local/lib/python3.12/site-packages/airflow/example_dags/example_branch_labels.py
[2024-05-08T03:27:38.202+0000] {processor.py:840} INFO - DAG(s) 'example_branch_labels' retrieved from /home/airflow/.local/lib/python3.12/site-packages/airflow/example_dags/example_branch_labels.py
[2024-05-08T03:27:38.254+0000] {logging_mixin.py:188} INFO - [2024-05-08T03:27:38.253+0000] {dag.py:3096} INFO - Sync 1 DAGs
[2024-05-08T03:27:38.297+0000] {logging_mixin.py:188} INFO - [2024-05-08T03:27:38.297+0000] {dag.py:3954} INFO - Setting next_dagrun for example_branch_labels to 2024-05-07 00:00:00+00:00, run_after=2024-05-08 00:00:00+00:00
[2024-05-08T03:27:38.336+0000] {processor.py:183} INFO - Processing /home/airflow/.local/lib/python3.12/site-packages/airflow/example_dags/example_branch_labels.py took 0.182 seconds
[2024-05-08T03:28:08.932+0000] {processor.py:161} INFO - Started process (PID=328) to work on /home/airflow/.local/lib/python3.12/site-packages/airflow/example_dags/example_branch_labels.py
[2024-05-08T03:28:08.938+0000] {processor.py:830} INFO - Processing file /home/airflow/.local/lib/python3.12/site-packages/airflow/example_dags/example_branch_labels.py for tasks to queue
[2024-05-08T03:28:08.945+0000] {logging_mixin.py:188} INFO - [2024-05-08T03:28:08.944+0000] {dagbag.py:540} INFO - Filling up the DagBag from /home/airflow/.local/lib/python3.12/site-packages/airflow/example_dags/example_branch_labels.py
[2024-05-08T03:28:08.974+0000] {processor.py:840} INFO - DAG(s) 'example_branch_labels' retrieved from /home/airflow/.local/lib/python3.12/site-packages/airflow/example_dags/example_branch_labels.py
[2024-05-08T03:28:09.253+0000] {logging_mixin.py:188} INFO - [2024-05-08T03:28:09.251+0000] {dag.py:3096} INFO - Sync 1 DAGs
[2024-05-08T03:28:09.441+0000] {logging_mixin.py:188} INFO - [2024-05-08T03:28:09.440+0000] {dag.py:3954} INFO - Setting next_dagrun for example_branch_labels to 2024-05-07 00:00:00+00:00, run_after=2024-05-08 00:00:00+00:00
[2024-05-08T03:28:09.714+0000] {processor.py:183} INFO - Processing /home/airflow/.local/lib/python3.12/site-packages/airflow/example_dags/example_branch_labels.py took 0.796 seconds
[2024-05-08T03:28:40.080+0000] {processor.py:161} INFO - Started process (PID=387) to work on /home/airflow/.local/lib/python3.12/site-packages/airflow/example_dags/example_branch_labels.py
[2024-05-08T03:28:40.082+0000] {processor.py:830} INFO - Processing file /home/airflow/.local/lib/python3.12/site-packages/airflow/example_dags/example_branch_labels.py for tasks to queue
[2024-05-08T03:28:40.093+0000] {logging_mixin.py:188} INFO - [2024-05-08T03:28:40.091+0000] {dagbag.py:540} INFO - Filling up the DagBag from /home/airflow/.local/lib/python3.12/site-packages/airflow/example_dags/example_branch_labels.py
[2024-05-08T03:28:40.111+0000] {processor.py:840} INFO - DAG(s) 'example_branch_labels' retrieved from /home/airflow/.local/lib/python3.12/site-packages/airflow/example_dags/example_branch_labels.py
[2024-05-08T03:28:40.148+0000] {logging_mixin.py:188} INFO - [2024-05-08T03:28:40.148+0000] {dag.py:3096} INFO - Sync 1 DAGs
[2024-05-08T03:28:40.180+0000] {logging_mixin.py:188} INFO - [2024-05-08T03:28:40.180+0000] {dag.py:3954} INFO - Setting next_dagrun for example_branch_labels to 2024-05-07 00:00:00+00:00, run_after=2024-05-08 00:00:00+00:00
[2024-05-08T03:28:40.207+0000] {processor.py:183} INFO - Processing /home/airflow/.local/lib/python3.12/site-packages/airflow/example_dags/example_branch_labels.py took 0.136 seconds
[2024-05-08T03:29:10.339+0000] {processor.py:161} INFO - Started process (PID=454) to work on /home/airflow/.local/lib/python3.12/site-packages/airflow/example_dags/example_branch_labels.py
[2024-05-08T03:29:10.341+0000] {processor.py:830} INFO - Processing file /home/airflow/.local/lib/python3.12/site-packages/airflow/example_dags/example_branch_labels.py for tasks to queue
[2024-05-08T03:29:10.345+0000] {logging_mixin.py:188} INFO - [2024-05-08T03:29:10.344+0000] {dagbag.py:540} INFO - Filling up the DagBag from /home/airflow/.local/lib/python3.12/site-packages/airflow/example_dags/example_branch_labels.py
[2024-05-08T03:29:10.357+0000] {processor.py:840} INFO - DAG(s) 'example_branch_labels' retrieved from /home/airflow/.local/lib/python3.12/site-packages/airflow/example_dags/example_branch_labels.py
[2024-05-08T03:29:10.393+0000] {logging_mixin.py:188} INFO - [2024-05-08T03:29:10.392+0000] {dag.py:3096} INFO - Sync 1 DAGs
[2024-05-08T03:29:10.428+0000] {logging_mixin.py:188} INFO - [2024-05-08T03:29:10.427+0000] {dag.py:3954} INFO - Setting next_dagrun for example_branch_labels to 2024-05-07 00:00:00+00:00, run_after=2024-05-08 00:00:00+00:00
[2024-05-08T03:29:10.469+0000] {processor.py:183} INFO - Processing /home/airflow/.local/lib/python3.12/site-packages/airflow/example_dags/example_branch_labels.py took 0.137 seconds
[2024-05-08T03:29:41.280+0000] {processor.py:161} INFO - Started process (PID=515) to work on /home/airflow/.local/lib/python3.12/site-packages/airflow/example_dags/example_branch_labels.py
[2024-05-08T03:29:41.283+0000] {processor.py:830} INFO - Processing file /home/airflow/.local/lib/python3.12/site-packages/airflow/example_dags/example_branch_labels.py for tasks to queue
[2024-05-08T03:29:41.290+0000] {logging_mixin.py:188} INFO - [2024-05-08T03:29:41.289+0000] {dagbag.py:540} INFO - Filling up the DagBag from /home/airflow/.local/lib/python3.12/site-packages/airflow/example_dags/example_branch_labels.py
[2024-05-08T03:29:41.314+0000] {processor.py:840} INFO - DAG(s) 'example_branch_labels' retrieved from /home/airflow/.local/lib/python3.12/site-packages/airflow/example_dags/example_branch_labels.py
[2024-05-08T03:29:41.372+0000] {logging_mixin.py:188} INFO - [2024-05-08T03:29:41.372+0000] {dag.py:3096} INFO - Sync 1 DAGs
[2024-05-08T03:29:41.418+0000] {logging_mixin.py:188} INFO - [2024-05-08T03:29:41.418+0000] {dag.py:3954} INFO - Setting next_dagrun for example_branch_labels to 2024-05-07 00:00:00+00:00, run_after=2024-05-08 00:00:00+00:00
[2024-05-08T03:29:41.453+0000] {processor.py:183} INFO - Processing /home/airflow/.local/lib/python3.12/site-packages/airflow/example_dags/example_branch_labels.py took 0.195 seconds
[2024-05-08T03:30:11.622+0000] {processor.py:161} INFO - Started process (PID=576) to work on /home/airflow/.local/lib/python3.12/site-packages/airflow/example_dags/example_branch_labels.py
[2024-05-08T03:30:11.625+0000] {processor.py:830} INFO - Processing file /home/airflow/.local/lib/python3.12/site-packages/airflow/example_dags/example_branch_labels.py for tasks to queue
[2024-05-08T03:30:11.628+0000] {logging_mixin.py:188} INFO - [2024-05-08T03:30:11.627+0000] {dagbag.py:540} INFO - Filling up the DagBag from /home/airflow/.local/lib/python3.12/site-packages/airflow/example_dags/example_branch_labels.py
[2024-05-08T03:30:11.645+0000] {processor.py:840} INFO - DAG(s) 'example_branch_labels' retrieved from /home/airflow/.local/lib/python3.12/site-packages/airflow/example_dags/example_branch_labels.py
[2024-05-08T03:30:11.677+0000] {logging_mixin.py:188} INFO - [2024-05-08T03:30:11.677+0000] {dag.py:3096} INFO - Sync 1 DAGs
[2024-05-08T03:30:11.710+0000] {logging_mixin.py:188} INFO - [2024-05-08T03:30:11.710+0000] {dag.py:3954} INFO - Setting next_dagrun for example_branch_labels to 2024-05-07 00:00:00+00:00, run_after=2024-05-08 00:00:00+00:00
[2024-05-08T03:30:11.736+0000] {processor.py:183} INFO - Processing /home/airflow/.local/lib/python3.12/site-packages/airflow/example_dags/example_branch_labels.py took 0.127 seconds
[2024-05-08T03:30:42.370+0000] {processor.py:161} INFO - Started process (PID=638) to work on /home/airflow/.local/lib/python3.12/site-packages/airflow/example_dags/example_branch_labels.py
[2024-05-08T03:30:42.373+0000] {processor.py:830} INFO - Processing file /home/airflow/.local/lib/python3.12/site-packages/airflow/example_dags/example_branch_labels.py for tasks to queue
[2024-05-08T03:30:42.381+0000] {logging_mixin.py:188} INFO - [2024-05-08T03:30:42.380+0000] {dagbag.py:540} INFO - Filling up the DagBag from /home/airflow/.local/lib/python3.12/site-packages/airflow/example_dags/example_branch_labels.py
[2024-05-08T03:30:42.401+0000] {processor.py:840} INFO - DAG(s) 'example_branch_labels' retrieved from /home/airflow/.local/lib/python3.12/site-packages/airflow/example_dags/example_branch_labels.py
[2024-05-08T03:30:42.483+0000] {logging_mixin.py:188} INFO - [2024-05-08T03:30:42.483+0000] {dag.py:3096} INFO - Sync 1 DAGs
[2024-05-08T03:30:42.626+0000] {logging_mixin.py:188} INFO - [2024-05-08T03:30:42.625+0000] {dag.py:3954} INFO - Setting next_dagrun for example_branch_labels to 2024-05-07 00:00:00+00:00, run_after=2024-05-08 00:00:00+00:00
[2024-05-08T03:30:42.872+0000] {processor.py:183} INFO - Processing /home/airflow/.local/lib/python3.12/site-packages/airflow/example_dags/example_branch_labels.py took 0.516 seconds
[2024-05-08T03:31:12.992+0000] {processor.py:161} INFO - Started process (PID=699) to work on /home/airflow/.local/lib/python3.12/site-packages/airflow/example_dags/example_branch_labels.py
[2024-05-08T03:31:12.996+0000] {processor.py:830} INFO - Processing file /home/airflow/.local/lib/python3.12/site-packages/airflow/example_dags/example_branch_labels.py for tasks to queue
[2024-05-08T03:31:12.999+0000] {logging_mixin.py:188} INFO - [2024-05-08T03:31:12.998+0000] {dagbag.py:540} INFO - Filling up the DagBag from /home/airflow/.local/lib/python3.12/site-packages/airflow/example_dags/example_branch_labels.py
[2024-05-08T03:31:13.021+0000] {processor.py:840} INFO - DAG(s) 'example_branch_labels' retrieved from /home/airflow/.local/lib/python3.12/site-packages/airflow/example_dags/example_branch_labels.py
[2024-05-08T03:31:13.063+0000] {logging_mixin.py:188} INFO - [2024-05-08T03:31:13.063+0000] {dag.py:3096} INFO - Sync 1 DAGs
[2024-05-08T03:31:13.121+0000] {logging_mixin.py:188} INFO - [2024-05-08T03:31:13.120+0000] {dag.py:3954} INFO - Setting next_dagrun for example_branch_labels to 2024-05-07 00:00:00+00:00, run_after=2024-05-08 00:00:00+00:00
[2024-05-08T03:31:13.182+0000] {processor.py:183} INFO - Processing /home/airflow/.local/lib/python3.12/site-packages/airflow/example_dags/example_branch_labels.py took 0.201 seconds
[2024-05-08T03:31:43.380+0000] {processor.py:161} INFO - Started process (PID=760) to work on /home/airflow/.local/lib/python3.12/site-packages/airflow/example_dags/example_branch_labels.py
[2024-05-08T03:31:43.382+0000] {processor.py:830} INFO - Processing file /home/airflow/.local/lib/python3.12/site-packages/airflow/example_dags/example_branch_labels.py for tasks to queue
[2024-05-08T03:31:43.385+0000] {logging_mixin.py:188} INFO - [2024-05-08T03:31:43.384+0000] {dagbag.py:540} INFO - Filling up the DagBag from /home/airflow/.local/lib/python3.12/site-packages/airflow/example_dags/example_branch_labels.py
[2024-05-08T03:31:43.400+0000] {processor.py:840} INFO - DAG(s) 'example_branch_labels' retrieved from /home/airflow/.local/lib/python3.12/site-packages/airflow/example_dags/example_branch_labels.py
[2024-05-08T03:31:43.433+0000] {logging_mixin.py:188} INFO - [2024-05-08T03:31:43.433+0000] {dag.py:3096} INFO - Sync 1 DAGs
[2024-05-08T03:31:43.491+0000] {logging_mixin.py:188} INFO - [2024-05-08T03:31:43.490+0000] {dag.py:3954} INFO - Setting next_dagrun for example_branch_labels to 2024-05-07 00:00:00+00:00, run_after=2024-05-08 00:00:00+00:00
[2024-05-08T03:31:43.527+0000] {processor.py:183} INFO - Processing /home/airflow/.local/lib/python3.12/site-packages/airflow/example_dags/example_branch_labels.py took 0.160 seconds
[2024-05-08T03:32:27.180+0000] {processor.py:161} INFO - Started process (PID=821) to work on /home/airflow/.local/lib/python3.12/site-packages/airflow/example_dags/example_branch_labels.py
[2024-05-08T03:32:27.194+0000] {processor.py:830} INFO - Processing file /home/airflow/.local/lib/python3.12/site-packages/airflow/example_dags/example_branch_labels.py for tasks to queue
[2024-05-08T03:32:27.200+0000] {logging_mixin.py:188} INFO - [2024-05-08T03:32:27.199+0000] {dagbag.py:540} INFO - Filling up the DagBag from /home/airflow/.local/lib/python3.12/site-packages/airflow/example_dags/example_branch_labels.py
[2024-05-08T03:32:27.239+0000] {processor.py:840} INFO - DAG(s) 'example_branch_labels' retrieved from /home/airflow/.local/lib/python3.12/site-packages/airflow/example_dags/example_branch_labels.py
[2024-05-08T03:32:27.389+0000] {logging_mixin.py:188} INFO - [2024-05-08T03:32:27.388+0000] {dag.py:3096} INFO - Sync 1 DAGs
[2024-05-08T03:32:27.538+0000] {logging_mixin.py:188} INFO - [2024-05-08T03:32:27.537+0000] {dag.py:3954} INFO - Setting next_dagrun for example_branch_labels to 2024-05-07 00:00:00+00:00, run_after=2024-05-08 00:00:00+00:00
[2024-05-08T03:32:27.661+0000] {processor.py:183} INFO - Processing /home/airflow/.local/lib/python3.12/site-packages/airflow/example_dags/example_branch_labels.py took 0.520 seconds
[2024-05-08T03:32:58.061+0000] {processor.py:161} INFO - Started process (PID=882) to work on /home/airflow/.local/lib/python3.12/site-packages/airflow/example_dags/example_branch_labels.py
[2024-05-08T03:32:58.064+0000] {processor.py:830} INFO - Processing file /home/airflow/.local/lib/python3.12/site-packages/airflow/example_dags/example_branch_labels.py for tasks to queue
[2024-05-08T03:32:58.079+0000] {logging_mixin.py:188} INFO - [2024-05-08T03:32:58.078+0000] {dagbag.py:540} INFO - Filling up the DagBag from /home/airflow/.local/lib/python3.12/site-packages/airflow/example_dags/example_branch_labels.py
[2024-05-08T03:32:58.102+0000] {processor.py:840} INFO - DAG(s) 'example_branch_labels' retrieved from /home/airflow/.local/lib/python3.12/site-packages/airflow/example_dags/example_branch_labels.py
[2024-05-08T03:32:58.153+0000] {logging_mixin.py:188} INFO - [2024-05-08T03:32:58.152+0000] {dag.py:3096} INFO - Sync 1 DAGs
[2024-05-08T03:32:58.215+0000] {logging_mixin.py:188} INFO - [2024-05-08T03:32:58.214+0000] {dag.py:3954} INFO - Setting next_dagrun for example_branch_labels to 2024-05-07 00:00:00+00:00, run_after=2024-05-08 00:00:00+00:00
[2024-05-08T03:32:58.263+0000] {processor.py:183} INFO - Processing /home/airflow/.local/lib/python3.12/site-packages/airflow/example_dags/example_branch_labels.py took 0.228 seconds
[2024-05-08T03:33:28.512+0000] {processor.py:161} INFO - Started process (PID=944) to work on /home/airflow/.local/lib/python3.12/site-packages/airflow/example_dags/example_branch_labels.py
[2024-05-08T03:33:28.515+0000] {processor.py:830} INFO - Processing file /home/airflow/.local/lib/python3.12/site-packages/airflow/example_dags/example_branch_labels.py for tasks to queue
[2024-05-08T03:33:28.526+0000] {logging_mixin.py:188} INFO - [2024-05-08T03:33:28.525+0000] {dagbag.py:540} INFO - Filling up the DagBag from /home/airflow/.local/lib/python3.12/site-packages/airflow/example_dags/example_branch_labels.py
[2024-05-08T03:33:28.558+0000] {processor.py:840} INFO - DAG(s) 'example_branch_labels' retrieved from /home/airflow/.local/lib/python3.12/site-packages/airflow/example_dags/example_branch_labels.py
[2024-05-08T03:33:28.637+0000] {logging_mixin.py:188} INFO - [2024-05-08T03:33:28.636+0000] {dag.py:3096} INFO - Sync 1 DAGs
[2024-05-08T03:33:28.716+0000] {logging_mixin.py:188} INFO - [2024-05-08T03:33:28.715+0000] {dag.py:3954} INFO - Setting next_dagrun for example_branch_labels to 2024-05-07 00:00:00+00:00, run_after=2024-05-08 00:00:00+00:00
[2024-05-08T03:33:28.780+0000] {processor.py:183} INFO - Processing /home/airflow/.local/lib/python3.12/site-packages/airflow/example_dags/example_branch_labels.py took 0.293 seconds
[2024-05-08T03:41:50.083+0000] {processor.py:161} INFO - Started process (PID=1011) to work on /home/airflow/.local/lib/python3.12/site-packages/airflow/example_dags/example_branch_labels.py
[2024-05-08T03:41:50.087+0000] {processor.py:830} INFO - Processing file /home/airflow/.local/lib/python3.12/site-packages/airflow/example_dags/example_branch_labels.py for tasks to queue
[2024-05-08T03:41:50.091+0000] {logging_mixin.py:188} INFO - [2024-05-08T03:41:50.089+0000] {dagbag.py:540} INFO - Filling up the DagBag from /home/airflow/.local/lib/python3.12/site-packages/airflow/example_dags/example_branch_labels.py
[2024-05-08T03:41:50.135+0000] {processor.py:840} INFO - DAG(s) 'example_branch_labels' retrieved from /home/airflow/.local/lib/python3.12/site-packages/airflow/example_dags/example_branch_labels.py
[2024-05-08T03:41:50.215+0000] {logging_mixin.py:188} INFO - [2024-05-08T03:41:50.214+0000] {dag.py:3096} INFO - Sync 1 DAGs
[2024-05-08T03:41:50.287+0000] {logging_mixin.py:188} INFO - [2024-05-08T03:41:50.286+0000] {dag.py:3954} INFO - Setting next_dagrun for example_branch_labels to 2024-05-07 00:00:00+00:00, run_after=2024-05-08 00:00:00+00:00
[2024-05-08T03:41:50.364+0000] {processor.py:183} INFO - Processing /home/airflow/.local/lib/python3.12/site-packages/airflow/example_dags/example_branch_labels.py took 0.303 seconds
[2024-05-08T03:42:21.777+0000] {processor.py:161} INFO - Started process (PID=1072) to work on /home/airflow/.local/lib/python3.12/site-packages/airflow/example_dags/example_branch_labels.py
[2024-05-08T03:42:21.779+0000] {processor.py:830} INFO - Processing file /home/airflow/.local/lib/python3.12/site-packages/airflow/example_dags/example_branch_labels.py for tasks to queue
[2024-05-08T03:42:21.782+0000] {logging_mixin.py:188} INFO - [2024-05-08T03:42:21.781+0000] {dagbag.py:540} INFO - Filling up the DagBag from /home/airflow/.local/lib/python3.12/site-packages/airflow/example_dags/example_branch_labels.py
[2024-05-08T03:42:21.801+0000] {processor.py:840} INFO - DAG(s) 'example_branch_labels' retrieved from /home/airflow/.local/lib/python3.12/site-packages/airflow/example_dags/example_branch_labels.py
[2024-05-08T03:42:21.846+0000] {logging_mixin.py:188} INFO - [2024-05-08T03:42:21.845+0000] {dag.py:3096} INFO - Sync 1 DAGs
[2024-05-08T03:42:22.132+0000] {logging_mixin.py:188} INFO - [2024-05-08T03:42:22.132+0000] {dag.py:3954} INFO - Setting next_dagrun for example_branch_labels to 2024-05-07 00:00:00+00:00, run_after=2024-05-08 00:00:00+00:00
[2024-05-08T03:42:22.226+0000] {processor.py:183} INFO - Processing /home/airflow/.local/lib/python3.12/site-packages/airflow/example_dags/example_branch_labels.py took 0.459 seconds
