[2024-05-08T03:25:24.240+0000] {processor.py:161} INFO - Started process (PID=62) to work on /home/airflow/.local/lib/python3.12/site-packages/airflow/example_dags/example_xcomargs.py
[2024-05-08T03:25:24.278+0000] {processor.py:830} INFO - Processing file /home/airflow/.local/lib/python3.12/site-packages/airflow/example_dags/example_xcomargs.py for tasks to queue
[2024-05-08T03:25:24.351+0000] {logging_mixin.py:188} INFO - [2024-05-08T03:25:24.349+0000] {dagbag.py:540} INFO - Filling up the DagBag from /home/airflow/.local/lib/python3.12/site-packages/airflow/example_dags/example_xcomargs.py
[2024-05-08T03:25:24.434+0000] {processor.py:840} INFO - DAG(s) 'example_xcom_args', 'example_xcom_args_with_operators' retrieved from /home/airflow/.local/lib/python3.12/site-packages/airflow/example_dags/example_xcomargs.py
[2024-05-08T03:25:25.061+0000] {logging_mixin.py:188} INFO - [2024-05-08T03:25:25.060+0000] {dag.py:3096} INFO - Sync 2 DAGs
[2024-05-08T03:25:25.165+0000] {logging_mixin.py:188} INFO - [2024-05-08T03:25:25.164+0000] {dag.py:3954} INFO - Setting next_dagrun for example_xcom_args to None, run_after=None
[2024-05-08T03:25:25.178+0000] {logging_mixin.py:188} INFO - [2024-05-08T03:25:25.177+0000] {dag.py:3954} INFO - Setting next_dagrun for example_xcom_args_with_operators to None, run_after=None
[2024-05-08T03:25:25.251+0000] {processor.py:183} INFO - Processing /home/airflow/.local/lib/python3.12/site-packages/airflow/example_dags/example_xcomargs.py took 1.058 seconds
[2024-05-08T03:26:33.193+0000] {processor.py:161} INFO - Started process (PID=137) to work on /home/airflow/.local/lib/python3.12/site-packages/airflow/example_dags/example_xcomargs.py
[2024-05-08T03:26:33.200+0000] {processor.py:830} INFO - Processing file /home/airflow/.local/lib/python3.12/site-packages/airflow/example_dags/example_xcomargs.py for tasks to queue
[2024-05-08T03:26:33.213+0000] {logging_mixin.py:188} INFO - [2024-05-08T03:26:33.211+0000] {dagbag.py:540} INFO - Filling up the DagBag from /home/airflow/.local/lib/python3.12/site-packages/airflow/example_dags/example_xcomargs.py
[2024-05-08T03:26:33.267+0000] {processor.py:840} INFO - DAG(s) 'example_xcom_args_with_operators', 'example_xcom_args' retrieved from /home/airflow/.local/lib/python3.12/site-packages/airflow/example_dags/example_xcomargs.py
[2024-05-08T03:26:33.441+0000] {logging_mixin.py:188} INFO - [2024-05-08T03:26:33.440+0000] {dag.py:3096} INFO - Sync 2 DAGs
[2024-05-08T03:26:33.556+0000] {logging_mixin.py:188} INFO - [2024-05-08T03:26:33.555+0000] {dag.py:3954} INFO - Setting next_dagrun for example_xcom_args to None, run_after=None
[2024-05-08T03:26:33.619+0000] {logging_mixin.py:188} INFO - [2024-05-08T03:26:33.619+0000] {dag.py:3954} INFO - Setting next_dagrun for example_xcom_args_with_operators to None, run_after=None
[2024-05-08T03:26:33.741+0000] {processor.py:183} INFO - Processing /home/airflow/.local/lib/python3.12/site-packages/airflow/example_dags/example_xcomargs.py took 0.571 seconds
[2024-05-08T03:27:04.140+0000] {processor.py:161} INFO - Started process (PID=202) to work on /home/airflow/.local/lib/python3.12/site-packages/airflow/example_dags/example_xcomargs.py
[2024-05-08T03:27:04.143+0000] {processor.py:830} INFO - Processing file /home/airflow/.local/lib/python3.12/site-packages/airflow/example_dags/example_xcomargs.py for tasks to queue
[2024-05-08T03:27:04.147+0000] {logging_mixin.py:188} INFO - [2024-05-08T03:27:04.147+0000] {dagbag.py:540} INFO - Filling up the DagBag from /home/airflow/.local/lib/python3.12/site-packages/airflow/example_dags/example_xcomargs.py
[2024-05-08T03:27:04.189+0000] {processor.py:840} INFO - DAG(s) 'example_xcom_args_with_operators', 'example_xcom_args' retrieved from /home/airflow/.local/lib/python3.12/site-packages/airflow/example_dags/example_xcomargs.py
[2024-05-08T03:27:04.275+0000] {logging_mixin.py:188} INFO - [2024-05-08T03:27:04.274+0000] {dag.py:3096} INFO - Sync 2 DAGs
[2024-05-08T03:27:04.315+0000] {logging_mixin.py:188} INFO - [2024-05-08T03:27:04.314+0000] {dag.py:3954} INFO - Setting next_dagrun for example_xcom_args to None, run_after=None
[2024-05-08T03:27:04.328+0000] {logging_mixin.py:188} INFO - [2024-05-08T03:27:04.327+0000] {dag.py:3954} INFO - Setting next_dagrun for example_xcom_args_with_operators to None, run_after=None
[2024-05-08T03:27:04.379+0000] {processor.py:183} INFO - Processing /home/airflow/.local/lib/python3.12/site-packages/airflow/example_dags/example_xcomargs.py took 0.253 seconds
[2024-05-08T03:27:34.612+0000] {processor.py:161} INFO - Started process (PID=261) to work on /home/airflow/.local/lib/python3.12/site-packages/airflow/example_dags/example_xcomargs.py
[2024-05-08T03:27:34.614+0000] {processor.py:830} INFO - Processing file /home/airflow/.local/lib/python3.12/site-packages/airflow/example_dags/example_xcomargs.py for tasks to queue
[2024-05-08T03:27:34.617+0000] {logging_mixin.py:188} INFO - [2024-05-08T03:27:34.617+0000] {dagbag.py:540} INFO - Filling up the DagBag from /home/airflow/.local/lib/python3.12/site-packages/airflow/example_dags/example_xcomargs.py
[2024-05-08T03:27:34.632+0000] {processor.py:840} INFO - DAG(s) 'example_xcom_args', 'example_xcom_args_with_operators' retrieved from /home/airflow/.local/lib/python3.12/site-packages/airflow/example_dags/example_xcomargs.py
[2024-05-08T03:27:34.680+0000] {logging_mixin.py:188} INFO - [2024-05-08T03:27:34.680+0000] {dag.py:3096} INFO - Sync 2 DAGs
[2024-05-08T03:27:34.714+0000] {logging_mixin.py:188} INFO - [2024-05-08T03:27:34.714+0000] {dag.py:3954} INFO - Setting next_dagrun for example_xcom_args to None, run_after=None
[2024-05-08T03:27:34.724+0000] {logging_mixin.py:188} INFO - [2024-05-08T03:27:34.724+0000] {dag.py:3954} INFO - Setting next_dagrun for example_xcom_args_with_operators to None, run_after=None
[2024-05-08T03:27:34.765+0000] {processor.py:183} INFO - Processing /home/airflow/.local/lib/python3.12/site-packages/airflow/example_dags/example_xcomargs.py took 0.163 seconds
[2024-05-08T03:28:05.746+0000] {processor.py:161} INFO - Started process (PID=322) to work on /home/airflow/.local/lib/python3.12/site-packages/airflow/example_dags/example_xcomargs.py
[2024-05-08T03:28:05.760+0000] {processor.py:830} INFO - Processing file /home/airflow/.local/lib/python3.12/site-packages/airflow/example_dags/example_xcomargs.py for tasks to queue
[2024-05-08T03:28:05.766+0000] {logging_mixin.py:188} INFO - [2024-05-08T03:28:05.765+0000] {dagbag.py:540} INFO - Filling up the DagBag from /home/airflow/.local/lib/python3.12/site-packages/airflow/example_dags/example_xcomargs.py
[2024-05-08T03:28:05.808+0000] {processor.py:840} INFO - DAG(s) 'example_xcom_args', 'example_xcom_args_with_operators' retrieved from /home/airflow/.local/lib/python3.12/site-packages/airflow/example_dags/example_xcomargs.py
[2024-05-08T03:28:05.956+0000] {logging_mixin.py:188} INFO - [2024-05-08T03:28:05.955+0000] {dag.py:3096} INFO - Sync 2 DAGs
[2024-05-08T03:28:06.058+0000] {logging_mixin.py:188} INFO - [2024-05-08T03:28:06.057+0000] {dag.py:3954} INFO - Setting next_dagrun for example_xcom_args to None, run_after=None
[2024-05-08T03:28:06.079+0000] {logging_mixin.py:188} INFO - [2024-05-08T03:28:06.078+0000] {dag.py:3954} INFO - Setting next_dagrun for example_xcom_args_with_operators to None, run_after=None
[2024-05-08T03:28:06.221+0000] {processor.py:183} INFO - Processing /home/airflow/.local/lib/python3.12/site-packages/airflow/example_dags/example_xcomargs.py took 0.501 seconds
[2024-05-08T03:28:36.416+0000] {processor.py:161} INFO - Started process (PID=383) to work on /home/airflow/.local/lib/python3.12/site-packages/airflow/example_dags/example_xcomargs.py
[2024-05-08T03:28:36.420+0000] {processor.py:830} INFO - Processing file /home/airflow/.local/lib/python3.12/site-packages/airflow/example_dags/example_xcomargs.py for tasks to queue
[2024-05-08T03:28:36.427+0000] {logging_mixin.py:188} INFO - [2024-05-08T03:28:36.425+0000] {dagbag.py:540} INFO - Filling up the DagBag from /home/airflow/.local/lib/python3.12/site-packages/airflow/example_dags/example_xcomargs.py
[2024-05-08T03:28:36.450+0000] {processor.py:840} INFO - DAG(s) 'example_xcom_args', 'example_xcom_args_with_operators' retrieved from /home/airflow/.local/lib/python3.12/site-packages/airflow/example_dags/example_xcomargs.py
[2024-05-08T03:28:36.507+0000] {logging_mixin.py:188} INFO - [2024-05-08T03:28:36.507+0000] {dag.py:3096} INFO - Sync 2 DAGs
[2024-05-08T03:28:36.526+0000] {logging_mixin.py:188} INFO - [2024-05-08T03:28:36.526+0000] {dag.py:3954} INFO - Setting next_dagrun for example_xcom_args to None, run_after=None
[2024-05-08T03:28:36.533+0000] {logging_mixin.py:188} INFO - [2024-05-08T03:28:36.532+0000] {dag.py:3954} INFO - Setting next_dagrun for example_xcom_args_with_operators to None, run_after=None
[2024-05-08T03:28:36.559+0000] {processor.py:183} INFO - Processing /home/airflow/.local/lib/python3.12/site-packages/airflow/example_dags/example_xcomargs.py took 0.163 seconds
[2024-05-08T03:29:06.693+0000] {processor.py:161} INFO - Started process (PID=444) to work on /home/airflow/.local/lib/python3.12/site-packages/airflow/example_dags/example_xcomargs.py
[2024-05-08T03:29:06.694+0000] {processor.py:830} INFO - Processing file /home/airflow/.local/lib/python3.12/site-packages/airflow/example_dags/example_xcomargs.py for tasks to queue
[2024-05-08T03:29:06.697+0000] {logging_mixin.py:188} INFO - [2024-05-08T03:29:06.696+0000] {dagbag.py:540} INFO - Filling up the DagBag from /home/airflow/.local/lib/python3.12/site-packages/airflow/example_dags/example_xcomargs.py
[2024-05-08T03:29:06.708+0000] {processor.py:840} INFO - DAG(s) 'example_xcom_args', 'example_xcom_args_with_operators' retrieved from /home/airflow/.local/lib/python3.12/site-packages/airflow/example_dags/example_xcomargs.py
[2024-05-08T03:29:06.747+0000] {logging_mixin.py:188} INFO - [2024-05-08T03:29:06.747+0000] {dag.py:3096} INFO - Sync 2 DAGs
[2024-05-08T03:29:06.767+0000] {logging_mixin.py:188} INFO - [2024-05-08T03:29:06.767+0000] {dag.py:3954} INFO - Setting next_dagrun for example_xcom_args to None, run_after=None
[2024-05-08T03:29:06.774+0000] {logging_mixin.py:188} INFO - [2024-05-08T03:29:06.774+0000] {dag.py:3954} INFO - Setting next_dagrun for example_xcom_args_with_operators to None, run_after=None
[2024-05-08T03:29:06.800+0000] {processor.py:183} INFO - Processing /home/airflow/.local/lib/python3.12/site-packages/airflow/example_dags/example_xcomargs.py took 0.117 seconds
[2024-05-08T03:29:37.558+0000] {processor.py:161} INFO - Started process (PID=505) to work on /home/airflow/.local/lib/python3.12/site-packages/airflow/example_dags/example_xcomargs.py
[2024-05-08T03:29:37.560+0000] {processor.py:830} INFO - Processing file /home/airflow/.local/lib/python3.12/site-packages/airflow/example_dags/example_xcomargs.py for tasks to queue
[2024-05-08T03:29:37.564+0000] {logging_mixin.py:188} INFO - [2024-05-08T03:29:37.563+0000] {dagbag.py:540} INFO - Filling up the DagBag from /home/airflow/.local/lib/python3.12/site-packages/airflow/example_dags/example_xcomargs.py
[2024-05-08T03:29:37.589+0000] {processor.py:840} INFO - DAG(s) 'example_xcom_args', 'example_xcom_args_with_operators' retrieved from /home/airflow/.local/lib/python3.12/site-packages/airflow/example_dags/example_xcomargs.py
[2024-05-08T03:29:37.653+0000] {logging_mixin.py:188} INFO - [2024-05-08T03:29:37.652+0000] {dag.py:3096} INFO - Sync 2 DAGs
[2024-05-08T03:29:37.727+0000] {logging_mixin.py:188} INFO - [2024-05-08T03:29:37.727+0000] {dag.py:3954} INFO - Setting next_dagrun for example_xcom_args to None, run_after=None
[2024-05-08T03:29:37.740+0000] {logging_mixin.py:188} INFO - [2024-05-08T03:29:37.737+0000] {dag.py:3954} INFO - Setting next_dagrun for example_xcom_args_with_operators to None, run_after=None
[2024-05-08T03:29:37.784+0000] {processor.py:183} INFO - Processing /home/airflow/.local/lib/python3.12/site-packages/airflow/example_dags/example_xcomargs.py took 0.237 seconds
[2024-05-08T03:30:08.165+0000] {processor.py:161} INFO - Started process (PID=566) to work on /home/airflow/.local/lib/python3.12/site-packages/airflow/example_dags/example_xcomargs.py
[2024-05-08T03:30:08.167+0000] {processor.py:830} INFO - Processing file /home/airflow/.local/lib/python3.12/site-packages/airflow/example_dags/example_xcomargs.py for tasks to queue
[2024-05-08T03:30:08.173+0000] {logging_mixin.py:188} INFO - [2024-05-08T03:30:08.173+0000] {dagbag.py:540} INFO - Filling up the DagBag from /home/airflow/.local/lib/python3.12/site-packages/airflow/example_dags/example_xcomargs.py
[2024-05-08T03:30:08.197+0000] {processor.py:840} INFO - DAG(s) 'example_xcom_args', 'example_xcom_args_with_operators' retrieved from /home/airflow/.local/lib/python3.12/site-packages/airflow/example_dags/example_xcomargs.py
[2024-05-08T03:30:08.252+0000] {logging_mixin.py:188} INFO - [2024-05-08T03:30:08.251+0000] {dag.py:3096} INFO - Sync 2 DAGs
[2024-05-08T03:30:08.297+0000] {logging_mixin.py:188} INFO - [2024-05-08T03:30:08.296+0000] {dag.py:3954} INFO - Setting next_dagrun for example_xcom_args to None, run_after=None
[2024-05-08T03:30:08.306+0000] {logging_mixin.py:188} INFO - [2024-05-08T03:30:08.306+0000] {dag.py:3954} INFO - Setting next_dagrun for example_xcom_args_with_operators to None, run_after=None
[2024-05-08T03:30:08.358+0000] {processor.py:183} INFO - Processing /home/airflow/.local/lib/python3.12/site-packages/airflow/example_dags/example_xcomargs.py took 0.205 seconds
[2024-05-08T03:30:38.892+0000] {processor.py:161} INFO - Started process (PID=627) to work on /home/airflow/.local/lib/python3.12/site-packages/airflow/example_dags/example_xcomargs.py
[2024-05-08T03:30:38.894+0000] {processor.py:830} INFO - Processing file /home/airflow/.local/lib/python3.12/site-packages/airflow/example_dags/example_xcomargs.py for tasks to queue
[2024-05-08T03:30:38.897+0000] {logging_mixin.py:188} INFO - [2024-05-08T03:30:38.897+0000] {dagbag.py:540} INFO - Filling up the DagBag from /home/airflow/.local/lib/python3.12/site-packages/airflow/example_dags/example_xcomargs.py
[2024-05-08T03:30:38.912+0000] {processor.py:840} INFO - DAG(s) 'example_xcom_args', 'example_xcom_args_with_operators' retrieved from /home/airflow/.local/lib/python3.12/site-packages/airflow/example_dags/example_xcomargs.py
[2024-05-08T03:30:38.945+0000] {logging_mixin.py:188} INFO - [2024-05-08T03:30:38.945+0000] {dag.py:3096} INFO - Sync 2 DAGs
[2024-05-08T03:30:38.962+0000] {logging_mixin.py:188} INFO - [2024-05-08T03:30:38.962+0000] {dag.py:3954} INFO - Setting next_dagrun for example_xcom_args to None, run_after=None
[2024-05-08T03:30:38.968+0000] {logging_mixin.py:188} INFO - [2024-05-08T03:30:38.967+0000] {dag.py:3954} INFO - Setting next_dagrun for example_xcom_args_with_operators to None, run_after=None
[2024-05-08T03:30:39.063+0000] {processor.py:183} INFO - Processing /home/airflow/.local/lib/python3.12/site-packages/airflow/example_dags/example_xcomargs.py took 0.182 seconds
[2024-05-08T03:31:09.264+0000] {processor.py:161} INFO - Started process (PID=689) to work on /home/airflow/.local/lib/python3.12/site-packages/airflow/example_dags/example_xcomargs.py
[2024-05-08T03:31:09.266+0000] {processor.py:830} INFO - Processing file /home/airflow/.local/lib/python3.12/site-packages/airflow/example_dags/example_xcomargs.py for tasks to queue
[2024-05-08T03:31:09.269+0000] {logging_mixin.py:188} INFO - [2024-05-08T03:31:09.268+0000] {dagbag.py:540} INFO - Filling up the DagBag from /home/airflow/.local/lib/python3.12/site-packages/airflow/example_dags/example_xcomargs.py
[2024-05-08T03:31:09.283+0000] {processor.py:840} INFO - DAG(s) 'example_xcom_args', 'example_xcom_args_with_operators' retrieved from /home/airflow/.local/lib/python3.12/site-packages/airflow/example_dags/example_xcomargs.py
[2024-05-08T03:31:09.328+0000] {logging_mixin.py:188} INFO - [2024-05-08T03:31:09.327+0000] {dag.py:3096} INFO - Sync 2 DAGs
[2024-05-08T03:31:09.348+0000] {logging_mixin.py:188} INFO - [2024-05-08T03:31:09.347+0000] {dag.py:3954} INFO - Setting next_dagrun for example_xcom_args to None, run_after=None
[2024-05-08T03:31:09.356+0000] {logging_mixin.py:188} INFO - [2024-05-08T03:31:09.355+0000] {dag.py:3954} INFO - Setting next_dagrun for example_xcom_args_with_operators to None, run_after=None
[2024-05-08T03:31:09.384+0000] {processor.py:183} INFO - Processing /home/airflow/.local/lib/python3.12/site-packages/airflow/example_dags/example_xcomargs.py took 0.131 seconds
[2024-05-08T03:31:40.105+0000] {processor.py:161} INFO - Started process (PID=750) to work on /home/airflow/.local/lib/python3.12/site-packages/airflow/example_dags/example_xcomargs.py
[2024-05-08T03:31:40.109+0000] {processor.py:830} INFO - Processing file /home/airflow/.local/lib/python3.12/site-packages/airflow/example_dags/example_xcomargs.py for tasks to queue
[2024-05-08T03:31:40.115+0000] {logging_mixin.py:188} INFO - [2024-05-08T03:31:40.115+0000] {dagbag.py:540} INFO - Filling up the DagBag from /home/airflow/.local/lib/python3.12/site-packages/airflow/example_dags/example_xcomargs.py
[2024-05-08T03:31:40.137+0000] {processor.py:840} INFO - DAG(s) 'example_xcom_args_with_operators', 'example_xcom_args' retrieved from /home/airflow/.local/lib/python3.12/site-packages/airflow/example_dags/example_xcomargs.py
[2024-05-08T03:31:40.213+0000] {logging_mixin.py:188} INFO - [2024-05-08T03:31:40.212+0000] {dag.py:3096} INFO - Sync 2 DAGs
[2024-05-08T03:31:40.237+0000] {logging_mixin.py:188} INFO - [2024-05-08T03:31:40.236+0000] {dag.py:3954} INFO - Setting next_dagrun for example_xcom_args to None, run_after=None
[2024-05-08T03:31:40.243+0000] {logging_mixin.py:188} INFO - [2024-05-08T03:31:40.243+0000] {dag.py:3954} INFO - Setting next_dagrun for example_xcom_args_with_operators to None, run_after=None
[2024-05-08T03:31:40.296+0000] {processor.py:183} INFO - Processing /home/airflow/.local/lib/python3.12/site-packages/airflow/example_dags/example_xcomargs.py took 0.209 seconds
[2024-05-08T03:32:25.539+0000] {processor.py:161} INFO - Started process (PID=817) to work on /home/airflow/.local/lib/python3.12/site-packages/airflow/example_dags/example_xcomargs.py
[2024-05-08T03:32:25.546+0000] {processor.py:830} INFO - Processing file /home/airflow/.local/lib/python3.12/site-packages/airflow/example_dags/example_xcomargs.py for tasks to queue
[2024-05-08T03:32:25.558+0000] {logging_mixin.py:188} INFO - [2024-05-08T03:32:25.557+0000] {dagbag.py:540} INFO - Filling up the DagBag from /home/airflow/.local/lib/python3.12/site-packages/airflow/example_dags/example_xcomargs.py
[2024-05-08T03:32:25.751+0000] {processor.py:840} INFO - DAG(s) 'example_xcom_args', 'example_xcom_args_with_operators' retrieved from /home/airflow/.local/lib/python3.12/site-packages/airflow/example_dags/example_xcomargs.py
[2024-05-08T03:32:25.825+0000] {logging_mixin.py:188} INFO - [2024-05-08T03:32:25.824+0000] {dag.py:3096} INFO - Sync 2 DAGs
[2024-05-08T03:32:25.911+0000] {logging_mixin.py:188} INFO - [2024-05-08T03:32:25.910+0000] {dag.py:3954} INFO - Setting next_dagrun for example_xcom_args to None, run_after=None
[2024-05-08T03:32:25.926+0000] {logging_mixin.py:188} INFO - [2024-05-08T03:32:25.925+0000] {dag.py:3954} INFO - Setting next_dagrun for example_xcom_args_with_operators to None, run_after=None
[2024-05-08T03:32:26.013+0000] {processor.py:183} INFO - Processing /home/airflow/.local/lib/python3.12/site-packages/airflow/example_dags/example_xcomargs.py took 0.513 seconds
[2024-05-08T03:32:56.294+0000] {processor.py:161} INFO - Started process (PID=877) to work on /home/airflow/.local/lib/python3.12/site-packages/airflow/example_dags/example_xcomargs.py
[2024-05-08T03:32:56.297+0000] {processor.py:830} INFO - Processing file /home/airflow/.local/lib/python3.12/site-packages/airflow/example_dags/example_xcomargs.py for tasks to queue
[2024-05-08T03:32:56.301+0000] {logging_mixin.py:188} INFO - [2024-05-08T03:32:56.300+0000] {dagbag.py:540} INFO - Filling up the DagBag from /home/airflow/.local/lib/python3.12/site-packages/airflow/example_dags/example_xcomargs.py
[2024-05-08T03:32:56.325+0000] {processor.py:840} INFO - DAG(s) 'example_xcom_args', 'example_xcom_args_with_operators' retrieved from /home/airflow/.local/lib/python3.12/site-packages/airflow/example_dags/example_xcomargs.py
[2024-05-08T03:32:56.422+0000] {logging_mixin.py:188} INFO - [2024-05-08T03:32:56.422+0000] {dag.py:3096} INFO - Sync 2 DAGs
[2024-05-08T03:32:56.498+0000] {logging_mixin.py:188} INFO - [2024-05-08T03:32:56.496+0000] {dag.py:3954} INFO - Setting next_dagrun for example_xcom_args to None, run_after=None
[2024-05-08T03:32:56.514+0000] {logging_mixin.py:188} INFO - [2024-05-08T03:32:56.513+0000] {dag.py:3954} INFO - Setting next_dagrun for example_xcom_args_with_operators to None, run_after=None
[2024-05-08T03:32:56.570+0000] {processor.py:183} INFO - Processing /home/airflow/.local/lib/python3.12/site-packages/airflow/example_dags/example_xcomargs.py took 0.300 seconds
[2024-05-08T03:33:27.121+0000] {processor.py:161} INFO - Started process (PID=939) to work on /home/airflow/.local/lib/python3.12/site-packages/airflow/example_dags/example_xcomargs.py
[2024-05-08T03:33:27.132+0000] {processor.py:830} INFO - Processing file /home/airflow/.local/lib/python3.12/site-packages/airflow/example_dags/example_xcomargs.py for tasks to queue
[2024-05-08T03:33:27.136+0000] {logging_mixin.py:188} INFO - [2024-05-08T03:33:27.135+0000] {dagbag.py:540} INFO - Filling up the DagBag from /home/airflow/.local/lib/python3.12/site-packages/airflow/example_dags/example_xcomargs.py
[2024-05-08T03:33:27.184+0000] {processor.py:840} INFO - DAG(s) 'example_xcom_args_with_operators', 'example_xcom_args' retrieved from /home/airflow/.local/lib/python3.12/site-packages/airflow/example_dags/example_xcomargs.py
[2024-05-08T03:33:27.300+0000] {logging_mixin.py:188} INFO - [2024-05-08T03:33:27.300+0000] {dag.py:3096} INFO - Sync 2 DAGs
[2024-05-08T03:33:27.349+0000] {logging_mixin.py:188} INFO - [2024-05-08T03:33:27.349+0000] {dag.py:3954} INFO - Setting next_dagrun for example_xcom_args to None, run_after=None
[2024-05-08T03:33:27.364+0000] {logging_mixin.py:188} INFO - [2024-05-08T03:33:27.364+0000] {dag.py:3954} INFO - Setting next_dagrun for example_xcom_args_with_operators to None, run_after=None
[2024-05-08T03:33:27.482+0000] {processor.py:183} INFO - Processing /home/airflow/.local/lib/python3.12/site-packages/airflow/example_dags/example_xcomargs.py took 0.387 seconds
[2024-05-08T03:41:48.680+0000] {processor.py:161} INFO - Started process (PID=1007) to work on /home/airflow/.local/lib/python3.12/site-packages/airflow/example_dags/example_xcomargs.py
[2024-05-08T03:41:48.684+0000] {processor.py:830} INFO - Processing file /home/airflow/.local/lib/python3.12/site-packages/airflow/example_dags/example_xcomargs.py for tasks to queue
[2024-05-08T03:41:48.688+0000] {logging_mixin.py:188} INFO - [2024-05-08T03:41:48.687+0000] {dagbag.py:540} INFO - Filling up the DagBag from /home/airflow/.local/lib/python3.12/site-packages/airflow/example_dags/example_xcomargs.py
[2024-05-08T03:41:48.718+0000] {processor.py:840} INFO - DAG(s) 'example_xcom_args', 'example_xcom_args_with_operators' retrieved from /home/airflow/.local/lib/python3.12/site-packages/airflow/example_dags/example_xcomargs.py
[2024-05-08T03:41:48.816+0000] {logging_mixin.py:188} INFO - [2024-05-08T03:41:48.815+0000] {dag.py:3096} INFO - Sync 2 DAGs
[2024-05-08T03:41:49.284+0000] {logging_mixin.py:188} INFO - [2024-05-08T03:41:49.283+0000] {dag.py:3954} INFO - Setting next_dagrun for example_xcom_args to None, run_after=None
[2024-05-08T03:41:49.310+0000] {logging_mixin.py:188} INFO - [2024-05-08T03:41:49.309+0000] {dag.py:3954} INFO - Setting next_dagrun for example_xcom_args_with_operators to None, run_after=None
[2024-05-08T03:41:49.387+0000] {processor.py:183} INFO - Processing /home/airflow/.local/lib/python3.12/site-packages/airflow/example_dags/example_xcomargs.py took 0.724 seconds
[2024-05-08T03:42:20.846+0000] {processor.py:161} INFO - Started process (PID=1069) to work on /home/airflow/.local/lib/python3.12/site-packages/airflow/example_dags/example_xcomargs.py
[2024-05-08T03:42:20.848+0000] {processor.py:830} INFO - Processing file /home/airflow/.local/lib/python3.12/site-packages/airflow/example_dags/example_xcomargs.py for tasks to queue
[2024-05-08T03:42:20.850+0000] {logging_mixin.py:188} INFO - [2024-05-08T03:42:20.849+0000] {dagbag.py:540} INFO - Filling up the DagBag from /home/airflow/.local/lib/python3.12/site-packages/airflow/example_dags/example_xcomargs.py
[2024-05-08T03:42:20.866+0000] {processor.py:840} INFO - DAG(s) 'example_xcom_args', 'example_xcom_args_with_operators' retrieved from /home/airflow/.local/lib/python3.12/site-packages/airflow/example_dags/example_xcomargs.py
[2024-05-08T03:42:20.910+0000] {logging_mixin.py:188} INFO - [2024-05-08T03:42:20.909+0000] {dag.py:3096} INFO - Sync 2 DAGs
[2024-05-08T03:42:21.145+0000] {logging_mixin.py:188} INFO - [2024-05-08T03:42:21.144+0000] {dag.py:3954} INFO - Setting next_dagrun for example_xcom_args to None, run_after=None
[2024-05-08T03:42:21.150+0000] {logging_mixin.py:188} INFO - [2024-05-08T03:42:21.149+0000] {dag.py:3954} INFO - Setting next_dagrun for example_xcom_args_with_operators to None, run_after=None
[2024-05-08T03:42:21.260+0000] {processor.py:183} INFO - Processing /home/airflow/.local/lib/python3.12/site-packages/airflow/example_dags/example_xcomargs.py took 0.424 seconds
