[2024-05-08T03:26:08.897+0000] {processor.py:161} INFO - Started process (PID=106) to work on /home/airflow/.local/lib/python3.12/site-packages/airflow/example_dags/example_latest_only_with_trigger.py
[2024-05-08T03:26:09.003+0000] {processor.py:830} INFO - Processing file /home/airflow/.local/lib/python3.12/site-packages/airflow/example_dags/example_latest_only_with_trigger.py for tasks to queue
[2024-05-08T03:26:09.104+0000] {logging_mixin.py:188} INFO - [2024-05-08T03:26:09.101+0000] {dagbag.py:540} INFO - Filling up the DagBag from /home/airflow/.local/lib/python3.12/site-packages/airflow/example_dags/example_latest_only_with_trigger.py
[2024-05-08T03:26:09.251+0000] {processor.py:840} INFO - DAG(s) 'latest_only_with_trigger' retrieved from /home/airflow/.local/lib/python3.12/site-packages/airflow/example_dags/example_latest_only_with_trigger.py
[2024-05-08T03:26:11.939+0000] {logging_mixin.py:188} INFO - [2024-05-08T03:26:11.938+0000] {dag.py:3096} INFO - Sync 1 DAGs
[2024-05-08T03:26:12.147+0000] {logging_mixin.py:188} INFO - [2024-05-08T03:26:12.146+0000] {dag.py:3954} INFO - Setting next_dagrun for latest_only_with_trigger to 2024-05-07 20:00:00+00:00, run_after=2024-05-08 00:00:00+00:00
[2024-05-08T03:26:12.453+0000] {processor.py:183} INFO - Processing /home/airflow/.local/lib/python3.12/site-packages/airflow/example_dags/example_latest_only_with_trigger.py took 3.847 seconds
[2024-05-08T03:26:47.822+0000] {processor.py:161} INFO - Started process (PID=179) to work on /home/airflow/.local/lib/python3.12/site-packages/airflow/example_dags/example_latest_only_with_trigger.py
[2024-05-08T03:26:47.825+0000] {processor.py:830} INFO - Processing file /home/airflow/.local/lib/python3.12/site-packages/airflow/example_dags/example_latest_only_with_trigger.py for tasks to queue
[2024-05-08T03:26:47.838+0000] {logging_mixin.py:188} INFO - [2024-05-08T03:26:47.837+0000] {dagbag.py:540} INFO - Filling up the DagBag from /home/airflow/.local/lib/python3.12/site-packages/airflow/example_dags/example_latest_only_with_trigger.py
[2024-05-08T03:26:47.865+0000] {processor.py:840} INFO - DAG(s) 'latest_only_with_trigger' retrieved from /home/airflow/.local/lib/python3.12/site-packages/airflow/example_dags/example_latest_only_with_trigger.py
[2024-05-08T03:26:47.964+0000] {logging_mixin.py:188} INFO - [2024-05-08T03:26:47.955+0000] {dag.py:3096} INFO - Sync 1 DAGs
[2024-05-08T03:26:48.084+0000] {logging_mixin.py:188} INFO - [2024-05-08T03:26:48.083+0000] {dag.py:3954} INFO - Setting next_dagrun for latest_only_with_trigger to 2024-05-07 20:00:00+00:00, run_after=2024-05-08 00:00:00+00:00
[2024-05-08T03:26:48.170+0000] {processor.py:183} INFO - Processing /home/airflow/.local/lib/python3.12/site-packages/airflow/example_dags/example_latest_only_with_trigger.py took 0.384 seconds
[2024-05-08T03:27:19.108+0000] {processor.py:161} INFO - Started process (PID=240) to work on /home/airflow/.local/lib/python3.12/site-packages/airflow/example_dags/example_latest_only_with_trigger.py
[2024-05-08T03:27:19.111+0000] {processor.py:830} INFO - Processing file /home/airflow/.local/lib/python3.12/site-packages/airflow/example_dags/example_latest_only_with_trigger.py for tasks to queue
[2024-05-08T03:27:19.116+0000] {logging_mixin.py:188} INFO - [2024-05-08T03:27:19.115+0000] {dagbag.py:540} INFO - Filling up the DagBag from /home/airflow/.local/lib/python3.12/site-packages/airflow/example_dags/example_latest_only_with_trigger.py
[2024-05-08T03:27:19.129+0000] {processor.py:840} INFO - DAG(s) 'latest_only_with_trigger' retrieved from /home/airflow/.local/lib/python3.12/site-packages/airflow/example_dags/example_latest_only_with_trigger.py
[2024-05-08T03:27:19.175+0000] {logging_mixin.py:188} INFO - [2024-05-08T03:27:19.174+0000] {dag.py:3096} INFO - Sync 1 DAGs
[2024-05-08T03:27:19.227+0000] {logging_mixin.py:188} INFO - [2024-05-08T03:27:19.226+0000] {dag.py:3954} INFO - Setting next_dagrun for latest_only_with_trigger to 2024-05-07 20:00:00+00:00, run_after=2024-05-08 00:00:00+00:00
[2024-05-08T03:27:19.274+0000] {processor.py:183} INFO - Processing /home/airflow/.local/lib/python3.12/site-packages/airflow/example_dags/example_latest_only_with_trigger.py took 0.178 seconds
[2024-05-08T03:27:49.931+0000] {processor.py:161} INFO - Started process (PID=301) to work on /home/airflow/.local/lib/python3.12/site-packages/airflow/example_dags/example_latest_only_with_trigger.py
[2024-05-08T03:27:49.933+0000] {processor.py:830} INFO - Processing file /home/airflow/.local/lib/python3.12/site-packages/airflow/example_dags/example_latest_only_with_trigger.py for tasks to queue
[2024-05-08T03:27:49.939+0000] {logging_mixin.py:188} INFO - [2024-05-08T03:27:49.938+0000] {dagbag.py:540} INFO - Filling up the DagBag from /home/airflow/.local/lib/python3.12/site-packages/airflow/example_dags/example_latest_only_with_trigger.py
[2024-05-08T03:27:49.983+0000] {processor.py:840} INFO - DAG(s) 'latest_only_with_trigger' retrieved from /home/airflow/.local/lib/python3.12/site-packages/airflow/example_dags/example_latest_only_with_trigger.py
[2024-05-08T03:27:50.129+0000] {logging_mixin.py:188} INFO - [2024-05-08T03:27:50.128+0000] {dag.py:3096} INFO - Sync 1 DAGs
[2024-05-08T03:27:50.458+0000] {logging_mixin.py:188} INFO - [2024-05-08T03:27:50.457+0000] {dag.py:3954} INFO - Setting next_dagrun for latest_only_with_trigger to 2024-05-07 20:00:00+00:00, run_after=2024-05-08 00:00:00+00:00
[2024-05-08T03:27:50.565+0000] {processor.py:183} INFO - Processing /home/airflow/.local/lib/python3.12/site-packages/airflow/example_dags/example_latest_only_with_trigger.py took 0.650 seconds
[2024-05-08T03:28:21.142+0000] {processor.py:161} INFO - Started process (PID=362) to work on /home/airflow/.local/lib/python3.12/site-packages/airflow/example_dags/example_latest_only_with_trigger.py
[2024-05-08T03:28:21.144+0000] {processor.py:830} INFO - Processing file /home/airflow/.local/lib/python3.12/site-packages/airflow/example_dags/example_latest_only_with_trigger.py for tasks to queue
[2024-05-08T03:28:21.148+0000] {logging_mixin.py:188} INFO - [2024-05-08T03:28:21.147+0000] {dagbag.py:540} INFO - Filling up the DagBag from /home/airflow/.local/lib/python3.12/site-packages/airflow/example_dags/example_latest_only_with_trigger.py
[2024-05-08T03:28:21.155+0000] {processor.py:840} INFO - DAG(s) 'latest_only_with_trigger' retrieved from /home/airflow/.local/lib/python3.12/site-packages/airflow/example_dags/example_latest_only_with_trigger.py
[2024-05-08T03:28:21.185+0000] {logging_mixin.py:188} INFO - [2024-05-08T03:28:21.184+0000] {dag.py:3096} INFO - Sync 1 DAGs
[2024-05-08T03:28:21.213+0000] {logging_mixin.py:188} INFO - [2024-05-08T03:28:21.212+0000] {dag.py:3954} INFO - Setting next_dagrun for latest_only_with_trigger to 2024-05-07 20:00:00+00:00, run_after=2024-05-08 00:00:00+00:00
[2024-05-08T03:28:21.242+0000] {processor.py:183} INFO - Processing /home/airflow/.local/lib/python3.12/site-packages/airflow/example_dags/example_latest_only_with_trigger.py took 0.109 seconds
[2024-05-08T03:28:51.775+0000] {processor.py:161} INFO - Started process (PID=423) to work on /home/airflow/.local/lib/python3.12/site-packages/airflow/example_dags/example_latest_only_with_trigger.py
[2024-05-08T03:28:51.777+0000] {processor.py:830} INFO - Processing file /home/airflow/.local/lib/python3.12/site-packages/airflow/example_dags/example_latest_only_with_trigger.py for tasks to queue
[2024-05-08T03:28:51.783+0000] {logging_mixin.py:188} INFO - [2024-05-08T03:28:51.782+0000] {dagbag.py:540} INFO - Filling up the DagBag from /home/airflow/.local/lib/python3.12/site-packages/airflow/example_dags/example_latest_only_with_trigger.py
[2024-05-08T03:28:51.798+0000] {processor.py:840} INFO - DAG(s) 'latest_only_with_trigger' retrieved from /home/airflow/.local/lib/python3.12/site-packages/airflow/example_dags/example_latest_only_with_trigger.py
[2024-05-08T03:28:51.833+0000] {logging_mixin.py:188} INFO - [2024-05-08T03:28:51.833+0000] {dag.py:3096} INFO - Sync 1 DAGs
[2024-05-08T03:28:51.868+0000] {logging_mixin.py:188} INFO - [2024-05-08T03:28:51.868+0000] {dag.py:3954} INFO - Setting next_dagrun for latest_only_with_trigger to 2024-05-07 20:00:00+00:00, run_after=2024-05-08 00:00:00+00:00
[2024-05-08T03:28:51.910+0000] {processor.py:183} INFO - Processing /home/airflow/.local/lib/python3.12/site-packages/airflow/example_dags/example_latest_only_with_trigger.py took 0.145 seconds
[2024-05-08T03:29:22.553+0000] {processor.py:161} INFO - Started process (PID=484) to work on /home/airflow/.local/lib/python3.12/site-packages/airflow/example_dags/example_latest_only_with_trigger.py
[2024-05-08T03:29:22.555+0000] {processor.py:830} INFO - Processing file /home/airflow/.local/lib/python3.12/site-packages/airflow/example_dags/example_latest_only_with_trigger.py for tasks to queue
[2024-05-08T03:29:22.560+0000] {logging_mixin.py:188} INFO - [2024-05-08T03:29:22.559+0000] {dagbag.py:540} INFO - Filling up the DagBag from /home/airflow/.local/lib/python3.12/site-packages/airflow/example_dags/example_latest_only_with_trigger.py
[2024-05-08T03:29:22.571+0000] {processor.py:840} INFO - DAG(s) 'latest_only_with_trigger' retrieved from /home/airflow/.local/lib/python3.12/site-packages/airflow/example_dags/example_latest_only_with_trigger.py
[2024-05-08T03:29:22.611+0000] {logging_mixin.py:188} INFO - [2024-05-08T03:29:22.610+0000] {dag.py:3096} INFO - Sync 1 DAGs
[2024-05-08T03:29:22.651+0000] {logging_mixin.py:188} INFO - [2024-05-08T03:29:22.651+0000] {dag.py:3954} INFO - Setting next_dagrun for latest_only_with_trigger to 2024-05-07 20:00:00+00:00, run_after=2024-05-08 00:00:00+00:00
[2024-05-08T03:29:22.686+0000] {processor.py:183} INFO - Processing /home/airflow/.local/lib/python3.12/site-packages/airflow/example_dags/example_latest_only_with_trigger.py took 0.147 seconds
[2024-05-08T03:29:52.806+0000] {processor.py:161} INFO - Started process (PID=545) to work on /home/airflow/.local/lib/python3.12/site-packages/airflow/example_dags/example_latest_only_with_trigger.py
[2024-05-08T03:29:52.814+0000] {processor.py:830} INFO - Processing file /home/airflow/.local/lib/python3.12/site-packages/airflow/example_dags/example_latest_only_with_trigger.py for tasks to queue
[2024-05-08T03:29:52.819+0000] {logging_mixin.py:188} INFO - [2024-05-08T03:29:52.818+0000] {dagbag.py:540} INFO - Filling up the DagBag from /home/airflow/.local/lib/python3.12/site-packages/airflow/example_dags/example_latest_only_with_trigger.py
[2024-05-08T03:29:52.834+0000] {processor.py:840} INFO - DAG(s) 'latest_only_with_trigger' retrieved from /home/airflow/.local/lib/python3.12/site-packages/airflow/example_dags/example_latest_only_with_trigger.py
[2024-05-08T03:29:52.872+0000] {logging_mixin.py:188} INFO - [2024-05-08T03:29:52.871+0000] {dag.py:3096} INFO - Sync 1 DAGs
[2024-05-08T03:29:52.906+0000] {logging_mixin.py:188} INFO - [2024-05-08T03:29:52.906+0000] {dag.py:3954} INFO - Setting next_dagrun for latest_only_with_trigger to 2024-05-07 20:00:00+00:00, run_after=2024-05-08 00:00:00+00:00
[2024-05-08T03:29:52.950+0000] {processor.py:183} INFO - Processing /home/airflow/.local/lib/python3.12/site-packages/airflow/example_dags/example_latest_only_with_trigger.py took 0.160 seconds
[2024-05-08T03:30:23.658+0000] {processor.py:161} INFO - Started process (PID=606) to work on /home/airflow/.local/lib/python3.12/site-packages/airflow/example_dags/example_latest_only_with_trigger.py
[2024-05-08T03:30:23.662+0000] {processor.py:830} INFO - Processing file /home/airflow/.local/lib/python3.12/site-packages/airflow/example_dags/example_latest_only_with_trigger.py for tasks to queue
[2024-05-08T03:30:23.674+0000] {logging_mixin.py:188} INFO - [2024-05-08T03:30:23.673+0000] {dagbag.py:540} INFO - Filling up the DagBag from /home/airflow/.local/lib/python3.12/site-packages/airflow/example_dags/example_latest_only_with_trigger.py
[2024-05-08T03:30:23.696+0000] {processor.py:840} INFO - DAG(s) 'latest_only_with_trigger' retrieved from /home/airflow/.local/lib/python3.12/site-packages/airflow/example_dags/example_latest_only_with_trigger.py
[2024-05-08T03:30:23.737+0000] {logging_mixin.py:188} INFO - [2024-05-08T03:30:23.737+0000] {dag.py:3096} INFO - Sync 1 DAGs
[2024-05-08T03:30:23.789+0000] {logging_mixin.py:188} INFO - [2024-05-08T03:30:23.788+0000] {dag.py:3954} INFO - Setting next_dagrun for latest_only_with_trigger to 2024-05-07 20:00:00+00:00, run_after=2024-05-08 00:00:00+00:00
[2024-05-08T03:30:23.844+0000] {processor.py:183} INFO - Processing /home/airflow/.local/lib/python3.12/site-packages/airflow/example_dags/example_latest_only_with_trigger.py took 0.210 seconds
[2024-05-08T03:30:54.677+0000] {processor.py:161} INFO - Started process (PID=668) to work on /home/airflow/.local/lib/python3.12/site-packages/airflow/example_dags/example_latest_only_with_trigger.py
[2024-05-08T03:30:54.680+0000] {processor.py:830} INFO - Processing file /home/airflow/.local/lib/python3.12/site-packages/airflow/example_dags/example_latest_only_with_trigger.py for tasks to queue
[2024-05-08T03:30:54.685+0000] {logging_mixin.py:188} INFO - [2024-05-08T03:30:54.684+0000] {dagbag.py:540} INFO - Filling up the DagBag from /home/airflow/.local/lib/python3.12/site-packages/airflow/example_dags/example_latest_only_with_trigger.py
[2024-05-08T03:30:54.702+0000] {processor.py:840} INFO - DAG(s) 'latest_only_with_trigger' retrieved from /home/airflow/.local/lib/python3.12/site-packages/airflow/example_dags/example_latest_only_with_trigger.py
[2024-05-08T03:30:54.754+0000] {logging_mixin.py:188} INFO - [2024-05-08T03:30:54.754+0000] {dag.py:3096} INFO - Sync 1 DAGs
[2024-05-08T03:30:54.806+0000] {logging_mixin.py:188} INFO - [2024-05-08T03:30:54.806+0000] {dag.py:3954} INFO - Setting next_dagrun for latest_only_with_trigger to 2024-05-07 20:00:00+00:00, run_after=2024-05-08 00:00:00+00:00
[2024-05-08T03:30:54.841+0000] {processor.py:183} INFO - Processing /home/airflow/.local/lib/python3.12/site-packages/airflow/example_dags/example_latest_only_with_trigger.py took 0.178 seconds
[2024-05-08T03:31:25.563+0000] {processor.py:161} INFO - Started process (PID=729) to work on /home/airflow/.local/lib/python3.12/site-packages/airflow/example_dags/example_latest_only_with_trigger.py
[2024-05-08T03:31:25.567+0000] {processor.py:830} INFO - Processing file /home/airflow/.local/lib/python3.12/site-packages/airflow/example_dags/example_latest_only_with_trigger.py for tasks to queue
[2024-05-08T03:31:25.573+0000] {logging_mixin.py:188} INFO - [2024-05-08T03:31:25.572+0000] {dagbag.py:540} INFO - Filling up the DagBag from /home/airflow/.local/lib/python3.12/site-packages/airflow/example_dags/example_latest_only_with_trigger.py
[2024-05-08T03:31:25.593+0000] {processor.py:840} INFO - DAG(s) 'latest_only_with_trigger' retrieved from /home/airflow/.local/lib/python3.12/site-packages/airflow/example_dags/example_latest_only_with_trigger.py
[2024-05-08T03:31:25.665+0000] {logging_mixin.py:188} INFO - [2024-05-08T03:31:25.664+0000] {dag.py:3096} INFO - Sync 1 DAGs
[2024-05-08T03:31:25.748+0000] {logging_mixin.py:188} INFO - [2024-05-08T03:31:25.747+0000] {dag.py:3954} INFO - Setting next_dagrun for latest_only_with_trigger to 2024-05-07 20:00:00+00:00, run_after=2024-05-08 00:00:00+00:00
[2024-05-08T03:31:25.792+0000] {processor.py:183} INFO - Processing /home/airflow/.local/lib/python3.12/site-packages/airflow/example_dags/example_latest_only_with_trigger.py took 0.242 seconds
[2024-05-08T03:32:09.535+0000] {processor.py:161} INFO - Started process (PID=792) to work on /home/airflow/.local/lib/python3.12/site-packages/airflow/example_dags/example_latest_only_with_trigger.py
[2024-05-08T03:32:09.554+0000] {processor.py:830} INFO - Processing file /home/airflow/.local/lib/python3.12/site-packages/airflow/example_dags/example_latest_only_with_trigger.py for tasks to queue
[2024-05-08T03:32:09.590+0000] {logging_mixin.py:188} INFO - [2024-05-08T03:32:09.589+0000] {dagbag.py:540} INFO - Filling up the DagBag from /home/airflow/.local/lib/python3.12/site-packages/airflow/example_dags/example_latest_only_with_trigger.py
[2024-05-08T03:32:09.664+0000] {processor.py:840} INFO - DAG(s) 'latest_only_with_trigger' retrieved from /home/airflow/.local/lib/python3.12/site-packages/airflow/example_dags/example_latest_only_with_trigger.py
[2024-05-08T03:32:09.885+0000] {logging_mixin.py:188} INFO - [2024-05-08T03:32:09.879+0000] {dag.py:3096} INFO - Sync 1 DAGs
[2024-05-08T03:32:10.080+0000] {logging_mixin.py:188} INFO - [2024-05-08T03:32:10.079+0000] {dag.py:3954} INFO - Setting next_dagrun for latest_only_with_trigger to 2024-05-07 20:00:00+00:00, run_after=2024-05-08 00:00:00+00:00
[2024-05-08T03:32:10.418+0000] {processor.py:183} INFO - Processing /home/airflow/.local/lib/python3.12/site-packages/airflow/example_dags/example_latest_only_with_trigger.py took 0.957 seconds
[2024-05-08T03:32:46.597+0000] {processor.py:161} INFO - Started process (PID=859) to work on /home/airflow/.local/lib/python3.12/site-packages/airflow/example_dags/example_latest_only_with_trigger.py
[2024-05-08T03:32:46.612+0000] {processor.py:830} INFO - Processing file /home/airflow/.local/lib/python3.12/site-packages/airflow/example_dags/example_latest_only_with_trigger.py for tasks to queue
[2024-05-08T03:32:46.619+0000] {logging_mixin.py:188} INFO - [2024-05-08T03:32:46.618+0000] {dagbag.py:540} INFO - Filling up the DagBag from /home/airflow/.local/lib/python3.12/site-packages/airflow/example_dags/example_latest_only_with_trigger.py
[2024-05-08T03:32:46.678+0000] {processor.py:840} INFO - DAG(s) 'latest_only_with_trigger' retrieved from /home/airflow/.local/lib/python3.12/site-packages/airflow/example_dags/example_latest_only_with_trigger.py
[2024-05-08T03:32:46.847+0000] {logging_mixin.py:188} INFO - [2024-05-08T03:32:46.846+0000] {dag.py:3096} INFO - Sync 1 DAGs
[2024-05-08T03:32:47.091+0000] {logging_mixin.py:188} INFO - [2024-05-08T03:32:47.090+0000] {dag.py:3954} INFO - Setting next_dagrun for latest_only_with_trigger to 2024-05-07 20:00:00+00:00, run_after=2024-05-08 00:00:00+00:00
[2024-05-08T03:32:47.283+0000] {processor.py:183} INFO - Processing /home/airflow/.local/lib/python3.12/site-packages/airflow/example_dags/example_latest_only_with_trigger.py took 0.714 seconds
[2024-05-08T03:33:19.545+0000] {processor.py:161} INFO - Started process (PID=921) to work on /home/airflow/.local/lib/python3.12/site-packages/airflow/example_dags/example_latest_only_with_trigger.py
[2024-05-08T03:33:19.580+0000] {processor.py:830} INFO - Processing file /home/airflow/.local/lib/python3.12/site-packages/airflow/example_dags/example_latest_only_with_trigger.py for tasks to queue
[2024-05-08T03:33:19.625+0000] {logging_mixin.py:188} INFO - [2024-05-08T03:33:19.587+0000] {dagbag.py:540} INFO - Filling up the DagBag from /home/airflow/.local/lib/python3.12/site-packages/airflow/example_dags/example_latest_only_with_trigger.py
[2024-05-08T03:33:19.658+0000] {processor.py:840} INFO - DAG(s) 'latest_only_with_trigger' retrieved from /home/airflow/.local/lib/python3.12/site-packages/airflow/example_dags/example_latest_only_with_trigger.py
[2024-05-08T03:33:19.721+0000] {logging_mixin.py:188} INFO - [2024-05-08T03:33:19.720+0000] {dag.py:3096} INFO - Sync 1 DAGs
[2024-05-08T03:33:19.799+0000] {logging_mixin.py:188} INFO - [2024-05-08T03:33:19.798+0000] {dag.py:3954} INFO - Setting next_dagrun for latest_only_with_trigger to 2024-05-07 20:00:00+00:00, run_after=2024-05-08 00:00:00+00:00
[2024-05-08T03:33:20.662+0000] {processor.py:183} INFO - Processing /home/airflow/.local/lib/python3.12/site-packages/airflow/example_dags/example_latest_only_with_trigger.py took 1.142 seconds
[2024-05-08T03:33:53.354+0000] {processor.py:161} INFO - Started process (PID=980) to work on /home/airflow/.local/lib/python3.12/site-packages/airflow/example_dags/example_latest_only_with_trigger.py
[2024-05-08T03:33:53.359+0000] {processor.py:830} INFO - Processing file /home/airflow/.local/lib/python3.12/site-packages/airflow/example_dags/example_latest_only_with_trigger.py for tasks to queue
[2024-05-08T03:33:53.370+0000] {logging_mixin.py:188} INFO - [2024-05-08T03:33:53.369+0000] {dagbag.py:540} INFO - Filling up the DagBag from /home/airflow/.local/lib/python3.12/site-packages/airflow/example_dags/example_latest_only_with_trigger.py
[2024-05-08T03:33:53.407+0000] {processor.py:840} INFO - DAG(s) 'latest_only_with_trigger' retrieved from /home/airflow/.local/lib/python3.12/site-packages/airflow/example_dags/example_latest_only_with_trigger.py
[2024-05-08T03:33:56.322+0000] {logging_mixin.py:188} INFO - [2024-05-08T03:33:56.303+0000] {dag.py:3096} INFO - Sync 1 DAGs
[2024-05-08T03:33:56.564+0000] {logging_mixin.py:188} INFO - [2024-05-08T03:33:56.564+0000] {dag.py:3954} INFO - Setting next_dagrun for latest_only_with_trigger to 2024-05-07 20:00:00+00:00, run_after=2024-05-08 00:00:00+00:00
[2024-05-08T03:33:56.706+0000] {processor.py:183} INFO - Processing /home/airflow/.local/lib/python3.12/site-packages/airflow/example_dags/example_latest_only_with_trigger.py took 3.405 seconds
[2024-05-08T03:41:57.980+0000] {processor.py:161} INFO - Started process (PID=1045) to work on /home/airflow/.local/lib/python3.12/site-packages/airflow/example_dags/example_latest_only_with_trigger.py
[2024-05-08T03:41:57.983+0000] {processor.py:830} INFO - Processing file /home/airflow/.local/lib/python3.12/site-packages/airflow/example_dags/example_latest_only_with_trigger.py for tasks to queue
[2024-05-08T03:41:57.986+0000] {logging_mixin.py:188} INFO - [2024-05-08T03:41:57.985+0000] {dagbag.py:540} INFO - Filling up the DagBag from /home/airflow/.local/lib/python3.12/site-packages/airflow/example_dags/example_latest_only_with_trigger.py
[2024-05-08T03:41:58.009+0000] {processor.py:840} INFO - DAG(s) 'latest_only_with_trigger' retrieved from /home/airflow/.local/lib/python3.12/site-packages/airflow/example_dags/example_latest_only_with_trigger.py
[2024-05-08T03:41:58.353+0000] {logging_mixin.py:188} INFO - [2024-05-08T03:41:58.352+0000] {dag.py:3096} INFO - Sync 1 DAGs
[2024-05-08T03:41:58.404+0000] {logging_mixin.py:188} INFO - [2024-05-08T03:41:58.403+0000] {dag.py:3954} INFO - Setting next_dagrun for latest_only_with_trigger to 2024-05-07 20:00:00+00:00, run_after=2024-05-08 00:00:00+00:00
[2024-05-08T03:41:58.449+0000] {processor.py:183} INFO - Processing /home/airflow/.local/lib/python3.12/site-packages/airflow/example_dags/example_latest_only_with_trigger.py took 0.483 seconds
[2024-05-08T03:42:29.608+0000] {processor.py:161} INFO - Started process (PID=1106) to work on /home/airflow/.local/lib/python3.12/site-packages/airflow/example_dags/example_latest_only_with_trigger.py
[2024-05-08T03:42:29.610+0000] {processor.py:830} INFO - Processing file /home/airflow/.local/lib/python3.12/site-packages/airflow/example_dags/example_latest_only_with_trigger.py for tasks to queue
[2024-05-08T03:42:29.611+0000] {logging_mixin.py:188} INFO - [2024-05-08T03:42:29.611+0000] {dagbag.py:540} INFO - Filling up the DagBag from /home/airflow/.local/lib/python3.12/site-packages/airflow/example_dags/example_latest_only_with_trigger.py
[2024-05-08T03:42:29.662+0000] {processor.py:840} INFO - DAG(s) 'latest_only_with_trigger' retrieved from /home/airflow/.local/lib/python3.12/site-packages/airflow/example_dags/example_latest_only_with_trigger.py
[2024-05-08T03:42:29.709+0000] {logging_mixin.py:188} INFO - [2024-05-08T03:42:29.709+0000] {dag.py:3096} INFO - Sync 1 DAGs
[2024-05-08T03:42:29.750+0000] {logging_mixin.py:188} INFO - [2024-05-08T03:42:29.750+0000] {dag.py:3954} INFO - Setting next_dagrun for latest_only_with_trigger to 2024-05-07 20:00:00+00:00, run_after=2024-05-08 00:00:00+00:00
[2024-05-08T03:42:29.808+0000] {processor.py:183} INFO - Processing /home/airflow/.local/lib/python3.12/site-packages/airflow/example_dags/example_latest_only_with_trigger.py took 0.209 seconds
