[2024-05-08T03:25:24.461+0000] {processor.py:161} INFO - Started process (PID=63) to work on /home/airflow/.local/lib/python3.12/site-packages/airflow/example_dags/example_skip_dag.py
[2024-05-08T03:25:24.464+0000] {processor.py:830} INFO - Processing file /home/airflow/.local/lib/python3.12/site-packages/airflow/example_dags/example_skip_dag.py for tasks to queue
[2024-05-08T03:25:24.477+0000] {logging_mixin.py:188} INFO - [2024-05-08T03:25:24.476+0000] {dagbag.py:540} INFO - Filling up the DagBag from /home/airflow/.local/lib/python3.12/site-packages/airflow/example_dags/example_skip_dag.py
[2024-05-08T03:25:24.512+0000] {processor.py:840} INFO - DAG(s) 'example_skip_dag' retrieved from /home/airflow/.local/lib/python3.12/site-packages/airflow/example_dags/example_skip_dag.py
[2024-05-08T03:25:25.266+0000] {logging_mixin.py:188} INFO - [2024-05-08T03:25:25.265+0000] {dag.py:3096} INFO - Sync 1 DAGs
[2024-05-08T03:25:25.419+0000] {logging_mixin.py:188} INFO - [2024-05-08T03:25:25.418+0000] {dag.py:3954} INFO - Setting next_dagrun for example_skip_dag to 2024-05-07 00:00:00+00:00, run_after=2024-05-08 00:00:00+00:00
[2024-05-08T03:25:25.667+0000] {processor.py:183} INFO - Processing /home/airflow/.local/lib/python3.12/site-packages/airflow/example_dags/example_skip_dag.py took 1.231 seconds
[2024-05-08T03:26:33.561+0000] {processor.py:161} INFO - Started process (PID=138) to work on /home/airflow/.local/lib/python3.12/site-packages/airflow/example_dags/example_skip_dag.py
[2024-05-08T03:26:33.584+0000] {processor.py:830} INFO - Processing file /home/airflow/.local/lib/python3.12/site-packages/airflow/example_dags/example_skip_dag.py for tasks to queue
[2024-05-08T03:26:33.607+0000] {logging_mixin.py:188} INFO - [2024-05-08T03:26:33.599+0000] {dagbag.py:540} INFO - Filling up the DagBag from /home/airflow/.local/lib/python3.12/site-packages/airflow/example_dags/example_skip_dag.py
[2024-05-08T03:26:33.659+0000] {processor.py:840} INFO - DAG(s) 'example_skip_dag' retrieved from /home/airflow/.local/lib/python3.12/site-packages/airflow/example_dags/example_skip_dag.py
[2024-05-08T03:26:33.828+0000] {logging_mixin.py:188} INFO - [2024-05-08T03:26:33.828+0000] {dag.py:3096} INFO - Sync 1 DAGs
[2024-05-08T03:26:34.019+0000] {logging_mixin.py:188} INFO - [2024-05-08T03:26:34.005+0000] {dag.py:3954} INFO - Setting next_dagrun for example_skip_dag to 2024-05-07 00:00:00+00:00, run_after=2024-05-08 00:00:00+00:00
[2024-05-08T03:26:34.212+0000] {processor.py:183} INFO - Processing /home/airflow/.local/lib/python3.12/site-packages/airflow/example_dags/example_skip_dag.py took 0.677 seconds
[2024-05-08T03:27:04.448+0000] {processor.py:161} INFO - Started process (PID=203) to work on /home/airflow/.local/lib/python3.12/site-packages/airflow/example_dags/example_skip_dag.py
[2024-05-08T03:27:04.452+0000] {processor.py:830} INFO - Processing file /home/airflow/.local/lib/python3.12/site-packages/airflow/example_dags/example_skip_dag.py for tasks to queue
[2024-05-08T03:27:04.458+0000] {logging_mixin.py:188} INFO - [2024-05-08T03:27:04.457+0000] {dagbag.py:540} INFO - Filling up the DagBag from /home/airflow/.local/lib/python3.12/site-packages/airflow/example_dags/example_skip_dag.py
[2024-05-08T03:27:04.479+0000] {processor.py:840} INFO - DAG(s) 'example_skip_dag' retrieved from /home/airflow/.local/lib/python3.12/site-packages/airflow/example_dags/example_skip_dag.py
[2024-05-08T03:27:04.558+0000] {logging_mixin.py:188} INFO - [2024-05-08T03:27:04.557+0000] {dag.py:3096} INFO - Sync 1 DAGs
[2024-05-08T03:27:04.724+0000] {logging_mixin.py:188} INFO - [2024-05-08T03:27:04.723+0000] {dag.py:3954} INFO - Setting next_dagrun for example_skip_dag to 2024-05-07 00:00:00+00:00, run_after=2024-05-08 00:00:00+00:00
[2024-05-08T03:27:04.832+0000] {processor.py:183} INFO - Processing /home/airflow/.local/lib/python3.12/site-packages/airflow/example_dags/example_skip_dag.py took 0.399 seconds
[2024-05-08T03:27:35.805+0000] {processor.py:161} INFO - Started process (PID=262) to work on /home/airflow/.local/lib/python3.12/site-packages/airflow/example_dags/example_skip_dag.py
[2024-05-08T03:27:35.807+0000] {processor.py:830} INFO - Processing file /home/airflow/.local/lib/python3.12/site-packages/airflow/example_dags/example_skip_dag.py for tasks to queue
[2024-05-08T03:27:35.811+0000] {logging_mixin.py:188} INFO - [2024-05-08T03:27:35.810+0000] {dagbag.py:540} INFO - Filling up the DagBag from /home/airflow/.local/lib/python3.12/site-packages/airflow/example_dags/example_skip_dag.py
[2024-05-08T03:27:35.828+0000] {processor.py:840} INFO - DAG(s) 'example_skip_dag' retrieved from /home/airflow/.local/lib/python3.12/site-packages/airflow/example_dags/example_skip_dag.py
[2024-05-08T03:27:35.883+0000] {logging_mixin.py:188} INFO - [2024-05-08T03:27:35.883+0000] {dag.py:3096} INFO - Sync 1 DAGs
[2024-05-08T03:27:35.925+0000] {logging_mixin.py:188} INFO - [2024-05-08T03:27:35.924+0000] {dag.py:3954} INFO - Setting next_dagrun for example_skip_dag to 2024-05-07 00:00:00+00:00, run_after=2024-05-08 00:00:00+00:00
[2024-05-08T03:27:35.962+0000] {processor.py:183} INFO - Processing /home/airflow/.local/lib/python3.12/site-packages/airflow/example_dags/example_skip_dag.py took 0.167 seconds
[2024-05-08T03:28:06.192+0000] {processor.py:161} INFO - Started process (PID=323) to work on /home/airflow/.local/lib/python3.12/site-packages/airflow/example_dags/example_skip_dag.py
[2024-05-08T03:28:06.197+0000] {processor.py:830} INFO - Processing file /home/airflow/.local/lib/python3.12/site-packages/airflow/example_dags/example_skip_dag.py for tasks to queue
[2024-05-08T03:28:06.221+0000] {logging_mixin.py:188} INFO - [2024-05-08T03:28:06.220+0000] {dagbag.py:540} INFO - Filling up the DagBag from /home/airflow/.local/lib/python3.12/site-packages/airflow/example_dags/example_skip_dag.py
[2024-05-08T03:28:06.265+0000] {processor.py:840} INFO - DAG(s) 'example_skip_dag' retrieved from /home/airflow/.local/lib/python3.12/site-packages/airflow/example_dags/example_skip_dag.py
[2024-05-08T03:28:06.361+0000] {logging_mixin.py:188} INFO - [2024-05-08T03:28:06.360+0000] {dag.py:3096} INFO - Sync 1 DAGs
[2024-05-08T03:28:06.503+0000] {logging_mixin.py:188} INFO - [2024-05-08T03:28:06.502+0000] {dag.py:3954} INFO - Setting next_dagrun for example_skip_dag to 2024-05-07 00:00:00+00:00, run_after=2024-05-08 00:00:00+00:00
[2024-05-08T03:28:06.595+0000] {processor.py:183} INFO - Processing /home/airflow/.local/lib/python3.12/site-packages/airflow/example_dags/example_skip_dag.py took 0.445 seconds
[2024-05-08T03:28:37.579+0000] {processor.py:161} INFO - Started process (PID=384) to work on /home/airflow/.local/lib/python3.12/site-packages/airflow/example_dags/example_skip_dag.py
[2024-05-08T03:28:37.581+0000] {processor.py:830} INFO - Processing file /home/airflow/.local/lib/python3.12/site-packages/airflow/example_dags/example_skip_dag.py for tasks to queue
[2024-05-08T03:28:37.584+0000] {logging_mixin.py:188} INFO - [2024-05-08T03:28:37.583+0000] {dagbag.py:540} INFO - Filling up the DagBag from /home/airflow/.local/lib/python3.12/site-packages/airflow/example_dags/example_skip_dag.py
[2024-05-08T03:28:37.595+0000] {processor.py:840} INFO - DAG(s) 'example_skip_dag' retrieved from /home/airflow/.local/lib/python3.12/site-packages/airflow/example_dags/example_skip_dag.py
[2024-05-08T03:28:37.628+0000] {logging_mixin.py:188} INFO - [2024-05-08T03:28:37.628+0000] {dag.py:3096} INFO - Sync 1 DAGs
[2024-05-08T03:28:37.672+0000] {logging_mixin.py:188} INFO - [2024-05-08T03:28:37.671+0000] {dag.py:3954} INFO - Setting next_dagrun for example_skip_dag to 2024-05-07 00:00:00+00:00, run_after=2024-05-08 00:00:00+00:00
[2024-05-08T03:28:37.709+0000] {processor.py:183} INFO - Processing /home/airflow/.local/lib/python3.12/site-packages/airflow/example_dags/example_skip_dag.py took 0.139 seconds
[2024-05-08T03:29:07.880+0000] {processor.py:161} INFO - Started process (PID=445) to work on /home/airflow/.local/lib/python3.12/site-packages/airflow/example_dags/example_skip_dag.py
[2024-05-08T03:29:07.882+0000] {processor.py:830} INFO - Processing file /home/airflow/.local/lib/python3.12/site-packages/airflow/example_dags/example_skip_dag.py for tasks to queue
[2024-05-08T03:29:07.885+0000] {logging_mixin.py:188} INFO - [2024-05-08T03:29:07.884+0000] {dagbag.py:540} INFO - Filling up the DagBag from /home/airflow/.local/lib/python3.12/site-packages/airflow/example_dags/example_skip_dag.py
[2024-05-08T03:29:07.896+0000] {processor.py:840} INFO - DAG(s) 'example_skip_dag' retrieved from /home/airflow/.local/lib/python3.12/site-packages/airflow/example_dags/example_skip_dag.py
[2024-05-08T03:29:07.925+0000] {logging_mixin.py:188} INFO - [2024-05-08T03:29:07.925+0000] {dag.py:3096} INFO - Sync 1 DAGs
[2024-05-08T03:29:07.956+0000] {logging_mixin.py:188} INFO - [2024-05-08T03:29:07.956+0000] {dag.py:3954} INFO - Setting next_dagrun for example_skip_dag to 2024-05-07 00:00:00+00:00, run_after=2024-05-08 00:00:00+00:00
[2024-05-08T03:29:07.989+0000] {processor.py:183} INFO - Processing /home/airflow/.local/lib/python3.12/site-packages/airflow/example_dags/example_skip_dag.py took 0.116 seconds
[2024-05-08T03:29:38.800+0000] {processor.py:161} INFO - Started process (PID=506) to work on /home/airflow/.local/lib/python3.12/site-packages/airflow/example_dags/example_skip_dag.py
[2024-05-08T03:29:38.803+0000] {processor.py:830} INFO - Processing file /home/airflow/.local/lib/python3.12/site-packages/airflow/example_dags/example_skip_dag.py for tasks to queue
[2024-05-08T03:29:38.809+0000] {logging_mixin.py:188} INFO - [2024-05-08T03:29:38.808+0000] {dagbag.py:540} INFO - Filling up the DagBag from /home/airflow/.local/lib/python3.12/site-packages/airflow/example_dags/example_skip_dag.py
[2024-05-08T03:29:38.834+0000] {processor.py:840} INFO - DAG(s) 'example_skip_dag' retrieved from /home/airflow/.local/lib/python3.12/site-packages/airflow/example_dags/example_skip_dag.py
[2024-05-08T03:29:38.921+0000] {logging_mixin.py:188} INFO - [2024-05-08T03:29:38.920+0000] {dag.py:3096} INFO - Sync 1 DAGs
[2024-05-08T03:29:39.011+0000] {logging_mixin.py:188} INFO - [2024-05-08T03:29:39.010+0000] {dag.py:3954} INFO - Setting next_dagrun for example_skip_dag to 2024-05-07 00:00:00+00:00, run_after=2024-05-08 00:00:00+00:00
[2024-05-08T03:29:39.071+0000] {processor.py:183} INFO - Processing /home/airflow/.local/lib/python3.12/site-packages/airflow/example_dags/example_skip_dag.py took 0.291 seconds
[2024-05-08T03:30:09.176+0000] {processor.py:161} INFO - Started process (PID=567) to work on /home/airflow/.local/lib/python3.12/site-packages/airflow/example_dags/example_skip_dag.py
[2024-05-08T03:30:09.177+0000] {processor.py:830} INFO - Processing file /home/airflow/.local/lib/python3.12/site-packages/airflow/example_dags/example_skip_dag.py for tasks to queue
[2024-05-08T03:30:09.180+0000] {logging_mixin.py:188} INFO - [2024-05-08T03:30:09.179+0000] {dagbag.py:540} INFO - Filling up the DagBag from /home/airflow/.local/lib/python3.12/site-packages/airflow/example_dags/example_skip_dag.py
[2024-05-08T03:30:09.200+0000] {processor.py:840} INFO - DAG(s) 'example_skip_dag' retrieved from /home/airflow/.local/lib/python3.12/site-packages/airflow/example_dags/example_skip_dag.py
[2024-05-08T03:30:09.235+0000] {logging_mixin.py:188} INFO - [2024-05-08T03:30:09.235+0000] {dag.py:3096} INFO - Sync 1 DAGs
[2024-05-08T03:30:09.268+0000] {logging_mixin.py:188} INFO - [2024-05-08T03:30:09.268+0000] {dag.py:3954} INFO - Setting next_dagrun for example_skip_dag to 2024-05-07 00:00:00+00:00, run_after=2024-05-08 00:00:00+00:00
[2024-05-08T03:30:09.298+0000] {processor.py:183} INFO - Processing /home/airflow/.local/lib/python3.12/site-packages/airflow/example_dags/example_skip_dag.py took 0.132 seconds
[2024-05-08T03:30:39.936+0000] {processor.py:161} INFO - Started process (PID=628) to work on /home/airflow/.local/lib/python3.12/site-packages/airflow/example_dags/example_skip_dag.py
[2024-05-08T03:30:39.938+0000] {processor.py:830} INFO - Processing file /home/airflow/.local/lib/python3.12/site-packages/airflow/example_dags/example_skip_dag.py for tasks to queue
[2024-05-08T03:30:39.943+0000] {logging_mixin.py:188} INFO - [2024-05-08T03:30:39.942+0000] {dagbag.py:540} INFO - Filling up the DagBag from /home/airflow/.local/lib/python3.12/site-packages/airflow/example_dags/example_skip_dag.py
[2024-05-08T03:30:39.953+0000] {processor.py:840} INFO - DAG(s) 'example_skip_dag' retrieved from /home/airflow/.local/lib/python3.12/site-packages/airflow/example_dags/example_skip_dag.py
[2024-05-08T03:30:39.993+0000] {logging_mixin.py:188} INFO - [2024-05-08T03:30:39.992+0000] {dag.py:3096} INFO - Sync 1 DAGs
[2024-05-08T03:30:40.086+0000] {logging_mixin.py:188} INFO - [2024-05-08T03:30:40.086+0000] {dag.py:3954} INFO - Setting next_dagrun for example_skip_dag to 2024-05-07 00:00:00+00:00, run_after=2024-05-08 00:00:00+00:00
[2024-05-08T03:30:40.612+0000] {processor.py:183} INFO - Processing /home/airflow/.local/lib/python3.12/site-packages/airflow/example_dags/example_skip_dag.py took 0.686 seconds
[2024-05-08T03:31:11.380+0000] {processor.py:161} INFO - Started process (PID=696) to work on /home/airflow/.local/lib/python3.12/site-packages/airflow/example_dags/example_skip_dag.py
[2024-05-08T03:31:11.382+0000] {processor.py:830} INFO - Processing file /home/airflow/.local/lib/python3.12/site-packages/airflow/example_dags/example_skip_dag.py for tasks to queue
[2024-05-08T03:31:11.387+0000] {logging_mixin.py:188} INFO - [2024-05-08T03:31:11.386+0000] {dagbag.py:540} INFO - Filling up the DagBag from /home/airflow/.local/lib/python3.12/site-packages/airflow/example_dags/example_skip_dag.py
[2024-05-08T03:31:11.404+0000] {processor.py:840} INFO - DAG(s) 'example_skip_dag' retrieved from /home/airflow/.local/lib/python3.12/site-packages/airflow/example_dags/example_skip_dag.py
[2024-05-08T03:31:11.491+0000] {logging_mixin.py:188} INFO - [2024-05-08T03:31:11.490+0000] {dag.py:3096} INFO - Sync 1 DAGs
[2024-05-08T03:31:11.559+0000] {logging_mixin.py:188} INFO - [2024-05-08T03:31:11.559+0000] {dag.py:3954} INFO - Setting next_dagrun for example_skip_dag to 2024-05-07 00:00:00+00:00, run_after=2024-05-08 00:00:00+00:00
[2024-05-08T03:31:11.612+0000] {processor.py:183} INFO - Processing /home/airflow/.local/lib/python3.12/site-packages/airflow/example_dags/example_skip_dag.py took 0.252 seconds
[2024-05-08T03:31:42.110+0000] {processor.py:161} INFO - Started process (PID=757) to work on /home/airflow/.local/lib/python3.12/site-packages/airflow/example_dags/example_skip_dag.py
[2024-05-08T03:31:42.112+0000] {processor.py:830} INFO - Processing file /home/airflow/.local/lib/python3.12/site-packages/airflow/example_dags/example_skip_dag.py for tasks to queue
[2024-05-08T03:31:42.115+0000] {logging_mixin.py:188} INFO - [2024-05-08T03:31:42.115+0000] {dagbag.py:540} INFO - Filling up the DagBag from /home/airflow/.local/lib/python3.12/site-packages/airflow/example_dags/example_skip_dag.py
[2024-05-08T03:31:42.127+0000] {processor.py:840} INFO - DAG(s) 'example_skip_dag' retrieved from /home/airflow/.local/lib/python3.12/site-packages/airflow/example_dags/example_skip_dag.py
[2024-05-08T03:31:42.168+0000] {logging_mixin.py:188} INFO - [2024-05-08T03:31:42.167+0000] {dag.py:3096} INFO - Sync 1 DAGs
[2024-05-08T03:31:42.216+0000] {logging_mixin.py:188} INFO - [2024-05-08T03:31:42.216+0000] {dag.py:3954} INFO - Setting next_dagrun for example_skip_dag to 2024-05-07 00:00:00+00:00, run_after=2024-05-08 00:00:00+00:00
[2024-05-08T03:31:42.255+0000] {processor.py:183} INFO - Processing /home/airflow/.local/lib/python3.12/site-packages/airflow/example_dags/example_skip_dag.py took 0.154 seconds
[2024-05-08T03:32:26.115+0000] {processor.py:161} INFO - Started process (PID=818) to work on /home/airflow/.local/lib/python3.12/site-packages/airflow/example_dags/example_skip_dag.py
[2024-05-08T03:32:26.118+0000] {processor.py:830} INFO - Processing file /home/airflow/.local/lib/python3.12/site-packages/airflow/example_dags/example_skip_dag.py for tasks to queue
[2024-05-08T03:32:26.127+0000] {logging_mixin.py:188} INFO - [2024-05-08T03:32:26.126+0000] {dagbag.py:540} INFO - Filling up the DagBag from /home/airflow/.local/lib/python3.12/site-packages/airflow/example_dags/example_skip_dag.py
[2024-05-08T03:32:26.161+0000] {processor.py:840} INFO - DAG(s) 'example_skip_dag' retrieved from /home/airflow/.local/lib/python3.12/site-packages/airflow/example_dags/example_skip_dag.py
[2024-05-08T03:32:26.234+0000] {logging_mixin.py:188} INFO - [2024-05-08T03:32:26.233+0000] {dag.py:3096} INFO - Sync 1 DAGs
[2024-05-08T03:32:26.370+0000] {logging_mixin.py:188} INFO - [2024-05-08T03:32:26.369+0000] {dag.py:3954} INFO - Setting next_dagrun for example_skip_dag to 2024-05-07 00:00:00+00:00, run_after=2024-05-08 00:00:00+00:00
[2024-05-08T03:32:26.994+0000] {processor.py:183} INFO - Processing /home/airflow/.local/lib/python3.12/site-packages/airflow/example_dags/example_skip_dag.py took 0.899 seconds
[2024-05-08T03:32:57.286+0000] {processor.py:161} INFO - Started process (PID=879) to work on /home/airflow/.local/lib/python3.12/site-packages/airflow/example_dags/example_skip_dag.py
[2024-05-08T03:32:57.289+0000] {processor.py:830} INFO - Processing file /home/airflow/.local/lib/python3.12/site-packages/airflow/example_dags/example_skip_dag.py for tasks to queue
[2024-05-08T03:32:57.295+0000] {logging_mixin.py:188} INFO - [2024-05-08T03:32:57.294+0000] {dagbag.py:540} INFO - Filling up the DagBag from /home/airflow/.local/lib/python3.12/site-packages/airflow/example_dags/example_skip_dag.py
[2024-05-08T03:32:57.314+0000] {processor.py:840} INFO - DAG(s) 'example_skip_dag' retrieved from /home/airflow/.local/lib/python3.12/site-packages/airflow/example_dags/example_skip_dag.py
[2024-05-08T03:32:57.384+0000] {logging_mixin.py:188} INFO - [2024-05-08T03:32:57.382+0000] {dag.py:3096} INFO - Sync 1 DAGs
[2024-05-08T03:32:57.483+0000] {logging_mixin.py:188} INFO - [2024-05-08T03:32:57.483+0000] {dag.py:3954} INFO - Setting next_dagrun for example_skip_dag to 2024-05-07 00:00:00+00:00, run_after=2024-05-08 00:00:00+00:00
[2024-05-08T03:32:57.580+0000] {processor.py:183} INFO - Processing /home/airflow/.local/lib/python3.12/site-packages/airflow/example_dags/example_skip_dag.py took 0.317 seconds
[2024-05-08T03:33:28.012+0000] {processor.py:161} INFO - Started process (PID=941) to work on /home/airflow/.local/lib/python3.12/site-packages/airflow/example_dags/example_skip_dag.py
[2024-05-08T03:33:28.026+0000] {processor.py:830} INFO - Processing file /home/airflow/.local/lib/python3.12/site-packages/airflow/example_dags/example_skip_dag.py for tasks to queue
[2024-05-08T03:33:28.037+0000] {logging_mixin.py:188} INFO - [2024-05-08T03:33:28.032+0000] {dagbag.py:540} INFO - Filling up the DagBag from /home/airflow/.local/lib/python3.12/site-packages/airflow/example_dags/example_skip_dag.py
[2024-05-08T03:33:28.077+0000] {processor.py:840} INFO - DAG(s) 'example_skip_dag' retrieved from /home/airflow/.local/lib/python3.12/site-packages/airflow/example_dags/example_skip_dag.py
[2024-05-08T03:33:28.144+0000] {logging_mixin.py:188} INFO - [2024-05-08T03:33:28.144+0000] {dag.py:3096} INFO - Sync 1 DAGs
[2024-05-08T03:33:28.198+0000] {logging_mixin.py:188} INFO - [2024-05-08T03:33:28.198+0000] {dag.py:3954} INFO - Setting next_dagrun for example_skip_dag to 2024-05-07 00:00:00+00:00, run_after=2024-05-08 00:00:00+00:00
[2024-05-08T03:33:28.321+0000] {processor.py:183} INFO - Processing /home/airflow/.local/lib/python3.12/site-packages/airflow/example_dags/example_skip_dag.py took 0.335 seconds
[2024-05-08T03:41:48.774+0000] {processor.py:161} INFO - Started process (PID=1008) to work on /home/airflow/.local/lib/python3.12/site-packages/airflow/example_dags/example_skip_dag.py
[2024-05-08T03:41:48.781+0000] {processor.py:830} INFO - Processing file /home/airflow/.local/lib/python3.12/site-packages/airflow/example_dags/example_skip_dag.py for tasks to queue
[2024-05-08T03:41:48.785+0000] {logging_mixin.py:188} INFO - [2024-05-08T03:41:48.783+0000] {dagbag.py:540} INFO - Filling up the DagBag from /home/airflow/.local/lib/python3.12/site-packages/airflow/example_dags/example_skip_dag.py
[2024-05-08T03:41:48.809+0000] {processor.py:840} INFO - DAG(s) 'example_skip_dag' retrieved from /home/airflow/.local/lib/python3.12/site-packages/airflow/example_dags/example_skip_dag.py
[2024-05-08T03:41:48.887+0000] {logging_mixin.py:188} INFO - [2024-05-08T03:41:48.887+0000] {dag.py:3096} INFO - Sync 1 DAGs
[2024-05-08T03:41:48.975+0000] {logging_mixin.py:188} INFO - [2024-05-08T03:41:48.974+0000] {dag.py:3954} INFO - Setting next_dagrun for example_skip_dag to 2024-05-07 00:00:00+00:00, run_after=2024-05-08 00:00:00+00:00
[2024-05-08T03:41:49.102+0000] {processor.py:183} INFO - Processing /home/airflow/.local/lib/python3.12/site-packages/airflow/example_dags/example_skip_dag.py took 0.344 seconds
[2024-05-08T03:42:20.793+0000] {processor.py:161} INFO - Started process (PID=1068) to work on /home/airflow/.local/lib/python3.12/site-packages/airflow/example_dags/example_skip_dag.py
[2024-05-08T03:42:20.795+0000] {processor.py:830} INFO - Processing file /home/airflow/.local/lib/python3.12/site-packages/airflow/example_dags/example_skip_dag.py for tasks to queue
[2024-05-08T03:42:20.797+0000] {logging_mixin.py:188} INFO - [2024-05-08T03:42:20.796+0000] {dagbag.py:540} INFO - Filling up the DagBag from /home/airflow/.local/lib/python3.12/site-packages/airflow/example_dags/example_skip_dag.py
[2024-05-08T03:42:20.810+0000] {processor.py:840} INFO - DAG(s) 'example_skip_dag' retrieved from /home/airflow/.local/lib/python3.12/site-packages/airflow/example_dags/example_skip_dag.py
[2024-05-08T03:42:20.858+0000] {logging_mixin.py:188} INFO - [2024-05-08T03:42:20.857+0000] {dag.py:3096} INFO - Sync 1 DAGs
[2024-05-08T03:42:21.114+0000] {logging_mixin.py:188} INFO - [2024-05-08T03:42:21.114+0000] {dag.py:3954} INFO - Setting next_dagrun for example_skip_dag to 2024-05-07 00:00:00+00:00, run_after=2024-05-08 00:00:00+00:00
[2024-05-08T03:42:21.208+0000] {processor.py:183} INFO - Processing /home/airflow/.local/lib/python3.12/site-packages/airflow/example_dags/example_skip_dag.py took 0.427 seconds
