[2024-05-08T03:26:12.836+0000] {processor.py:161} INFO - Started process (PID=112) to work on /home/airflow/.local/lib/python3.12/site-packages/airflow/example_dags/example_python_operator.py
[2024-05-08T03:26:12.850+0000] {processor.py:830} INFO - Processing file /home/airflow/.local/lib/python3.12/site-packages/airflow/example_dags/example_python_operator.py for tasks to queue
[2024-05-08T03:26:12.875+0000] {logging_mixin.py:188} INFO - [2024-05-08T03:26:12.874+0000] {dagbag.py:540} INFO - Filling up the DagBag from /home/airflow/.local/lib/python3.12/site-packages/airflow/example_dags/example_python_operator.py
[2024-05-08T03:26:12.996+0000] {processor.py:840} INFO - DAG(s) 'example_python_operator' retrieved from /home/airflow/.local/lib/python3.12/site-packages/airflow/example_dags/example_python_operator.py
[2024-05-08T03:26:13.954+0000] {logging_mixin.py:188} INFO - [2024-05-08T03:26:13.953+0000] {dag.py:3096} INFO - Sync 1 DAGs
[2024-05-08T03:26:14.096+0000] {logging_mixin.py:188} INFO - [2024-05-08T03:26:14.095+0000] {dag.py:3954} INFO - Setting next_dagrun for example_python_operator to None, run_after=None
[2024-05-08T03:26:14.394+0000] {processor.py:183} INFO - Processing /home/airflow/.local/lib/python3.12/site-packages/airflow/example_dags/example_python_operator.py took 1.606 seconds
[2024-05-08T03:26:48.319+0000] {processor.py:161} INFO - Started process (PID=181) to work on /home/airflow/.local/lib/python3.12/site-packages/airflow/example_dags/example_python_operator.py
[2024-05-08T03:26:48.323+0000] {processor.py:830} INFO - Processing file /home/airflow/.local/lib/python3.12/site-packages/airflow/example_dags/example_python_operator.py for tasks to queue
[2024-05-08T03:26:48.332+0000] {logging_mixin.py:188} INFO - [2024-05-08T03:26:48.330+0000] {dagbag.py:540} INFO - Filling up the DagBag from /home/airflow/.local/lib/python3.12/site-packages/airflow/example_dags/example_python_operator.py
[2024-05-08T03:26:48.394+0000] {processor.py:840} INFO - DAG(s) 'example_python_operator' retrieved from /home/airflow/.local/lib/python3.12/site-packages/airflow/example_dags/example_python_operator.py
[2024-05-08T03:26:48.579+0000] {logging_mixin.py:188} INFO - [2024-05-08T03:26:48.575+0000] {dag.py:3096} INFO - Sync 1 DAGs
[2024-05-08T03:26:48.660+0000] {logging_mixin.py:188} INFO - [2024-05-08T03:26:48.659+0000] {dag.py:3954} INFO - Setting next_dagrun for example_python_operator to None, run_after=None
[2024-05-08T03:26:48.782+0000] {processor.py:183} INFO - Processing /home/airflow/.local/lib/python3.12/site-packages/airflow/example_dags/example_python_operator.py took 0.486 seconds
[2024-05-08T03:27:19.356+0000] {processor.py:161} INFO - Started process (PID=242) to work on /home/airflow/.local/lib/python3.12/site-packages/airflow/example_dags/example_python_operator.py
[2024-05-08T03:27:19.375+0000] {processor.py:830} INFO - Processing file /home/airflow/.local/lib/python3.12/site-packages/airflow/example_dags/example_python_operator.py for tasks to queue
[2024-05-08T03:27:19.379+0000] {logging_mixin.py:188} INFO - [2024-05-08T03:27:19.378+0000] {dagbag.py:540} INFO - Filling up the DagBag from /home/airflow/.local/lib/python3.12/site-packages/airflow/example_dags/example_python_operator.py
[2024-05-08T03:27:19.413+0000] {processor.py:840} INFO - DAG(s) 'example_python_operator' retrieved from /home/airflow/.local/lib/python3.12/site-packages/airflow/example_dags/example_python_operator.py
[2024-05-08T03:27:19.473+0000] {logging_mixin.py:188} INFO - [2024-05-08T03:27:19.473+0000] {dag.py:3096} INFO - Sync 1 DAGs
[2024-05-08T03:27:19.498+0000] {logging_mixin.py:188} INFO - [2024-05-08T03:27:19.497+0000] {dag.py:3954} INFO - Setting next_dagrun for example_python_operator to None, run_after=None
[2024-05-08T03:27:19.571+0000] {processor.py:183} INFO - Processing /home/airflow/.local/lib/python3.12/site-packages/airflow/example_dags/example_python_operator.py took 0.232 seconds
[2024-05-08T03:27:50.635+0000] {processor.py:161} INFO - Started process (PID=303) to work on /home/airflow/.local/lib/python3.12/site-packages/airflow/example_dags/example_python_operator.py
[2024-05-08T03:27:50.639+0000] {processor.py:830} INFO - Processing file /home/airflow/.local/lib/python3.12/site-packages/airflow/example_dags/example_python_operator.py for tasks to queue
[2024-05-08T03:27:50.644+0000] {logging_mixin.py:188} INFO - [2024-05-08T03:27:50.643+0000] {dagbag.py:540} INFO - Filling up the DagBag from /home/airflow/.local/lib/python3.12/site-packages/airflow/example_dags/example_python_operator.py
[2024-05-08T03:27:50.681+0000] {processor.py:840} INFO - DAG(s) 'example_python_operator' retrieved from /home/airflow/.local/lib/python3.12/site-packages/airflow/example_dags/example_python_operator.py
[2024-05-08T03:27:50.761+0000] {logging_mixin.py:188} INFO - [2024-05-08T03:27:50.760+0000] {dag.py:3096} INFO - Sync 1 DAGs
[2024-05-08T03:27:50.821+0000] {logging_mixin.py:188} INFO - [2024-05-08T03:27:50.821+0000] {dag.py:3954} INFO - Setting next_dagrun for example_python_operator to None, run_after=None
[2024-05-08T03:27:50.890+0000] {processor.py:183} INFO - Processing /home/airflow/.local/lib/python3.12/site-packages/airflow/example_dags/example_python_operator.py took 0.270 seconds
[2024-05-08T03:28:21.293+0000] {processor.py:161} INFO - Started process (PID=364) to work on /home/airflow/.local/lib/python3.12/site-packages/airflow/example_dags/example_python_operator.py
[2024-05-08T03:28:21.295+0000] {processor.py:830} INFO - Processing file /home/airflow/.local/lib/python3.12/site-packages/airflow/example_dags/example_python_operator.py for tasks to queue
[2024-05-08T03:28:21.298+0000] {logging_mixin.py:188} INFO - [2024-05-08T03:28:21.297+0000] {dagbag.py:540} INFO - Filling up the DagBag from /home/airflow/.local/lib/python3.12/site-packages/airflow/example_dags/example_python_operator.py
[2024-05-08T03:28:21.310+0000] {processor.py:840} INFO - DAG(s) 'example_python_operator' retrieved from /home/airflow/.local/lib/python3.12/site-packages/airflow/example_dags/example_python_operator.py
[2024-05-08T03:28:21.340+0000] {logging_mixin.py:188} INFO - [2024-05-08T03:28:21.340+0000] {dag.py:3096} INFO - Sync 1 DAGs
[2024-05-08T03:28:21.360+0000] {logging_mixin.py:188} INFO - [2024-05-08T03:28:21.360+0000] {dag.py:3954} INFO - Setting next_dagrun for example_python_operator to None, run_after=None
[2024-05-08T03:28:21.395+0000] {processor.py:183} INFO - Processing /home/airflow/.local/lib/python3.12/site-packages/airflow/example_dags/example_python_operator.py took 0.111 seconds
[2024-05-08T03:28:51.953+0000] {processor.py:161} INFO - Started process (PID=425) to work on /home/airflow/.local/lib/python3.12/site-packages/airflow/example_dags/example_python_operator.py
[2024-05-08T03:28:51.954+0000] {processor.py:830} INFO - Processing file /home/airflow/.local/lib/python3.12/site-packages/airflow/example_dags/example_python_operator.py for tasks to queue
[2024-05-08T03:28:51.957+0000] {logging_mixin.py:188} INFO - [2024-05-08T03:28:51.957+0000] {dagbag.py:540} INFO - Filling up the DagBag from /home/airflow/.local/lib/python3.12/site-packages/airflow/example_dags/example_python_operator.py
[2024-05-08T03:28:51.971+0000] {processor.py:840} INFO - DAG(s) 'example_python_operator' retrieved from /home/airflow/.local/lib/python3.12/site-packages/airflow/example_dags/example_python_operator.py
[2024-05-08T03:28:52.008+0000] {logging_mixin.py:188} INFO - [2024-05-08T03:28:52.007+0000] {dag.py:3096} INFO - Sync 1 DAGs
[2024-05-08T03:28:52.040+0000] {logging_mixin.py:188} INFO - [2024-05-08T03:28:52.039+0000] {dag.py:3954} INFO - Setting next_dagrun for example_python_operator to None, run_after=None
[2024-05-08T03:28:52.081+0000] {processor.py:183} INFO - Processing /home/airflow/.local/lib/python3.12/site-packages/airflow/example_dags/example_python_operator.py took 0.137 seconds
[2024-05-08T03:29:22.750+0000] {processor.py:161} INFO - Started process (PID=486) to work on /home/airflow/.local/lib/python3.12/site-packages/airflow/example_dags/example_python_operator.py
[2024-05-08T03:29:22.753+0000] {processor.py:830} INFO - Processing file /home/airflow/.local/lib/python3.12/site-packages/airflow/example_dags/example_python_operator.py for tasks to queue
[2024-05-08T03:29:22.756+0000] {logging_mixin.py:188} INFO - [2024-05-08T03:29:22.756+0000] {dagbag.py:540} INFO - Filling up the DagBag from /home/airflow/.local/lib/python3.12/site-packages/airflow/example_dags/example_python_operator.py
[2024-05-08T03:29:22.771+0000] {processor.py:840} INFO - DAG(s) 'example_python_operator' retrieved from /home/airflow/.local/lib/python3.12/site-packages/airflow/example_dags/example_python_operator.py
[2024-05-08T03:29:22.812+0000] {logging_mixin.py:188} INFO - [2024-05-08T03:29:22.812+0000] {dag.py:3096} INFO - Sync 1 DAGs
[2024-05-08T03:29:22.832+0000] {logging_mixin.py:188} INFO - [2024-05-08T03:29:22.832+0000] {dag.py:3954} INFO - Setting next_dagrun for example_python_operator to None, run_after=None
[2024-05-08T03:29:22.873+0000] {processor.py:183} INFO - Processing /home/airflow/.local/lib/python3.12/site-packages/airflow/example_dags/example_python_operator.py took 0.136 seconds
[2024-05-08T03:29:53.304+0000] {processor.py:161} INFO - Started process (PID=547) to work on /home/airflow/.local/lib/python3.12/site-packages/airflow/example_dags/example_python_operator.py
[2024-05-08T03:29:53.306+0000] {processor.py:830} INFO - Processing file /home/airflow/.local/lib/python3.12/site-packages/airflow/example_dags/example_python_operator.py for tasks to queue
[2024-05-08T03:29:53.310+0000] {logging_mixin.py:188} INFO - [2024-05-08T03:29:53.309+0000] {dagbag.py:540} INFO - Filling up the DagBag from /home/airflow/.local/lib/python3.12/site-packages/airflow/example_dags/example_python_operator.py
[2024-05-08T03:29:53.328+0000] {processor.py:840} INFO - DAG(s) 'example_python_operator' retrieved from /home/airflow/.local/lib/python3.12/site-packages/airflow/example_dags/example_python_operator.py
[2024-05-08T03:29:53.377+0000] {logging_mixin.py:188} INFO - [2024-05-08T03:29:53.376+0000] {dag.py:3096} INFO - Sync 1 DAGs
[2024-05-08T03:29:53.404+0000] {logging_mixin.py:188} INFO - [2024-05-08T03:29:53.404+0000] {dag.py:3954} INFO - Setting next_dagrun for example_python_operator to None, run_after=None
[2024-05-08T03:29:53.464+0000] {processor.py:183} INFO - Processing /home/airflow/.local/lib/python3.12/site-packages/airflow/example_dags/example_python_operator.py took 0.172 seconds
[2024-05-08T03:30:23.923+0000] {processor.py:161} INFO - Started process (PID=608) to work on /home/airflow/.local/lib/python3.12/site-packages/airflow/example_dags/example_python_operator.py
[2024-05-08T03:30:23.925+0000] {processor.py:830} INFO - Processing file /home/airflow/.local/lib/python3.12/site-packages/airflow/example_dags/example_python_operator.py for tasks to queue
[2024-05-08T03:30:23.930+0000] {logging_mixin.py:188} INFO - [2024-05-08T03:30:23.929+0000] {dagbag.py:540} INFO - Filling up the DagBag from /home/airflow/.local/lib/python3.12/site-packages/airflow/example_dags/example_python_operator.py
[2024-05-08T03:30:23.951+0000] {processor.py:840} INFO - DAG(s) 'example_python_operator' retrieved from /home/airflow/.local/lib/python3.12/site-packages/airflow/example_dags/example_python_operator.py
[2024-05-08T03:30:23.989+0000] {logging_mixin.py:188} INFO - [2024-05-08T03:30:23.989+0000] {dag.py:3096} INFO - Sync 1 DAGs
[2024-05-08T03:30:24.021+0000] {logging_mixin.py:188} INFO - [2024-05-08T03:30:24.021+0000] {dag.py:3954} INFO - Setting next_dagrun for example_python_operator to None, run_after=None
[2024-05-08T03:30:24.057+0000] {processor.py:183} INFO - Processing /home/airflow/.local/lib/python3.12/site-packages/airflow/example_dags/example_python_operator.py took 0.150 seconds
[2024-05-08T03:30:54.899+0000] {processor.py:161} INFO - Started process (PID=670) to work on /home/airflow/.local/lib/python3.12/site-packages/airflow/example_dags/example_python_operator.py
[2024-05-08T03:30:54.901+0000] {processor.py:830} INFO - Processing file /home/airflow/.local/lib/python3.12/site-packages/airflow/example_dags/example_python_operator.py for tasks to queue
[2024-05-08T03:30:54.907+0000] {logging_mixin.py:188} INFO - [2024-05-08T03:30:54.906+0000] {dagbag.py:540} INFO - Filling up the DagBag from /home/airflow/.local/lib/python3.12/site-packages/airflow/example_dags/example_python_operator.py
[2024-05-08T03:30:54.936+0000] {processor.py:840} INFO - DAG(s) 'example_python_operator' retrieved from /home/airflow/.local/lib/python3.12/site-packages/airflow/example_dags/example_python_operator.py
[2024-05-08T03:30:54.997+0000] {logging_mixin.py:188} INFO - [2024-05-08T03:30:54.996+0000] {dag.py:3096} INFO - Sync 1 DAGs
[2024-05-08T03:30:55.029+0000] {logging_mixin.py:188} INFO - [2024-05-08T03:30:55.028+0000] {dag.py:3954} INFO - Setting next_dagrun for example_python_operator to None, run_after=None
[2024-05-08T03:30:55.068+0000] {processor.py:183} INFO - Processing /home/airflow/.local/lib/python3.12/site-packages/airflow/example_dags/example_python_operator.py took 0.180 seconds
[2024-05-08T03:31:25.860+0000] {processor.py:161} INFO - Started process (PID=731) to work on /home/airflow/.local/lib/python3.12/site-packages/airflow/example_dags/example_python_operator.py
[2024-05-08T03:31:25.862+0000] {processor.py:830} INFO - Processing file /home/airflow/.local/lib/python3.12/site-packages/airflow/example_dags/example_python_operator.py for tasks to queue
[2024-05-08T03:31:25.868+0000] {logging_mixin.py:188} INFO - [2024-05-08T03:31:25.868+0000] {dagbag.py:540} INFO - Filling up the DagBag from /home/airflow/.local/lib/python3.12/site-packages/airflow/example_dags/example_python_operator.py
[2024-05-08T03:31:25.905+0000] {processor.py:840} INFO - DAG(s) 'example_python_operator' retrieved from /home/airflow/.local/lib/python3.12/site-packages/airflow/example_dags/example_python_operator.py
[2024-05-08T03:31:25.976+0000] {logging_mixin.py:188} INFO - [2024-05-08T03:31:25.975+0000] {dag.py:3096} INFO - Sync 1 DAGs
[2024-05-08T03:31:26.011+0000] {logging_mixin.py:188} INFO - [2024-05-08T03:31:26.011+0000] {dag.py:3954} INFO - Setting next_dagrun for example_python_operator to None, run_after=None
[2024-05-08T03:31:26.051+0000] {processor.py:183} INFO - Processing /home/airflow/.local/lib/python3.12/site-packages/airflow/example_dags/example_python_operator.py took 0.210 seconds
[2024-05-08T03:32:11.431+0000] {processor.py:161} INFO - Started process (PID=794) to work on /home/airflow/.local/lib/python3.12/site-packages/airflow/example_dags/example_python_operator.py
[2024-05-08T03:32:11.444+0000] {processor.py:830} INFO - Processing file /home/airflow/.local/lib/python3.12/site-packages/airflow/example_dags/example_python_operator.py for tasks to queue
[2024-05-08T03:32:11.562+0000] {logging_mixin.py:188} INFO - [2024-05-08T03:32:11.553+0000] {dagbag.py:540} INFO - Filling up the DagBag from /home/airflow/.local/lib/python3.12/site-packages/airflow/example_dags/example_python_operator.py
[2024-05-08T03:32:12.137+0000] {processor.py:840} INFO - DAG(s) 'example_python_operator' retrieved from /home/airflow/.local/lib/python3.12/site-packages/airflow/example_dags/example_python_operator.py
[2024-05-08T03:32:13.619+0000] {logging_mixin.py:188} INFO - [2024-05-08T03:32:13.618+0000] {dag.py:3096} INFO - Sync 1 DAGs
[2024-05-08T03:32:14.119+0000] {logging_mixin.py:188} INFO - [2024-05-08T03:32:14.118+0000] {dag.py:3954} INFO - Setting next_dagrun for example_python_operator to None, run_after=None
[2024-05-08T03:32:14.335+0000] {processor.py:183} INFO - Processing /home/airflow/.local/lib/python3.12/site-packages/airflow/example_dags/example_python_operator.py took 3.066 seconds
[2024-05-08T03:32:47.637+0000] {processor.py:161} INFO - Started process (PID=861) to work on /home/airflow/.local/lib/python3.12/site-packages/airflow/example_dags/example_python_operator.py
[2024-05-08T03:32:47.685+0000] {processor.py:830} INFO - Processing file /home/airflow/.local/lib/python3.12/site-packages/airflow/example_dags/example_python_operator.py for tasks to queue
[2024-05-08T03:32:47.722+0000] {logging_mixin.py:188} INFO - [2024-05-08T03:32:47.720+0000] {dagbag.py:540} INFO - Filling up the DagBag from /home/airflow/.local/lib/python3.12/site-packages/airflow/example_dags/example_python_operator.py
[2024-05-08T03:32:47.843+0000] {processor.py:840} INFO - DAG(s) 'example_python_operator' retrieved from /home/airflow/.local/lib/python3.12/site-packages/airflow/example_dags/example_python_operator.py
[2024-05-08T03:32:47.961+0000] {logging_mixin.py:188} INFO - [2024-05-08T03:32:47.961+0000] {dag.py:3096} INFO - Sync 1 DAGs
[2024-05-08T03:32:48.068+0000] {logging_mixin.py:188} INFO - [2024-05-08T03:32:48.055+0000] {dag.py:3954} INFO - Setting next_dagrun for example_python_operator to None, run_after=None
[2024-05-08T03:32:48.238+0000] {processor.py:183} INFO - Processing /home/airflow/.local/lib/python3.12/site-packages/airflow/example_dags/example_python_operator.py took 0.633 seconds
[2024-05-08T03:33:21.037+0000] {processor.py:161} INFO - Started process (PID=923) to work on /home/airflow/.local/lib/python3.12/site-packages/airflow/example_dags/example_python_operator.py
[2024-05-08T03:33:21.044+0000] {processor.py:830} INFO - Processing file /home/airflow/.local/lib/python3.12/site-packages/airflow/example_dags/example_python_operator.py for tasks to queue
[2024-05-08T03:33:21.051+0000] {logging_mixin.py:188} INFO - [2024-05-08T03:33:21.050+0000] {dagbag.py:540} INFO - Filling up the DagBag from /home/airflow/.local/lib/python3.12/site-packages/airflow/example_dags/example_python_operator.py
[2024-05-08T03:33:21.120+0000] {processor.py:840} INFO - DAG(s) 'example_python_operator' retrieved from /home/airflow/.local/lib/python3.12/site-packages/airflow/example_dags/example_python_operator.py
[2024-05-08T03:33:21.262+0000] {logging_mixin.py:188} INFO - [2024-05-08T03:33:21.261+0000] {dag.py:3096} INFO - Sync 1 DAGs
[2024-05-08T03:33:21.304+0000] {logging_mixin.py:188} INFO - [2024-05-08T03:33:21.302+0000] {dag.py:3954} INFO - Setting next_dagrun for example_python_operator to None, run_after=None
[2024-05-08T03:33:21.391+0000] {processor.py:183} INFO - Processing /home/airflow/.local/lib/python3.12/site-packages/airflow/example_dags/example_python_operator.py took 0.378 seconds
[2024-05-08T03:33:57.501+0000] {processor.py:161} INFO - Started process (PID=982) to work on /home/airflow/.local/lib/python3.12/site-packages/airflow/example_dags/example_python_operator.py
[2024-05-08T03:33:57.508+0000] {processor.py:830} INFO - Processing file /home/airflow/.local/lib/python3.12/site-packages/airflow/example_dags/example_python_operator.py for tasks to queue
[2024-05-08T03:33:57.519+0000] {logging_mixin.py:188} INFO - [2024-05-08T03:33:57.513+0000] {dagbag.py:540} INFO - Filling up the DagBag from /home/airflow/.local/lib/python3.12/site-packages/airflow/example_dags/example_python_operator.py
[2024-05-08T03:33:57.659+0000] {processor.py:840} INFO - DAG(s) 'example_python_operator' retrieved from /home/airflow/.local/lib/python3.12/site-packages/airflow/example_dags/example_python_operator.py
[2024-05-08T03:34:00.574+0000] {logging_mixin.py:188} INFO - [2024-05-08T03:34:00.559+0000] {dag.py:3096} INFO - Sync 1 DAGs
[2024-05-08T03:34:00.679+0000] {logging_mixin.py:188} INFO - [2024-05-08T03:34:00.678+0000] {dag.py:3954} INFO - Setting next_dagrun for example_python_operator to None, run_after=None
[2024-05-08T03:34:00.842+0000] {processor.py:183} INFO - Processing /home/airflow/.local/lib/python3.12/site-packages/airflow/example_dags/example_python_operator.py took 3.384 seconds
[2024-05-08T03:41:58.522+0000] {processor.py:161} INFO - Started process (PID=1047) to work on /home/airflow/.local/lib/python3.12/site-packages/airflow/example_dags/example_python_operator.py
[2024-05-08T03:41:58.524+0000] {processor.py:830} INFO - Processing file /home/airflow/.local/lib/python3.12/site-packages/airflow/example_dags/example_python_operator.py for tasks to queue
[2024-05-08T03:41:58.528+0000] {logging_mixin.py:188} INFO - [2024-05-08T03:41:58.527+0000] {dagbag.py:540} INFO - Filling up the DagBag from /home/airflow/.local/lib/python3.12/site-packages/airflow/example_dags/example_python_operator.py
[2024-05-08T03:41:58.552+0000] {processor.py:840} INFO - DAG(s) 'example_python_operator' retrieved from /home/airflow/.local/lib/python3.12/site-packages/airflow/example_dags/example_python_operator.py
[2024-05-08T03:41:58.611+0000] {logging_mixin.py:188} INFO - [2024-05-08T03:41:58.610+0000] {dag.py:3096} INFO - Sync 1 DAGs
[2024-05-08T03:41:58.644+0000] {logging_mixin.py:188} INFO - [2024-05-08T03:41:58.644+0000] {dag.py:3954} INFO - Setting next_dagrun for example_python_operator to None, run_after=None
[2024-05-08T03:41:58.696+0000] {processor.py:183} INFO - Processing /home/airflow/.local/lib/python3.12/site-packages/airflow/example_dags/example_python_operator.py took 0.188 seconds
[2024-05-08T03:42:29.891+0000] {processor.py:161} INFO - Started process (PID=1108) to work on /home/airflow/.local/lib/python3.12/site-packages/airflow/example_dags/example_python_operator.py
[2024-05-08T03:42:29.893+0000] {processor.py:830} INFO - Processing file /home/airflow/.local/lib/python3.12/site-packages/airflow/example_dags/example_python_operator.py for tasks to queue
[2024-05-08T03:42:29.894+0000] {logging_mixin.py:188} INFO - [2024-05-08T03:42:29.894+0000] {dagbag.py:540} INFO - Filling up the DagBag from /home/airflow/.local/lib/python3.12/site-packages/airflow/example_dags/example_python_operator.py
[2024-05-08T03:42:29.918+0000] {processor.py:840} INFO - DAG(s) 'example_python_operator' retrieved from /home/airflow/.local/lib/python3.12/site-packages/airflow/example_dags/example_python_operator.py
[2024-05-08T03:42:29.958+0000] {logging_mixin.py:188} INFO - [2024-05-08T03:42:29.958+0000] {dag.py:3096} INFO - Sync 1 DAGs
[2024-05-08T03:42:29.983+0000] {logging_mixin.py:188} INFO - [2024-05-08T03:42:29.983+0000] {dag.py:3954} INFO - Setting next_dagrun for example_python_operator to None, run_after=None
[2024-05-08T03:42:30.044+0000] {processor.py:183} INFO - Processing /home/airflow/.local/lib/python3.12/site-packages/airflow/example_dags/example_python_operator.py took 0.163 seconds
