[2024-05-08T03:26:11.606+0000] {processor.py:161} INFO - Started process (PID=107) to work on /home/airflow/.local/lib/python3.12/site-packages/airflow/example_dags/example_display_name.py
[2024-05-08T03:26:11.620+0000] {processor.py:830} INFO - Processing file /home/airflow/.local/lib/python3.12/site-packages/airflow/example_dags/example_display_name.py for tasks to queue
[2024-05-08T03:26:11.639+0000] {logging_mixin.py:188} INFO - [2024-05-08T03:26:11.637+0000] {dagbag.py:540} INFO - Filling up the DagBag from /home/airflow/.local/lib/python3.12/site-packages/airflow/example_dags/example_display_name.py
[2024-05-08T03:26:11.678+0000] {processor.py:840} INFO - DAG(s) 'example_display_name' retrieved from /home/airflow/.local/lib/python3.12/site-packages/airflow/example_dags/example_display_name.py
[2024-05-08T03:26:12.888+0000] {logging_mixin.py:188} INFO - [2024-05-08T03:26:12.887+0000] {dag.py:3096} INFO - Sync 1 DAGs
[2024-05-08T03:26:13.020+0000] {logging_mixin.py:188} INFO - [2024-05-08T03:26:13.019+0000] {dag.py:3954} INFO - Setting next_dagrun for example_display_name to None, run_after=None
[2024-05-08T03:26:13.250+0000] {processor.py:183} INFO - Processing /home/airflow/.local/lib/python3.12/site-packages/airflow/example_dags/example_display_name.py took 1.710 seconds
[2024-05-08T03:26:48.120+0000] {processor.py:161} INFO - Started process (PID=180) to work on /home/airflow/.local/lib/python3.12/site-packages/airflow/example_dags/example_display_name.py
[2024-05-08T03:26:48.128+0000] {processor.py:830} INFO - Processing file /home/airflow/.local/lib/python3.12/site-packages/airflow/example_dags/example_display_name.py for tasks to queue
[2024-05-08T03:26:48.133+0000] {logging_mixin.py:188} INFO - [2024-05-08T03:26:48.132+0000] {dagbag.py:540} INFO - Filling up the DagBag from /home/airflow/.local/lib/python3.12/site-packages/airflow/example_dags/example_display_name.py
[2024-05-08T03:26:48.154+0000] {processor.py:840} INFO - DAG(s) 'example_display_name' retrieved from /home/airflow/.local/lib/python3.12/site-packages/airflow/example_dags/example_display_name.py
[2024-05-08T03:26:48.254+0000] {logging_mixin.py:188} INFO - [2024-05-08T03:26:48.253+0000] {dag.py:3096} INFO - Sync 1 DAGs
[2024-05-08T03:26:48.307+0000] {logging_mixin.py:188} INFO - [2024-05-08T03:26:48.307+0000] {dag.py:3954} INFO - Setting next_dagrun for example_display_name to None, run_after=None
[2024-05-08T03:26:48.400+0000] {processor.py:183} INFO - Processing /home/airflow/.local/lib/python3.12/site-packages/airflow/example_dags/example_display_name.py took 0.308 seconds
[2024-05-08T03:27:19.246+0000] {processor.py:161} INFO - Started process (PID=241) to work on /home/airflow/.local/lib/python3.12/site-packages/airflow/example_dags/example_display_name.py
[2024-05-08T03:27:19.249+0000] {processor.py:830} INFO - Processing file /home/airflow/.local/lib/python3.12/site-packages/airflow/example_dags/example_display_name.py for tasks to queue
[2024-05-08T03:27:19.253+0000] {logging_mixin.py:188} INFO - [2024-05-08T03:27:19.252+0000] {dagbag.py:540} INFO - Filling up the DagBag from /home/airflow/.local/lib/python3.12/site-packages/airflow/example_dags/example_display_name.py
[2024-05-08T03:27:19.266+0000] {processor.py:840} INFO - DAG(s) 'example_display_name' retrieved from /home/airflow/.local/lib/python3.12/site-packages/airflow/example_dags/example_display_name.py
[2024-05-08T03:27:19.314+0000] {logging_mixin.py:188} INFO - [2024-05-08T03:27:19.314+0000] {dag.py:3096} INFO - Sync 1 DAGs
[2024-05-08T03:27:19.361+0000] {logging_mixin.py:188} INFO - [2024-05-08T03:27:19.361+0000] {dag.py:3954} INFO - Setting next_dagrun for example_display_name to None, run_after=None
[2024-05-08T03:27:19.412+0000] {processor.py:183} INFO - Processing /home/airflow/.local/lib/python3.12/site-packages/airflow/example_dags/example_display_name.py took 0.178 seconds
[2024-05-08T03:27:50.495+0000] {processor.py:161} INFO - Started process (PID=302) to work on /home/airflow/.local/lib/python3.12/site-packages/airflow/example_dags/example_display_name.py
[2024-05-08T03:27:50.511+0000] {processor.py:830} INFO - Processing file /home/airflow/.local/lib/python3.12/site-packages/airflow/example_dags/example_display_name.py for tasks to queue
[2024-05-08T03:27:50.516+0000] {logging_mixin.py:188} INFO - [2024-05-08T03:27:50.515+0000] {dagbag.py:540} INFO - Filling up the DagBag from /home/airflow/.local/lib/python3.12/site-packages/airflow/example_dags/example_display_name.py
[2024-05-08T03:27:50.557+0000] {processor.py:840} INFO - DAG(s) 'example_display_name' retrieved from /home/airflow/.local/lib/python3.12/site-packages/airflow/example_dags/example_display_name.py
[2024-05-08T03:27:50.610+0000] {logging_mixin.py:188} INFO - [2024-05-08T03:27:50.609+0000] {dag.py:3096} INFO - Sync 1 DAGs
[2024-05-08T03:27:50.636+0000] {logging_mixin.py:188} INFO - [2024-05-08T03:27:50.636+0000] {dag.py:3954} INFO - Setting next_dagrun for example_display_name to None, run_after=None
[2024-05-08T03:27:50.683+0000] {processor.py:183} INFO - Processing /home/airflow/.local/lib/python3.12/site-packages/airflow/example_dags/example_display_name.py took 0.238 seconds
[2024-05-08T03:28:21.268+0000] {processor.py:161} INFO - Started process (PID=363) to work on /home/airflow/.local/lib/python3.12/site-packages/airflow/example_dags/example_display_name.py
[2024-05-08T03:28:21.271+0000] {processor.py:830} INFO - Processing file /home/airflow/.local/lib/python3.12/site-packages/airflow/example_dags/example_display_name.py for tasks to queue
[2024-05-08T03:28:21.276+0000] {logging_mixin.py:188} INFO - [2024-05-08T03:28:21.275+0000] {dagbag.py:540} INFO - Filling up the DagBag from /home/airflow/.local/lib/python3.12/site-packages/airflow/example_dags/example_display_name.py
[2024-05-08T03:28:21.285+0000] {processor.py:840} INFO - DAG(s) 'example_display_name' retrieved from /home/airflow/.local/lib/python3.12/site-packages/airflow/example_dags/example_display_name.py
[2024-05-08T03:28:21.309+0000] {logging_mixin.py:188} INFO - [2024-05-08T03:28:21.309+0000] {dag.py:3096} INFO - Sync 1 DAGs
[2024-05-08T03:28:21.329+0000] {logging_mixin.py:188} INFO - [2024-05-08T03:28:21.329+0000] {dag.py:3954} INFO - Setting next_dagrun for example_display_name to None, run_after=None
[2024-05-08T03:28:21.355+0000] {processor.py:183} INFO - Processing /home/airflow/.local/lib/python3.12/site-packages/airflow/example_dags/example_display_name.py took 0.095 seconds
[2024-05-08T03:28:51.931+0000] {processor.py:161} INFO - Started process (PID=424) to work on /home/airflow/.local/lib/python3.12/site-packages/airflow/example_dags/example_display_name.py
[2024-05-08T03:28:51.933+0000] {processor.py:830} INFO - Processing file /home/airflow/.local/lib/python3.12/site-packages/airflow/example_dags/example_display_name.py for tasks to queue
[2024-05-08T03:28:51.936+0000] {logging_mixin.py:188} INFO - [2024-05-08T03:28:51.935+0000] {dagbag.py:540} INFO - Filling up the DagBag from /home/airflow/.local/lib/python3.12/site-packages/airflow/example_dags/example_display_name.py
[2024-05-08T03:28:51.945+0000] {processor.py:840} INFO - DAG(s) 'example_display_name' retrieved from /home/airflow/.local/lib/python3.12/site-packages/airflow/example_dags/example_display_name.py
[2024-05-08T03:28:51.969+0000] {logging_mixin.py:188} INFO - [2024-05-08T03:28:51.968+0000] {dag.py:3096} INFO - Sync 1 DAGs
[2024-05-08T03:28:51.989+0000] {logging_mixin.py:188} INFO - [2024-05-08T03:28:51.989+0000] {dag.py:3954} INFO - Setting next_dagrun for example_display_name to None, run_after=None
[2024-05-08T03:28:52.026+0000] {processor.py:183} INFO - Processing /home/airflow/.local/lib/python3.12/site-packages/airflow/example_dags/example_display_name.py took 0.102 seconds
[2024-05-08T03:29:22.704+0000] {processor.py:161} INFO - Started process (PID=485) to work on /home/airflow/.local/lib/python3.12/site-packages/airflow/example_dags/example_display_name.py
[2024-05-08T03:29:22.707+0000] {processor.py:830} INFO - Processing file /home/airflow/.local/lib/python3.12/site-packages/airflow/example_dags/example_display_name.py for tasks to queue
[2024-05-08T03:29:22.711+0000] {logging_mixin.py:188} INFO - [2024-05-08T03:29:22.710+0000] {dagbag.py:540} INFO - Filling up the DagBag from /home/airflow/.local/lib/python3.12/site-packages/airflow/example_dags/example_display_name.py
[2024-05-08T03:29:22.724+0000] {processor.py:840} INFO - DAG(s) 'example_display_name' retrieved from /home/airflow/.local/lib/python3.12/site-packages/airflow/example_dags/example_display_name.py
[2024-05-08T03:29:22.765+0000] {logging_mixin.py:188} INFO - [2024-05-08T03:29:22.765+0000] {dag.py:3096} INFO - Sync 1 DAGs
[2024-05-08T03:29:22.789+0000] {logging_mixin.py:188} INFO - [2024-05-08T03:29:22.788+0000] {dag.py:3954} INFO - Setting next_dagrun for example_display_name to None, run_after=None
[2024-05-08T03:29:22.829+0000] {processor.py:183} INFO - Processing /home/airflow/.local/lib/python3.12/site-packages/airflow/example_dags/example_display_name.py took 0.136 seconds
[2024-05-08T03:29:53.018+0000] {processor.py:161} INFO - Started process (PID=546) to work on /home/airflow/.local/lib/python3.12/site-packages/airflow/example_dags/example_display_name.py
[2024-05-08T03:29:53.021+0000] {processor.py:830} INFO - Processing file /home/airflow/.local/lib/python3.12/site-packages/airflow/example_dags/example_display_name.py for tasks to queue
[2024-05-08T03:29:53.026+0000] {logging_mixin.py:188} INFO - [2024-05-08T03:29:53.024+0000] {dagbag.py:540} INFO - Filling up the DagBag from /home/airflow/.local/lib/python3.12/site-packages/airflow/example_dags/example_display_name.py
[2024-05-08T03:29:53.048+0000] {processor.py:840} INFO - DAG(s) 'example_display_name' retrieved from /home/airflow/.local/lib/python3.12/site-packages/airflow/example_dags/example_display_name.py
[2024-05-08T03:29:53.116+0000] {logging_mixin.py:188} INFO - [2024-05-08T03:29:53.115+0000] {dag.py:3096} INFO - Sync 1 DAGs
[2024-05-08T03:29:53.161+0000] {logging_mixin.py:188} INFO - [2024-05-08T03:29:53.160+0000] {dag.py:3954} INFO - Setting next_dagrun for example_display_name to None, run_after=None
[2024-05-08T03:29:53.206+0000] {processor.py:183} INFO - Processing /home/airflow/.local/lib/python3.12/site-packages/airflow/example_dags/example_display_name.py took 0.201 seconds
[2024-05-08T03:30:23.753+0000] {processor.py:161} INFO - Started process (PID=607) to work on /home/airflow/.local/lib/python3.12/site-packages/airflow/example_dags/example_display_name.py
[2024-05-08T03:30:23.755+0000] {processor.py:830} INFO - Processing file /home/airflow/.local/lib/python3.12/site-packages/airflow/example_dags/example_display_name.py for tasks to queue
[2024-05-08T03:30:23.760+0000] {logging_mixin.py:188} INFO - [2024-05-08T03:30:23.759+0000] {dagbag.py:540} INFO - Filling up the DagBag from /home/airflow/.local/lib/python3.12/site-packages/airflow/example_dags/example_display_name.py
[2024-05-08T03:30:23.772+0000] {processor.py:840} INFO - DAG(s) 'example_display_name' retrieved from /home/airflow/.local/lib/python3.12/site-packages/airflow/example_dags/example_display_name.py
[2024-05-08T03:30:23.814+0000] {logging_mixin.py:188} INFO - [2024-05-08T03:30:23.813+0000] {dag.py:3096} INFO - Sync 1 DAGs
[2024-05-08T03:30:23.846+0000] {logging_mixin.py:188} INFO - [2024-05-08T03:30:23.845+0000] {dag.py:3954} INFO - Setting next_dagrun for example_display_name to None, run_after=None
[2024-05-08T03:30:23.900+0000] {processor.py:183} INFO - Processing /home/airflow/.local/lib/python3.12/site-packages/airflow/example_dags/example_display_name.py took 0.162 seconds
[2024-05-08T03:30:54.747+0000] {processor.py:161} INFO - Started process (PID=669) to work on /home/airflow/.local/lib/python3.12/site-packages/airflow/example_dags/example_display_name.py
[2024-05-08T03:30:54.749+0000] {processor.py:830} INFO - Processing file /home/airflow/.local/lib/python3.12/site-packages/airflow/example_dags/example_display_name.py for tasks to queue
[2024-05-08T03:30:54.755+0000] {logging_mixin.py:188} INFO - [2024-05-08T03:30:54.754+0000] {dagbag.py:540} INFO - Filling up the DagBag from /home/airflow/.local/lib/python3.12/site-packages/airflow/example_dags/example_display_name.py
[2024-05-08T03:30:54.768+0000] {processor.py:840} INFO - DAG(s) 'example_display_name' retrieved from /home/airflow/.local/lib/python3.12/site-packages/airflow/example_dags/example_display_name.py
[2024-05-08T03:30:54.809+0000] {logging_mixin.py:188} INFO - [2024-05-08T03:30:54.809+0000] {dag.py:3096} INFO - Sync 1 DAGs
[2024-05-08T03:30:54.829+0000] {logging_mixin.py:188} INFO - [2024-05-08T03:30:54.829+0000] {dag.py:3954} INFO - Setting next_dagrun for example_display_name to None, run_after=None
[2024-05-08T03:30:54.876+0000] {processor.py:183} INFO - Processing /home/airflow/.local/lib/python3.12/site-packages/airflow/example_dags/example_display_name.py took 0.143 seconds
[2024-05-08T03:31:25.669+0000] {processor.py:161} INFO - Started process (PID=730) to work on /home/airflow/.local/lib/python3.12/site-packages/airflow/example_dags/example_display_name.py
[2024-05-08T03:31:25.675+0000] {processor.py:830} INFO - Processing file /home/airflow/.local/lib/python3.12/site-packages/airflow/example_dags/example_display_name.py for tasks to queue
[2024-05-08T03:31:25.681+0000] {logging_mixin.py:188} INFO - [2024-05-08T03:31:25.679+0000] {dagbag.py:540} INFO - Filling up the DagBag from /home/airflow/.local/lib/python3.12/site-packages/airflow/example_dags/example_display_name.py
[2024-05-08T03:31:25.701+0000] {processor.py:840} INFO - DAG(s) 'example_display_name' retrieved from /home/airflow/.local/lib/python3.12/site-packages/airflow/example_dags/example_display_name.py
[2024-05-08T03:31:25.753+0000] {logging_mixin.py:188} INFO - [2024-05-08T03:31:25.752+0000] {dag.py:3096} INFO - Sync 1 DAGs
[2024-05-08T03:31:25.783+0000] {logging_mixin.py:188} INFO - [2024-05-08T03:31:25.783+0000] {dag.py:3954} INFO - Setting next_dagrun for example_display_name to None, run_after=None
[2024-05-08T03:31:25.831+0000] {processor.py:183} INFO - Processing /home/airflow/.local/lib/python3.12/site-packages/airflow/example_dags/example_display_name.py took 0.179 seconds
[2024-05-08T03:32:10.331+0000] {processor.py:161} INFO - Started process (PID=793) to work on /home/airflow/.local/lib/python3.12/site-packages/airflow/example_dags/example_display_name.py
[2024-05-08T03:32:10.372+0000] {processor.py:830} INFO - Processing file /home/airflow/.local/lib/python3.12/site-packages/airflow/example_dags/example_display_name.py for tasks to queue
[2024-05-08T03:32:10.406+0000] {logging_mixin.py:188} INFO - [2024-05-08T03:32:10.405+0000] {dagbag.py:540} INFO - Filling up the DagBag from /home/airflow/.local/lib/python3.12/site-packages/airflow/example_dags/example_display_name.py
[2024-05-08T03:32:10.481+0000] {processor.py:840} INFO - DAG(s) 'example_display_name' retrieved from /home/airflow/.local/lib/python3.12/site-packages/airflow/example_dags/example_display_name.py
[2024-05-08T03:32:10.688+0000] {logging_mixin.py:188} INFO - [2024-05-08T03:32:10.687+0000] {dag.py:3096} INFO - Sync 1 DAGs
[2024-05-08T03:32:10.908+0000] {logging_mixin.py:188} INFO - [2024-05-08T03:32:10.907+0000] {dag.py:3954} INFO - Setting next_dagrun for example_display_name to None, run_after=None
[2024-05-08T03:32:11.196+0000] {processor.py:183} INFO - Processing /home/airflow/.local/lib/python3.12/site-packages/airflow/example_dags/example_display_name.py took 1.049 seconds
[2024-05-08T03:32:46.767+0000] {processor.py:161} INFO - Started process (PID=860) to work on /home/airflow/.local/lib/python3.12/site-packages/airflow/example_dags/example_display_name.py
[2024-05-08T03:32:46.774+0000] {processor.py:830} INFO - Processing file /home/airflow/.local/lib/python3.12/site-packages/airflow/example_dags/example_display_name.py for tasks to queue
[2024-05-08T03:32:46.813+0000] {logging_mixin.py:188} INFO - [2024-05-08T03:32:46.812+0000] {dagbag.py:540} INFO - Filling up the DagBag from /home/airflow/.local/lib/python3.12/site-packages/airflow/example_dags/example_display_name.py
[2024-05-08T03:32:46.861+0000] {processor.py:840} INFO - DAG(s) 'example_display_name' retrieved from /home/airflow/.local/lib/python3.12/site-packages/airflow/example_dags/example_display_name.py
[2024-05-08T03:32:47.012+0000] {logging_mixin.py:188} INFO - [2024-05-08T03:32:47.011+0000] {dag.py:3096} INFO - Sync 1 DAGs
[2024-05-08T03:32:47.164+0000] {logging_mixin.py:188} INFO - [2024-05-08T03:32:47.163+0000] {dag.py:3954} INFO - Setting next_dagrun for example_display_name to None, run_after=None
[2024-05-08T03:32:47.376+0000] {processor.py:183} INFO - Processing /home/airflow/.local/lib/python3.12/site-packages/airflow/example_dags/example_display_name.py took 0.673 seconds
[2024-05-08T03:33:20.749+0000] {processor.py:161} INFO - Started process (PID=922) to work on /home/airflow/.local/lib/python3.12/site-packages/airflow/example_dags/example_display_name.py
[2024-05-08T03:33:20.752+0000] {processor.py:830} INFO - Processing file /home/airflow/.local/lib/python3.12/site-packages/airflow/example_dags/example_display_name.py for tasks to queue
[2024-05-08T03:33:20.757+0000] {logging_mixin.py:188} INFO - [2024-05-08T03:33:20.756+0000] {dagbag.py:540} INFO - Filling up the DagBag from /home/airflow/.local/lib/python3.12/site-packages/airflow/example_dags/example_display_name.py
[2024-05-08T03:33:20.775+0000] {processor.py:840} INFO - DAG(s) 'example_display_name' retrieved from /home/airflow/.local/lib/python3.12/site-packages/airflow/example_dags/example_display_name.py
[2024-05-08T03:33:20.839+0000] {logging_mixin.py:188} INFO - [2024-05-08T03:33:20.839+0000] {dag.py:3096} INFO - Sync 1 DAGs
[2024-05-08T03:33:20.884+0000] {logging_mixin.py:188} INFO - [2024-05-08T03:33:20.878+0000] {dag.py:3954} INFO - Setting next_dagrun for example_display_name to None, run_after=None
[2024-05-08T03:33:20.959+0000] {processor.py:183} INFO - Processing /home/airflow/.local/lib/python3.12/site-packages/airflow/example_dags/example_display_name.py took 0.223 seconds
[2024-05-08T03:33:56.852+0000] {processor.py:161} INFO - Started process (PID=981) to work on /home/airflow/.local/lib/python3.12/site-packages/airflow/example_dags/example_display_name.py
[2024-05-08T03:33:56.856+0000] {processor.py:830} INFO - Processing file /home/airflow/.local/lib/python3.12/site-packages/airflow/example_dags/example_display_name.py for tasks to queue
[2024-05-08T03:33:56.867+0000] {logging_mixin.py:188} INFO - [2024-05-08T03:33:56.866+0000] {dagbag.py:540} INFO - Filling up the DagBag from /home/airflow/.local/lib/python3.12/site-packages/airflow/example_dags/example_display_name.py
[2024-05-08T03:33:56.899+0000] {processor.py:840} INFO - DAG(s) 'example_display_name' retrieved from /home/airflow/.local/lib/python3.12/site-packages/airflow/example_dags/example_display_name.py
[2024-05-08T03:34:00.576+0000] {logging_mixin.py:188} INFO - [2024-05-08T03:34:00.567+0000] {dag.py:3096} INFO - Sync 1 DAGs
[2024-05-08T03:34:00.681+0000] {logging_mixin.py:188} INFO - [2024-05-08T03:34:00.669+0000] {dag.py:3954} INFO - Setting next_dagrun for example_display_name to None, run_after=None
[2024-05-08T03:34:00.828+0000] {processor.py:183} INFO - Processing /home/airflow/.local/lib/python3.12/site-packages/airflow/example_dags/example_display_name.py took 4.020 seconds
[2024-05-08T03:41:58.328+0000] {processor.py:161} INFO - Started process (PID=1046) to work on /home/airflow/.local/lib/python3.12/site-packages/airflow/example_dags/example_display_name.py
[2024-05-08T03:41:58.330+0000] {processor.py:830} INFO - Processing file /home/airflow/.local/lib/python3.12/site-packages/airflow/example_dags/example_display_name.py for tasks to queue
[2024-05-08T03:41:58.332+0000] {logging_mixin.py:188} INFO - [2024-05-08T03:41:58.332+0000] {dagbag.py:540} INFO - Filling up the DagBag from /home/airflow/.local/lib/python3.12/site-packages/airflow/example_dags/example_display_name.py
[2024-05-08T03:41:58.346+0000] {processor.py:840} INFO - DAG(s) 'example_display_name' retrieved from /home/airflow/.local/lib/python3.12/site-packages/airflow/example_dags/example_display_name.py
[2024-05-08T03:41:58.394+0000] {logging_mixin.py:188} INFO - [2024-05-08T03:41:58.393+0000] {dag.py:3096} INFO - Sync 1 DAGs
[2024-05-08T03:41:58.431+0000] {logging_mixin.py:188} INFO - [2024-05-08T03:41:58.430+0000] {dag.py:3954} INFO - Setting next_dagrun for example_display_name to None, run_after=None
[2024-05-08T03:41:58.492+0000] {processor.py:183} INFO - Processing /home/airflow/.local/lib/python3.12/site-packages/airflow/example_dags/example_display_name.py took 0.172 seconds
[2024-05-08T03:42:29.695+0000] {processor.py:161} INFO - Started process (PID=1107) to work on /home/airflow/.local/lib/python3.12/site-packages/airflow/example_dags/example_display_name.py
[2024-05-08T03:42:29.697+0000] {processor.py:830} INFO - Processing file /home/airflow/.local/lib/python3.12/site-packages/airflow/example_dags/example_display_name.py for tasks to queue
[2024-05-08T03:42:29.699+0000] {logging_mixin.py:188} INFO - [2024-05-08T03:42:29.698+0000] {dagbag.py:540} INFO - Filling up the DagBag from /home/airflow/.local/lib/python3.12/site-packages/airflow/example_dags/example_display_name.py
[2024-05-08T03:42:29.708+0000] {processor.py:840} INFO - DAG(s) 'example_display_name' retrieved from /home/airflow/.local/lib/python3.12/site-packages/airflow/example_dags/example_display_name.py
[2024-05-08T03:42:29.748+0000] {logging_mixin.py:188} INFO - [2024-05-08T03:42:29.747+0000] {dag.py:3096} INFO - Sync 1 DAGs
[2024-05-08T03:42:29.772+0000] {logging_mixin.py:188} INFO - [2024-05-08T03:42:29.772+0000] {dag.py:3954} INFO - Setting next_dagrun for example_display_name to None, run_after=None
[2024-05-08T03:42:29.873+0000] {processor.py:183} INFO - Processing /home/airflow/.local/lib/python3.12/site-packages/airflow/example_dags/example_display_name.py took 0.190 seconds
