[2024-05-08T03:25:19.600+0000] {processor.py:161} INFO - Started process (PID=54) to work on /home/airflow/.local/lib/python3.12/site-packages/airflow/example_dags/example_bash_operator.py
[2024-05-08T03:25:19.617+0000] {processor.py:830} INFO - Processing file /home/airflow/.local/lib/python3.12/site-packages/airflow/example_dags/example_bash_operator.py for tasks to queue
[2024-05-08T03:25:19.629+0000] {logging_mixin.py:188} INFO - [2024-05-08T03:25:19.627+0000] {dagbag.py:540} INFO - Filling up the DagBag from /home/airflow/.local/lib/python3.12/site-packages/airflow/example_dags/example_bash_operator.py
[2024-05-08T03:25:19.708+0000] {processor.py:840} INFO - DAG(s) 'example_bash_operator' retrieved from /home/airflow/.local/lib/python3.12/site-packages/airflow/example_dags/example_bash_operator.py
[2024-05-08T03:25:20.230+0000] {logging_mixin.py:188} INFO - [2024-05-08T03:25:20.229+0000] {dag.py:3096} INFO - Sync 1 DAGs
[2024-05-08T03:25:20.383+0000] {logging_mixin.py:188} INFO - [2024-05-08T03:25:20.381+0000] {dag.py:3954} INFO - Setting next_dagrun for example_bash_operator to 2024-05-07 00:00:00+00:00, run_after=2024-05-08 00:00:00+00:00
[2024-05-08T03:25:20.510+0000] {processor.py:183} INFO - Processing /home/airflow/.local/lib/python3.12/site-packages/airflow/example_dags/example_bash_operator.py took 0.956 seconds
[2024-05-08T03:26:29.872+0000] {processor.py:161} INFO - Started process (PID=132) to work on /home/airflow/.local/lib/python3.12/site-packages/airflow/example_dags/example_bash_operator.py
[2024-05-08T03:26:29.876+0000] {processor.py:830} INFO - Processing file /home/airflow/.local/lib/python3.12/site-packages/airflow/example_dags/example_bash_operator.py for tasks to queue
[2024-05-08T03:26:29.882+0000] {logging_mixin.py:188} INFO - [2024-05-08T03:26:29.881+0000] {dagbag.py:540} INFO - Filling up the DagBag from /home/airflow/.local/lib/python3.12/site-packages/airflow/example_dags/example_bash_operator.py
[2024-05-08T03:26:29.920+0000] {processor.py:840} INFO - DAG(s) 'example_bash_operator' retrieved from /home/airflow/.local/lib/python3.12/site-packages/airflow/example_dags/example_bash_operator.py
[2024-05-08T03:26:30.073+0000] {logging_mixin.py:188} INFO - [2024-05-08T03:26:30.072+0000] {dag.py:3096} INFO - Sync 1 DAGs
[2024-05-08T03:26:30.163+0000] {logging_mixin.py:188} INFO - [2024-05-08T03:26:30.162+0000] {dag.py:3954} INFO - Setting next_dagrun for example_bash_operator to 2024-05-07 00:00:00+00:00, run_after=2024-05-08 00:00:00+00:00
[2024-05-08T03:26:30.258+0000] {processor.py:183} INFO - Processing /home/airflow/.local/lib/python3.12/site-packages/airflow/example_dags/example_bash_operator.py took 0.403 seconds
[2024-05-08T03:27:00.708+0000] {processor.py:161} INFO - Started process (PID=195) to work on /home/airflow/.local/lib/python3.12/site-packages/airflow/example_dags/example_bash_operator.py
[2024-05-08T03:27:00.721+0000] {processor.py:830} INFO - Processing file /home/airflow/.local/lib/python3.12/site-packages/airflow/example_dags/example_bash_operator.py for tasks to queue
[2024-05-08T03:27:00.737+0000] {logging_mixin.py:188} INFO - [2024-05-08T03:27:00.736+0000] {dagbag.py:540} INFO - Filling up the DagBag from /home/airflow/.local/lib/python3.12/site-packages/airflow/example_dags/example_bash_operator.py
[2024-05-08T03:27:00.823+0000] {processor.py:840} INFO - DAG(s) 'example_bash_operator' retrieved from /home/airflow/.local/lib/python3.12/site-packages/airflow/example_dags/example_bash_operator.py
[2024-05-08T03:27:00.988+0000] {logging_mixin.py:188} INFO - [2024-05-08T03:27:00.988+0000] {dag.py:3096} INFO - Sync 1 DAGs
[2024-05-08T03:27:01.081+0000] {logging_mixin.py:188} INFO - [2024-05-08T03:27:01.080+0000] {dag.py:3954} INFO - Setting next_dagrun for example_bash_operator to 2024-05-07 00:00:00+00:00, run_after=2024-05-08 00:00:00+00:00
[2024-05-08T03:27:01.132+0000] {processor.py:183} INFO - Processing /home/airflow/.local/lib/python3.12/site-packages/airflow/example_dags/example_bash_operator.py took 0.450 seconds
[2024-05-08T03:27:31.919+0000] {processor.py:161} INFO - Started process (PID=256) to work on /home/airflow/.local/lib/python3.12/site-packages/airflow/example_dags/example_bash_operator.py
[2024-05-08T03:27:31.921+0000] {processor.py:830} INFO - Processing file /home/airflow/.local/lib/python3.12/site-packages/airflow/example_dags/example_bash_operator.py for tasks to queue
[2024-05-08T03:27:31.925+0000] {logging_mixin.py:188} INFO - [2024-05-08T03:27:31.924+0000] {dagbag.py:540} INFO - Filling up the DagBag from /home/airflow/.local/lib/python3.12/site-packages/airflow/example_dags/example_bash_operator.py
[2024-05-08T03:27:31.946+0000] {processor.py:840} INFO - DAG(s) 'example_bash_operator' retrieved from /home/airflow/.local/lib/python3.12/site-packages/airflow/example_dags/example_bash_operator.py
[2024-05-08T03:27:32.007+0000] {logging_mixin.py:188} INFO - [2024-05-08T03:27:32.006+0000] {dag.py:3096} INFO - Sync 1 DAGs
[2024-05-08T03:27:32.062+0000] {logging_mixin.py:188} INFO - [2024-05-08T03:27:32.061+0000] {dag.py:3954} INFO - Setting next_dagrun for example_bash_operator to 2024-05-07 00:00:00+00:00, run_after=2024-05-08 00:00:00+00:00
[2024-05-08T03:27:32.106+0000] {processor.py:183} INFO - Processing /home/airflow/.local/lib/python3.12/site-packages/airflow/example_dags/example_bash_operator.py took 0.200 seconds
[2024-05-08T03:28:02.364+0000] {processor.py:161} INFO - Started process (PID=317) to work on /home/airflow/.local/lib/python3.12/site-packages/airflow/example_dags/example_bash_operator.py
[2024-05-08T03:28:02.371+0000] {processor.py:830} INFO - Processing file /home/airflow/.local/lib/python3.12/site-packages/airflow/example_dags/example_bash_operator.py for tasks to queue
[2024-05-08T03:28:02.377+0000] {logging_mixin.py:188} INFO - [2024-05-08T03:28:02.376+0000] {dagbag.py:540} INFO - Filling up the DagBag from /home/airflow/.local/lib/python3.12/site-packages/airflow/example_dags/example_bash_operator.py
[2024-05-08T03:28:02.421+0000] {processor.py:840} INFO - DAG(s) 'example_bash_operator' retrieved from /home/airflow/.local/lib/python3.12/site-packages/airflow/example_dags/example_bash_operator.py
[2024-05-08T03:28:02.602+0000] {logging_mixin.py:188} INFO - [2024-05-08T03:28:02.601+0000] {dag.py:3096} INFO - Sync 1 DAGs
[2024-05-08T03:28:02.696+0000] {logging_mixin.py:188} INFO - [2024-05-08T03:28:02.693+0000] {dag.py:3954} INFO - Setting next_dagrun for example_bash_operator to 2024-05-07 00:00:00+00:00, run_after=2024-05-08 00:00:00+00:00
[2024-05-08T03:28:02.798+0000] {processor.py:183} INFO - Processing /home/airflow/.local/lib/python3.12/site-packages/airflow/example_dags/example_bash_operator.py took 0.453 seconds
[2024-05-08T03:28:33.664+0000] {processor.py:161} INFO - Started process (PID=378) to work on /home/airflow/.local/lib/python3.12/site-packages/airflow/example_dags/example_bash_operator.py
[2024-05-08T03:28:33.668+0000] {processor.py:830} INFO - Processing file /home/airflow/.local/lib/python3.12/site-packages/airflow/example_dags/example_bash_operator.py for tasks to queue
[2024-05-08T03:28:33.672+0000] {logging_mixin.py:188} INFO - [2024-05-08T03:28:33.671+0000] {dagbag.py:540} INFO - Filling up the DagBag from /home/airflow/.local/lib/python3.12/site-packages/airflow/example_dags/example_bash_operator.py
[2024-05-08T03:28:33.702+0000] {processor.py:840} INFO - DAG(s) 'example_bash_operator' retrieved from /home/airflow/.local/lib/python3.12/site-packages/airflow/example_dags/example_bash_operator.py
[2024-05-08T03:28:33.780+0000] {logging_mixin.py:188} INFO - [2024-05-08T03:28:33.779+0000] {dag.py:3096} INFO - Sync 1 DAGs
[2024-05-08T03:28:33.833+0000] {logging_mixin.py:188} INFO - [2024-05-08T03:28:33.832+0000] {dag.py:3954} INFO - Setting next_dagrun for example_bash_operator to 2024-05-07 00:00:00+00:00, run_after=2024-05-08 00:00:00+00:00
[2024-05-08T03:28:33.883+0000] {processor.py:183} INFO - Processing /home/airflow/.local/lib/python3.12/site-packages/airflow/example_dags/example_bash_operator.py took 0.230 seconds
[2024-05-08T03:29:04.101+0000] {processor.py:161} INFO - Started process (PID=439) to work on /home/airflow/.local/lib/python3.12/site-packages/airflow/example_dags/example_bash_operator.py
[2024-05-08T03:29:04.103+0000] {processor.py:830} INFO - Processing file /home/airflow/.local/lib/python3.12/site-packages/airflow/example_dags/example_bash_operator.py for tasks to queue
[2024-05-08T03:29:04.106+0000] {logging_mixin.py:188} INFO - [2024-05-08T03:29:04.105+0000] {dagbag.py:540} INFO - Filling up the DagBag from /home/airflow/.local/lib/python3.12/site-packages/airflow/example_dags/example_bash_operator.py
[2024-05-08T03:29:04.131+0000] {processor.py:840} INFO - DAG(s) 'example_bash_operator' retrieved from /home/airflow/.local/lib/python3.12/site-packages/airflow/example_dags/example_bash_operator.py
[2024-05-08T03:29:04.171+0000] {logging_mixin.py:188} INFO - [2024-05-08T03:29:04.170+0000] {dag.py:3096} INFO - Sync 1 DAGs
[2024-05-08T03:29:04.201+0000] {logging_mixin.py:188} INFO - [2024-05-08T03:29:04.201+0000] {dag.py:3954} INFO - Setting next_dagrun for example_bash_operator to 2024-05-07 00:00:00+00:00, run_after=2024-05-08 00:00:00+00:00
[2024-05-08T03:29:04.230+0000] {processor.py:183} INFO - Processing /home/airflow/.local/lib/python3.12/site-packages/airflow/example_dags/example_bash_operator.py took 0.137 seconds
[2024-05-08T03:29:34.793+0000] {processor.py:161} INFO - Started process (PID=500) to work on /home/airflow/.local/lib/python3.12/site-packages/airflow/example_dags/example_bash_operator.py
[2024-05-08T03:29:34.796+0000] {processor.py:830} INFO - Processing file /home/airflow/.local/lib/python3.12/site-packages/airflow/example_dags/example_bash_operator.py for tasks to queue
[2024-05-08T03:29:34.802+0000] {logging_mixin.py:188} INFO - [2024-05-08T03:29:34.801+0000] {dagbag.py:540} INFO - Filling up the DagBag from /home/airflow/.local/lib/python3.12/site-packages/airflow/example_dags/example_bash_operator.py
[2024-05-08T03:29:34.841+0000] {processor.py:840} INFO - DAG(s) 'example_bash_operator' retrieved from /home/airflow/.local/lib/python3.12/site-packages/airflow/example_dags/example_bash_operator.py
[2024-05-08T03:29:34.954+0000] {logging_mixin.py:188} INFO - [2024-05-08T03:29:34.953+0000] {dag.py:3096} INFO - Sync 1 DAGs
[2024-05-08T03:29:35.169+0000] {logging_mixin.py:188} INFO - [2024-05-08T03:29:35.168+0000] {dag.py:3954} INFO - Setting next_dagrun for example_bash_operator to 2024-05-07 00:00:00+00:00, run_after=2024-05-08 00:00:00+00:00
[2024-05-08T03:29:35.886+0000] {processor.py:183} INFO - Processing /home/airflow/.local/lib/python3.12/site-packages/airflow/example_dags/example_bash_operator.py took 1.109 seconds
[2024-05-08T03:30:05.984+0000] {processor.py:161} INFO - Started process (PID=561) to work on /home/airflow/.local/lib/python3.12/site-packages/airflow/example_dags/example_bash_operator.py
[2024-05-08T03:30:05.986+0000] {processor.py:830} INFO - Processing file /home/airflow/.local/lib/python3.12/site-packages/airflow/example_dags/example_bash_operator.py for tasks to queue
[2024-05-08T03:30:05.989+0000] {logging_mixin.py:188} INFO - [2024-05-08T03:30:05.988+0000] {dagbag.py:540} INFO - Filling up the DagBag from /home/airflow/.local/lib/python3.12/site-packages/airflow/example_dags/example_bash_operator.py
[2024-05-08T03:30:06.019+0000] {processor.py:840} INFO - DAG(s) 'example_bash_operator' retrieved from /home/airflow/.local/lib/python3.12/site-packages/airflow/example_dags/example_bash_operator.py
[2024-05-08T03:30:06.108+0000] {logging_mixin.py:188} INFO - [2024-05-08T03:30:06.107+0000] {dag.py:3096} INFO - Sync 1 DAGs
[2024-05-08T03:30:06.167+0000] {logging_mixin.py:188} INFO - [2024-05-08T03:30:06.166+0000] {dag.py:3954} INFO - Setting next_dagrun for example_bash_operator to 2024-05-07 00:00:00+00:00, run_after=2024-05-08 00:00:00+00:00
[2024-05-08T03:30:06.222+0000] {processor.py:183} INFO - Processing /home/airflow/.local/lib/python3.12/site-packages/airflow/example_dags/example_bash_operator.py took 0.249 seconds
[2024-05-08T03:30:36.720+0000] {processor.py:161} INFO - Started process (PID=622) to work on /home/airflow/.local/lib/python3.12/site-packages/airflow/example_dags/example_bash_operator.py
[2024-05-08T03:30:36.723+0000] {processor.py:830} INFO - Processing file /home/airflow/.local/lib/python3.12/site-packages/airflow/example_dags/example_bash_operator.py for tasks to queue
[2024-05-08T03:30:36.728+0000] {logging_mixin.py:188} INFO - [2024-05-08T03:30:36.727+0000] {dagbag.py:540} INFO - Filling up the DagBag from /home/airflow/.local/lib/python3.12/site-packages/airflow/example_dags/example_bash_operator.py
[2024-05-08T03:30:36.754+0000] {processor.py:840} INFO - DAG(s) 'example_bash_operator' retrieved from /home/airflow/.local/lib/python3.12/site-packages/airflow/example_dags/example_bash_operator.py
[2024-05-08T03:30:36.813+0000] {logging_mixin.py:188} INFO - [2024-05-08T03:30:36.812+0000] {dag.py:3096} INFO - Sync 1 DAGs
[2024-05-08T03:30:36.853+0000] {logging_mixin.py:188} INFO - [2024-05-08T03:30:36.852+0000] {dag.py:3954} INFO - Setting next_dagrun for example_bash_operator to 2024-05-07 00:00:00+00:00, run_after=2024-05-08 00:00:00+00:00
[2024-05-08T03:30:37.023+0000] {processor.py:183} INFO - Processing /home/airflow/.local/lib/python3.12/site-packages/airflow/example_dags/example_bash_operator.py took 0.318 seconds
[2024-05-08T03:31:07.431+0000] {processor.py:161} INFO - Started process (PID=684) to work on /home/airflow/.local/lib/python3.12/site-packages/airflow/example_dags/example_bash_operator.py
[2024-05-08T03:31:07.433+0000] {processor.py:830} INFO - Processing file /home/airflow/.local/lib/python3.12/site-packages/airflow/example_dags/example_bash_operator.py for tasks to queue
[2024-05-08T03:31:07.436+0000] {logging_mixin.py:188} INFO - [2024-05-08T03:31:07.436+0000] {dagbag.py:540} INFO - Filling up the DagBag from /home/airflow/.local/lib/python3.12/site-packages/airflow/example_dags/example_bash_operator.py
[2024-05-08T03:31:07.461+0000] {processor.py:840} INFO - DAG(s) 'example_bash_operator' retrieved from /home/airflow/.local/lib/python3.12/site-packages/airflow/example_dags/example_bash_operator.py
[2024-05-08T03:31:07.508+0000] {logging_mixin.py:188} INFO - [2024-05-08T03:31:07.507+0000] {dag.py:3096} INFO - Sync 1 DAGs
[2024-05-08T03:31:07.550+0000] {logging_mixin.py:188} INFO - [2024-05-08T03:31:07.550+0000] {dag.py:3954} INFO - Setting next_dagrun for example_bash_operator to 2024-05-07 00:00:00+00:00, run_after=2024-05-08 00:00:00+00:00
[2024-05-08T03:31:07.607+0000] {processor.py:183} INFO - Processing /home/airflow/.local/lib/python3.12/site-packages/airflow/example_dags/example_bash_operator.py took 0.186 seconds
[2024-05-08T03:31:37.920+0000] {processor.py:161} INFO - Started process (PID=745) to work on /home/airflow/.local/lib/python3.12/site-packages/airflow/example_dags/example_bash_operator.py
[2024-05-08T03:31:37.923+0000] {processor.py:830} INFO - Processing file /home/airflow/.local/lib/python3.12/site-packages/airflow/example_dags/example_bash_operator.py for tasks to queue
[2024-05-08T03:31:37.927+0000] {logging_mixin.py:188} INFO - [2024-05-08T03:31:37.926+0000] {dagbag.py:540} INFO - Filling up the DagBag from /home/airflow/.local/lib/python3.12/site-packages/airflow/example_dags/example_bash_operator.py
[2024-05-08T03:31:37.958+0000] {processor.py:840} INFO - DAG(s) 'example_bash_operator' retrieved from /home/airflow/.local/lib/python3.12/site-packages/airflow/example_dags/example_bash_operator.py
[2024-05-08T03:31:38.020+0000] {logging_mixin.py:188} INFO - [2024-05-08T03:31:38.020+0000] {dag.py:3096} INFO - Sync 1 DAGs
[2024-05-08T03:31:38.099+0000] {logging_mixin.py:188} INFO - [2024-05-08T03:31:38.098+0000] {dag.py:3954} INFO - Setting next_dagrun for example_bash_operator to 2024-05-07 00:00:00+00:00, run_after=2024-05-08 00:00:00+00:00
[2024-05-08T03:31:38.146+0000] {processor.py:183} INFO - Processing /home/airflow/.local/lib/python3.12/site-packages/airflow/example_dags/example_bash_operator.py took 0.239 seconds
[2024-05-08T03:32:23.708+0000] {processor.py:161} INFO - Started process (PID=812) to work on /home/airflow/.local/lib/python3.12/site-packages/airflow/example_dags/example_bash_operator.py
[2024-05-08T03:32:23.721+0000] {processor.py:830} INFO - Processing file /home/airflow/.local/lib/python3.12/site-packages/airflow/example_dags/example_bash_operator.py for tasks to queue
[2024-05-08T03:32:23.788+0000] {logging_mixin.py:188} INFO - [2024-05-08T03:32:23.787+0000] {dagbag.py:540} INFO - Filling up the DagBag from /home/airflow/.local/lib/python3.12/site-packages/airflow/example_dags/example_bash_operator.py
[2024-05-08T03:32:23.925+0000] {processor.py:840} INFO - DAG(s) 'example_bash_operator' retrieved from /home/airflow/.local/lib/python3.12/site-packages/airflow/example_dags/example_bash_operator.py
[2024-05-08T03:32:24.270+0000] {logging_mixin.py:188} INFO - [2024-05-08T03:32:24.270+0000] {dag.py:3096} INFO - Sync 1 DAGs
[2024-05-08T03:32:24.366+0000] {logging_mixin.py:188} INFO - [2024-05-08T03:32:24.365+0000] {dag.py:3954} INFO - Setting next_dagrun for example_bash_operator to 2024-05-07 00:00:00+00:00, run_after=2024-05-08 00:00:00+00:00
[2024-05-08T03:32:24.498+0000] {processor.py:183} INFO - Processing /home/airflow/.local/lib/python3.12/site-packages/airflow/example_dags/example_bash_operator.py took 0.841 seconds
[2024-05-08T03:32:54.814+0000] {processor.py:161} INFO - Started process (PID=873) to work on /home/airflow/.local/lib/python3.12/site-packages/airflow/example_dags/example_bash_operator.py
[2024-05-08T03:32:54.816+0000] {processor.py:830} INFO - Processing file /home/airflow/.local/lib/python3.12/site-packages/airflow/example_dags/example_bash_operator.py for tasks to queue
[2024-05-08T03:32:54.822+0000] {logging_mixin.py:188} INFO - [2024-05-08T03:32:54.821+0000] {dagbag.py:540} INFO - Filling up the DagBag from /home/airflow/.local/lib/python3.12/site-packages/airflow/example_dags/example_bash_operator.py
[2024-05-08T03:32:54.864+0000] {processor.py:840} INFO - DAG(s) 'example_bash_operator' retrieved from /home/airflow/.local/lib/python3.12/site-packages/airflow/example_dags/example_bash_operator.py
[2024-05-08T03:32:55.022+0000] {logging_mixin.py:188} INFO - [2024-05-08T03:32:55.021+0000] {dag.py:3096} INFO - Sync 1 DAGs
[2024-05-08T03:32:55.181+0000] {logging_mixin.py:188} INFO - [2024-05-08T03:32:55.180+0000] {dag.py:3954} INFO - Setting next_dagrun for example_bash_operator to 2024-05-07 00:00:00+00:00, run_after=2024-05-08 00:00:00+00:00
[2024-05-08T03:32:55.319+0000] {processor.py:183} INFO - Processing /home/airflow/.local/lib/python3.12/site-packages/airflow/example_dags/example_bash_operator.py took 0.543 seconds
[2024-05-08T03:33:25.669+0000] {processor.py:161} INFO - Started process (PID=935) to work on /home/airflow/.local/lib/python3.12/site-packages/airflow/example_dags/example_bash_operator.py
[2024-05-08T03:33:25.673+0000] {processor.py:830} INFO - Processing file /home/airflow/.local/lib/python3.12/site-packages/airflow/example_dags/example_bash_operator.py for tasks to queue
[2024-05-08T03:33:25.676+0000] {logging_mixin.py:188} INFO - [2024-05-08T03:33:25.676+0000] {dagbag.py:540} INFO - Filling up the DagBag from /home/airflow/.local/lib/python3.12/site-packages/airflow/example_dags/example_bash_operator.py
[2024-05-08T03:33:25.706+0000] {processor.py:840} INFO - DAG(s) 'example_bash_operator' retrieved from /home/airflow/.local/lib/python3.12/site-packages/airflow/example_dags/example_bash_operator.py
[2024-05-08T03:33:25.789+0000] {logging_mixin.py:188} INFO - [2024-05-08T03:33:25.789+0000] {dag.py:3096} INFO - Sync 1 DAGs
[2024-05-08T03:33:25.868+0000] {logging_mixin.py:188} INFO - [2024-05-08T03:33:25.868+0000] {dag.py:3954} INFO - Setting next_dagrun for example_bash_operator to 2024-05-07 00:00:00+00:00, run_after=2024-05-08 00:00:00+00:00
[2024-05-08T03:33:25.931+0000] {processor.py:183} INFO - Processing /home/airflow/.local/lib/python3.12/site-packages/airflow/example_dags/example_bash_operator.py took 0.313 seconds
[2024-05-08T03:34:08.444+0000] {processor.py:161} INFO - Started process (PID=996) to work on /home/airflow/.local/lib/python3.12/site-packages/airflow/example_dags/example_bash_operator.py
[2024-05-08T03:34:08.450+0000] {processor.py:830} INFO - Processing file /home/airflow/.local/lib/python3.12/site-packages/airflow/example_dags/example_bash_operator.py for tasks to queue
[2024-05-08T03:34:08.455+0000] {logging_mixin.py:188} INFO - [2024-05-08T03:34:08.454+0000] {dagbag.py:540} INFO - Filling up the DagBag from /home/airflow/.local/lib/python3.12/site-packages/airflow/example_dags/example_bash_operator.py
[2024-05-08T03:34:08.523+0000] {processor.py:840} INFO - DAG(s) 'example_bash_operator' retrieved from /home/airflow/.local/lib/python3.12/site-packages/airflow/example_dags/example_bash_operator.py
[2024-05-08T03:34:09.612+0000] {logging_mixin.py:188} INFO - [2024-05-08T03:34:09.611+0000] {dag.py:3096} INFO - Sync 1 DAGs
[2024-05-08T03:37:43.989+0000] {logging_mixin.py:188} INFO - [2024-05-08T03:37:41.373+0000] {dag.py:3954} INFO - Setting next_dagrun for example_bash_operator to 2024-05-07 00:00:00+00:00, run_after=2024-05-08 00:00:00+00:00
[2024-05-08T03:42:02.208+0000] {processor.py:161} INFO - Started process (PID=1057) to work on /home/airflow/.local/lib/python3.12/site-packages/airflow/example_dags/example_bash_operator.py
[2024-05-08T03:42:02.210+0000] {processor.py:830} INFO - Processing file /home/airflow/.local/lib/python3.12/site-packages/airflow/example_dags/example_bash_operator.py for tasks to queue
[2024-05-08T03:42:02.212+0000] {logging_mixin.py:188} INFO - [2024-05-08T03:42:02.211+0000] {dagbag.py:540} INFO - Filling up the DagBag from /home/airflow/.local/lib/python3.12/site-packages/airflow/example_dags/example_bash_operator.py
[2024-05-08T03:42:02.237+0000] {processor.py:840} INFO - DAG(s) 'example_bash_operator' retrieved from /home/airflow/.local/lib/python3.12/site-packages/airflow/example_dags/example_bash_operator.py
[2024-05-08T03:42:02.901+0000] {logging_mixin.py:188} INFO - [2024-05-08T03:42:02.900+0000] {dag.py:3096} INFO - Sync 1 DAGs
[2024-05-08T03:42:02.958+0000] {logging_mixin.py:188} INFO - [2024-05-08T03:42:02.957+0000] {dag.py:3954} INFO - Setting next_dagrun for example_bash_operator to 2024-05-07 00:00:00+00:00, run_after=2024-05-08 00:00:00+00:00
[2024-05-08T03:42:03.043+0000] {processor.py:183} INFO - Processing /home/airflow/.local/lib/python3.12/site-packages/airflow/example_dags/example_bash_operator.py took 0.851 seconds
[2024-05-08T03:42:33.408+0000] {processor.py:161} INFO - Started process (PID=1118) to work on /home/airflow/.local/lib/python3.12/site-packages/airflow/example_dags/example_bash_operator.py
[2024-05-08T03:42:33.409+0000] {processor.py:830} INFO - Processing file /home/airflow/.local/lib/python3.12/site-packages/airflow/example_dags/example_bash_operator.py for tasks to queue
[2024-05-08T03:42:33.410+0000] {logging_mixin.py:188} INFO - [2024-05-08T03:42:33.410+0000] {dagbag.py:540} INFO - Filling up the DagBag from /home/airflow/.local/lib/python3.12/site-packages/airflow/example_dags/example_bash_operator.py
[2024-05-08T03:42:33.424+0000] {processor.py:840} INFO - DAG(s) 'example_bash_operator' retrieved from /home/airflow/.local/lib/python3.12/site-packages/airflow/example_dags/example_bash_operator.py
[2024-05-08T03:42:33.455+0000] {logging_mixin.py:188} INFO - [2024-05-08T03:42:33.455+0000] {dag.py:3096} INFO - Sync 1 DAGs
[2024-05-08T03:42:33.481+0000] {logging_mixin.py:188} INFO - [2024-05-08T03:42:33.481+0000] {dag.py:3954} INFO - Setting next_dagrun for example_bash_operator to 2024-05-07 00:00:00+00:00, run_after=2024-05-08 00:00:00+00:00
[2024-05-08T03:42:33.531+0000] {processor.py:183} INFO - Processing /home/airflow/.local/lib/python3.12/site-packages/airflow/example_dags/example_bash_operator.py took 0.129 seconds
