[2024-05-08T03:25:32.098+0000] {processor.py:161} INFO - Started process (PID=78) to work on /home/airflow/.local/lib/python3.12/site-packages/airflow/example_dags/example_subdag_operator.py
[2024-05-08T03:25:32.237+0000] {processor.py:830} INFO - Processing file /home/airflow/.local/lib/python3.12/site-packages/airflow/example_dags/example_subdag_operator.py for tasks to queue
[2024-05-08T03:25:32.248+0000] {logging_mixin.py:188} INFO - [2024-05-08T03:25:32.240+0000] {dagbag.py:540} INFO - Filling up the DagBag from /home/airflow/.local/lib/python3.12/site-packages/airflow/example_dags/example_subdag_operator.py
[2024-05-08T03:25:32.370+0000] {processor.py:840} INFO - DAG(s) 'example_subdag_operator.section-1', 'example_subdag_operator.section-2', 'example_subdag_operator' retrieved from /home/airflow/.local/lib/python3.12/site-packages/airflow/example_dags/example_subdag_operator.py
[2024-05-08T03:25:32.960+0000] {logging_mixin.py:188} INFO - [2024-05-08T03:25:32.959+0000] {dag.py:3096} INFO - Sync 3 DAGs
[2024-05-08T03:25:33.087+0000] {logging_mixin.py:188} INFO - [2024-05-08T03:25:33.086+0000] {dag.py:3954} INFO - Setting next_dagrun for example_subdag_operator to 2022-01-01 00:00:00+00:00, run_after=2022-01-01 00:00:00+00:00
[2024-05-08T03:25:33.100+0000] {logging_mixin.py:188} INFO - [2024-05-08T03:25:33.099+0000] {dag.py:3954} INFO - Setting next_dagrun for example_subdag_operator.section-1 to None, run_after=None
[2024-05-08T03:25:33.104+0000] {logging_mixin.py:188} INFO - [2024-05-08T03:25:33.104+0000] {dag.py:3954} INFO - Setting next_dagrun for example_subdag_operator.section-2 to None, run_after=None
[2024-05-08T03:25:33.164+0000] {logging_mixin.py:188} INFO - [2024-05-08T03:25:33.163+0000] {dag.py:3096} INFO - Sync 2 DAGs
[2024-05-08T03:25:33.183+0000] {logging_mixin.py:188} INFO - [2024-05-08T03:25:33.182+0000] {dag.py:3954} INFO - Setting next_dagrun for example_subdag_operator.section-1 to None, run_after=None
[2024-05-08T03:25:33.186+0000] {logging_mixin.py:188} INFO - [2024-05-08T03:25:33.185+0000] {dag.py:3954} INFO - Setting next_dagrun for example_subdag_operator.section-2 to None, run_after=None
[2024-05-08T03:25:33.238+0000] {processor.py:183} INFO - Processing /home/airflow/.local/lib/python3.12/site-packages/airflow/example_dags/example_subdag_operator.py took 1.239 seconds
[2024-05-08T03:26:40.643+0000] {processor.py:161} INFO - Started process (PID=157) to work on /home/airflow/.local/lib/python3.12/site-packages/airflow/example_dags/example_subdag_operator.py
[2024-05-08T03:26:40.647+0000] {processor.py:830} INFO - Processing file /home/airflow/.local/lib/python3.12/site-packages/airflow/example_dags/example_subdag_operator.py for tasks to queue
[2024-05-08T03:26:40.654+0000] {logging_mixin.py:188} INFO - [2024-05-08T03:26:40.653+0000] {dagbag.py:540} INFO - Filling up the DagBag from /home/airflow/.local/lib/python3.12/site-packages/airflow/example_dags/example_subdag_operator.py
[2024-05-08T03:26:40.802+0000] {processor.py:840} INFO - DAG(s) 'example_subdag_operator.section-1', 'example_subdag_operator.section-2', 'example_subdag_operator' retrieved from /home/airflow/.local/lib/python3.12/site-packages/airflow/example_dags/example_subdag_operator.py
[2024-05-08T03:26:40.871+0000] {logging_mixin.py:188} INFO - [2024-05-08T03:26:40.871+0000] {dag.py:3096} INFO - Sync 3 DAGs
[2024-05-08T03:26:41.045+0000] {logging_mixin.py:188} INFO - [2024-05-08T03:26:41.044+0000] {dag.py:3954} INFO - Setting next_dagrun for example_subdag_operator to 2022-01-01 00:00:00+00:00, run_after=2022-01-01 00:00:00+00:00
[2024-05-08T03:26:41.067+0000] {logging_mixin.py:188} INFO - [2024-05-08T03:26:41.066+0000] {dag.py:3954} INFO - Setting next_dagrun for example_subdag_operator.section-1 to None, run_after=None
[2024-05-08T03:26:41.083+0000] {logging_mixin.py:188} INFO - [2024-05-08T03:26:41.082+0000] {dag.py:3954} INFO - Setting next_dagrun for example_subdag_operator.section-2 to None, run_after=None
[2024-05-08T03:26:41.149+0000] {logging_mixin.py:188} INFO - [2024-05-08T03:26:41.141+0000] {dag.py:3096} INFO - Sync 2 DAGs
[2024-05-08T03:26:41.218+0000] {logging_mixin.py:188} INFO - [2024-05-08T03:26:41.217+0000] {dag.py:3954} INFO - Setting next_dagrun for example_subdag_operator.section-1 to None, run_after=None
[2024-05-08T03:26:41.225+0000] {logging_mixin.py:188} INFO - [2024-05-08T03:26:41.224+0000] {dag.py:3954} INFO - Setting next_dagrun for example_subdag_operator.section-2 to None, run_after=None
[2024-05-08T03:26:41.326+0000] {processor.py:183} INFO - Processing /home/airflow/.local/lib/python3.12/site-packages/airflow/example_dags/example_subdag_operator.py took 0.719 seconds
[2024-05-08T03:27:11.929+0000] {processor.py:161} INFO - Started process (PID=218) to work on /home/airflow/.local/lib/python3.12/site-packages/airflow/example_dags/example_subdag_operator.py
[2024-05-08T03:27:11.931+0000] {processor.py:830} INFO - Processing file /home/airflow/.local/lib/python3.12/site-packages/airflow/example_dags/example_subdag_operator.py for tasks to queue
[2024-05-08T03:27:11.936+0000] {logging_mixin.py:188} INFO - [2024-05-08T03:27:11.935+0000] {dagbag.py:540} INFO - Filling up the DagBag from /home/airflow/.local/lib/python3.12/site-packages/airflow/example_dags/example_subdag_operator.py
[2024-05-08T03:27:12.006+0000] {processor.py:840} INFO - DAG(s) 'example_subdag_operator.section-1', 'example_subdag_operator.section-2', 'example_subdag_operator' retrieved from /home/airflow/.local/lib/python3.12/site-packages/airflow/example_dags/example_subdag_operator.py
[2024-05-08T03:27:12.054+0000] {logging_mixin.py:188} INFO - [2024-05-08T03:27:12.053+0000] {dag.py:3096} INFO - Sync 3 DAGs
[2024-05-08T03:27:12.136+0000] {logging_mixin.py:188} INFO - [2024-05-08T03:27:12.135+0000] {dag.py:3954} INFO - Setting next_dagrun for example_subdag_operator to 2022-01-01 00:00:00+00:00, run_after=2022-01-01 00:00:00+00:00
[2024-05-08T03:27:12.150+0000] {logging_mixin.py:188} INFO - [2024-05-08T03:27:12.150+0000] {dag.py:3954} INFO - Setting next_dagrun for example_subdag_operator.section-1 to None, run_after=None
[2024-05-08T03:27:12.154+0000] {logging_mixin.py:188} INFO - [2024-05-08T03:27:12.154+0000] {dag.py:3954} INFO - Setting next_dagrun for example_subdag_operator.section-2 to None, run_after=None
[2024-05-08T03:27:12.179+0000] {logging_mixin.py:188} INFO - [2024-05-08T03:27:12.178+0000] {dag.py:3096} INFO - Sync 2 DAGs
[2024-05-08T03:27:12.199+0000] {logging_mixin.py:188} INFO - [2024-05-08T03:27:12.198+0000] {dag.py:3954} INFO - Setting next_dagrun for example_subdag_operator.section-1 to None, run_after=None
[2024-05-08T03:27:12.201+0000] {logging_mixin.py:188} INFO - [2024-05-08T03:27:12.201+0000] {dag.py:3954} INFO - Setting next_dagrun for example_subdag_operator.section-2 to None, run_after=None
[2024-05-08T03:27:12.244+0000] {processor.py:183} INFO - Processing /home/airflow/.local/lib/python3.12/site-packages/airflow/example_dags/example_subdag_operator.py took 0.331 seconds
[2024-05-08T03:27:42.935+0000] {processor.py:161} INFO - Started process (PID=279) to work on /home/airflow/.local/lib/python3.12/site-packages/airflow/example_dags/example_subdag_operator.py
[2024-05-08T03:27:42.942+0000] {processor.py:830} INFO - Processing file /home/airflow/.local/lib/python3.12/site-packages/airflow/example_dags/example_subdag_operator.py for tasks to queue
[2024-05-08T03:27:42.953+0000] {logging_mixin.py:188} INFO - [2024-05-08T03:27:42.952+0000] {dagbag.py:540} INFO - Filling up the DagBag from /home/airflow/.local/lib/python3.12/site-packages/airflow/example_dags/example_subdag_operator.py
[2024-05-08T03:27:43.022+0000] {processor.py:840} INFO - DAG(s) 'example_subdag_operator.section-1', 'example_subdag_operator.section-2', 'example_subdag_operator' retrieved from /home/airflow/.local/lib/python3.12/site-packages/airflow/example_dags/example_subdag_operator.py
[2024-05-08T03:27:43.067+0000] {logging_mixin.py:188} INFO - [2024-05-08T03:27:43.065+0000] {dag.py:3096} INFO - Sync 3 DAGs
[2024-05-08T03:27:43.124+0000] {logging_mixin.py:188} INFO - [2024-05-08T03:27:43.124+0000] {dag.py:3954} INFO - Setting next_dagrun for example_subdag_operator to 2022-01-01 00:00:00+00:00, run_after=2022-01-01 00:00:00+00:00
[2024-05-08T03:27:43.134+0000] {logging_mixin.py:188} INFO - [2024-05-08T03:27:43.134+0000] {dag.py:3954} INFO - Setting next_dagrun for example_subdag_operator.section-1 to None, run_after=None
[2024-05-08T03:27:43.140+0000] {logging_mixin.py:188} INFO - [2024-05-08T03:27:43.139+0000] {dag.py:3954} INFO - Setting next_dagrun for example_subdag_operator.section-2 to None, run_after=None
[2024-05-08T03:27:43.154+0000] {logging_mixin.py:188} INFO - [2024-05-08T03:27:43.154+0000] {dag.py:3096} INFO - Sync 2 DAGs
[2024-05-08T03:27:43.164+0000] {logging_mixin.py:188} INFO - [2024-05-08T03:27:43.163+0000] {dag.py:3954} INFO - Setting next_dagrun for example_subdag_operator.section-1 to None, run_after=None
[2024-05-08T03:27:43.165+0000] {logging_mixin.py:188} INFO - [2024-05-08T03:27:43.165+0000] {dag.py:3954} INFO - Setting next_dagrun for example_subdag_operator.section-2 to None, run_after=None
[2024-05-08T03:27:43.196+0000] {processor.py:183} INFO - Processing /home/airflow/.local/lib/python3.12/site-packages/airflow/example_dags/example_subdag_operator.py took 0.283 seconds
[2024-05-08T03:28:13.529+0000] {processor.py:161} INFO - Started process (PID=340) to work on /home/airflow/.local/lib/python3.12/site-packages/airflow/example_dags/example_subdag_operator.py
[2024-05-08T03:28:13.536+0000] {processor.py:830} INFO - Processing file /home/airflow/.local/lib/python3.12/site-packages/airflow/example_dags/example_subdag_operator.py for tasks to queue
[2024-05-08T03:28:13.540+0000] {logging_mixin.py:188} INFO - [2024-05-08T03:28:13.539+0000] {dagbag.py:540} INFO - Filling up the DagBag from /home/airflow/.local/lib/python3.12/site-packages/airflow/example_dags/example_subdag_operator.py
[2024-05-08T03:28:13.580+0000] {processor.py:840} INFO - DAG(s) 'example_subdag_operator.section-1', 'example_subdag_operator.section-2', 'example_subdag_operator' retrieved from /home/airflow/.local/lib/python3.12/site-packages/airflow/example_dags/example_subdag_operator.py
[2024-05-08T03:28:13.619+0000] {logging_mixin.py:188} INFO - [2024-05-08T03:28:13.618+0000] {dag.py:3096} INFO - Sync 3 DAGs
[2024-05-08T03:28:13.681+0000] {logging_mixin.py:188} INFO - [2024-05-08T03:28:13.680+0000] {dag.py:3954} INFO - Setting next_dagrun for example_subdag_operator to 2022-01-01 00:00:00+00:00, run_after=2022-01-01 00:00:00+00:00
[2024-05-08T03:28:13.692+0000] {logging_mixin.py:188} INFO - [2024-05-08T03:28:13.692+0000] {dag.py:3954} INFO - Setting next_dagrun for example_subdag_operator.section-1 to None, run_after=None
[2024-05-08T03:28:13.696+0000] {logging_mixin.py:188} INFO - [2024-05-08T03:28:13.696+0000] {dag.py:3954} INFO - Setting next_dagrun for example_subdag_operator.section-2 to None, run_after=None
[2024-05-08T03:28:13.714+0000] {logging_mixin.py:188} INFO - [2024-05-08T03:28:13.713+0000] {dag.py:3096} INFO - Sync 2 DAGs
[2024-05-08T03:28:13.726+0000] {logging_mixin.py:188} INFO - [2024-05-08T03:28:13.725+0000] {dag.py:3954} INFO - Setting next_dagrun for example_subdag_operator.section-1 to None, run_after=None
[2024-05-08T03:28:13.727+0000] {logging_mixin.py:188} INFO - [2024-05-08T03:28:13.727+0000] {dag.py:3954} INFO - Setting next_dagrun for example_subdag_operator.section-2 to None, run_after=None
[2024-05-08T03:28:13.761+0000] {processor.py:183} INFO - Processing /home/airflow/.local/lib/python3.12/site-packages/airflow/example_dags/example_subdag_operator.py took 0.248 seconds
[2024-05-08T03:28:43.819+0000] {processor.py:161} INFO - Started process (PID=401) to work on /home/airflow/.local/lib/python3.12/site-packages/airflow/example_dags/example_subdag_operator.py
[2024-05-08T03:28:43.821+0000] {processor.py:830} INFO - Processing file /home/airflow/.local/lib/python3.12/site-packages/airflow/example_dags/example_subdag_operator.py for tasks to queue
[2024-05-08T03:28:43.824+0000] {logging_mixin.py:188} INFO - [2024-05-08T03:28:43.823+0000] {dagbag.py:540} INFO - Filling up the DagBag from /home/airflow/.local/lib/python3.12/site-packages/airflow/example_dags/example_subdag_operator.py
[2024-05-08T03:28:43.867+0000] {processor.py:840} INFO - DAG(s) 'example_subdag_operator.section-1', 'example_subdag_operator.section-2', 'example_subdag_operator' retrieved from /home/airflow/.local/lib/python3.12/site-packages/airflow/example_dags/example_subdag_operator.py
[2024-05-08T03:28:43.911+0000] {logging_mixin.py:188} INFO - [2024-05-08T03:28:43.910+0000] {dag.py:3096} INFO - Sync 3 DAGs
[2024-05-08T03:28:43.985+0000] {logging_mixin.py:188} INFO - [2024-05-08T03:28:43.984+0000] {dag.py:3954} INFO - Setting next_dagrun for example_subdag_operator to 2022-01-01 00:00:00+00:00, run_after=2022-01-01 00:00:00+00:00
[2024-05-08T03:28:43.994+0000] {logging_mixin.py:188} INFO - [2024-05-08T03:28:43.993+0000] {dag.py:3954} INFO - Setting next_dagrun for example_subdag_operator.section-1 to None, run_after=None
[2024-05-08T03:28:44.000+0000] {logging_mixin.py:188} INFO - [2024-05-08T03:28:43.999+0000] {dag.py:3954} INFO - Setting next_dagrun for example_subdag_operator.section-2 to None, run_after=None
[2024-05-08T03:28:44.019+0000] {logging_mixin.py:188} INFO - [2024-05-08T03:28:44.019+0000] {dag.py:3096} INFO - Sync 2 DAGs
[2024-05-08T03:28:44.033+0000] {logging_mixin.py:188} INFO - [2024-05-08T03:28:44.033+0000] {dag.py:3954} INFO - Setting next_dagrun for example_subdag_operator.section-1 to None, run_after=None
[2024-05-08T03:28:44.035+0000] {logging_mixin.py:188} INFO - [2024-05-08T03:28:44.034+0000] {dag.py:3954} INFO - Setting next_dagrun for example_subdag_operator.section-2 to None, run_after=None
[2024-05-08T03:28:44.057+0000] {processor.py:183} INFO - Processing /home/airflow/.local/lib/python3.12/site-packages/airflow/example_dags/example_subdag_operator.py took 0.246 seconds
[2024-05-08T03:29:14.441+0000] {processor.py:161} INFO - Started process (PID=461) to work on /home/airflow/.local/lib/python3.12/site-packages/airflow/example_dags/example_subdag_operator.py
[2024-05-08T03:29:14.443+0000] {processor.py:830} INFO - Processing file /home/airflow/.local/lib/python3.12/site-packages/airflow/example_dags/example_subdag_operator.py for tasks to queue
[2024-05-08T03:29:14.445+0000] {logging_mixin.py:188} INFO - [2024-05-08T03:29:14.445+0000] {dagbag.py:540} INFO - Filling up the DagBag from /home/airflow/.local/lib/python3.12/site-packages/airflow/example_dags/example_subdag_operator.py
[2024-05-08T03:29:14.484+0000] {processor.py:840} INFO - DAG(s) 'example_subdag_operator.section-1', 'example_subdag_operator.section-2', 'example_subdag_operator' retrieved from /home/airflow/.local/lib/python3.12/site-packages/airflow/example_dags/example_subdag_operator.py
[2024-05-08T03:29:14.518+0000] {logging_mixin.py:188} INFO - [2024-05-08T03:29:14.517+0000] {dag.py:3096} INFO - Sync 3 DAGs
[2024-05-08T03:29:14.554+0000] {logging_mixin.py:188} INFO - [2024-05-08T03:29:14.554+0000] {dag.py:3954} INFO - Setting next_dagrun for example_subdag_operator to 2022-01-01 00:00:00+00:00, run_after=2022-01-01 00:00:00+00:00
[2024-05-08T03:29:14.561+0000] {logging_mixin.py:188} INFO - [2024-05-08T03:29:14.561+0000] {dag.py:3954} INFO - Setting next_dagrun for example_subdag_operator.section-1 to None, run_after=None
[2024-05-08T03:29:14.564+0000] {logging_mixin.py:188} INFO - [2024-05-08T03:29:14.564+0000] {dag.py:3954} INFO - Setting next_dagrun for example_subdag_operator.section-2 to None, run_after=None
[2024-05-08T03:29:14.576+0000] {logging_mixin.py:188} INFO - [2024-05-08T03:29:14.576+0000] {dag.py:3096} INFO - Sync 2 DAGs
[2024-05-08T03:29:14.585+0000] {logging_mixin.py:188} INFO - [2024-05-08T03:29:14.585+0000] {dag.py:3954} INFO - Setting next_dagrun for example_subdag_operator.section-1 to None, run_after=None
[2024-05-08T03:29:14.586+0000] {logging_mixin.py:188} INFO - [2024-05-08T03:29:14.586+0000] {dag.py:3954} INFO - Setting next_dagrun for example_subdag_operator.section-2 to None, run_after=None
[2024-05-08T03:29:14.607+0000] {processor.py:183} INFO - Processing /home/airflow/.local/lib/python3.12/site-packages/airflow/example_dags/example_subdag_operator.py took 0.176 seconds
[2024-05-08T03:29:44.791+0000] {processor.py:161} INFO - Started process (PID=522) to work on /home/airflow/.local/lib/python3.12/site-packages/airflow/example_dags/example_subdag_operator.py
[2024-05-08T03:29:44.794+0000] {processor.py:830} INFO - Processing file /home/airflow/.local/lib/python3.12/site-packages/airflow/example_dags/example_subdag_operator.py for tasks to queue
[2024-05-08T03:29:44.801+0000] {logging_mixin.py:188} INFO - [2024-05-08T03:29:44.798+0000] {dagbag.py:540} INFO - Filling up the DagBag from /home/airflow/.local/lib/python3.12/site-packages/airflow/example_dags/example_subdag_operator.py
[2024-05-08T03:29:44.881+0000] {processor.py:840} INFO - DAG(s) 'example_subdag_operator.section-1', 'example_subdag_operator.section-2', 'example_subdag_operator' retrieved from /home/airflow/.local/lib/python3.12/site-packages/airflow/example_dags/example_subdag_operator.py
[2024-05-08T03:29:44.923+0000] {logging_mixin.py:188} INFO - [2024-05-08T03:29:44.922+0000] {dag.py:3096} INFO - Sync 3 DAGs
[2024-05-08T03:29:44.971+0000] {logging_mixin.py:188} INFO - [2024-05-08T03:29:44.971+0000] {dag.py:3954} INFO - Setting next_dagrun for example_subdag_operator to 2022-01-01 00:00:00+00:00, run_after=2022-01-01 00:00:00+00:00
[2024-05-08T03:29:44.984+0000] {logging_mixin.py:188} INFO - [2024-05-08T03:29:44.983+0000] {dag.py:3954} INFO - Setting next_dagrun for example_subdag_operator.section-1 to None, run_after=None
[2024-05-08T03:29:44.987+0000] {logging_mixin.py:188} INFO - [2024-05-08T03:29:44.987+0000] {dag.py:3954} INFO - Setting next_dagrun for example_subdag_operator.section-2 to None, run_after=None
[2024-05-08T03:29:45.003+0000] {logging_mixin.py:188} INFO - [2024-05-08T03:29:45.002+0000] {dag.py:3096} INFO - Sync 2 DAGs
[2024-05-08T03:29:45.017+0000] {logging_mixin.py:188} INFO - [2024-05-08T03:29:45.017+0000] {dag.py:3954} INFO - Setting next_dagrun for example_subdag_operator.section-1 to None, run_after=None
[2024-05-08T03:29:45.019+0000] {logging_mixin.py:188} INFO - [2024-05-08T03:29:45.018+0000] {dag.py:3954} INFO - Setting next_dagrun for example_subdag_operator.section-2 to None, run_after=None
[2024-05-08T03:29:45.057+0000] {processor.py:183} INFO - Processing /home/airflow/.local/lib/python3.12/site-packages/airflow/example_dags/example_subdag_operator.py took 0.288 seconds
[2024-05-08T03:30:15.348+0000] {processor.py:161} INFO - Started process (PID=584) to work on /home/airflow/.local/lib/python3.12/site-packages/airflow/example_dags/example_subdag_operator.py
[2024-05-08T03:30:15.350+0000] {processor.py:830} INFO - Processing file /home/airflow/.local/lib/python3.12/site-packages/airflow/example_dags/example_subdag_operator.py for tasks to queue
[2024-05-08T03:30:15.356+0000] {logging_mixin.py:188} INFO - [2024-05-08T03:30:15.354+0000] {dagbag.py:540} INFO - Filling up the DagBag from /home/airflow/.local/lib/python3.12/site-packages/airflow/example_dags/example_subdag_operator.py
[2024-05-08T03:30:15.415+0000] {processor.py:840} INFO - DAG(s) 'example_subdag_operator.section-1', 'example_subdag_operator.section-2', 'example_subdag_operator' retrieved from /home/airflow/.local/lib/python3.12/site-packages/airflow/example_dags/example_subdag_operator.py
[2024-05-08T03:30:15.453+0000] {logging_mixin.py:188} INFO - [2024-05-08T03:30:15.452+0000] {dag.py:3096} INFO - Sync 3 DAGs
[2024-05-08T03:30:15.506+0000] {logging_mixin.py:188} INFO - [2024-05-08T03:30:15.503+0000] {dag.py:3954} INFO - Setting next_dagrun for example_subdag_operator to 2022-01-01 00:00:00+00:00, run_after=2022-01-01 00:00:00+00:00
[2024-05-08T03:30:15.514+0000] {logging_mixin.py:188} INFO - [2024-05-08T03:30:15.514+0000] {dag.py:3954} INFO - Setting next_dagrun for example_subdag_operator.section-1 to None, run_after=None
[2024-05-08T03:30:15.518+0000] {logging_mixin.py:188} INFO - [2024-05-08T03:30:15.518+0000] {dag.py:3954} INFO - Setting next_dagrun for example_subdag_operator.section-2 to None, run_after=None
[2024-05-08T03:30:15.529+0000] {logging_mixin.py:188} INFO - [2024-05-08T03:30:15.529+0000] {dag.py:3096} INFO - Sync 2 DAGs
[2024-05-08T03:30:15.537+0000] {logging_mixin.py:188} INFO - [2024-05-08T03:30:15.537+0000] {dag.py:3954} INFO - Setting next_dagrun for example_subdag_operator.section-1 to None, run_after=None
[2024-05-08T03:30:15.538+0000] {logging_mixin.py:188} INFO - [2024-05-08T03:30:15.538+0000] {dag.py:3954} INFO - Setting next_dagrun for example_subdag_operator.section-2 to None, run_after=None
[2024-05-08T03:30:15.557+0000] {processor.py:183} INFO - Processing /home/airflow/.local/lib/python3.12/site-packages/airflow/example_dags/example_subdag_operator.py took 0.219 seconds
[2024-05-08T03:30:47.230+0000] {processor.py:161} INFO - Started process (PID=643) to work on /home/airflow/.local/lib/python3.12/site-packages/airflow/example_dags/example_subdag_operator.py
[2024-05-08T03:30:47.232+0000] {processor.py:830} INFO - Processing file /home/airflow/.local/lib/python3.12/site-packages/airflow/example_dags/example_subdag_operator.py for tasks to queue
[2024-05-08T03:30:47.240+0000] {logging_mixin.py:188} INFO - [2024-05-08T03:30:47.239+0000] {dagbag.py:540} INFO - Filling up the DagBag from /home/airflow/.local/lib/python3.12/site-packages/airflow/example_dags/example_subdag_operator.py
[2024-05-08T03:30:47.450+0000] {processor.py:840} INFO - DAG(s) 'example_subdag_operator.section-1', 'example_subdag_operator.section-2', 'example_subdag_operator' retrieved from /home/airflow/.local/lib/python3.12/site-packages/airflow/example_dags/example_subdag_operator.py
[2024-05-08T03:30:47.598+0000] {logging_mixin.py:188} INFO - [2024-05-08T03:30:47.598+0000] {dag.py:3096} INFO - Sync 3 DAGs
[2024-05-08T03:30:47.716+0000] {logging_mixin.py:188} INFO - [2024-05-08T03:30:47.715+0000] {dag.py:3954} INFO - Setting next_dagrun for example_subdag_operator to 2022-01-01 00:00:00+00:00, run_after=2022-01-01 00:00:00+00:00
[2024-05-08T03:30:47.735+0000] {logging_mixin.py:188} INFO - [2024-05-08T03:30:47.734+0000] {dag.py:3954} INFO - Setting next_dagrun for example_subdag_operator.section-1 to None, run_after=None
[2024-05-08T03:30:47.739+0000] {logging_mixin.py:188} INFO - [2024-05-08T03:30:47.739+0000] {dag.py:3954} INFO - Setting next_dagrun for example_subdag_operator.section-2 to None, run_after=None
[2024-05-08T03:30:47.786+0000] {logging_mixin.py:188} INFO - [2024-05-08T03:30:47.785+0000] {dag.py:3096} INFO - Sync 2 DAGs
[2024-05-08T03:30:47.812+0000] {logging_mixin.py:188} INFO - [2024-05-08T03:30:47.811+0000] {dag.py:3954} INFO - Setting next_dagrun for example_subdag_operator.section-1 to None, run_after=None
[2024-05-08T03:30:47.815+0000] {logging_mixin.py:188} INFO - [2024-05-08T03:30:47.815+0000] {dag.py:3954} INFO - Setting next_dagrun for example_subdag_operator.section-2 to None, run_after=None
[2024-05-08T03:30:47.880+0000] {processor.py:183} INFO - Processing /home/airflow/.local/lib/python3.12/site-packages/airflow/example_dags/example_subdag_operator.py took 0.662 seconds
[2024-05-08T03:31:18.573+0000] {processor.py:161} INFO - Started process (PID=704) to work on /home/airflow/.local/lib/python3.12/site-packages/airflow/example_dags/example_subdag_operator.py
[2024-05-08T03:31:18.575+0000] {processor.py:830} INFO - Processing file /home/airflow/.local/lib/python3.12/site-packages/airflow/example_dags/example_subdag_operator.py for tasks to queue
[2024-05-08T03:31:18.580+0000] {logging_mixin.py:188} INFO - [2024-05-08T03:31:18.579+0000] {dagbag.py:540} INFO - Filling up the DagBag from /home/airflow/.local/lib/python3.12/site-packages/airflow/example_dags/example_subdag_operator.py
[2024-05-08T03:31:18.632+0000] {processor.py:840} INFO - DAG(s) 'example_subdag_operator.section-1', 'example_subdag_operator.section-2', 'example_subdag_operator' retrieved from /home/airflow/.local/lib/python3.12/site-packages/airflow/example_dags/example_subdag_operator.py
[2024-05-08T03:31:18.666+0000] {logging_mixin.py:188} INFO - [2024-05-08T03:31:18.665+0000] {dag.py:3096} INFO - Sync 3 DAGs
[2024-05-08T03:31:18.713+0000] {logging_mixin.py:188} INFO - [2024-05-08T03:31:18.712+0000] {dag.py:3954} INFO - Setting next_dagrun for example_subdag_operator to 2022-01-01 00:00:00+00:00, run_after=2022-01-01 00:00:00+00:00
[2024-05-08T03:31:18.727+0000] {logging_mixin.py:188} INFO - [2024-05-08T03:31:18.726+0000] {dag.py:3954} INFO - Setting next_dagrun for example_subdag_operator.section-1 to None, run_after=None
[2024-05-08T03:31:18.733+0000] {logging_mixin.py:188} INFO - [2024-05-08T03:31:18.732+0000] {dag.py:3954} INFO - Setting next_dagrun for example_subdag_operator.section-2 to None, run_after=None
[2024-05-08T03:31:18.754+0000] {logging_mixin.py:188} INFO - [2024-05-08T03:31:18.754+0000] {dag.py:3096} INFO - Sync 2 DAGs
[2024-05-08T03:31:18.764+0000] {logging_mixin.py:188} INFO - [2024-05-08T03:31:18.763+0000] {dag.py:3954} INFO - Setting next_dagrun for example_subdag_operator.section-1 to None, run_after=None
[2024-05-08T03:31:18.765+0000] {logging_mixin.py:188} INFO - [2024-05-08T03:31:18.765+0000] {dag.py:3954} INFO - Setting next_dagrun for example_subdag_operator.section-2 to None, run_after=None
[2024-05-08T03:31:18.789+0000] {processor.py:183} INFO - Processing /home/airflow/.local/lib/python3.12/site-packages/airflow/example_dags/example_subdag_operator.py took 0.227 seconds
[2024-05-08T03:31:49.045+0000] {processor.py:161} INFO - Started process (PID=765) to work on /home/airflow/.local/lib/python3.12/site-packages/airflow/example_dags/example_subdag_operator.py
[2024-05-08T03:31:49.063+0000] {processor.py:830} INFO - Processing file /home/airflow/.local/lib/python3.12/site-packages/airflow/example_dags/example_subdag_operator.py for tasks to queue
[2024-05-08T03:31:49.070+0000] {logging_mixin.py:188} INFO - [2024-05-08T03:31:49.069+0000] {dagbag.py:540} INFO - Filling up the DagBag from /home/airflow/.local/lib/python3.12/site-packages/airflow/example_dags/example_subdag_operator.py
[2024-05-08T03:31:49.221+0000] {processor.py:840} INFO - DAG(s) 'example_subdag_operator.section-1', 'example_subdag_operator.section-2', 'example_subdag_operator' retrieved from /home/airflow/.local/lib/python3.12/site-packages/airflow/example_dags/example_subdag_operator.py
[2024-05-08T03:31:49.354+0000] {logging_mixin.py:188} INFO - [2024-05-08T03:31:49.353+0000] {dag.py:3096} INFO - Sync 3 DAGs
[2024-05-08T03:31:49.502+0000] {logging_mixin.py:188} INFO - [2024-05-08T03:31:49.501+0000] {dag.py:3954} INFO - Setting next_dagrun for example_subdag_operator to 2022-01-01 00:00:00+00:00, run_after=2022-01-01 00:00:00+00:00
[2024-05-08T03:31:49.519+0000] {logging_mixin.py:188} INFO - [2024-05-08T03:31:49.519+0000] {dag.py:3954} INFO - Setting next_dagrun for example_subdag_operator.section-1 to None, run_after=None
[2024-05-08T03:31:49.527+0000] {logging_mixin.py:188} INFO - [2024-05-08T03:31:49.526+0000] {dag.py:3954} INFO - Setting next_dagrun for example_subdag_operator.section-2 to None, run_after=None
[2024-05-08T03:31:49.573+0000] {logging_mixin.py:188} INFO - [2024-05-08T03:31:49.571+0000] {dag.py:3096} INFO - Sync 2 DAGs
[2024-05-08T03:31:49.618+0000] {logging_mixin.py:188} INFO - [2024-05-08T03:31:49.618+0000] {dag.py:3954} INFO - Setting next_dagrun for example_subdag_operator.section-1 to None, run_after=None
[2024-05-08T03:31:49.624+0000] {logging_mixin.py:188} INFO - [2024-05-08T03:31:49.623+0000] {dag.py:3954} INFO - Setting next_dagrun for example_subdag_operator.section-2 to None, run_after=None
[2024-05-08T03:31:49.712+0000] {processor.py:183} INFO - Processing /home/airflow/.local/lib/python3.12/site-packages/airflow/example_dags/example_subdag_operator.py took 0.698 seconds
[2024-05-08T03:32:28.748+0000] {processor.py:161} INFO - Started process (PID=827) to work on /home/airflow/.local/lib/python3.12/site-packages/airflow/example_dags/example_subdag_operator.py
[2024-05-08T03:32:28.751+0000] {processor.py:830} INFO - Processing file /home/airflow/.local/lib/python3.12/site-packages/airflow/example_dags/example_subdag_operator.py for tasks to queue
[2024-05-08T03:32:28.762+0000] {logging_mixin.py:188} INFO - [2024-05-08T03:32:28.761+0000] {dagbag.py:540} INFO - Filling up the DagBag from /home/airflow/.local/lib/python3.12/site-packages/airflow/example_dags/example_subdag_operator.py
[2024-05-08T03:32:28.840+0000] {processor.py:840} INFO - DAG(s) 'example_subdag_operator.section-1', 'example_subdag_operator.section-2', 'example_subdag_operator' retrieved from /home/airflow/.local/lib/python3.12/site-packages/airflow/example_dags/example_subdag_operator.py
[2024-05-08T03:32:28.915+0000] {logging_mixin.py:188} INFO - [2024-05-08T03:32:28.915+0000] {dag.py:3096} INFO - Sync 3 DAGs
[2024-05-08T03:32:29.024+0000] {logging_mixin.py:188} INFO - [2024-05-08T03:32:29.024+0000] {dag.py:3954} INFO - Setting next_dagrun for example_subdag_operator to 2022-01-01 00:00:00+00:00, run_after=2022-01-01 00:00:00+00:00
[2024-05-08T03:32:29.038+0000] {logging_mixin.py:188} INFO - [2024-05-08T03:32:29.037+0000] {dag.py:3954} INFO - Setting next_dagrun for example_subdag_operator.section-1 to None, run_after=None
[2024-05-08T03:32:29.043+0000] {logging_mixin.py:188} INFO - [2024-05-08T03:32:29.042+0000] {dag.py:3954} INFO - Setting next_dagrun for example_subdag_operator.section-2 to None, run_after=None
[2024-05-08T03:32:29.072+0000] {logging_mixin.py:188} INFO - [2024-05-08T03:32:29.072+0000] {dag.py:3096} INFO - Sync 2 DAGs
[2024-05-08T03:32:29.095+0000] {logging_mixin.py:188} INFO - [2024-05-08T03:32:29.095+0000] {dag.py:3954} INFO - Setting next_dagrun for example_subdag_operator.section-1 to None, run_after=None
[2024-05-08T03:32:29.097+0000] {logging_mixin.py:188} INFO - [2024-05-08T03:32:29.096+0000] {dag.py:3954} INFO - Setting next_dagrun for example_subdag_operator.section-2 to None, run_after=None
[2024-05-08T03:32:29.138+0000] {processor.py:183} INFO - Processing /home/airflow/.local/lib/python3.12/site-packages/airflow/example_dags/example_subdag_operator.py took 0.409 seconds
[2024-05-08T03:32:59.928+0000] {processor.py:161} INFO - Started process (PID=888) to work on /home/airflow/.local/lib/python3.12/site-packages/airflow/example_dags/example_subdag_operator.py
[2024-05-08T03:32:59.931+0000] {processor.py:830} INFO - Processing file /home/airflow/.local/lib/python3.12/site-packages/airflow/example_dags/example_subdag_operator.py for tasks to queue
[2024-05-08T03:32:59.935+0000] {logging_mixin.py:188} INFO - [2024-05-08T03:32:59.934+0000] {dagbag.py:540} INFO - Filling up the DagBag from /home/airflow/.local/lib/python3.12/site-packages/airflow/example_dags/example_subdag_operator.py
[2024-05-08T03:32:59.996+0000] {processor.py:840} INFO - DAG(s) 'example_subdag_operator.section-1', 'example_subdag_operator.section-2', 'example_subdag_operator' retrieved from /home/airflow/.local/lib/python3.12/site-packages/airflow/example_dags/example_subdag_operator.py
[2024-05-08T03:33:00.061+0000] {logging_mixin.py:188} INFO - [2024-05-08T03:33:00.058+0000] {dag.py:3096} INFO - Sync 3 DAGs
[2024-05-08T03:33:00.123+0000] {logging_mixin.py:188} INFO - [2024-05-08T03:33:00.122+0000] {dag.py:3954} INFO - Setting next_dagrun for example_subdag_operator to 2022-01-01 00:00:00+00:00, run_after=2022-01-01 00:00:00+00:00
[2024-05-08T03:33:00.131+0000] {logging_mixin.py:188} INFO - [2024-05-08T03:33:00.131+0000] {dag.py:3954} INFO - Setting next_dagrun for example_subdag_operator.section-1 to None, run_after=None
[2024-05-08T03:33:00.136+0000] {logging_mixin.py:188} INFO - [2024-05-08T03:33:00.136+0000] {dag.py:3954} INFO - Setting next_dagrun for example_subdag_operator.section-2 to None, run_after=None
[2024-05-08T03:33:00.180+0000] {logging_mixin.py:188} INFO - [2024-05-08T03:33:00.179+0000] {dag.py:3096} INFO - Sync 2 DAGs
[2024-05-08T03:33:00.202+0000] {logging_mixin.py:188} INFO - [2024-05-08T03:33:00.202+0000] {dag.py:3954} INFO - Setting next_dagrun for example_subdag_operator.section-1 to None, run_after=None
[2024-05-08T03:33:00.204+0000] {logging_mixin.py:188} INFO - [2024-05-08T03:33:00.203+0000] {dag.py:3954} INFO - Setting next_dagrun for example_subdag_operator.section-2 to None, run_after=None
[2024-05-08T03:33:00.284+0000] {processor.py:183} INFO - Processing /home/airflow/.local/lib/python3.12/site-packages/airflow/example_dags/example_subdag_operator.py took 0.369 seconds
[2024-05-08T03:33:30.815+0000] {processor.py:161} INFO - Started process (PID=949) to work on /home/airflow/.local/lib/python3.12/site-packages/airflow/example_dags/example_subdag_operator.py
[2024-05-08T03:33:30.820+0000] {processor.py:830} INFO - Processing file /home/airflow/.local/lib/python3.12/site-packages/airflow/example_dags/example_subdag_operator.py for tasks to queue
[2024-05-08T03:33:30.831+0000] {logging_mixin.py:188} INFO - [2024-05-08T03:33:30.830+0000] {dagbag.py:540} INFO - Filling up the DagBag from /home/airflow/.local/lib/python3.12/site-packages/airflow/example_dags/example_subdag_operator.py
[2024-05-08T03:33:31.010+0000] {processor.py:840} INFO - DAG(s) 'example_subdag_operator.section-1', 'example_subdag_operator.section-2', 'example_subdag_operator' retrieved from /home/airflow/.local/lib/python3.12/site-packages/airflow/example_dags/example_subdag_operator.py
[2024-05-08T03:33:31.260+0000] {logging_mixin.py:188} INFO - [2024-05-08T03:33:31.259+0000] {dag.py:3096} INFO - Sync 3 DAGs
[2024-05-08T03:33:31.403+0000] {logging_mixin.py:188} INFO - [2024-05-08T03:33:31.401+0000] {dag.py:3954} INFO - Setting next_dagrun for example_subdag_operator to 2022-01-01 00:00:00+00:00, run_after=2022-01-01 00:00:00+00:00
[2024-05-08T03:33:31.425+0000] {logging_mixin.py:188} INFO - [2024-05-08T03:33:31.424+0000] {dag.py:3954} INFO - Setting next_dagrun for example_subdag_operator.section-1 to None, run_after=None
[2024-05-08T03:33:31.430+0000] {logging_mixin.py:188} INFO - [2024-05-08T03:33:31.430+0000] {dag.py:3954} INFO - Setting next_dagrun for example_subdag_operator.section-2 to None, run_after=None
[2024-05-08T03:33:31.505+0000] {logging_mixin.py:188} INFO - [2024-05-08T03:33:31.504+0000] {dag.py:3096} INFO - Sync 2 DAGs
[2024-05-08T03:33:31.526+0000] {logging_mixin.py:188} INFO - [2024-05-08T03:33:31.525+0000] {dag.py:3954} INFO - Setting next_dagrun for example_subdag_operator.section-1 to None, run_after=None
[2024-05-08T03:33:31.536+0000] {logging_mixin.py:188} INFO - [2024-05-08T03:33:31.535+0000] {dag.py:3954} INFO - Setting next_dagrun for example_subdag_operator.section-2 to None, run_after=None
[2024-05-08T03:33:31.588+0000] {processor.py:183} INFO - Processing /home/airflow/.local/lib/python3.12/site-packages/airflow/example_dags/example_subdag_operator.py took 0.810 seconds
[2024-05-08T03:41:51.161+0000] {processor.py:161} INFO - Started process (PID=1016) to work on /home/airflow/.local/lib/python3.12/site-packages/airflow/example_dags/example_subdag_operator.py
[2024-05-08T03:41:51.164+0000] {processor.py:830} INFO - Processing file /home/airflow/.local/lib/python3.12/site-packages/airflow/example_dags/example_subdag_operator.py for tasks to queue
[2024-05-08T03:41:51.166+0000] {logging_mixin.py:188} INFO - [2024-05-08T03:41:51.166+0000] {dagbag.py:540} INFO - Filling up the DagBag from /home/airflow/.local/lib/python3.12/site-packages/airflow/example_dags/example_subdag_operator.py
[2024-05-08T03:41:51.225+0000] {processor.py:840} INFO - DAG(s) 'example_subdag_operator.section-1', 'example_subdag_operator.section-2', 'example_subdag_operator' retrieved from /home/airflow/.local/lib/python3.12/site-packages/airflow/example_dags/example_subdag_operator.py
[2024-05-08T03:41:51.267+0000] {logging_mixin.py:188} INFO - [2024-05-08T03:41:51.267+0000] {dag.py:3096} INFO - Sync 3 DAGs
[2024-05-08T03:41:51.328+0000] {logging_mixin.py:188} INFO - [2024-05-08T03:41:51.327+0000] {dag.py:3954} INFO - Setting next_dagrun for example_subdag_operator to 2022-01-01 00:00:00+00:00, run_after=2022-01-01 00:00:00+00:00
[2024-05-08T03:41:51.341+0000] {logging_mixin.py:188} INFO - [2024-05-08T03:41:51.340+0000] {dag.py:3954} INFO - Setting next_dagrun for example_subdag_operator.section-1 to None, run_after=None
[2024-05-08T03:41:51.346+0000] {logging_mixin.py:188} INFO - [2024-05-08T03:41:51.345+0000] {dag.py:3954} INFO - Setting next_dagrun for example_subdag_operator.section-2 to None, run_after=None
[2024-05-08T03:41:51.365+0000] {logging_mixin.py:188} INFO - [2024-05-08T03:41:51.365+0000] {dag.py:3096} INFO - Sync 2 DAGs
[2024-05-08T03:41:51.385+0000] {logging_mixin.py:188} INFO - [2024-05-08T03:41:51.383+0000] {dag.py:3954} INFO - Setting next_dagrun for example_subdag_operator.section-1 to None, run_after=None
[2024-05-08T03:41:51.387+0000] {logging_mixin.py:188} INFO - [2024-05-08T03:41:51.387+0000] {dag.py:3954} INFO - Setting next_dagrun for example_subdag_operator.section-2 to None, run_after=None
[2024-05-08T03:41:51.433+0000] {processor.py:183} INFO - Processing /home/airflow/.local/lib/python3.12/site-packages/airflow/example_dags/example_subdag_operator.py took 0.284 seconds
[2024-05-08T03:42:23.082+0000] {processor.py:161} INFO - Started process (PID=1078) to work on /home/airflow/.local/lib/python3.12/site-packages/airflow/example_dags/example_subdag_operator.py
[2024-05-08T03:42:23.084+0000] {processor.py:830} INFO - Processing file /home/airflow/.local/lib/python3.12/site-packages/airflow/example_dags/example_subdag_operator.py for tasks to queue
[2024-05-08T03:42:23.086+0000] {logging_mixin.py:188} INFO - [2024-05-08T03:42:23.085+0000] {dagbag.py:540} INFO - Filling up the DagBag from /home/airflow/.local/lib/python3.12/site-packages/airflow/example_dags/example_subdag_operator.py
[2024-05-08T03:42:23.130+0000] {processor.py:840} INFO - DAG(s) 'example_subdag_operator.section-1', 'example_subdag_operator.section-2', 'example_subdag_operator' retrieved from /home/airflow/.local/lib/python3.12/site-packages/airflow/example_dags/example_subdag_operator.py
[2024-05-08T03:42:23.160+0000] {logging_mixin.py:188} INFO - [2024-05-08T03:42:23.159+0000] {dag.py:3096} INFO - Sync 3 DAGs
[2024-05-08T03:42:23.371+0000] {logging_mixin.py:188} INFO - [2024-05-08T03:42:23.371+0000] {dag.py:3954} INFO - Setting next_dagrun for example_subdag_operator to 2022-01-01 00:00:00+00:00, run_after=2022-01-01 00:00:00+00:00
[2024-05-08T03:42:23.379+0000] {logging_mixin.py:188} INFO - [2024-05-08T03:42:23.378+0000] {dag.py:3954} INFO - Setting next_dagrun for example_subdag_operator.section-1 to None, run_after=None
[2024-05-08T03:42:23.382+0000] {logging_mixin.py:188} INFO - [2024-05-08T03:42:23.382+0000] {dag.py:3954} INFO - Setting next_dagrun for example_subdag_operator.section-2 to None, run_after=None
[2024-05-08T03:42:23.396+0000] {logging_mixin.py:188} INFO - [2024-05-08T03:42:23.396+0000] {dag.py:3096} INFO - Sync 2 DAGs
[2024-05-08T03:42:23.409+0000] {logging_mixin.py:188} INFO - [2024-05-08T03:42:23.408+0000] {dag.py:3954} INFO - Setting next_dagrun for example_subdag_operator.section-1 to None, run_after=None
[2024-05-08T03:42:23.410+0000] {logging_mixin.py:188} INFO - [2024-05-08T03:42:23.410+0000] {dag.py:3954} INFO - Setting next_dagrun for example_subdag_operator.section-2 to None, run_after=None
[2024-05-08T03:42:23.490+0000] {processor.py:183} INFO - Processing /home/airflow/.local/lib/python3.12/site-packages/airflow/example_dags/example_subdag_operator.py took 0.418 seconds
