[2024-05-08T03:26:06.927+0000] {processor.py:161} INFO - Started process (PID=105) to work on /home/airflow/.local/lib/python3.12/site-packages/airflow/example_dags/tutorial_dag.py
[2024-05-08T03:26:07.049+0000] {processor.py:830} INFO - Processing file /home/airflow/.local/lib/python3.12/site-packages/airflow/example_dags/tutorial_dag.py for tasks to queue
[2024-05-08T03:26:07.129+0000] {logging_mixin.py:188} INFO - [2024-05-08T03:26:07.097+0000] {dagbag.py:540} INFO - Filling up the DagBag from /home/airflow/.local/lib/python3.12/site-packages/airflow/example_dags/tutorial_dag.py
[2024-05-08T03:26:07.320+0000] {processor.py:840} INFO - DAG(s) 'tutorial_dag' retrieved from /home/airflow/.local/lib/python3.12/site-packages/airflow/example_dags/tutorial_dag.py
[2024-05-08T03:26:09.132+0000] {logging_mixin.py:188} INFO - [2024-05-08T03:26:09.132+0000] {dag.py:3096} INFO - Sync 1 DAGs
[2024-05-08T03:26:09.528+0000] {logging_mixin.py:188} INFO - [2024-05-08T03:26:09.528+0000] {dag.py:3954} INFO - Setting next_dagrun for tutorial_dag to None, run_after=None
[2024-05-08T03:26:10.803+0000] {processor.py:183} INFO - Processing /home/airflow/.local/lib/python3.12/site-packages/airflow/example_dags/tutorial_dag.py took 4.072 seconds
[2024-05-08T03:26:47.683+0000] {processor.py:161} INFO - Started process (PID=178) to work on /home/airflow/.local/lib/python3.12/site-packages/airflow/example_dags/tutorial_dag.py
[2024-05-08T03:26:47.707+0000] {processor.py:830} INFO - Processing file /home/airflow/.local/lib/python3.12/site-packages/airflow/example_dags/tutorial_dag.py for tasks to queue
[2024-05-08T03:26:47.733+0000] {logging_mixin.py:188} INFO - [2024-05-08T03:26:47.732+0000] {dagbag.py:540} INFO - Filling up the DagBag from /home/airflow/.local/lib/python3.12/site-packages/airflow/example_dags/tutorial_dag.py
[2024-05-08T03:26:47.764+0000] {processor.py:840} INFO - DAG(s) 'tutorial_dag' retrieved from /home/airflow/.local/lib/python3.12/site-packages/airflow/example_dags/tutorial_dag.py
[2024-05-08T03:26:47.858+0000] {logging_mixin.py:188} INFO - [2024-05-08T03:26:47.857+0000] {dag.py:3096} INFO - Sync 1 DAGs
[2024-05-08T03:26:47.912+0000] {logging_mixin.py:188} INFO - [2024-05-08T03:26:47.912+0000] {dag.py:3954} INFO - Setting next_dagrun for tutorial_dag to None, run_after=None
[2024-05-08T03:26:47.997+0000] {processor.py:183} INFO - Processing /home/airflow/.local/lib/python3.12/site-packages/airflow/example_dags/tutorial_dag.py took 0.347 seconds
[2024-05-08T03:27:19.046+0000] {processor.py:161} INFO - Started process (PID=239) to work on /home/airflow/.local/lib/python3.12/site-packages/airflow/example_dags/tutorial_dag.py
[2024-05-08T03:27:19.049+0000] {processor.py:830} INFO - Processing file /home/airflow/.local/lib/python3.12/site-packages/airflow/example_dags/tutorial_dag.py for tasks to queue
[2024-05-08T03:27:19.054+0000] {logging_mixin.py:188} INFO - [2024-05-08T03:27:19.053+0000] {dagbag.py:540} INFO - Filling up the DagBag from /home/airflow/.local/lib/python3.12/site-packages/airflow/example_dags/tutorial_dag.py
[2024-05-08T03:27:19.068+0000] {processor.py:840} INFO - DAG(s) 'tutorial_dag' retrieved from /home/airflow/.local/lib/python3.12/site-packages/airflow/example_dags/tutorial_dag.py
[2024-05-08T03:27:19.113+0000] {logging_mixin.py:188} INFO - [2024-05-08T03:27:19.112+0000] {dag.py:3096} INFO - Sync 1 DAGs
[2024-05-08T03:27:19.145+0000] {logging_mixin.py:188} INFO - [2024-05-08T03:27:19.145+0000] {dag.py:3954} INFO - Setting next_dagrun for tutorial_dag to None, run_after=None
[2024-05-08T03:27:19.196+0000] {processor.py:183} INFO - Processing /home/airflow/.local/lib/python3.12/site-packages/airflow/example_dags/tutorial_dag.py took 0.162 seconds
[2024-05-08T03:27:49.852+0000] {processor.py:161} INFO - Started process (PID=300) to work on /home/airflow/.local/lib/python3.12/site-packages/airflow/example_dags/tutorial_dag.py
[2024-05-08T03:27:49.855+0000] {processor.py:830} INFO - Processing file /home/airflow/.local/lib/python3.12/site-packages/airflow/example_dags/tutorial_dag.py for tasks to queue
[2024-05-08T03:27:49.861+0000] {logging_mixin.py:188} INFO - [2024-05-08T03:27:49.859+0000] {dagbag.py:540} INFO - Filling up the DagBag from /home/airflow/.local/lib/python3.12/site-packages/airflow/example_dags/tutorial_dag.py
[2024-05-08T03:27:49.882+0000] {processor.py:840} INFO - DAG(s) 'tutorial_dag' retrieved from /home/airflow/.local/lib/python3.12/site-packages/airflow/example_dags/tutorial_dag.py
[2024-05-08T03:27:49.946+0000] {logging_mixin.py:188} INFO - [2024-05-08T03:27:49.945+0000] {dag.py:3096} INFO - Sync 1 DAGs
[2024-05-08T03:27:50.012+0000] {logging_mixin.py:188} INFO - [2024-05-08T03:27:50.011+0000] {dag.py:3954} INFO - Setting next_dagrun for tutorial_dag to None, run_after=None
[2024-05-08T03:27:50.139+0000] {processor.py:183} INFO - Processing /home/airflow/.local/lib/python3.12/site-packages/airflow/example_dags/tutorial_dag.py took 0.305 seconds
[2024-05-08T03:28:21.141+0000] {processor.py:161} INFO - Started process (PID=361) to work on /home/airflow/.local/lib/python3.12/site-packages/airflow/example_dags/tutorial_dag.py
[2024-05-08T03:28:21.143+0000] {processor.py:830} INFO - Processing file /home/airflow/.local/lib/python3.12/site-packages/airflow/example_dags/tutorial_dag.py for tasks to queue
[2024-05-08T03:28:21.146+0000] {logging_mixin.py:188} INFO - [2024-05-08T03:28:21.146+0000] {dagbag.py:540} INFO - Filling up the DagBag from /home/airflow/.local/lib/python3.12/site-packages/airflow/example_dags/tutorial_dag.py
[2024-05-08T03:28:21.153+0000] {processor.py:840} INFO - DAG(s) 'tutorial_dag' retrieved from /home/airflow/.local/lib/python3.12/site-packages/airflow/example_dags/tutorial_dag.py
[2024-05-08T03:28:21.180+0000] {logging_mixin.py:188} INFO - [2024-05-08T03:28:21.180+0000] {dag.py:3096} INFO - Sync 1 DAGs
[2024-05-08T03:28:21.196+0000] {logging_mixin.py:188} INFO - [2024-05-08T03:28:21.196+0000] {dag.py:3954} INFO - Setting next_dagrun for tutorial_dag to None, run_after=None
[2024-05-08T03:28:21.224+0000] {processor.py:183} INFO - Processing /home/airflow/.local/lib/python3.12/site-packages/airflow/example_dags/tutorial_dag.py took 0.090 seconds
[2024-05-08T03:28:51.773+0000] {processor.py:161} INFO - Started process (PID=422) to work on /home/airflow/.local/lib/python3.12/site-packages/airflow/example_dags/tutorial_dag.py
[2024-05-08T03:28:51.775+0000] {processor.py:830} INFO - Processing file /home/airflow/.local/lib/python3.12/site-packages/airflow/example_dags/tutorial_dag.py for tasks to queue
[2024-05-08T03:28:51.780+0000] {logging_mixin.py:188} INFO - [2024-05-08T03:28:51.779+0000] {dagbag.py:540} INFO - Filling up the DagBag from /home/airflow/.local/lib/python3.12/site-packages/airflow/example_dags/tutorial_dag.py
[2024-05-08T03:28:51.795+0000] {processor.py:840} INFO - DAG(s) 'tutorial_dag' retrieved from /home/airflow/.local/lib/python3.12/site-packages/airflow/example_dags/tutorial_dag.py
[2024-05-08T03:28:51.833+0000] {logging_mixin.py:188} INFO - [2024-05-08T03:28:51.832+0000] {dag.py:3096} INFO - Sync 1 DAGs
[2024-05-08T03:28:51.852+0000] {logging_mixin.py:188} INFO - [2024-05-08T03:28:51.852+0000] {dag.py:3954} INFO - Setting next_dagrun for tutorial_dag to None, run_after=None
[2024-05-08T03:28:51.888+0000] {processor.py:183} INFO - Processing /home/airflow/.local/lib/python3.12/site-packages/airflow/example_dags/tutorial_dag.py took 0.123 seconds
[2024-05-08T03:29:22.550+0000] {processor.py:161} INFO - Started process (PID=483) to work on /home/airflow/.local/lib/python3.12/site-packages/airflow/example_dags/tutorial_dag.py
[2024-05-08T03:29:22.552+0000] {processor.py:830} INFO - Processing file /home/airflow/.local/lib/python3.12/site-packages/airflow/example_dags/tutorial_dag.py for tasks to queue
[2024-05-08T03:29:22.557+0000] {logging_mixin.py:188} INFO - [2024-05-08T03:29:22.556+0000] {dagbag.py:540} INFO - Filling up the DagBag from /home/airflow/.local/lib/python3.12/site-packages/airflow/example_dags/tutorial_dag.py
[2024-05-08T03:29:22.569+0000] {processor.py:840} INFO - DAG(s) 'tutorial_dag' retrieved from /home/airflow/.local/lib/python3.12/site-packages/airflow/example_dags/tutorial_dag.py
[2024-05-08T03:29:22.605+0000] {logging_mixin.py:188} INFO - [2024-05-08T03:29:22.604+0000] {dag.py:3096} INFO - Sync 1 DAGs
[2024-05-08T03:29:22.626+0000] {logging_mixin.py:188} INFO - [2024-05-08T03:29:22.626+0000] {dag.py:3954} INFO - Setting next_dagrun for tutorial_dag to None, run_after=None
[2024-05-08T03:29:22.658+0000] {processor.py:183} INFO - Processing /home/airflow/.local/lib/python3.12/site-packages/airflow/example_dags/tutorial_dag.py took 0.119 seconds
[2024-05-08T03:29:52.813+0000] {processor.py:161} INFO - Started process (PID=544) to work on /home/airflow/.local/lib/python3.12/site-packages/airflow/example_dags/tutorial_dag.py
[2024-05-08T03:29:52.816+0000] {processor.py:830} INFO - Processing file /home/airflow/.local/lib/python3.12/site-packages/airflow/example_dags/tutorial_dag.py for tasks to queue
[2024-05-08T03:29:52.823+0000] {logging_mixin.py:188} INFO - [2024-05-08T03:29:52.822+0000] {dagbag.py:540} INFO - Filling up the DagBag from /home/airflow/.local/lib/python3.12/site-packages/airflow/example_dags/tutorial_dag.py
[2024-05-08T03:29:52.837+0000] {processor.py:840} INFO - DAG(s) 'tutorial_dag' retrieved from /home/airflow/.local/lib/python3.12/site-packages/airflow/example_dags/tutorial_dag.py
[2024-05-08T03:29:52.877+0000] {logging_mixin.py:188} INFO - [2024-05-08T03:29:52.877+0000] {dag.py:3096} INFO - Sync 1 DAGs
[2024-05-08T03:29:52.896+0000] {logging_mixin.py:188} INFO - [2024-05-08T03:29:52.895+0000] {dag.py:3954} INFO - Setting next_dagrun for tutorial_dag to None, run_after=None
[2024-05-08T03:29:52.931+0000] {processor.py:183} INFO - Processing /home/airflow/.local/lib/python3.12/site-packages/airflow/example_dags/tutorial_dag.py took 0.142 seconds
[2024-05-08T03:30:23.418+0000] {processor.py:161} INFO - Started process (PID=605) to work on /home/airflow/.local/lib/python3.12/site-packages/airflow/example_dags/tutorial_dag.py
[2024-05-08T03:30:23.421+0000] {processor.py:830} INFO - Processing file /home/airflow/.local/lib/python3.12/site-packages/airflow/example_dags/tutorial_dag.py for tasks to queue
[2024-05-08T03:30:23.425+0000] {logging_mixin.py:188} INFO - [2024-05-08T03:30:23.424+0000] {dagbag.py:540} INFO - Filling up the DagBag from /home/airflow/.local/lib/python3.12/site-packages/airflow/example_dags/tutorial_dag.py
[2024-05-08T03:30:23.439+0000] {processor.py:840} INFO - DAG(s) 'tutorial_dag' retrieved from /home/airflow/.local/lib/python3.12/site-packages/airflow/example_dags/tutorial_dag.py
[2024-05-08T03:30:23.499+0000] {logging_mixin.py:188} INFO - [2024-05-08T03:30:23.498+0000] {dag.py:3096} INFO - Sync 1 DAGs
[2024-05-08T03:30:23.559+0000] {logging_mixin.py:188} INFO - [2024-05-08T03:30:23.558+0000] {dag.py:3954} INFO - Setting next_dagrun for tutorial_dag to None, run_after=None
[2024-05-08T03:30:23.693+0000] {processor.py:183} INFO - Processing /home/airflow/.local/lib/python3.12/site-packages/airflow/example_dags/tutorial_dag.py took 0.286 seconds
[2024-05-08T03:30:54.543+0000] {processor.py:161} INFO - Started process (PID=667) to work on /home/airflow/.local/lib/python3.12/site-packages/airflow/example_dags/tutorial_dag.py
[2024-05-08T03:30:54.545+0000] {processor.py:830} INFO - Processing file /home/airflow/.local/lib/python3.12/site-packages/airflow/example_dags/tutorial_dag.py for tasks to queue
[2024-05-08T03:30:54.550+0000] {logging_mixin.py:188} INFO - [2024-05-08T03:30:54.549+0000] {dagbag.py:540} INFO - Filling up the DagBag from /home/airflow/.local/lib/python3.12/site-packages/airflow/example_dags/tutorial_dag.py
[2024-05-08T03:30:54.561+0000] {processor.py:840} INFO - DAG(s) 'tutorial_dag' retrieved from /home/airflow/.local/lib/python3.12/site-packages/airflow/example_dags/tutorial_dag.py
[2024-05-08T03:30:54.601+0000] {logging_mixin.py:188} INFO - [2024-05-08T03:30:54.601+0000] {dag.py:3096} INFO - Sync 1 DAGs
[2024-05-08T03:30:54.628+0000] {logging_mixin.py:188} INFO - [2024-05-08T03:30:54.628+0000] {dag.py:3954} INFO - Setting next_dagrun for tutorial_dag to None, run_after=None
[2024-05-08T03:30:54.677+0000] {processor.py:183} INFO - Processing /home/airflow/.local/lib/python3.12/site-packages/airflow/example_dags/tutorial_dag.py took 0.149 seconds
[2024-05-08T03:31:25.353+0000] {processor.py:161} INFO - Started process (PID=728) to work on /home/airflow/.local/lib/python3.12/site-packages/airflow/example_dags/tutorial_dag.py
[2024-05-08T03:31:25.356+0000] {processor.py:830} INFO - Processing file /home/airflow/.local/lib/python3.12/site-packages/airflow/example_dags/tutorial_dag.py for tasks to queue
[2024-05-08T03:31:25.363+0000] {logging_mixin.py:188} INFO - [2024-05-08T03:31:25.361+0000] {dagbag.py:540} INFO - Filling up the DagBag from /home/airflow/.local/lib/python3.12/site-packages/airflow/example_dags/tutorial_dag.py
[2024-05-08T03:31:25.379+0000] {processor.py:840} INFO - DAG(s) 'tutorial_dag' retrieved from /home/airflow/.local/lib/python3.12/site-packages/airflow/example_dags/tutorial_dag.py
[2024-05-08T03:31:25.451+0000] {logging_mixin.py:188} INFO - [2024-05-08T03:31:25.451+0000] {dag.py:3096} INFO - Sync 1 DAGs
[2024-05-08T03:31:25.501+0000] {logging_mixin.py:188} INFO - [2024-05-08T03:31:25.500+0000] {dag.py:3954} INFO - Setting next_dagrun for tutorial_dag to None, run_after=None
[2024-05-08T03:31:25.569+0000] {processor.py:183} INFO - Processing /home/airflow/.local/lib/python3.12/site-packages/airflow/example_dags/tutorial_dag.py took 0.235 seconds
[2024-05-08T03:32:09.128+0000] {processor.py:161} INFO - Started process (PID=791) to work on /home/airflow/.local/lib/python3.12/site-packages/airflow/example_dags/tutorial_dag.py
[2024-05-08T03:32:09.149+0000] {processor.py:830} INFO - Processing file /home/airflow/.local/lib/python3.12/site-packages/airflow/example_dags/tutorial_dag.py for tasks to queue
[2024-05-08T03:32:09.193+0000] {logging_mixin.py:188} INFO - [2024-05-08T03:32:09.192+0000] {dagbag.py:540} INFO - Filling up the DagBag from /home/airflow/.local/lib/python3.12/site-packages/airflow/example_dags/tutorial_dag.py
[2024-05-08T03:32:09.249+0000] {processor.py:840} INFO - DAG(s) 'tutorial_dag' retrieved from /home/airflow/.local/lib/python3.12/site-packages/airflow/example_dags/tutorial_dag.py
[2024-05-08T03:32:09.382+0000] {logging_mixin.py:188} INFO - [2024-05-08T03:32:09.382+0000] {dag.py:3096} INFO - Sync 1 DAGs
[2024-05-08T03:32:09.535+0000] {logging_mixin.py:188} INFO - [2024-05-08T03:32:09.534+0000] {dag.py:3954} INFO - Setting next_dagrun for tutorial_dag to None, run_after=None
[2024-05-08T03:32:09.673+0000] {processor.py:183} INFO - Processing /home/airflow/.local/lib/python3.12/site-packages/airflow/example_dags/tutorial_dag.py took 0.584 seconds
[2024-05-08T03:32:46.037+0000] {processor.py:161} INFO - Started process (PID=858) to work on /home/airflow/.local/lib/python3.12/site-packages/airflow/example_dags/tutorial_dag.py
[2024-05-08T03:32:46.042+0000] {processor.py:830} INFO - Processing file /home/airflow/.local/lib/python3.12/site-packages/airflow/example_dags/tutorial_dag.py for tasks to queue
[2024-05-08T03:32:46.059+0000] {logging_mixin.py:188} INFO - [2024-05-08T03:32:46.052+0000] {dagbag.py:540} INFO - Filling up the DagBag from /home/airflow/.local/lib/python3.12/site-packages/airflow/example_dags/tutorial_dag.py
[2024-05-08T03:32:46.111+0000] {processor.py:840} INFO - DAG(s) 'tutorial_dag' retrieved from /home/airflow/.local/lib/python3.12/site-packages/airflow/example_dags/tutorial_dag.py
[2024-05-08T03:32:46.281+0000] {logging_mixin.py:188} INFO - [2024-05-08T03:32:46.270+0000] {dag.py:3096} INFO - Sync 1 DAGs
[2024-05-08T03:32:46.399+0000] {logging_mixin.py:188} INFO - [2024-05-08T03:32:46.398+0000] {dag.py:3954} INFO - Setting next_dagrun for tutorial_dag to None, run_after=None
[2024-05-08T03:32:46.532+0000] {processor.py:183} INFO - Processing /home/airflow/.local/lib/python3.12/site-packages/airflow/example_dags/tutorial_dag.py took 0.529 seconds
[2024-05-08T03:33:18.321+0000] {processor.py:161} INFO - Started process (PID=920) to work on /home/airflow/.local/lib/python3.12/site-packages/airflow/example_dags/tutorial_dag.py
[2024-05-08T03:33:18.324+0000] {processor.py:830} INFO - Processing file /home/airflow/.local/lib/python3.12/site-packages/airflow/example_dags/tutorial_dag.py for tasks to queue
[2024-05-08T03:33:18.339+0000] {logging_mixin.py:188} INFO - [2024-05-08T03:33:18.338+0000] {dagbag.py:540} INFO - Filling up the DagBag from /home/airflow/.local/lib/python3.12/site-packages/airflow/example_dags/tutorial_dag.py
[2024-05-08T03:33:18.406+0000] {processor.py:840} INFO - DAG(s) 'tutorial_dag' retrieved from /home/airflow/.local/lib/python3.12/site-packages/airflow/example_dags/tutorial_dag.py
[2024-05-08T03:33:18.604+0000] {logging_mixin.py:188} INFO - [2024-05-08T03:33:18.602+0000] {dag.py:3096} INFO - Sync 1 DAGs
[2024-05-08T03:33:18.635+0000] {logging_mixin.py:188} INFO - [2024-05-08T03:33:18.634+0000] {dag.py:3954} INFO - Setting next_dagrun for tutorial_dag to None, run_after=None
[2024-05-08T03:33:19.291+0000] {processor.py:183} INFO - Processing /home/airflow/.local/lib/python3.12/site-packages/airflow/example_dags/tutorial_dag.py took 1.000 seconds
[2024-05-08T03:33:53.048+0000] {processor.py:161} INFO - Started process (PID=979) to work on /home/airflow/.local/lib/python3.12/site-packages/airflow/example_dags/tutorial_dag.py
[2024-05-08T03:33:53.069+0000] {processor.py:830} INFO - Processing file /home/airflow/.local/lib/python3.12/site-packages/airflow/example_dags/tutorial_dag.py for tasks to queue
[2024-05-08T03:33:53.080+0000] {logging_mixin.py:188} INFO - [2024-05-08T03:33:53.078+0000] {dagbag.py:540} INFO - Filling up the DagBag from /home/airflow/.local/lib/python3.12/site-packages/airflow/example_dags/tutorial_dag.py
[2024-05-08T03:33:53.194+0000] {processor.py:840} INFO - DAG(s) 'tutorial_dag' retrieved from /home/airflow/.local/lib/python3.12/site-packages/airflow/example_dags/tutorial_dag.py
[2024-05-08T03:33:56.322+0000] {logging_mixin.py:188} INFO - [2024-05-08T03:33:56.303+0000] {dag.py:3096} INFO - Sync 1 DAGs
[2024-05-08T03:33:56.451+0000] {logging_mixin.py:188} INFO - [2024-05-08T03:33:56.451+0000] {dag.py:3954} INFO - Setting next_dagrun for tutorial_dag to None, run_after=None
[2024-05-08T03:33:56.677+0000] {processor.py:183} INFO - Processing /home/airflow/.local/lib/python3.12/site-packages/airflow/example_dags/tutorial_dag.py took 3.682 seconds
[2024-05-08T03:41:57.917+0000] {processor.py:161} INFO - Started process (PID=1044) to work on /home/airflow/.local/lib/python3.12/site-packages/airflow/example_dags/tutorial_dag.py
[2024-05-08T03:41:57.920+0000] {processor.py:830} INFO - Processing file /home/airflow/.local/lib/python3.12/site-packages/airflow/example_dags/tutorial_dag.py for tasks to queue
[2024-05-08T03:41:57.922+0000] {logging_mixin.py:188} INFO - [2024-05-08T03:41:57.922+0000] {dagbag.py:540} INFO - Filling up the DagBag from /home/airflow/.local/lib/python3.12/site-packages/airflow/example_dags/tutorial_dag.py
[2024-05-08T03:41:57.936+0000] {processor.py:840} INFO - DAG(s) 'tutorial_dag' retrieved from /home/airflow/.local/lib/python3.12/site-packages/airflow/example_dags/tutorial_dag.py
[2024-05-08T03:41:57.980+0000] {logging_mixin.py:188} INFO - [2024-05-08T03:41:57.979+0000] {dag.py:3096} INFO - Sync 1 DAGs
[2024-05-08T03:41:58.016+0000] {logging_mixin.py:188} INFO - [2024-05-08T03:41:58.016+0000] {dag.py:3954} INFO - Setting next_dagrun for tutorial_dag to None, run_after=None
[2024-05-08T03:41:58.272+0000] {processor.py:183} INFO - Processing /home/airflow/.local/lib/python3.12/site-packages/airflow/example_dags/tutorial_dag.py took 0.369 seconds
[2024-05-08T03:42:29.315+0000] {processor.py:161} INFO - Started process (PID=1105) to work on /home/airflow/.local/lib/python3.12/site-packages/airflow/example_dags/tutorial_dag.py
[2024-05-08T03:42:29.317+0000] {processor.py:830} INFO - Processing file /home/airflow/.local/lib/python3.12/site-packages/airflow/example_dags/tutorial_dag.py for tasks to queue
[2024-05-08T03:42:29.318+0000] {logging_mixin.py:188} INFO - [2024-05-08T03:42:29.318+0000] {dagbag.py:540} INFO - Filling up the DagBag from /home/airflow/.local/lib/python3.12/site-packages/airflow/example_dags/tutorial_dag.py
[2024-05-08T03:42:29.328+0000] {processor.py:840} INFO - DAG(s) 'tutorial_dag' retrieved from /home/airflow/.local/lib/python3.12/site-packages/airflow/example_dags/tutorial_dag.py
[2024-05-08T03:42:29.370+0000] {logging_mixin.py:188} INFO - [2024-05-08T03:42:29.369+0000] {dag.py:3096} INFO - Sync 1 DAGs
[2024-05-08T03:42:29.395+0000] {logging_mixin.py:188} INFO - [2024-05-08T03:42:29.394+0000] {dag.py:3954} INFO - Setting next_dagrun for tutorial_dag to None, run_after=None
[2024-05-08T03:42:29.526+0000] {processor.py:183} INFO - Processing /home/airflow/.local/lib/python3.12/site-packages/airflow/example_dags/tutorial_dag.py took 0.219 seconds
