[2024-05-08T03:25:18.517+0000] {processor.py:161} INFO - Started process (PID=51) to work on /home/airflow/.local/lib/python3.12/site-packages/airflow/example_dags/tutorial_objectstorage.py
[2024-05-08T03:25:18.532+0000] {processor.py:830} INFO - Processing file /home/airflow/.local/lib/python3.12/site-packages/airflow/example_dags/tutorial_objectstorage.py for tasks to queue
[2024-05-08T03:25:18.547+0000] {logging_mixin.py:188} INFO - [2024-05-08T03:25:18.545+0000] {dagbag.py:540} INFO - Filling up the DagBag from /home/airflow/.local/lib/python3.12/site-packages/airflow/example_dags/tutorial_objectstorage.py
[2024-05-08T03:25:18.614+0000] {processor.py:840} INFO - DAG(s) 'tutorial_objectstorage' retrieved from /home/airflow/.local/lib/python3.12/site-packages/airflow/example_dags/tutorial_objectstorage.py
[2024-05-08T03:25:19.171+0000] {logging_mixin.py:188} INFO - [2024-05-08T03:25:19.171+0000] {dag.py:3096} INFO - Sync 1 DAGs
[2024-05-08T03:25:19.269+0000] {logging_mixin.py:188} INFO - [2024-05-08T03:25:19.269+0000] {dag.py:3954} INFO - Setting next_dagrun for tutorial_objectstorage to None, run_after=None
[2024-05-08T03:25:19.436+0000] {processor.py:183} INFO - Processing /home/airflow/.local/lib/python3.12/site-packages/airflow/example_dags/tutorial_objectstorage.py took 0.944 seconds
[2024-05-08T03:26:27.411+0000] {processor.py:161} INFO - Started process (PID=130) to work on /home/airflow/.local/lib/python3.12/site-packages/airflow/example_dags/tutorial_objectstorage.py
[2024-05-08T03:26:27.434+0000] {processor.py:830} INFO - Processing file /home/airflow/.local/lib/python3.12/site-packages/airflow/example_dags/tutorial_objectstorage.py for tasks to queue
[2024-05-08T03:26:27.535+0000] {logging_mixin.py:188} INFO - [2024-05-08T03:26:27.532+0000] {dagbag.py:540} INFO - Filling up the DagBag from /home/airflow/.local/lib/python3.12/site-packages/airflow/example_dags/tutorial_objectstorage.py
[2024-05-08T03:26:27.995+0000] {processor.py:840} INFO - DAG(s) 'tutorial_objectstorage' retrieved from /home/airflow/.local/lib/python3.12/site-packages/airflow/example_dags/tutorial_objectstorage.py
[2024-05-08T03:26:28.195+0000] {logging_mixin.py:188} INFO - [2024-05-08T03:26:28.194+0000] {dag.py:3096} INFO - Sync 1 DAGs
[2024-05-08T03:26:28.390+0000] {logging_mixin.py:188} INFO - [2024-05-08T03:26:28.389+0000] {dag.py:3954} INFO - Setting next_dagrun for tutorial_objectstorage to None, run_after=None
[2024-05-08T03:26:28.593+0000] {processor.py:183} INFO - Processing /home/airflow/.local/lib/python3.12/site-packages/airflow/example_dags/tutorial_objectstorage.py took 1.312 seconds
[2024-05-08T03:26:59.503+0000] {processor.py:161} INFO - Started process (PID=193) to work on /home/airflow/.local/lib/python3.12/site-packages/airflow/example_dags/tutorial_objectstorage.py
[2024-05-08T03:26:59.505+0000] {processor.py:830} INFO - Processing file /home/airflow/.local/lib/python3.12/site-packages/airflow/example_dags/tutorial_objectstorage.py for tasks to queue
[2024-05-08T03:26:59.510+0000] {logging_mixin.py:188} INFO - [2024-05-08T03:26:59.509+0000] {dagbag.py:540} INFO - Filling up the DagBag from /home/airflow/.local/lib/python3.12/site-packages/airflow/example_dags/tutorial_objectstorage.py
[2024-05-08T03:26:59.529+0000] {processor.py:840} INFO - DAG(s) 'tutorial_objectstorage' retrieved from /home/airflow/.local/lib/python3.12/site-packages/airflow/example_dags/tutorial_objectstorage.py
[2024-05-08T03:26:59.569+0000] {logging_mixin.py:188} INFO - [2024-05-08T03:26:59.569+0000] {dag.py:3096} INFO - Sync 1 DAGs
[2024-05-08T03:26:59.603+0000] {logging_mixin.py:188} INFO - [2024-05-08T03:26:59.602+0000] {dag.py:3954} INFO - Setting next_dagrun for tutorial_objectstorage to None, run_after=None
[2024-05-08T03:26:59.665+0000] {processor.py:183} INFO - Processing /home/airflow/.local/lib/python3.12/site-packages/airflow/example_dags/tutorial_objectstorage.py took 0.171 seconds
[2024-05-08T03:27:29.882+0000] {processor.py:161} INFO - Started process (PID=254) to work on /home/airflow/.local/lib/python3.12/site-packages/airflow/example_dags/tutorial_objectstorage.py
[2024-05-08T03:27:29.885+0000] {processor.py:830} INFO - Processing file /home/airflow/.local/lib/python3.12/site-packages/airflow/example_dags/tutorial_objectstorage.py for tasks to queue
[2024-05-08T03:27:29.888+0000] {logging_mixin.py:188} INFO - [2024-05-08T03:27:29.887+0000] {dagbag.py:540} INFO - Filling up the DagBag from /home/airflow/.local/lib/python3.12/site-packages/airflow/example_dags/tutorial_objectstorage.py
[2024-05-08T03:27:29.919+0000] {processor.py:840} INFO - DAG(s) 'tutorial_objectstorage' retrieved from /home/airflow/.local/lib/python3.12/site-packages/airflow/example_dags/tutorial_objectstorage.py
[2024-05-08T03:27:29.961+0000] {logging_mixin.py:188} INFO - [2024-05-08T03:27:29.961+0000] {dag.py:3096} INFO - Sync 1 DAGs
[2024-05-08T03:27:29.981+0000] {logging_mixin.py:188} INFO - [2024-05-08T03:27:29.981+0000] {dag.py:3954} INFO - Setting next_dagrun for tutorial_objectstorage to None, run_after=None
[2024-05-08T03:27:30.011+0000] {processor.py:183} INFO - Processing /home/airflow/.local/lib/python3.12/site-packages/airflow/example_dags/tutorial_objectstorage.py took 0.137 seconds
[2024-05-08T03:28:00.267+0000] {processor.py:161} INFO - Started process (PID=315) to work on /home/airflow/.local/lib/python3.12/site-packages/airflow/example_dags/tutorial_objectstorage.py
[2024-05-08T03:28:00.269+0000] {processor.py:830} INFO - Processing file /home/airflow/.local/lib/python3.12/site-packages/airflow/example_dags/tutorial_objectstorage.py for tasks to queue
[2024-05-08T03:28:00.272+0000] {logging_mixin.py:188} INFO - [2024-05-08T03:28:00.272+0000] {dagbag.py:540} INFO - Filling up the DagBag from /home/airflow/.local/lib/python3.12/site-packages/airflow/example_dags/tutorial_objectstorage.py
[2024-05-08T03:28:00.288+0000] {processor.py:840} INFO - DAG(s) 'tutorial_objectstorage' retrieved from /home/airflow/.local/lib/python3.12/site-packages/airflow/example_dags/tutorial_objectstorage.py
[2024-05-08T03:28:00.336+0000] {logging_mixin.py:188} INFO - [2024-05-08T03:28:00.336+0000] {dag.py:3096} INFO - Sync 1 DAGs
[2024-05-08T03:28:00.373+0000] {logging_mixin.py:188} INFO - [2024-05-08T03:28:00.372+0000] {dag.py:3954} INFO - Setting next_dagrun for tutorial_objectstorage to None, run_after=None
[2024-05-08T03:28:00.430+0000] {processor.py:183} INFO - Processing /home/airflow/.local/lib/python3.12/site-packages/airflow/example_dags/tutorial_objectstorage.py took 0.175 seconds
[2024-05-08T03:28:30.623+0000] {processor.py:161} INFO - Started process (PID=376) to work on /home/airflow/.local/lib/python3.12/site-packages/airflow/example_dags/tutorial_objectstorage.py
[2024-05-08T03:28:30.626+0000] {processor.py:830} INFO - Processing file /home/airflow/.local/lib/python3.12/site-packages/airflow/example_dags/tutorial_objectstorage.py for tasks to queue
[2024-05-08T03:28:30.629+0000] {logging_mixin.py:188} INFO - [2024-05-08T03:28:30.628+0000] {dagbag.py:540} INFO - Filling up the DagBag from /home/airflow/.local/lib/python3.12/site-packages/airflow/example_dags/tutorial_objectstorage.py
[2024-05-08T03:28:30.638+0000] {processor.py:840} INFO - DAG(s) 'tutorial_objectstorage' retrieved from /home/airflow/.local/lib/python3.12/site-packages/airflow/example_dags/tutorial_objectstorage.py
[2024-05-08T03:28:30.666+0000] {logging_mixin.py:188} INFO - [2024-05-08T03:28:30.666+0000] {dag.py:3096} INFO - Sync 1 DAGs
[2024-05-08T03:28:30.689+0000] {logging_mixin.py:188} INFO - [2024-05-08T03:28:30.689+0000] {dag.py:3954} INFO - Setting next_dagrun for tutorial_objectstorage to None, run_after=None
[2024-05-08T03:28:30.721+0000] {processor.py:183} INFO - Processing /home/airflow/.local/lib/python3.12/site-packages/airflow/example_dags/tutorial_objectstorage.py took 0.107 seconds
[2024-05-08T03:29:00.948+0000] {processor.py:161} INFO - Started process (PID=437) to work on /home/airflow/.local/lib/python3.12/site-packages/airflow/example_dags/tutorial_objectstorage.py
[2024-05-08T03:29:00.950+0000] {processor.py:830} INFO - Processing file /home/airflow/.local/lib/python3.12/site-packages/airflow/example_dags/tutorial_objectstorage.py for tasks to queue
[2024-05-08T03:29:00.953+0000] {logging_mixin.py:188} INFO - [2024-05-08T03:29:00.953+0000] {dagbag.py:540} INFO - Filling up the DagBag from /home/airflow/.local/lib/python3.12/site-packages/airflow/example_dags/tutorial_objectstorage.py
[2024-05-08T03:29:00.965+0000] {processor.py:840} INFO - DAG(s) 'tutorial_objectstorage' retrieved from /home/airflow/.local/lib/python3.12/site-packages/airflow/example_dags/tutorial_objectstorage.py
[2024-05-08T03:29:00.989+0000] {logging_mixin.py:188} INFO - [2024-05-08T03:29:00.988+0000] {dag.py:3096} INFO - Sync 1 DAGs
[2024-05-08T03:29:01.008+0000] {logging_mixin.py:188} INFO - [2024-05-08T03:29:01.007+0000] {dag.py:3954} INFO - Setting next_dagrun for tutorial_objectstorage to None, run_after=None
[2024-05-08T03:29:01.039+0000] {processor.py:183} INFO - Processing /home/airflow/.local/lib/python3.12/site-packages/airflow/example_dags/tutorial_objectstorage.py took 0.100 seconds
[2024-05-08T03:29:31.704+0000] {processor.py:161} INFO - Started process (PID=498) to work on /home/airflow/.local/lib/python3.12/site-packages/airflow/example_dags/tutorial_objectstorage.py
[2024-05-08T03:29:31.706+0000] {processor.py:830} INFO - Processing file /home/airflow/.local/lib/python3.12/site-packages/airflow/example_dags/tutorial_objectstorage.py for tasks to queue
[2024-05-08T03:29:31.708+0000] {logging_mixin.py:188} INFO - [2024-05-08T03:29:31.708+0000] {dagbag.py:540} INFO - Filling up the DagBag from /home/airflow/.local/lib/python3.12/site-packages/airflow/example_dags/tutorial_objectstorage.py
[2024-05-08T03:29:31.717+0000] {processor.py:840} INFO - DAG(s) 'tutorial_objectstorage' retrieved from /home/airflow/.local/lib/python3.12/site-packages/airflow/example_dags/tutorial_objectstorage.py
[2024-05-08T03:29:31.744+0000] {logging_mixin.py:188} INFO - [2024-05-08T03:29:31.744+0000] {dag.py:3096} INFO - Sync 1 DAGs
[2024-05-08T03:29:31.765+0000] {logging_mixin.py:188} INFO - [2024-05-08T03:29:31.765+0000] {dag.py:3954} INFO - Setting next_dagrun for tutorial_objectstorage to None, run_after=None
[2024-05-08T03:29:31.794+0000] {processor.py:183} INFO - Processing /home/airflow/.local/lib/python3.12/site-packages/airflow/example_dags/tutorial_objectstorage.py took 0.099 seconds
[2024-05-08T03:30:01.949+0000] {processor.py:161} INFO - Started process (PID=559) to work on /home/airflow/.local/lib/python3.12/site-packages/airflow/example_dags/tutorial_objectstorage.py
[2024-05-08T03:30:01.951+0000] {processor.py:830} INFO - Processing file /home/airflow/.local/lib/python3.12/site-packages/airflow/example_dags/tutorial_objectstorage.py for tasks to queue
[2024-05-08T03:30:01.954+0000] {logging_mixin.py:188} INFO - [2024-05-08T03:30:01.954+0000] {dagbag.py:540} INFO - Filling up the DagBag from /home/airflow/.local/lib/python3.12/site-packages/airflow/example_dags/tutorial_objectstorage.py
[2024-05-08T03:30:01.973+0000] {processor.py:840} INFO - DAG(s) 'tutorial_objectstorage' retrieved from /home/airflow/.local/lib/python3.12/site-packages/airflow/example_dags/tutorial_objectstorage.py
[2024-05-08T03:30:02.009+0000] {logging_mixin.py:188} INFO - [2024-05-08T03:30:02.008+0000] {dag.py:3096} INFO - Sync 1 DAGs
[2024-05-08T03:30:02.032+0000] {logging_mixin.py:188} INFO - [2024-05-08T03:30:02.031+0000] {dag.py:3954} INFO - Setting next_dagrun for tutorial_objectstorage to None, run_after=None
[2024-05-08T03:30:02.064+0000] {processor.py:183} INFO - Processing /home/airflow/.local/lib/python3.12/site-packages/airflow/example_dags/tutorial_objectstorage.py took 0.129 seconds
[2024-05-08T03:30:32.557+0000] {processor.py:161} INFO - Started process (PID=620) to work on /home/airflow/.local/lib/python3.12/site-packages/airflow/example_dags/tutorial_objectstorage.py
[2024-05-08T03:30:32.559+0000] {processor.py:830} INFO - Processing file /home/airflow/.local/lib/python3.12/site-packages/airflow/example_dags/tutorial_objectstorage.py for tasks to queue
[2024-05-08T03:30:32.563+0000] {logging_mixin.py:188} INFO - [2024-05-08T03:30:32.562+0000] {dagbag.py:540} INFO - Filling up the DagBag from /home/airflow/.local/lib/python3.12/site-packages/airflow/example_dags/tutorial_objectstorage.py
[2024-05-08T03:30:32.576+0000] {processor.py:840} INFO - DAG(s) 'tutorial_objectstorage' retrieved from /home/airflow/.local/lib/python3.12/site-packages/airflow/example_dags/tutorial_objectstorage.py
[2024-05-08T03:30:32.605+0000] {logging_mixin.py:188} INFO - [2024-05-08T03:30:32.605+0000] {dag.py:3096} INFO - Sync 1 DAGs
[2024-05-08T03:30:32.623+0000] {logging_mixin.py:188} INFO - [2024-05-08T03:30:32.623+0000] {dag.py:3954} INFO - Setting next_dagrun for tutorial_objectstorage to None, run_after=None
[2024-05-08T03:30:32.848+0000] {processor.py:183} INFO - Processing /home/airflow/.local/lib/python3.12/site-packages/airflow/example_dags/tutorial_objectstorage.py took 0.301 seconds
[2024-05-08T03:31:03.156+0000] {processor.py:161} INFO - Started process (PID=682) to work on /home/airflow/.local/lib/python3.12/site-packages/airflow/example_dags/tutorial_objectstorage.py
[2024-05-08T03:31:03.160+0000] {processor.py:830} INFO - Processing file /home/airflow/.local/lib/python3.12/site-packages/airflow/example_dags/tutorial_objectstorage.py for tasks to queue
[2024-05-08T03:31:03.165+0000] {logging_mixin.py:188} INFO - [2024-05-08T03:31:03.164+0000] {dagbag.py:540} INFO - Filling up the DagBag from /home/airflow/.local/lib/python3.12/site-packages/airflow/example_dags/tutorial_objectstorage.py
[2024-05-08T03:31:03.188+0000] {processor.py:840} INFO - DAG(s) 'tutorial_objectstorage' retrieved from /home/airflow/.local/lib/python3.12/site-packages/airflow/example_dags/tutorial_objectstorage.py
[2024-05-08T03:31:03.257+0000] {logging_mixin.py:188} INFO - [2024-05-08T03:31:03.257+0000] {dag.py:3096} INFO - Sync 1 DAGs
[2024-05-08T03:31:03.304+0000] {logging_mixin.py:188} INFO - [2024-05-08T03:31:03.304+0000] {dag.py:3954} INFO - Setting next_dagrun for tutorial_objectstorage to None, run_after=None
[2024-05-08T03:31:03.367+0000] {processor.py:183} INFO - Processing /home/airflow/.local/lib/python3.12/site-packages/airflow/example_dags/tutorial_objectstorage.py took 0.229 seconds
[2024-05-08T03:31:33.750+0000] {processor.py:161} INFO - Started process (PID=743) to work on /home/airflow/.local/lib/python3.12/site-packages/airflow/example_dags/tutorial_objectstorage.py
[2024-05-08T03:31:33.752+0000] {processor.py:830} INFO - Processing file /home/airflow/.local/lib/python3.12/site-packages/airflow/example_dags/tutorial_objectstorage.py for tasks to queue
[2024-05-08T03:31:33.755+0000] {logging_mixin.py:188} INFO - [2024-05-08T03:31:33.754+0000] {dagbag.py:540} INFO - Filling up the DagBag from /home/airflow/.local/lib/python3.12/site-packages/airflow/example_dags/tutorial_objectstorage.py
[2024-05-08T03:31:33.768+0000] {processor.py:840} INFO - DAG(s) 'tutorial_objectstorage' retrieved from /home/airflow/.local/lib/python3.12/site-packages/airflow/example_dags/tutorial_objectstorage.py
[2024-05-08T03:31:33.804+0000] {logging_mixin.py:188} INFO - [2024-05-08T03:31:33.803+0000] {dag.py:3096} INFO - Sync 1 DAGs
[2024-05-08T03:31:33.828+0000] {logging_mixin.py:188} INFO - [2024-05-08T03:31:33.827+0000] {dag.py:3954} INFO - Setting next_dagrun for tutorial_objectstorage to None, run_after=None
[2024-05-08T03:31:33.867+0000] {processor.py:183} INFO - Processing /home/airflow/.local/lib/python3.12/site-packages/airflow/example_dags/tutorial_objectstorage.py took 0.126 seconds
[2024-05-08T03:32:22.657+0000] {processor.py:161} INFO - Started process (PID=810) to work on /home/airflow/.local/lib/python3.12/site-packages/airflow/example_dags/tutorial_objectstorage.py
[2024-05-08T03:32:22.668+0000] {processor.py:830} INFO - Processing file /home/airflow/.local/lib/python3.12/site-packages/airflow/example_dags/tutorial_objectstorage.py for tasks to queue
[2024-05-08T03:32:22.684+0000] {logging_mixin.py:188} INFO - [2024-05-08T03:32:22.682+0000] {dagbag.py:540} INFO - Filling up the DagBag from /home/airflow/.local/lib/python3.12/site-packages/airflow/example_dags/tutorial_objectstorage.py
[2024-05-08T03:32:22.720+0000] {processor.py:840} INFO - DAG(s) 'tutorial_objectstorage' retrieved from /home/airflow/.local/lib/python3.12/site-packages/airflow/example_dags/tutorial_objectstorage.py
[2024-05-08T03:32:22.905+0000] {logging_mixin.py:188} INFO - [2024-05-08T03:32:22.902+0000] {dag.py:3096} INFO - Sync 1 DAGs
[2024-05-08T03:32:22.987+0000] {logging_mixin.py:188} INFO - [2024-05-08T03:32:22.986+0000] {dag.py:3954} INFO - Setting next_dagrun for tutorial_objectstorage to None, run_after=None
[2024-05-08T03:32:23.123+0000] {processor.py:183} INFO - Processing /home/airflow/.local/lib/python3.12/site-packages/airflow/example_dags/tutorial_objectstorage.py took 0.688 seconds
[2024-05-08T03:32:53.421+0000] {processor.py:161} INFO - Started process (PID=871) to work on /home/airflow/.local/lib/python3.12/site-packages/airflow/example_dags/tutorial_objectstorage.py
[2024-05-08T03:32:53.425+0000] {processor.py:830} INFO - Processing file /home/airflow/.local/lib/python3.12/site-packages/airflow/example_dags/tutorial_objectstorage.py for tasks to queue
[2024-05-08T03:32:53.435+0000] {logging_mixin.py:188} INFO - [2024-05-08T03:32:53.434+0000] {dagbag.py:540} INFO - Filling up the DagBag from /home/airflow/.local/lib/python3.12/site-packages/airflow/example_dags/tutorial_objectstorage.py
[2024-05-08T03:32:53.468+0000] {processor.py:840} INFO - DAG(s) 'tutorial_objectstorage' retrieved from /home/airflow/.local/lib/python3.12/site-packages/airflow/example_dags/tutorial_objectstorage.py
[2024-05-08T03:32:53.543+0000] {logging_mixin.py:188} INFO - [2024-05-08T03:32:53.543+0000] {dag.py:3096} INFO - Sync 1 DAGs
[2024-05-08T03:32:53.610+0000] {logging_mixin.py:188} INFO - [2024-05-08T03:32:53.608+0000] {dag.py:3954} INFO - Setting next_dagrun for tutorial_objectstorage to None, run_after=None
[2024-05-08T03:32:53.673+0000] {processor.py:183} INFO - Processing /home/airflow/.local/lib/python3.12/site-packages/airflow/example_dags/tutorial_objectstorage.py took 0.268 seconds
[2024-05-08T03:33:24.154+0000] {processor.py:161} INFO - Started process (PID=933) to work on /home/airflow/.local/lib/python3.12/site-packages/airflow/example_dags/tutorial_objectstorage.py
[2024-05-08T03:33:24.157+0000] {processor.py:830} INFO - Processing file /home/airflow/.local/lib/python3.12/site-packages/airflow/example_dags/tutorial_objectstorage.py for tasks to queue
[2024-05-08T03:33:24.164+0000] {logging_mixin.py:188} INFO - [2024-05-08T03:33:24.163+0000] {dagbag.py:540} INFO - Filling up the DagBag from /home/airflow/.local/lib/python3.12/site-packages/airflow/example_dags/tutorial_objectstorage.py
[2024-05-08T03:33:24.183+0000] {processor.py:840} INFO - DAG(s) 'tutorial_objectstorage' retrieved from /home/airflow/.local/lib/python3.12/site-packages/airflow/example_dags/tutorial_objectstorage.py
[2024-05-08T03:33:24.275+0000] {logging_mixin.py:188} INFO - [2024-05-08T03:33:24.275+0000] {dag.py:3096} INFO - Sync 1 DAGs
[2024-05-08T03:33:24.404+0000] {logging_mixin.py:188} INFO - [2024-05-08T03:33:24.403+0000] {dag.py:3954} INFO - Setting next_dagrun for tutorial_objectstorage to None, run_after=None
[2024-05-08T03:33:24.501+0000] {processor.py:183} INFO - Processing /home/airflow/.local/lib/python3.12/site-packages/airflow/example_dags/tutorial_objectstorage.py took 0.382 seconds
[2024-05-08T03:34:07.551+0000] {processor.py:161} INFO - Started process (PID=994) to work on /home/airflow/.local/lib/python3.12/site-packages/airflow/example_dags/tutorial_objectstorage.py
[2024-05-08T03:34:07.555+0000] {processor.py:830} INFO - Processing file /home/airflow/.local/lib/python3.12/site-packages/airflow/example_dags/tutorial_objectstorage.py for tasks to queue
[2024-05-08T03:34:07.562+0000] {logging_mixin.py:188} INFO - [2024-05-08T03:34:07.560+0000] {dagbag.py:540} INFO - Filling up the DagBag from /home/airflow/.local/lib/python3.12/site-packages/airflow/example_dags/tutorial_objectstorage.py
[2024-05-08T03:34:07.612+0000] {processor.py:840} INFO - DAG(s) 'tutorial_objectstorage' retrieved from /home/airflow/.local/lib/python3.12/site-packages/airflow/example_dags/tutorial_objectstorage.py
[2024-05-08T03:34:07.689+0000] {logging_mixin.py:188} INFO - [2024-05-08T03:34:07.688+0000] {dag.py:3096} INFO - Sync 1 DAGs
[2024-05-08T03:34:07.743+0000] {logging_mixin.py:188} INFO - [2024-05-08T03:34:07.742+0000] {dag.py:3954} INFO - Setting next_dagrun for tutorial_objectstorage to None, run_after=None
[2024-05-08T03:34:08.167+0000] {processor.py:183} INFO - Processing /home/airflow/.local/lib/python3.12/site-packages/airflow/example_dags/tutorial_objectstorage.py took 0.660 seconds
[2024-05-08T03:41:52.807+0000] {processor.py:161} INFO - Started process (PID=1025) to work on /home/airflow/.local/lib/python3.12/site-packages/airflow/example_dags/tutorial_objectstorage.py
[2024-05-08T03:41:52.810+0000] {processor.py:830} INFO - Processing file /home/airflow/.local/lib/python3.12/site-packages/airflow/example_dags/tutorial_objectstorage.py for tasks to queue
[2024-05-08T03:41:52.814+0000] {logging_mixin.py:188} INFO - [2024-05-08T03:41:52.813+0000] {dagbag.py:540} INFO - Filling up the DagBag from /home/airflow/.local/lib/python3.12/site-packages/airflow/example_dags/tutorial_objectstorage.py
[2024-05-08T03:41:52.833+0000] {processor.py:840} INFO - DAG(s) 'tutorial_objectstorage' retrieved from /home/airflow/.local/lib/python3.12/site-packages/airflow/example_dags/tutorial_objectstorage.py
[2024-05-08T03:41:52.942+0000] {logging_mixin.py:188} INFO - [2024-05-08T03:41:52.942+0000] {dag.py:3096} INFO - Sync 1 DAGs
[2024-05-08T03:41:52.983+0000] {logging_mixin.py:188} INFO - [2024-05-08T03:41:52.982+0000] {dag.py:3954} INFO - Setting next_dagrun for tutorial_objectstorage to None, run_after=None
[2024-05-08T03:41:53.047+0000] {processor.py:183} INFO - Processing /home/airflow/.local/lib/python3.12/site-packages/airflow/example_dags/tutorial_objectstorage.py took 0.257 seconds
[2024-05-08T03:42:25.258+0000] {processor.py:161} INFO - Started process (PID=1086) to work on /home/airflow/.local/lib/python3.12/site-packages/airflow/example_dags/tutorial_objectstorage.py
[2024-05-08T03:42:25.260+0000] {processor.py:830} INFO - Processing file /home/airflow/.local/lib/python3.12/site-packages/airflow/example_dags/tutorial_objectstorage.py for tasks to queue
[2024-05-08T03:42:25.262+0000] {logging_mixin.py:188} INFO - [2024-05-08T03:42:25.261+0000] {dagbag.py:540} INFO - Filling up the DagBag from /home/airflow/.local/lib/python3.12/site-packages/airflow/example_dags/tutorial_objectstorage.py
[2024-05-08T03:42:25.276+0000] {processor.py:840} INFO - DAG(s) 'tutorial_objectstorage' retrieved from /home/airflow/.local/lib/python3.12/site-packages/airflow/example_dags/tutorial_objectstorage.py
[2024-05-08T03:42:25.308+0000] {logging_mixin.py:188} INFO - [2024-05-08T03:42:25.307+0000] {dag.py:3096} INFO - Sync 1 DAGs
[2024-05-08T03:42:25.327+0000] {logging_mixin.py:188} INFO - [2024-05-08T03:42:25.327+0000] {dag.py:3954} INFO - Setting next_dagrun for tutorial_objectstorage to None, run_after=None
[2024-05-08T03:42:25.449+0000] {processor.py:183} INFO - Processing /home/airflow/.local/lib/python3.12/site-packages/airflow/example_dags/tutorial_objectstorage.py took 0.207 seconds
