[2024-05-08T03:31:35.677+0000] {local_task_job_runner.py:120} INFO - ::group::Pre task execution logs
[2024-05-08T03:31:35.736+0000] {taskinstance.py:2073} INFO - Dependencies all met for dep_context=non-requeueable deps ti=<TaskInstance: emaildag.emailfunc scheduled__2024-05-07T00:00:00+00:00 [queued]>
[2024-05-08T03:31:35.757+0000] {taskinstance.py:2073} INFO - Dependencies all met for dep_context=requeueable deps ti=<TaskInstance: emaildag.emailfunc scheduled__2024-05-07T00:00:00+00:00 [queued]>
[2024-05-08T03:31:35.759+0000] {taskinstance.py:2303} INFO - Starting attempt 1 of 2
[2024-05-08T03:31:35.795+0000] {taskinstance.py:2327} INFO - Executing <Task(EmailOperator): emailfunc> on 2024-05-07 00:00:00+00:00
[2024-05-08T03:31:35.808+0000] {warnings.py:110} WARNING - /home/***/.local/lib/python3.12/site-packages/***/task/task_runner/standard_task_runner.py:61: DeprecationWarning: This process (pid=149) is multi-threaded, use of fork() may lead to deadlocks in the child.
  pid = os.fork()

[2024-05-08T03:31:35.810+0000] {standard_task_runner.py:63} INFO - Started process 151 to run task
[2024-05-08T03:31:35.811+0000] {standard_task_runner.py:90} INFO - Running: ['***', 'tasks', 'run', 'emaildag', 'emailfunc', 'scheduled__2024-05-07T00:00:00+00:00', '--job-id', '136', '--raw', '--subdir', 'DAGS_FOLDER/emaildag.py', '--cfg-path', '/tmp/tmpu9joycu_']
[2024-05-08T03:31:35.815+0000] {standard_task_runner.py:91} INFO - Job 136: Subtask emailfunc
[2024-05-08T03:31:35.915+0000] {task_command.py:426} INFO - Running <TaskInstance: emaildag.emailfunc scheduled__2024-05-07T00:00:00+00:00 [running]> on host e2bc3a9510f6
[2024-05-08T03:31:36.135+0000] {taskinstance.py:2644} INFO - Exporting env vars: AIRFLOW_CTX_DAG_EMAIL='kalyanad100@gmail.com' AIRFLOW_CTX_DAG_OWNER='***' AIRFLOW_CTX_DAG_ID='emaildag' AIRFLOW_CTX_TASK_ID='emailfunc' AIRFLOW_CTX_EXECUTION_DATE='2024-05-07T00:00:00+00:00' AIRFLOW_CTX_TRY_NUMBER='1' AIRFLOW_CTX_DAG_RUN_ID='scheduled__2024-05-07T00:00:00+00:00'
[2024-05-08T03:31:36.139+0000] {taskinstance.py:430} INFO - ::endgroup::
[2024-05-08T03:31:36.155+0000] {warnings.py:110} WARNING - /home/***/.local/lib/python3.12/site-packages/***/utils/email.py:154: RemovedInAirflow3Warning: Fetching SMTP credentials from configuration variables will be deprecated in a future release. Please set credentials using a connection instead.
  send_mime_email(e_from=mail_from, e_to=recipients, mime_msg=msg, conn_id=conn_id, dryrun=dryrun)

[2024-05-08T03:31:36.157+0000] {email.py:271} INFO - Email alerting: attempt 1
[2024-05-08T03:31:38.689+0000] {email.py:282} INFO - Sent an alert email to ['kalyanad100@gmail.com']
[2024-05-08T03:31:39.685+0000] {taskinstance.py:441} INFO - ::group::Post task execution logs
[2024-05-08T03:31:39.715+0000] {taskinstance.py:1205} INFO - Marking task as SUCCESS. dag_id=emaildag, task_id=emailfunc, execution_date=20240507T000000, start_date=20240508T033135, end_date=20240508T033139
[2024-05-08T03:31:39.772+0000] {local_task_job_runner.py:240} INFO - Task exited with return code 0
[2024-05-08T03:31:39.812+0000] {taskinstance.py:3482} INFO - 0 downstream tasks scheduled from follow-on schedule check
[2024-05-08T03:31:39.816+0000] {local_task_job_runner.py:222} INFO - ::endgroup::
