[2024-05-08T04:31:11.632+0000] {local_task_job_runner.py:120} INFO - ::group::Pre task execution logs
[2024-05-08T04:31:11.673+0000] {taskinstance.py:2073} INFO - Dependencies all met for dep_context=non-requeueable deps ti=<TaskInstance: mysql_table_dump.mysql_table_dump_task manual__2024-05-08T04:31:10.588331+00:00 [queued]>
[2024-05-08T04:31:11.686+0000] {taskinstance.py:2073} INFO - Dependencies all met for dep_context=requeueable deps ti=<TaskInstance: mysql_table_dump.mysql_table_dump_task manual__2024-05-08T04:31:10.588331+00:00 [queued]>
[2024-05-08T04:31:11.687+0000] {taskinstance.py:2303} INFO - Starting attempt 1 of 1
[2024-05-08T04:31:11.705+0000] {taskinstance.py:2327} INFO - Executing <Task(BashOperator): mysql_table_dump_task> on 2024-05-08 04:31:10.588331+00:00
[2024-05-08T04:31:11.715+0000] {standard_task_runner.py:90} INFO - Running: ['***', 'tasks', 'run', 'mysql_table_dump', 'mysql_table_dump_task', 'manual__2024-05-08T04:31:10.588331+00:00', '--job-id', '6', '--raw', '--subdir', 'DAGS_FOLDER/dump_load_dag.py', '--cfg-path', '/tmp/tmpfuonq8h9']
[2024-05-08T04:31:11.718+0000] {standard_task_runner.py:91} INFO - Job 6: Subtask mysql_table_dump_task
[2024-05-08T04:31:11.719+0000] {logging_mixin.py:188} WARNING - /home/***/.local/lib/python3.12/site-packages/***/task/task_runner/standard_task_runner.py:61 DeprecationWarning: This process (pid=576) is multi-threaded, use of fork() may lead to deadlocks in the child.
[2024-05-08T04:31:11.720+0000] {standard_task_runner.py:63} INFO - Started process 577 to run task
[2024-05-08T04:31:11.771+0000] {task_command.py:426} INFO - Running <TaskInstance: mysql_table_dump.mysql_table_dump_task manual__2024-05-08T04:31:10.588331+00:00 [running]> on host 60e0adda864f
[2024-05-08T04:31:11.885+0000] {taskinstance.py:2644} INFO - Exporting env vars: AIRFLOW_CTX_DAG_OWNER='***' AIRFLOW_CTX_DAG_ID='mysql_table_dump' AIRFLOW_CTX_TASK_ID='mysql_table_dump_task' AIRFLOW_CTX_EXECUTION_DATE='2024-05-08T04:31:10.588331+00:00' AIRFLOW_CTX_TRY_NUMBER='1' AIRFLOW_CTX_DAG_RUN_ID='manual__2024-05-08T04:31:10.588331+00:00'
[2024-05-08T04:31:11.886+0000] {taskinstance.py:430} INFO - ::endgroup::
[2024-05-08T04:31:11.903+0000] {subprocess.py:63} INFO - Tmp dir root location: /tmp
[2024-05-08T04:31:11.906+0000] {subprocess.py:75} INFO - Running command: ['/usr/bin/bash', '-c', 'mysqldump -u root -p1234 -h host.docker.internal -P 3306 movie actors > /opt/***/dags/dump_file.sql 2>/opt/***/dags/dump_error.log']
[2024-05-08T04:31:11.916+0000] {subprocess.py:86} INFO - Output:
[2024-05-08T04:31:12.128+0000] {subprocess.py:97} INFO - Command exited with return code 0
[2024-05-08T04:31:12.130+0000] {taskinstance.py:441} INFO - ::group::Post task execution logs
[2024-05-08T04:31:12.157+0000] {taskinstance.py:1205} INFO - Marking task as SUCCESS. dag_id=mysql_table_dump, task_id=mysql_table_dump_task, execution_date=20240508T043110, start_date=20240508T043111, end_date=20240508T043112
[2024-05-08T04:31:12.217+0000] {local_task_job_runner.py:240} INFO - Task exited with return code 0
[2024-05-08T04:31:12.233+0000] {taskinstance.py:3482} INFO - 0 downstream tasks scheduled from follow-on schedule check
[2024-05-08T04:31:12.237+0000] {local_task_job_runner.py:222} INFO - ::endgroup::
