[2024-05-26T03:45:50.588+0000] {processor.py:161} INFO - Started process (PID=53) to work on /home/airflow/.local/lib/python3.12/site-packages/airflow/example_dags/example_external_task_marker_dag.py
[2024-05-26T03:45:50.599+0000] {processor.py:830} INFO - Processing file /home/airflow/.local/lib/python3.12/site-packages/airflow/example_dags/example_external_task_marker_dag.py for tasks to queue
[2024-05-26T03:45:50.605+0000] {logging_mixin.py:188} INFO - [2024-05-26T03:45:50.604+0000] {dagbag.py:545} INFO - Filling up the DagBag from /home/airflow/.local/lib/python3.12/site-packages/airflow/example_dags/example_external_task_marker_dag.py
[2024-05-26T03:45:50.658+0000] {processor.py:840} INFO - DAG(s) 'example_external_task_marker_parent', 'example_external_task_marker_child' retrieved from /home/airflow/.local/lib/python3.12/site-packages/airflow/example_dags/example_external_task_marker_dag.py
[2024-05-26T03:45:50.796+0000] {logging_mixin.py:188} INFO - [2024-05-26T03:45:50.795+0000] {dag.py:3096} INFO - Sync 2 DAGs
[2024-05-26T03:45:50.855+0000] {logging_mixin.py:188} INFO - [2024-05-26T03:45:50.854+0000] {dag.py:3954} INFO - Setting next_dagrun for example_external_task_marker_child to None, run_after=None
[2024-05-26T03:45:50.870+0000] {logging_mixin.py:188} INFO - [2024-05-26T03:45:50.869+0000] {dag.py:3954} INFO - Setting next_dagrun for example_external_task_marker_parent to None, run_after=None
[2024-05-26T03:45:50.954+0000] {processor.py:183} INFO - Processing /home/airflow/.local/lib/python3.12/site-packages/airflow/example_dags/example_external_task_marker_dag.py took 0.397 seconds
[2024-05-26T03:46:22.992+0000] {processor.py:161} INFO - Started process (PID=111) to work on /home/airflow/.local/lib/python3.12/site-packages/airflow/example_dags/example_external_task_marker_dag.py
[2024-05-26T03:46:23.060+0000] {processor.py:830} INFO - Processing file /home/airflow/.local/lib/python3.12/site-packages/airflow/example_dags/example_external_task_marker_dag.py for tasks to queue
[2024-05-26T03:46:23.069+0000] {logging_mixin.py:188} INFO - [2024-05-26T03:46:23.068+0000] {dagbag.py:545} INFO - Filling up the DagBag from /home/airflow/.local/lib/python3.12/site-packages/airflow/example_dags/example_external_task_marker_dag.py
[2024-05-26T03:46:23.090+0000] {processor.py:840} INFO - DAG(s) 'example_external_task_marker_parent', 'example_external_task_marker_child' retrieved from /home/airflow/.local/lib/python3.12/site-packages/airflow/example_dags/example_external_task_marker_dag.py
[2024-05-26T03:46:23.151+0000] {logging_mixin.py:188} INFO - [2024-05-26T03:46:23.150+0000] {dag.py:3096} INFO - Sync 2 DAGs
[2024-05-26T03:46:23.170+0000] {logging_mixin.py:188} INFO - [2024-05-26T03:46:23.170+0000] {dag.py:3954} INFO - Setting next_dagrun for example_external_task_marker_child to None, run_after=None
[2024-05-26T03:46:23.175+0000] {logging_mixin.py:188} INFO - [2024-05-26T03:46:23.175+0000] {dag.py:3954} INFO - Setting next_dagrun for example_external_task_marker_parent to None, run_after=None
[2024-05-26T03:46:23.363+0000] {processor.py:183} INFO - Processing /home/airflow/.local/lib/python3.12/site-packages/airflow/example_dags/example_external_task_marker_dag.py took 0.377 seconds
[2024-05-26T03:46:56.887+0000] {processor.py:161} INFO - Started process (PID=176) to work on /home/airflow/.local/lib/python3.12/site-packages/airflow/example_dags/example_external_task_marker_dag.py
[2024-05-26T03:46:56.890+0000] {processor.py:830} INFO - Processing file /home/airflow/.local/lib/python3.12/site-packages/airflow/example_dags/example_external_task_marker_dag.py for tasks to queue
[2024-05-26T03:46:56.895+0000] {logging_mixin.py:188} INFO - [2024-05-26T03:46:56.894+0000] {dagbag.py:545} INFO - Filling up the DagBag from /home/airflow/.local/lib/python3.12/site-packages/airflow/example_dags/example_external_task_marker_dag.py
[2024-05-26T03:46:56.938+0000] {processor.py:840} INFO - DAG(s) 'example_external_task_marker_parent', 'example_external_task_marker_child' retrieved from /home/airflow/.local/lib/python3.12/site-packages/airflow/example_dags/example_external_task_marker_dag.py
[2024-05-26T03:46:57.111+0000] {logging_mixin.py:188} INFO - [2024-05-26T03:46:57.110+0000] {dag.py:3096} INFO - Sync 2 DAGs
[2024-05-26T03:46:57.262+0000] {logging_mixin.py:188} INFO - [2024-05-26T03:46:57.261+0000] {dag.py:3954} INFO - Setting next_dagrun for example_external_task_marker_child to None, run_after=None
[2024-05-26T03:46:57.308+0000] {logging_mixin.py:188} INFO - [2024-05-26T03:46:57.307+0000] {dag.py:3954} INFO - Setting next_dagrun for example_external_task_marker_parent to None, run_after=None
[2024-05-26T03:46:57.422+0000] {processor.py:183} INFO - Processing /home/airflow/.local/lib/python3.12/site-packages/airflow/example_dags/example_external_task_marker_dag.py took 0.567 seconds
[2024-05-26T03:47:28.055+0000] {processor.py:161} INFO - Started process (PID=234) to work on /home/airflow/.local/lib/python3.12/site-packages/airflow/example_dags/example_external_task_marker_dag.py
[2024-05-26T03:47:28.058+0000] {processor.py:830} INFO - Processing file /home/airflow/.local/lib/python3.12/site-packages/airflow/example_dags/example_external_task_marker_dag.py for tasks to queue
[2024-05-26T03:47:28.063+0000] {logging_mixin.py:188} INFO - [2024-05-26T03:47:28.062+0000] {dagbag.py:545} INFO - Filling up the DagBag from /home/airflow/.local/lib/python3.12/site-packages/airflow/example_dags/example_external_task_marker_dag.py
[2024-05-26T03:47:28.081+0000] {processor.py:840} INFO - DAG(s) 'example_external_task_marker_child', 'example_external_task_marker_parent' retrieved from /home/airflow/.local/lib/python3.12/site-packages/airflow/example_dags/example_external_task_marker_dag.py
[2024-05-26T03:47:28.151+0000] {logging_mixin.py:188} INFO - [2024-05-26T03:47:28.151+0000] {dag.py:3096} INFO - Sync 2 DAGs
[2024-05-26T03:47:28.182+0000] {logging_mixin.py:188} INFO - [2024-05-26T03:47:28.182+0000] {dag.py:3954} INFO - Setting next_dagrun for example_external_task_marker_child to None, run_after=None
[2024-05-26T03:47:28.189+0000] {logging_mixin.py:188} INFO - [2024-05-26T03:47:28.188+0000] {dag.py:3954} INFO - Setting next_dagrun for example_external_task_marker_parent to None, run_after=None
[2024-05-26T03:47:28.227+0000] {processor.py:183} INFO - Processing /home/airflow/.local/lib/python3.12/site-packages/airflow/example_dags/example_external_task_marker_dag.py took 0.187 seconds
[2024-05-26T03:47:58.736+0000] {processor.py:161} INFO - Started process (PID=292) to work on /home/airflow/.local/lib/python3.12/site-packages/airflow/example_dags/example_external_task_marker_dag.py
[2024-05-26T03:47:58.737+0000] {processor.py:830} INFO - Processing file /home/airflow/.local/lib/python3.12/site-packages/airflow/example_dags/example_external_task_marker_dag.py for tasks to queue
[2024-05-26T03:47:58.740+0000] {logging_mixin.py:188} INFO - [2024-05-26T03:47:58.739+0000] {dagbag.py:545} INFO - Filling up the DagBag from /home/airflow/.local/lib/python3.12/site-packages/airflow/example_dags/example_external_task_marker_dag.py
[2024-05-26T03:47:58.748+0000] {processor.py:840} INFO - DAG(s) 'example_external_task_marker_parent', 'example_external_task_marker_child' retrieved from /home/airflow/.local/lib/python3.12/site-packages/airflow/example_dags/example_external_task_marker_dag.py
[2024-05-26T03:47:58.783+0000] {logging_mixin.py:188} INFO - [2024-05-26T03:47:58.782+0000] {dag.py:3096} INFO - Sync 2 DAGs
[2024-05-26T03:47:58.800+0000] {logging_mixin.py:188} INFO - [2024-05-26T03:47:58.800+0000] {dag.py:3954} INFO - Setting next_dagrun for example_external_task_marker_child to None, run_after=None
[2024-05-26T03:47:58.806+0000] {logging_mixin.py:188} INFO - [2024-05-26T03:47:58.806+0000] {dag.py:3954} INFO - Setting next_dagrun for example_external_task_marker_parent to None, run_after=None
[2024-05-26T03:47:58.835+0000] {processor.py:183} INFO - Processing /home/airflow/.local/lib/python3.12/site-packages/airflow/example_dags/example_external_task_marker_dag.py took 0.106 seconds
[2024-05-26T03:48:30.203+0000] {processor.py:161} INFO - Started process (PID=350) to work on /home/airflow/.local/lib/python3.12/site-packages/airflow/example_dags/example_external_task_marker_dag.py
[2024-05-26T03:48:30.214+0000] {processor.py:830} INFO - Processing file /home/airflow/.local/lib/python3.12/site-packages/airflow/example_dags/example_external_task_marker_dag.py for tasks to queue
[2024-05-26T03:48:30.220+0000] {logging_mixin.py:188} INFO - [2024-05-26T03:48:30.219+0000] {dagbag.py:545} INFO - Filling up the DagBag from /home/airflow/.local/lib/python3.12/site-packages/airflow/example_dags/example_external_task_marker_dag.py
[2024-05-26T03:48:30.245+0000] {processor.py:840} INFO - DAG(s) 'example_external_task_marker_child', 'example_external_task_marker_parent' retrieved from /home/airflow/.local/lib/python3.12/site-packages/airflow/example_dags/example_external_task_marker_dag.py
[2024-05-26T03:48:30.347+0000] {logging_mixin.py:188} INFO - [2024-05-26T03:48:30.346+0000] {dag.py:3096} INFO - Sync 2 DAGs
[2024-05-26T03:48:30.409+0000] {logging_mixin.py:188} INFO - [2024-05-26T03:48:30.402+0000] {dag.py:3954} INFO - Setting next_dagrun for example_external_task_marker_child to None, run_after=None
[2024-05-26T03:48:30.422+0000] {logging_mixin.py:188} INFO - [2024-05-26T03:48:30.421+0000] {dag.py:3954} INFO - Setting next_dagrun for example_external_task_marker_parent to None, run_after=None
[2024-05-26T03:48:30.478+0000] {processor.py:183} INFO - Processing /home/airflow/.local/lib/python3.12/site-packages/airflow/example_dags/example_external_task_marker_dag.py took 0.296 seconds
[2024-05-26T03:49:01.384+0000] {processor.py:161} INFO - Started process (PID=408) to work on /home/airflow/.local/lib/python3.12/site-packages/airflow/example_dags/example_external_task_marker_dag.py
[2024-05-26T03:49:01.400+0000] {processor.py:830} INFO - Processing file /home/airflow/.local/lib/python3.12/site-packages/airflow/example_dags/example_external_task_marker_dag.py for tasks to queue
[2024-05-26T03:49:01.408+0000] {logging_mixin.py:188} INFO - [2024-05-26T03:49:01.407+0000] {dagbag.py:545} INFO - Filling up the DagBag from /home/airflow/.local/lib/python3.12/site-packages/airflow/example_dags/example_external_task_marker_dag.py
[2024-05-26T03:49:01.432+0000] {processor.py:840} INFO - DAG(s) 'example_external_task_marker_child', 'example_external_task_marker_parent' retrieved from /home/airflow/.local/lib/python3.12/site-packages/airflow/example_dags/example_external_task_marker_dag.py
[2024-05-26T03:49:01.550+0000] {logging_mixin.py:188} INFO - [2024-05-26T03:49:01.547+0000] {dag.py:3096} INFO - Sync 2 DAGs
[2024-05-26T03:49:01.620+0000] {logging_mixin.py:188} INFO - [2024-05-26T03:49:01.620+0000] {dag.py:3954} INFO - Setting next_dagrun for example_external_task_marker_child to None, run_after=None
[2024-05-26T03:49:01.628+0000] {logging_mixin.py:188} INFO - [2024-05-26T03:49:01.627+0000] {dag.py:3954} INFO - Setting next_dagrun for example_external_task_marker_parent to None, run_after=None
[2024-05-26T03:49:01.863+0000] {processor.py:183} INFO - Processing /home/airflow/.local/lib/python3.12/site-packages/airflow/example_dags/example_external_task_marker_dag.py took 0.514 seconds
[2024-05-26T03:49:34.788+0000] {processor.py:161} INFO - Started process (PID=466) to work on /home/airflow/.local/lib/python3.12/site-packages/airflow/example_dags/example_external_task_marker_dag.py
[2024-05-26T03:49:34.802+0000] {processor.py:830} INFO - Processing file /home/airflow/.local/lib/python3.12/site-packages/airflow/example_dags/example_external_task_marker_dag.py for tasks to queue
[2024-05-26T03:49:34.805+0000] {logging_mixin.py:188} INFO - [2024-05-26T03:49:34.805+0000] {dagbag.py:545} INFO - Filling up the DagBag from /home/airflow/.local/lib/python3.12/site-packages/airflow/example_dags/example_external_task_marker_dag.py
[2024-05-26T03:49:34.814+0000] {processor.py:840} INFO - DAG(s) 'example_external_task_marker_child', 'example_external_task_marker_parent' retrieved from /home/airflow/.local/lib/python3.12/site-packages/airflow/example_dags/example_external_task_marker_dag.py
[2024-05-26T03:49:34.849+0000] {logging_mixin.py:188} INFO - [2024-05-26T03:49:34.849+0000] {dag.py:3096} INFO - Sync 2 DAGs
[2024-05-26T03:49:34.889+0000] {logging_mixin.py:188} INFO - [2024-05-26T03:49:34.888+0000] {dag.py:3954} INFO - Setting next_dagrun for example_external_task_marker_child to None, run_after=None
[2024-05-26T03:49:34.910+0000] {logging_mixin.py:188} INFO - [2024-05-26T03:49:34.909+0000] {dag.py:3954} INFO - Setting next_dagrun for example_external_task_marker_parent to None, run_after=None
[2024-05-26T03:49:35.440+0000] {processor.py:183} INFO - Processing /home/airflow/.local/lib/python3.12/site-packages/airflow/example_dags/example_external_task_marker_dag.py took 0.661 seconds
