[2024-05-26T03:45:47.168+0000] {processor.py:161} INFO - Started process (PID=43) to work on /home/airflow/.local/lib/python3.12/site-packages/airflow/example_dags/example_datasets.py
[2024-05-26T03:45:47.170+0000] {processor.py:830} INFO - Processing file /home/airflow/.local/lib/python3.12/site-packages/airflow/example_dags/example_datasets.py for tasks to queue
[2024-05-26T03:45:47.175+0000] {logging_mixin.py:188} INFO - [2024-05-26T03:45:47.174+0000] {dagbag.py:545} INFO - Filling up the DagBag from /home/airflow/.local/lib/python3.12/site-packages/airflow/example_dags/example_datasets.py
[2024-05-26T03:45:47.273+0000] {processor.py:840} INFO - DAG(s) 'dataset_produces_2', 'consume_1_or_both_2_and_3_with_dataset_expressions', 'consume_1_and_2_with_dataset_expressions', 'dataset_consumes_1_and_2', 'dataset_consumes_1', 'dataset_consumes_unknown_never_scheduled', 'consume_1_or_2_with_dataset_expressions', 'dataset_consumes_1_never_scheduled', 'dataset_produces_1', 'conditional_dataset_and_time_based_timetable' retrieved from /home/airflow/.local/lib/python3.12/site-packages/airflow/example_dags/example_datasets.py
[2024-05-26T03:45:47.538+0000] {logging_mixin.py:188} INFO - [2024-05-26T03:45:47.538+0000] {dag.py:3096} INFO - Sync 10 DAGs
[2024-05-26T03:45:47.699+0000] {logging_mixin.py:188} INFO - [2024-05-26T03:45:47.699+0000] {dag.py:3954} INFO - Setting next_dagrun for conditional_dataset_and_time_based_timetable to 2024-05-22 01:00:00+00:00, run_after=2024-05-22 01:00:00+00:00
[2024-05-26T03:45:47.723+0000] {logging_mixin.py:188} INFO - [2024-05-26T03:45:47.722+0000] {dag.py:3954} INFO - Setting next_dagrun for consume_1_and_2_with_dataset_expressions to None, run_after=None
[2024-05-26T03:45:47.729+0000] {logging_mixin.py:188} INFO - [2024-05-26T03:45:47.728+0000] {dag.py:3954} INFO - Setting next_dagrun for consume_1_or_2_with_dataset_expressions to None, run_after=None
[2024-05-26T03:45:47.741+0000] {logging_mixin.py:188} INFO - [2024-05-26T03:45:47.740+0000] {dag.py:3954} INFO - Setting next_dagrun for consume_1_or_both_2_and_3_with_dataset_expressions to None, run_after=None
[2024-05-26T03:45:47.747+0000] {logging_mixin.py:188} INFO - [2024-05-26T03:45:47.746+0000] {dag.py:3954} INFO - Setting next_dagrun for dataset_consumes_1 to None, run_after=None
[2024-05-26T03:45:47.761+0000] {logging_mixin.py:188} INFO - [2024-05-26T03:45:47.761+0000] {dag.py:3954} INFO - Setting next_dagrun for dataset_consumes_1_and_2 to None, run_after=None
[2024-05-26T03:45:47.766+0000] {logging_mixin.py:188} INFO - [2024-05-26T03:45:47.765+0000] {dag.py:3954} INFO - Setting next_dagrun for dataset_consumes_1_never_scheduled to None, run_after=None
[2024-05-26T03:45:47.773+0000] {logging_mixin.py:188} INFO - [2024-05-26T03:45:47.770+0000] {dag.py:3954} INFO - Setting next_dagrun for dataset_consumes_unknown_never_scheduled to None, run_after=None
[2024-05-26T03:45:47.788+0000] {logging_mixin.py:188} INFO - [2024-05-26T03:45:47.788+0000] {dag.py:3954} INFO - Setting next_dagrun for dataset_produces_1 to 2024-05-25 00:00:00+00:00, run_after=2024-05-26 00:00:00+00:00
[2024-05-26T03:45:47.797+0000] {logging_mixin.py:188} INFO - [2024-05-26T03:45:47.796+0000] {dag.py:3954} INFO - Setting next_dagrun for dataset_produces_2 to None, run_after=None
[2024-05-26T03:45:48.028+0000] {processor.py:183} INFO - Processing /home/airflow/.local/lib/python3.12/site-packages/airflow/example_dags/example_datasets.py took 0.908 seconds
[2024-05-26T03:46:18.272+0000] {processor.py:161} INFO - Started process (PID=102) to work on /home/airflow/.local/lib/python3.12/site-packages/airflow/example_dags/example_datasets.py
[2024-05-26T03:46:18.274+0000] {processor.py:830} INFO - Processing file /home/airflow/.local/lib/python3.12/site-packages/airflow/example_dags/example_datasets.py for tasks to queue
[2024-05-26T03:46:18.278+0000] {logging_mixin.py:188} INFO - [2024-05-26T03:46:18.278+0000] {dagbag.py:545} INFO - Filling up the DagBag from /home/airflow/.local/lib/python3.12/site-packages/airflow/example_dags/example_datasets.py
[2024-05-26T03:46:18.316+0000] {processor.py:840} INFO - DAG(s) 'dataset_produces_2', 'consume_1_or_2_with_dataset_expressions', 'dataset_consumes_1', 'consume_1_and_2_with_dataset_expressions', 'conditional_dataset_and_time_based_timetable', 'dataset_consumes_1_and_2', 'dataset_consumes_unknown_never_scheduled', 'consume_1_or_both_2_and_3_with_dataset_expressions', 'dataset_produces_1', 'dataset_consumes_1_never_scheduled' retrieved from /home/airflow/.local/lib/python3.12/site-packages/airflow/example_dags/example_datasets.py
[2024-05-26T03:46:18.429+0000] {logging_mixin.py:188} INFO - [2024-05-26T03:46:18.428+0000] {dag.py:3096} INFO - Sync 10 DAGs
[2024-05-26T03:46:18.473+0000] {logging_mixin.py:188} INFO - [2024-05-26T03:46:18.473+0000] {dag.py:3954} INFO - Setting next_dagrun for conditional_dataset_and_time_based_timetable to 2024-05-22 01:00:00+00:00, run_after=2024-05-22 01:00:00+00:00
[2024-05-26T03:46:18.483+0000] {logging_mixin.py:188} INFO - [2024-05-26T03:46:18.483+0000] {dag.py:3954} INFO - Setting next_dagrun for consume_1_and_2_with_dataset_expressions to None, run_after=None
[2024-05-26T03:46:18.488+0000] {logging_mixin.py:188} INFO - [2024-05-26T03:46:18.488+0000] {dag.py:3954} INFO - Setting next_dagrun for consume_1_or_2_with_dataset_expressions to None, run_after=None
[2024-05-26T03:46:18.491+0000] {logging_mixin.py:188} INFO - [2024-05-26T03:46:18.491+0000] {dag.py:3954} INFO - Setting next_dagrun for consume_1_or_both_2_and_3_with_dataset_expressions to None, run_after=None
[2024-05-26T03:46:18.495+0000] {logging_mixin.py:188} INFO - [2024-05-26T03:46:18.494+0000] {dag.py:3954} INFO - Setting next_dagrun for dataset_consumes_1 to None, run_after=None
[2024-05-26T03:46:18.498+0000] {logging_mixin.py:188} INFO - [2024-05-26T03:46:18.498+0000] {dag.py:3954} INFO - Setting next_dagrun for dataset_consumes_1_and_2 to None, run_after=None
[2024-05-26T03:46:18.501+0000] {logging_mixin.py:188} INFO - [2024-05-26T03:46:18.501+0000] {dag.py:3954} INFO - Setting next_dagrun for dataset_consumes_1_never_scheduled to None, run_after=None
[2024-05-26T03:46:18.503+0000] {logging_mixin.py:188} INFO - [2024-05-26T03:46:18.503+0000] {dag.py:3954} INFO - Setting next_dagrun for dataset_consumes_unknown_never_scheduled to None, run_after=None
[2024-05-26T03:46:18.512+0000] {logging_mixin.py:188} INFO - [2024-05-26T03:46:18.511+0000] {dag.py:3954} INFO - Setting next_dagrun for dataset_produces_1 to 2024-05-25 00:00:00+00:00, run_after=2024-05-26 00:00:00+00:00
[2024-05-26T03:46:18.515+0000] {logging_mixin.py:188} INFO - [2024-05-26T03:46:18.514+0000] {dag.py:3954} INFO - Setting next_dagrun for dataset_produces_2 to None, run_after=None
[2024-05-26T03:46:18.714+0000] {processor.py:183} INFO - Processing /home/airflow/.local/lib/python3.12/site-packages/airflow/example_dags/example_datasets.py took 0.449 seconds
[2024-05-26T03:46:48.898+0000] {processor.py:161} INFO - Started process (PID=160) to work on /home/airflow/.local/lib/python3.12/site-packages/airflow/example_dags/example_datasets.py
[2024-05-26T03:46:48.914+0000] {processor.py:830} INFO - Processing file /home/airflow/.local/lib/python3.12/site-packages/airflow/example_dags/example_datasets.py for tasks to queue
[2024-05-26T03:46:48.925+0000] {logging_mixin.py:188} INFO - [2024-05-26T03:46:48.919+0000] {dagbag.py:545} INFO - Filling up the DagBag from /home/airflow/.local/lib/python3.12/site-packages/airflow/example_dags/example_datasets.py
[2024-05-26T03:46:49.041+0000] {processor.py:840} INFO - DAG(s) 'consume_1_and_2_with_dataset_expressions', 'dataset_produces_2', 'dataset_consumes_1_never_scheduled', 'conditional_dataset_and_time_based_timetable', 'dataset_consumes_unknown_never_scheduled', 'consume_1_or_2_with_dataset_expressions', 'consume_1_or_both_2_and_3_with_dataset_expressions', 'dataset_consumes_1_and_2', 'dataset_consumes_1', 'dataset_produces_1' retrieved from /home/airflow/.local/lib/python3.12/site-packages/airflow/example_dags/example_datasets.py
[2024-05-26T03:46:49.268+0000] {logging_mixin.py:188} INFO - [2024-05-26T03:46:49.266+0000] {dag.py:3096} INFO - Sync 10 DAGs
[2024-05-26T03:46:49.423+0000] {logging_mixin.py:188} INFO - [2024-05-26T03:46:49.422+0000] {dag.py:3954} INFO - Setting next_dagrun for conditional_dataset_and_time_based_timetable to 2024-05-22 01:00:00+00:00, run_after=2024-05-22 01:00:00+00:00
[2024-05-26T03:46:49.446+0000] {logging_mixin.py:188} INFO - [2024-05-26T03:46:49.445+0000] {dag.py:3954} INFO - Setting next_dagrun for consume_1_and_2_with_dataset_expressions to None, run_after=None
[2024-05-26T03:46:49.451+0000] {logging_mixin.py:188} INFO - [2024-05-26T03:46:49.451+0000] {dag.py:3954} INFO - Setting next_dagrun for consume_1_or_2_with_dataset_expressions to None, run_after=None
[2024-05-26T03:46:49.458+0000] {logging_mixin.py:188} INFO - [2024-05-26T03:46:49.457+0000] {dag.py:3954} INFO - Setting next_dagrun for consume_1_or_both_2_and_3_with_dataset_expressions to None, run_after=None
[2024-05-26T03:46:49.463+0000] {logging_mixin.py:188} INFO - [2024-05-26T03:46:49.462+0000] {dag.py:3954} INFO - Setting next_dagrun for dataset_consumes_1 to None, run_after=None
[2024-05-26T03:46:49.467+0000] {logging_mixin.py:188} INFO - [2024-05-26T03:46:49.467+0000] {dag.py:3954} INFO - Setting next_dagrun for dataset_consumes_1_and_2 to None, run_after=None
[2024-05-26T03:46:49.480+0000] {logging_mixin.py:188} INFO - [2024-05-26T03:46:49.477+0000] {dag.py:3954} INFO - Setting next_dagrun for dataset_consumes_1_never_scheduled to None, run_after=None
[2024-05-26T03:46:49.489+0000] {logging_mixin.py:188} INFO - [2024-05-26T03:46:49.488+0000] {dag.py:3954} INFO - Setting next_dagrun for dataset_consumes_unknown_never_scheduled to None, run_after=None
[2024-05-26T03:46:49.503+0000] {logging_mixin.py:188} INFO - [2024-05-26T03:46:49.503+0000] {dag.py:3954} INFO - Setting next_dagrun for dataset_produces_1 to 2024-05-25 00:00:00+00:00, run_after=2024-05-26 00:00:00+00:00
[2024-05-26T03:46:49.513+0000] {logging_mixin.py:188} INFO - [2024-05-26T03:46:49.512+0000] {dag.py:3954} INFO - Setting next_dagrun for dataset_produces_2 to None, run_after=None
[2024-05-26T03:46:49.739+0000] {processor.py:183} INFO - Processing /home/airflow/.local/lib/python3.12/site-packages/airflow/example_dags/example_datasets.py took 0.864 seconds
[2024-05-26T03:47:19.906+0000] {processor.py:161} INFO - Started process (PID=219) to work on /home/airflow/.local/lib/python3.12/site-packages/airflow/example_dags/example_datasets.py
[2024-05-26T03:47:19.908+0000] {processor.py:830} INFO - Processing file /home/airflow/.local/lib/python3.12/site-packages/airflow/example_dags/example_datasets.py for tasks to queue
[2024-05-26T03:47:19.911+0000] {logging_mixin.py:188} INFO - [2024-05-26T03:47:19.910+0000] {dagbag.py:545} INFO - Filling up the DagBag from /home/airflow/.local/lib/python3.12/site-packages/airflow/example_dags/example_datasets.py
[2024-05-26T03:47:19.931+0000] {processor.py:840} INFO - DAG(s) 'consume_1_or_2_with_dataset_expressions', 'conditional_dataset_and_time_based_timetable', 'dataset_produces_2', 'dataset_consumes_1', 'dataset_consumes_1_never_scheduled', 'dataset_consumes_unknown_never_scheduled', 'consume_1_and_2_with_dataset_expressions', 'dataset_consumes_1_and_2', 'consume_1_or_both_2_and_3_with_dataset_expressions', 'dataset_produces_1' retrieved from /home/airflow/.local/lib/python3.12/site-packages/airflow/example_dags/example_datasets.py
[2024-05-26T03:47:20.016+0000] {logging_mixin.py:188} INFO - [2024-05-26T03:47:20.016+0000] {dag.py:3096} INFO - Sync 10 DAGs
[2024-05-26T03:47:20.054+0000] {logging_mixin.py:188} INFO - [2024-05-26T03:47:20.053+0000] {dag.py:3954} INFO - Setting next_dagrun for conditional_dataset_and_time_based_timetable to 2024-05-22 01:00:00+00:00, run_after=2024-05-22 01:00:00+00:00
[2024-05-26T03:47:20.064+0000] {logging_mixin.py:188} INFO - [2024-05-26T03:47:20.063+0000] {dag.py:3954} INFO - Setting next_dagrun for consume_1_and_2_with_dataset_expressions to None, run_after=None
[2024-05-26T03:47:20.066+0000] {logging_mixin.py:188} INFO - [2024-05-26T03:47:20.066+0000] {dag.py:3954} INFO - Setting next_dagrun for consume_1_or_2_with_dataset_expressions to None, run_after=None
[2024-05-26T03:47:20.069+0000] {logging_mixin.py:188} INFO - [2024-05-26T03:47:20.069+0000] {dag.py:3954} INFO - Setting next_dagrun for consume_1_or_both_2_and_3_with_dataset_expressions to None, run_after=None
[2024-05-26T03:47:20.072+0000] {logging_mixin.py:188} INFO - [2024-05-26T03:47:20.071+0000] {dag.py:3954} INFO - Setting next_dagrun for dataset_consumes_1 to None, run_after=None
[2024-05-26T03:47:20.075+0000] {logging_mixin.py:188} INFO - [2024-05-26T03:47:20.075+0000] {dag.py:3954} INFO - Setting next_dagrun for dataset_consumes_1_and_2 to None, run_after=None
[2024-05-26T03:47:20.078+0000] {logging_mixin.py:188} INFO - [2024-05-26T03:47:20.078+0000] {dag.py:3954} INFO - Setting next_dagrun for dataset_consumes_1_never_scheduled to None, run_after=None
[2024-05-26T03:47:20.080+0000] {logging_mixin.py:188} INFO - [2024-05-26T03:47:20.080+0000] {dag.py:3954} INFO - Setting next_dagrun for dataset_consumes_unknown_never_scheduled to None, run_after=None
[2024-05-26T03:47:20.086+0000] {logging_mixin.py:188} INFO - [2024-05-26T03:47:20.085+0000] {dag.py:3954} INFO - Setting next_dagrun for dataset_produces_1 to 2024-05-25 00:00:00+00:00, run_after=2024-05-26 00:00:00+00:00
[2024-05-26T03:47:20.090+0000] {logging_mixin.py:188} INFO - [2024-05-26T03:47:20.089+0000] {dag.py:3954} INFO - Setting next_dagrun for dataset_produces_2 to None, run_after=None
[2024-05-26T03:47:20.131+0000] {processor.py:183} INFO - Processing /home/airflow/.local/lib/python3.12/site-packages/airflow/example_dags/example_datasets.py took 0.233 seconds
[2024-05-26T03:47:50.224+0000] {processor.py:161} INFO - Started process (PID=276) to work on /home/airflow/.local/lib/python3.12/site-packages/airflow/example_dags/example_datasets.py
[2024-05-26T03:47:50.226+0000] {processor.py:830} INFO - Processing file /home/airflow/.local/lib/python3.12/site-packages/airflow/example_dags/example_datasets.py for tasks to queue
[2024-05-26T03:47:50.230+0000] {logging_mixin.py:188} INFO - [2024-05-26T03:47:50.228+0000] {dagbag.py:545} INFO - Filling up the DagBag from /home/airflow/.local/lib/python3.12/site-packages/airflow/example_dags/example_datasets.py
[2024-05-26T03:47:50.252+0000] {processor.py:840} INFO - DAG(s) 'dataset_consumes_unknown_never_scheduled', 'consume_1_or_both_2_and_3_with_dataset_expressions', 'consume_1_and_2_with_dataset_expressions', 'dataset_consumes_1_and_2', 'conditional_dataset_and_time_based_timetable', 'dataset_produces_2', 'dataset_consumes_1', 'dataset_produces_1', 'consume_1_or_2_with_dataset_expressions', 'dataset_consumes_1_never_scheduled' retrieved from /home/airflow/.local/lib/python3.12/site-packages/airflow/example_dags/example_datasets.py
[2024-05-26T03:47:50.320+0000] {logging_mixin.py:188} INFO - [2024-05-26T03:47:50.320+0000] {dag.py:3096} INFO - Sync 10 DAGs
[2024-05-26T03:47:50.361+0000] {logging_mixin.py:188} INFO - [2024-05-26T03:47:50.361+0000] {dag.py:3954} INFO - Setting next_dagrun for conditional_dataset_and_time_based_timetable to 2024-05-22 01:00:00+00:00, run_after=2024-05-22 01:00:00+00:00
[2024-05-26T03:47:50.367+0000] {logging_mixin.py:188} INFO - [2024-05-26T03:47:50.367+0000] {dag.py:3954} INFO - Setting next_dagrun for consume_1_and_2_with_dataset_expressions to None, run_after=None
[2024-05-26T03:47:50.370+0000] {logging_mixin.py:188} INFO - [2024-05-26T03:47:50.369+0000] {dag.py:3954} INFO - Setting next_dagrun for consume_1_or_2_with_dataset_expressions to None, run_after=None
[2024-05-26T03:47:50.373+0000] {logging_mixin.py:188} INFO - [2024-05-26T03:47:50.373+0000] {dag.py:3954} INFO - Setting next_dagrun for consume_1_or_both_2_and_3_with_dataset_expressions to None, run_after=None
[2024-05-26T03:47:50.376+0000] {logging_mixin.py:188} INFO - [2024-05-26T03:47:50.376+0000] {dag.py:3954} INFO - Setting next_dagrun for dataset_consumes_1 to None, run_after=None
[2024-05-26T03:47:50.380+0000] {logging_mixin.py:188} INFO - [2024-05-26T03:47:50.380+0000] {dag.py:3954} INFO - Setting next_dagrun for dataset_consumes_1_and_2 to None, run_after=None
[2024-05-26T03:47:50.383+0000] {logging_mixin.py:188} INFO - [2024-05-26T03:47:50.383+0000] {dag.py:3954} INFO - Setting next_dagrun for dataset_consumes_1_never_scheduled to None, run_after=None
[2024-05-26T03:47:50.387+0000] {logging_mixin.py:188} INFO - [2024-05-26T03:47:50.386+0000] {dag.py:3954} INFO - Setting next_dagrun for dataset_consumes_unknown_never_scheduled to None, run_after=None
[2024-05-26T03:47:50.392+0000] {logging_mixin.py:188} INFO - [2024-05-26T03:47:50.391+0000] {dag.py:3954} INFO - Setting next_dagrun for dataset_produces_1 to 2024-05-25 00:00:00+00:00, run_after=2024-05-26 00:00:00+00:00
[2024-05-26T03:47:50.395+0000] {logging_mixin.py:188} INFO - [2024-05-26T03:47:50.395+0000] {dag.py:3954} INFO - Setting next_dagrun for dataset_produces_2 to None, run_after=None
[2024-05-26T03:47:50.461+0000] {processor.py:183} INFO - Processing /home/airflow/.local/lib/python3.12/site-packages/airflow/example_dags/example_datasets.py took 0.246 seconds
[2024-05-26T03:48:21.142+0000] {processor.py:161} INFO - Started process (PID=334) to work on /home/airflow/.local/lib/python3.12/site-packages/airflow/example_dags/example_datasets.py
[2024-05-26T03:48:21.146+0000] {processor.py:830} INFO - Processing file /home/airflow/.local/lib/python3.12/site-packages/airflow/example_dags/example_datasets.py for tasks to queue
[2024-05-26T03:48:21.153+0000] {logging_mixin.py:188} INFO - [2024-05-26T03:48:21.152+0000] {dagbag.py:545} INFO - Filling up the DagBag from /home/airflow/.local/lib/python3.12/site-packages/airflow/example_dags/example_datasets.py
[2024-05-26T03:48:21.190+0000] {processor.py:840} INFO - DAG(s) 'dataset_consumes_1_never_scheduled', 'conditional_dataset_and_time_based_timetable', 'dataset_consumes_unknown_never_scheduled', 'dataset_produces_1', 'dataset_consumes_1', 'dataset_consumes_1_and_2', 'consume_1_or_both_2_and_3_with_dataset_expressions', 'dataset_produces_2', 'consume_1_and_2_with_dataset_expressions', 'consume_1_or_2_with_dataset_expressions' retrieved from /home/airflow/.local/lib/python3.12/site-packages/airflow/example_dags/example_datasets.py
[2024-05-26T03:48:21.320+0000] {logging_mixin.py:188} INFO - [2024-05-26T03:48:21.319+0000] {dag.py:3096} INFO - Sync 10 DAGs
[2024-05-26T03:48:21.384+0000] {logging_mixin.py:188} INFO - [2024-05-26T03:48:21.383+0000] {dag.py:3954} INFO - Setting next_dagrun for conditional_dataset_and_time_based_timetable to 2024-05-22 01:00:00+00:00, run_after=2024-05-22 01:00:00+00:00
[2024-05-26T03:48:21.392+0000] {logging_mixin.py:188} INFO - [2024-05-26T03:48:21.392+0000] {dag.py:3954} INFO - Setting next_dagrun for consume_1_and_2_with_dataset_expressions to None, run_after=None
[2024-05-26T03:48:21.395+0000] {logging_mixin.py:188} INFO - [2024-05-26T03:48:21.395+0000] {dag.py:3954} INFO - Setting next_dagrun for consume_1_or_2_with_dataset_expressions to None, run_after=None
[2024-05-26T03:48:21.398+0000] {logging_mixin.py:188} INFO - [2024-05-26T03:48:21.397+0000] {dag.py:3954} INFO - Setting next_dagrun for consume_1_or_both_2_and_3_with_dataset_expressions to None, run_after=None
[2024-05-26T03:48:21.401+0000] {logging_mixin.py:188} INFO - [2024-05-26T03:48:21.401+0000] {dag.py:3954} INFO - Setting next_dagrun for dataset_consumes_1 to None, run_after=None
[2024-05-26T03:48:21.405+0000] {logging_mixin.py:188} INFO - [2024-05-26T03:48:21.405+0000] {dag.py:3954} INFO - Setting next_dagrun for dataset_consumes_1_and_2 to None, run_after=None
[2024-05-26T03:48:21.408+0000] {logging_mixin.py:188} INFO - [2024-05-26T03:48:21.407+0000] {dag.py:3954} INFO - Setting next_dagrun for dataset_consumes_1_never_scheduled to None, run_after=None
[2024-05-26T03:48:21.412+0000] {logging_mixin.py:188} INFO - [2024-05-26T03:48:21.411+0000] {dag.py:3954} INFO - Setting next_dagrun for dataset_consumes_unknown_never_scheduled to None, run_after=None
[2024-05-26T03:48:21.418+0000] {logging_mixin.py:188} INFO - [2024-05-26T03:48:21.418+0000] {dag.py:3954} INFO - Setting next_dagrun for dataset_produces_1 to 2024-05-25 00:00:00+00:00, run_after=2024-05-26 00:00:00+00:00
[2024-05-26T03:48:21.421+0000] {logging_mixin.py:188} INFO - [2024-05-26T03:48:21.421+0000] {dag.py:3954} INFO - Setting next_dagrun for dataset_produces_2 to None, run_after=None
[2024-05-26T03:48:21.552+0000] {processor.py:183} INFO - Processing /home/airflow/.local/lib/python3.12/site-packages/airflow/example_dags/example_datasets.py took 0.418 seconds
[2024-05-26T03:48:51.924+0000] {processor.py:161} INFO - Started process (PID=392) to work on /home/airflow/.local/lib/python3.12/site-packages/airflow/example_dags/example_datasets.py
[2024-05-26T03:48:51.926+0000] {processor.py:830} INFO - Processing file /home/airflow/.local/lib/python3.12/site-packages/airflow/example_dags/example_datasets.py for tasks to queue
[2024-05-26T03:48:51.932+0000] {logging_mixin.py:188} INFO - [2024-05-26T03:48:51.931+0000] {dagbag.py:545} INFO - Filling up the DagBag from /home/airflow/.local/lib/python3.12/site-packages/airflow/example_dags/example_datasets.py
[2024-05-26T03:48:51.984+0000] {processor.py:840} INFO - DAG(s) 'dataset_produces_1', 'dataset_consumes_1', 'dataset_consumes_1_and_2', 'consume_1_or_2_with_dataset_expressions', 'dataset_consumes_unknown_never_scheduled', 'dataset_produces_2', 'dataset_consumes_1_never_scheduled', 'consume_1_or_both_2_and_3_with_dataset_expressions', 'consume_1_and_2_with_dataset_expressions', 'conditional_dataset_and_time_based_timetable' retrieved from /home/airflow/.local/lib/python3.12/site-packages/airflow/example_dags/example_datasets.py
[2024-05-26T03:48:52.200+0000] {logging_mixin.py:188} INFO - [2024-05-26T03:48:52.200+0000] {dag.py:3096} INFO - Sync 10 DAGs
[2024-05-26T03:48:52.389+0000] {logging_mixin.py:188} INFO - [2024-05-26T03:48:52.388+0000] {dag.py:3954} INFO - Setting next_dagrun for conditional_dataset_and_time_based_timetable to 2024-05-22 01:00:00+00:00, run_after=2024-05-22 01:00:00+00:00
[2024-05-26T03:48:52.404+0000] {logging_mixin.py:188} INFO - [2024-05-26T03:48:52.404+0000] {dag.py:3954} INFO - Setting next_dagrun for consume_1_and_2_with_dataset_expressions to None, run_after=None
[2024-05-26T03:48:52.415+0000] {logging_mixin.py:188} INFO - [2024-05-26T03:48:52.415+0000] {dag.py:3954} INFO - Setting next_dagrun for consume_1_or_2_with_dataset_expressions to None, run_after=None
[2024-05-26T03:48:52.421+0000] {logging_mixin.py:188} INFO - [2024-05-26T03:48:52.420+0000] {dag.py:3954} INFO - Setting next_dagrun for consume_1_or_both_2_and_3_with_dataset_expressions to None, run_after=None
[2024-05-26T03:48:52.427+0000] {logging_mixin.py:188} INFO - [2024-05-26T03:48:52.426+0000] {dag.py:3954} INFO - Setting next_dagrun for dataset_consumes_1 to None, run_after=None
[2024-05-26T03:48:52.439+0000] {logging_mixin.py:188} INFO - [2024-05-26T03:48:52.434+0000] {dag.py:3954} INFO - Setting next_dagrun for dataset_consumes_1_and_2 to None, run_after=None
[2024-05-26T03:48:52.444+0000] {logging_mixin.py:188} INFO - [2024-05-26T03:48:52.443+0000] {dag.py:3954} INFO - Setting next_dagrun for dataset_consumes_1_never_scheduled to None, run_after=None
[2024-05-26T03:48:52.448+0000] {logging_mixin.py:188} INFO - [2024-05-26T03:48:52.447+0000] {dag.py:3954} INFO - Setting next_dagrun for dataset_consumes_unknown_never_scheduled to None, run_after=None
[2024-05-26T03:48:52.463+0000] {logging_mixin.py:188} INFO - [2024-05-26T03:48:52.462+0000] {dag.py:3954} INFO - Setting next_dagrun for dataset_produces_1 to 2024-05-25 00:00:00+00:00, run_after=2024-05-26 00:00:00+00:00
[2024-05-26T03:48:52.466+0000] {logging_mixin.py:188} INFO - [2024-05-26T03:48:52.466+0000] {dag.py:3954} INFO - Setting next_dagrun for dataset_produces_2 to None, run_after=None
[2024-05-26T03:48:52.588+0000] {processor.py:183} INFO - Processing /home/airflow/.local/lib/python3.12/site-packages/airflow/example_dags/example_datasets.py took 0.677 seconds
[2024-05-26T03:49:23.075+0000] {processor.py:161} INFO - Started process (PID=450) to work on /home/airflow/.local/lib/python3.12/site-packages/airflow/example_dags/example_datasets.py
[2024-05-26T03:49:23.078+0000] {processor.py:830} INFO - Processing file /home/airflow/.local/lib/python3.12/site-packages/airflow/example_dags/example_datasets.py for tasks to queue
[2024-05-26T03:49:23.084+0000] {logging_mixin.py:188} INFO - [2024-05-26T03:49:23.083+0000] {dagbag.py:545} INFO - Filling up the DagBag from /home/airflow/.local/lib/python3.12/site-packages/airflow/example_dags/example_datasets.py
[2024-05-26T03:49:23.111+0000] {processor.py:840} INFO - DAG(s) 'consume_1_and_2_with_dataset_expressions', 'dataset_produces_2', 'dataset_produces_1', 'dataset_consumes_1_and_2', 'dataset_consumes_1_never_scheduled', 'conditional_dataset_and_time_based_timetable', 'dataset_consumes_1', 'consume_1_or_2_with_dataset_expressions', 'dataset_consumes_unknown_never_scheduled', 'consume_1_or_both_2_and_3_with_dataset_expressions' retrieved from /home/airflow/.local/lib/python3.12/site-packages/airflow/example_dags/example_datasets.py
[2024-05-26T03:49:23.277+0000] {logging_mixin.py:188} INFO - [2024-05-26T03:49:23.276+0000] {dag.py:3096} INFO - Sync 10 DAGs
[2024-05-26T03:49:23.330+0000] {logging_mixin.py:188} INFO - [2024-05-26T03:49:23.330+0000] {dag.py:3954} INFO - Setting next_dagrun for conditional_dataset_and_time_based_timetable to 2024-05-22 01:00:00+00:00, run_after=2024-05-22 01:00:00+00:00
[2024-05-26T03:49:23.338+0000] {logging_mixin.py:188} INFO - [2024-05-26T03:49:23.337+0000] {dag.py:3954} INFO - Setting next_dagrun for consume_1_and_2_with_dataset_expressions to None, run_after=None
[2024-05-26T03:49:23.342+0000] {logging_mixin.py:188} INFO - [2024-05-26T03:49:23.341+0000] {dag.py:3954} INFO - Setting next_dagrun for consume_1_or_2_with_dataset_expressions to None, run_after=None
[2024-05-26T03:49:23.345+0000] {logging_mixin.py:188} INFO - [2024-05-26T03:49:23.345+0000] {dag.py:3954} INFO - Setting next_dagrun for consume_1_or_both_2_and_3_with_dataset_expressions to None, run_after=None
[2024-05-26T03:49:23.348+0000] {logging_mixin.py:188} INFO - [2024-05-26T03:49:23.348+0000] {dag.py:3954} INFO - Setting next_dagrun for dataset_consumes_1 to None, run_after=None
[2024-05-26T03:49:23.351+0000] {logging_mixin.py:188} INFO - [2024-05-26T03:49:23.350+0000] {dag.py:3954} INFO - Setting next_dagrun for dataset_consumes_1_and_2 to None, run_after=None
[2024-05-26T03:49:23.353+0000] {logging_mixin.py:188} INFO - [2024-05-26T03:49:23.353+0000] {dag.py:3954} INFO - Setting next_dagrun for dataset_consumes_1_never_scheduled to None, run_after=None
[2024-05-26T03:49:23.356+0000] {logging_mixin.py:188} INFO - [2024-05-26T03:49:23.355+0000] {dag.py:3954} INFO - Setting next_dagrun for dataset_consumes_unknown_never_scheduled to None, run_after=None
[2024-05-26T03:49:23.363+0000] {logging_mixin.py:188} INFO - [2024-05-26T03:49:23.363+0000] {dag.py:3954} INFO - Setting next_dagrun for dataset_produces_1 to 2024-05-25 00:00:00+00:00, run_after=2024-05-26 00:00:00+00:00
[2024-05-26T03:49:23.366+0000] {logging_mixin.py:188} INFO - [2024-05-26T03:49:23.366+0000] {dag.py:3954} INFO - Setting next_dagrun for dataset_produces_2 to None, run_after=None
[2024-05-26T03:49:23.959+0000] {processor.py:183} INFO - Processing /home/airflow/.local/lib/python3.12/site-packages/airflow/example_dags/example_datasets.py took 0.893 seconds
