[2024-05-26T03:45:52.536+0000] {processor.py:161} INFO - Started process (PID=61) to work on /home/airflow/.local/lib/python3.12/site-packages/airflow/example_dags/example_short_circuit_operator.py
[2024-05-26T03:45:52.538+0000] {processor.py:830} INFO - Processing file /home/airflow/.local/lib/python3.12/site-packages/airflow/example_dags/example_short_circuit_operator.py for tasks to queue
[2024-05-26T03:45:52.543+0000] {logging_mixin.py:188} INFO - [2024-05-26T03:45:52.542+0000] {dagbag.py:545} INFO - Filling up the DagBag from /home/airflow/.local/lib/python3.12/site-packages/airflow/example_dags/example_short_circuit_operator.py
[2024-05-26T03:45:52.558+0000] {processor.py:840} INFO - DAG(s) 'example_short_circuit_operator' retrieved from /home/airflow/.local/lib/python3.12/site-packages/airflow/example_dags/example_short_circuit_operator.py
[2024-05-26T03:45:52.659+0000] {logging_mixin.py:188} INFO - [2024-05-26T03:45:52.648+0000] {dag.py:3096} INFO - Sync 1 DAGs
[2024-05-26T03:45:52.750+0000] {logging_mixin.py:188} INFO - [2024-05-26T03:45:52.749+0000] {dag.py:3954} INFO - Setting next_dagrun for example_short_circuit_operator to 2024-05-25 00:00:00+00:00, run_after=2024-05-26 00:00:00+00:00
[2024-05-26T03:45:52.809+0000] {processor.py:183} INFO - Processing /home/airflow/.local/lib/python3.12/site-packages/airflow/example_dags/example_short_circuit_operator.py took 0.285 seconds
[2024-05-26T03:46:24.977+0000] {processor.py:161} INFO - Started process (PID=126) to work on /home/airflow/.local/lib/python3.12/site-packages/airflow/example_dags/example_short_circuit_operator.py
[2024-05-26T03:46:24.994+0000] {processor.py:830} INFO - Processing file /home/airflow/.local/lib/python3.12/site-packages/airflow/example_dags/example_short_circuit_operator.py for tasks to queue
[2024-05-26T03:46:25.027+0000] {logging_mixin.py:188} INFO - [2024-05-26T03:46:25.026+0000] {dagbag.py:545} INFO - Filling up the DagBag from /home/airflow/.local/lib/python3.12/site-packages/airflow/example_dags/example_short_circuit_operator.py
[2024-05-26T03:46:25.087+0000] {processor.py:840} INFO - DAG(s) 'example_short_circuit_operator' retrieved from /home/airflow/.local/lib/python3.12/site-packages/airflow/example_dags/example_short_circuit_operator.py
[2024-05-26T03:46:25.114+0000] {logging_mixin.py:188} INFO - [2024-05-26T03:46:25.114+0000] {dag.py:3096} INFO - Sync 1 DAGs
[2024-05-26T03:46:25.153+0000] {logging_mixin.py:188} INFO - [2024-05-26T03:46:25.152+0000] {dag.py:3954} INFO - Setting next_dagrun for example_short_circuit_operator to 2024-05-25 00:00:00+00:00, run_after=2024-05-26 00:00:00+00:00
[2024-05-26T03:46:25.309+0000] {processor.py:183} INFO - Processing /home/airflow/.local/lib/python3.12/site-packages/airflow/example_dags/example_short_circuit_operator.py took 0.338 seconds
[2024-05-26T03:46:58.832+0000] {processor.py:161} INFO - Started process (PID=184) to work on /home/airflow/.local/lib/python3.12/site-packages/airflow/example_dags/example_short_circuit_operator.py
[2024-05-26T03:46:58.837+0000] {processor.py:830} INFO - Processing file /home/airflow/.local/lib/python3.12/site-packages/airflow/example_dags/example_short_circuit_operator.py for tasks to queue
[2024-05-26T03:46:58.844+0000] {logging_mixin.py:188} INFO - [2024-05-26T03:46:58.842+0000] {dagbag.py:545} INFO - Filling up the DagBag from /home/airflow/.local/lib/python3.12/site-packages/airflow/example_dags/example_short_circuit_operator.py
[2024-05-26T03:46:58.865+0000] {processor.py:840} INFO - DAG(s) 'example_short_circuit_operator' retrieved from /home/airflow/.local/lib/python3.12/site-packages/airflow/example_dags/example_short_circuit_operator.py
[2024-05-26T03:46:58.913+0000] {logging_mixin.py:188} INFO - [2024-05-26T03:46:58.912+0000] {dag.py:3096} INFO - Sync 1 DAGs
[2024-05-26T03:46:58.969+0000] {logging_mixin.py:188} INFO - [2024-05-26T03:46:58.968+0000] {dag.py:3954} INFO - Setting next_dagrun for example_short_circuit_operator to 2024-05-25 00:00:00+00:00, run_after=2024-05-26 00:00:00+00:00
[2024-05-26T03:46:59.023+0000] {processor.py:183} INFO - Processing /home/airflow/.local/lib/python3.12/site-packages/airflow/example_dags/example_short_circuit_operator.py took 0.206 seconds
[2024-05-26T03:47:29.235+0000] {processor.py:161} INFO - Started process (PID=242) to work on /home/airflow/.local/lib/python3.12/site-packages/airflow/example_dags/example_short_circuit_operator.py
[2024-05-26T03:47:29.237+0000] {processor.py:830} INFO - Processing file /home/airflow/.local/lib/python3.12/site-packages/airflow/example_dags/example_short_circuit_operator.py for tasks to queue
[2024-05-26T03:47:29.242+0000] {logging_mixin.py:188} INFO - [2024-05-26T03:47:29.242+0000] {dagbag.py:545} INFO - Filling up the DagBag from /home/airflow/.local/lib/python3.12/site-packages/airflow/example_dags/example_short_circuit_operator.py
[2024-05-26T03:47:29.262+0000] {processor.py:840} INFO - DAG(s) 'example_short_circuit_operator' retrieved from /home/airflow/.local/lib/python3.12/site-packages/airflow/example_dags/example_short_circuit_operator.py
[2024-05-26T03:47:29.321+0000] {logging_mixin.py:188} INFO - [2024-05-26T03:47:29.321+0000] {dag.py:3096} INFO - Sync 1 DAGs
[2024-05-26T03:47:29.379+0000] {logging_mixin.py:188} INFO - [2024-05-26T03:47:29.377+0000] {dag.py:3954} INFO - Setting next_dagrun for example_short_circuit_operator to 2024-05-25 00:00:00+00:00, run_after=2024-05-26 00:00:00+00:00
[2024-05-26T03:47:29.424+0000] {processor.py:183} INFO - Processing /home/airflow/.local/lib/python3.12/site-packages/airflow/example_dags/example_short_circuit_operator.py took 0.207 seconds
[2024-05-26T03:47:59.599+0000] {processor.py:161} INFO - Started process (PID=300) to work on /home/airflow/.local/lib/python3.12/site-packages/airflow/example_dags/example_short_circuit_operator.py
[2024-05-26T03:47:59.600+0000] {processor.py:830} INFO - Processing file /home/airflow/.local/lib/python3.12/site-packages/airflow/example_dags/example_short_circuit_operator.py for tasks to queue
[2024-05-26T03:47:59.604+0000] {logging_mixin.py:188} INFO - [2024-05-26T03:47:59.604+0000] {dagbag.py:545} INFO - Filling up the DagBag from /home/airflow/.local/lib/python3.12/site-packages/airflow/example_dags/example_short_circuit_operator.py
[2024-05-26T03:47:59.616+0000] {processor.py:840} INFO - DAG(s) 'example_short_circuit_operator' retrieved from /home/airflow/.local/lib/python3.12/site-packages/airflow/example_dags/example_short_circuit_operator.py
[2024-05-26T03:47:59.656+0000] {logging_mixin.py:188} INFO - [2024-05-26T03:47:59.655+0000] {dag.py:3096} INFO - Sync 1 DAGs
[2024-05-26T03:47:59.704+0000] {logging_mixin.py:188} INFO - [2024-05-26T03:47:59.704+0000] {dag.py:3954} INFO - Setting next_dagrun for example_short_circuit_operator to 2024-05-25 00:00:00+00:00, run_after=2024-05-26 00:00:00+00:00
[2024-05-26T03:47:59.745+0000] {processor.py:183} INFO - Processing /home/airflow/.local/lib/python3.12/site-packages/airflow/example_dags/example_short_circuit_operator.py took 0.153 seconds
[2024-05-26T03:48:31.946+0000] {processor.py:161} INFO - Started process (PID=358) to work on /home/airflow/.local/lib/python3.12/site-packages/airflow/example_dags/example_short_circuit_operator.py
[2024-05-26T03:48:31.947+0000] {processor.py:830} INFO - Processing file /home/airflow/.local/lib/python3.12/site-packages/airflow/example_dags/example_short_circuit_operator.py for tasks to queue
[2024-05-26T03:48:31.951+0000] {logging_mixin.py:188} INFO - [2024-05-26T03:48:31.950+0000] {dagbag.py:545} INFO - Filling up the DagBag from /home/airflow/.local/lib/python3.12/site-packages/airflow/example_dags/example_short_circuit_operator.py
[2024-05-26T03:48:31.965+0000] {processor.py:840} INFO - DAG(s) 'example_short_circuit_operator' retrieved from /home/airflow/.local/lib/python3.12/site-packages/airflow/example_dags/example_short_circuit_operator.py
[2024-05-26T03:48:32.012+0000] {logging_mixin.py:188} INFO - [2024-05-26T03:48:32.011+0000] {dag.py:3096} INFO - Sync 1 DAGs
[2024-05-26T03:48:32.043+0000] {logging_mixin.py:188} INFO - [2024-05-26T03:48:32.042+0000] {dag.py:3954} INFO - Setting next_dagrun for example_short_circuit_operator to 2024-05-25 00:00:00+00:00, run_after=2024-05-26 00:00:00+00:00
[2024-05-26T03:48:32.096+0000] {processor.py:183} INFO - Processing /home/airflow/.local/lib/python3.12/site-packages/airflow/example_dags/example_short_circuit_operator.py took 0.165 seconds
[2024-05-26T03:49:02.589+0000] {processor.py:161} INFO - Started process (PID=416) to work on /home/airflow/.local/lib/python3.12/site-packages/airflow/example_dags/example_short_circuit_operator.py
[2024-05-26T03:49:02.591+0000] {processor.py:830} INFO - Processing file /home/airflow/.local/lib/python3.12/site-packages/airflow/example_dags/example_short_circuit_operator.py for tasks to queue
[2024-05-26T03:49:02.594+0000] {logging_mixin.py:188} INFO - [2024-05-26T03:49:02.593+0000] {dagbag.py:545} INFO - Filling up the DagBag from /home/airflow/.local/lib/python3.12/site-packages/airflow/example_dags/example_short_circuit_operator.py
[2024-05-26T03:49:02.605+0000] {processor.py:840} INFO - DAG(s) 'example_short_circuit_operator' retrieved from /home/airflow/.local/lib/python3.12/site-packages/airflow/example_dags/example_short_circuit_operator.py
[2024-05-26T03:49:02.661+0000] {logging_mixin.py:188} INFO - [2024-05-26T03:49:02.661+0000] {dag.py:3096} INFO - Sync 1 DAGs
[2024-05-26T03:49:02.724+0000] {logging_mixin.py:188} INFO - [2024-05-26T03:49:02.724+0000] {dag.py:3954} INFO - Setting next_dagrun for example_short_circuit_operator to 2024-05-25 00:00:00+00:00, run_after=2024-05-26 00:00:00+00:00
[2024-05-26T03:49:02.759+0000] {processor.py:183} INFO - Processing /home/airflow/.local/lib/python3.12/site-packages/airflow/example_dags/example_short_circuit_operator.py took 0.180 seconds
[2024-05-26T03:49:36.662+0000] {processor.py:161} INFO - Started process (PID=474) to work on /home/airflow/.local/lib/python3.12/site-packages/airflow/example_dags/example_short_circuit_operator.py
[2024-05-26T03:49:36.664+0000] {processor.py:830} INFO - Processing file /home/airflow/.local/lib/python3.12/site-packages/airflow/example_dags/example_short_circuit_operator.py for tasks to queue
[2024-05-26T03:49:36.667+0000] {logging_mixin.py:188} INFO - [2024-05-26T03:49:36.667+0000] {dagbag.py:545} INFO - Filling up the DagBag from /home/airflow/.local/lib/python3.12/site-packages/airflow/example_dags/example_short_circuit_operator.py
[2024-05-26T03:49:36.684+0000] {processor.py:840} INFO - DAG(s) 'example_short_circuit_operator' retrieved from /home/airflow/.local/lib/python3.12/site-packages/airflow/example_dags/example_short_circuit_operator.py
[2024-05-26T03:49:36.740+0000] {logging_mixin.py:188} INFO - [2024-05-26T03:49:36.740+0000] {dag.py:3096} INFO - Sync 1 DAGs
[2024-05-26T03:49:36.785+0000] {logging_mixin.py:188} INFO - [2024-05-26T03:49:36.785+0000] {dag.py:3954} INFO - Setting next_dagrun for example_short_circuit_operator to 2024-05-25 00:00:00+00:00, run_after=2024-05-26 00:00:00+00:00
[2024-05-26T03:49:36.823+0000] {processor.py:183} INFO - Processing /home/airflow/.local/lib/python3.12/site-packages/airflow/example_dags/example_short_circuit_operator.py took 0.171 seconds
