[2024-05-26T03:45:46.569+0000] {processor.py:161} INFO - Started process (PID=42) to work on /home/airflow/.local/lib/python3.12/site-packages/airflow/example_dags/example_branch_python_dop_operator_3.py
[2024-05-26T03:45:46.571+0000] {processor.py:830} INFO - Processing file /home/airflow/.local/lib/python3.12/site-packages/airflow/example_dags/example_branch_python_dop_operator_3.py for tasks to queue
[2024-05-26T03:45:46.582+0000] {logging_mixin.py:188} INFO - [2024-05-26T03:45:46.576+0000] {dagbag.py:545} INFO - Filling up the DagBag from /home/airflow/.local/lib/python3.12/site-packages/airflow/example_dags/example_branch_python_dop_operator_3.py
[2024-05-26T03:45:46.631+0000] {processor.py:840} INFO - DAG(s) 'example_branch_dop_operator_v3' retrieved from /home/airflow/.local/lib/python3.12/site-packages/airflow/example_dags/example_branch_python_dop_operator_3.py
[2024-05-26T03:45:46.776+0000] {logging_mixin.py:188} INFO - [2024-05-26T03:45:46.775+0000] {dag.py:3096} INFO - Sync 1 DAGs
[2024-05-26T03:45:46.916+0000] {logging_mixin.py:188} INFO - [2024-05-26T03:45:46.916+0000] {dag.py:3954} INFO - Setting next_dagrun for example_branch_dop_operator_v3 to 2024-05-26 03:44:00+00:00, run_after=2024-05-26 03:45:00+00:00
[2024-05-26T03:45:47.031+0000] {processor.py:183} INFO - Processing /home/airflow/.local/lib/python3.12/site-packages/airflow/example_dags/example_branch_python_dop_operator_3.py took 0.496 seconds
[2024-05-26T03:46:17.407+0000] {processor.py:161} INFO - Started process (PID=100) to work on /home/airflow/.local/lib/python3.12/site-packages/airflow/example_dags/example_branch_python_dop_operator_3.py
[2024-05-26T03:46:17.409+0000] {processor.py:830} INFO - Processing file /home/airflow/.local/lib/python3.12/site-packages/airflow/example_dags/example_branch_python_dop_operator_3.py for tasks to queue
[2024-05-26T03:46:17.414+0000] {logging_mixin.py:188} INFO - [2024-05-26T03:46:17.412+0000] {dagbag.py:545} INFO - Filling up the DagBag from /home/airflow/.local/lib/python3.12/site-packages/airflow/example_dags/example_branch_python_dop_operator_3.py
[2024-05-26T03:46:17.428+0000] {processor.py:840} INFO - DAG(s) 'example_branch_dop_operator_v3' retrieved from /home/airflow/.local/lib/python3.12/site-packages/airflow/example_dags/example_branch_python_dop_operator_3.py
[2024-05-26T03:46:17.576+0000] {logging_mixin.py:188} INFO - [2024-05-26T03:46:17.576+0000] {dag.py:3096} INFO - Sync 1 DAGs
[2024-05-26T03:46:17.615+0000] {logging_mixin.py:188} INFO - [2024-05-26T03:46:17.615+0000] {dag.py:3954} INFO - Setting next_dagrun for example_branch_dop_operator_v3 to 2024-05-26 03:45:00+00:00, run_after=2024-05-26 03:46:00+00:00
[2024-05-26T03:46:17.812+0000] {processor.py:183} INFO - Processing /home/airflow/.local/lib/python3.12/site-packages/airflow/example_dags/example_branch_python_dop_operator_3.py took 0.413 seconds
[2024-05-26T03:46:48.318+0000] {processor.py:161} INFO - Started process (PID=159) to work on /home/airflow/.local/lib/python3.12/site-packages/airflow/example_dags/example_branch_python_dop_operator_3.py
[2024-05-26T03:46:48.338+0000] {processor.py:830} INFO - Processing file /home/airflow/.local/lib/python3.12/site-packages/airflow/example_dags/example_branch_python_dop_operator_3.py for tasks to queue
[2024-05-26T03:46:48.349+0000] {logging_mixin.py:188} INFO - [2024-05-26T03:46:48.349+0000] {dagbag.py:545} INFO - Filling up the DagBag from /home/airflow/.local/lib/python3.12/site-packages/airflow/example_dags/example_branch_python_dop_operator_3.py
[2024-05-26T03:46:48.408+0000] {processor.py:840} INFO - DAG(s) 'example_branch_dop_operator_v3' retrieved from /home/airflow/.local/lib/python3.12/site-packages/airflow/example_dags/example_branch_python_dop_operator_3.py
[2024-05-26T03:46:48.551+0000] {logging_mixin.py:188} INFO - [2024-05-26T03:46:48.550+0000] {dag.py:3096} INFO - Sync 1 DAGs
[2024-05-26T03:46:48.731+0000] {logging_mixin.py:188} INFO - [2024-05-26T03:46:48.721+0000] {dag.py:3954} INFO - Setting next_dagrun for example_branch_dop_operator_v3 to 2024-05-26 03:45:00+00:00, run_after=2024-05-26 03:46:00+00:00
[2024-05-26T03:46:48.846+0000] {processor.py:183} INFO - Processing /home/airflow/.local/lib/python3.12/site-packages/airflow/example_dags/example_branch_python_dop_operator_3.py took 0.553 seconds
[2024-05-26T03:47:19.508+0000] {processor.py:161} INFO - Started process (PID=217) to work on /home/airflow/.local/lib/python3.12/site-packages/airflow/example_dags/example_branch_python_dop_operator_3.py
[2024-05-26T03:47:19.510+0000] {processor.py:830} INFO - Processing file /home/airflow/.local/lib/python3.12/site-packages/airflow/example_dags/example_branch_python_dop_operator_3.py for tasks to queue
[2024-05-26T03:47:19.514+0000] {logging_mixin.py:188} INFO - [2024-05-26T03:47:19.513+0000] {dagbag.py:545} INFO - Filling up the DagBag from /home/airflow/.local/lib/python3.12/site-packages/airflow/example_dags/example_branch_python_dop_operator_3.py
[2024-05-26T03:47:19.527+0000] {processor.py:840} INFO - DAG(s) 'example_branch_dop_operator_v3' retrieved from /home/airflow/.local/lib/python3.12/site-packages/airflow/example_dags/example_branch_python_dop_operator_3.py
[2024-05-26T03:47:19.564+0000] {logging_mixin.py:188} INFO - [2024-05-26T03:47:19.564+0000] {dag.py:3096} INFO - Sync 1 DAGs
[2024-05-26T03:47:19.604+0000] {logging_mixin.py:188} INFO - [2024-05-26T03:47:19.604+0000] {dag.py:3954} INFO - Setting next_dagrun for example_branch_dop_operator_v3 to 2024-05-26 03:46:00+00:00, run_after=2024-05-26 03:47:00+00:00
[2024-05-26T03:47:19.641+0000] {processor.py:183} INFO - Processing /home/airflow/.local/lib/python3.12/site-packages/airflow/example_dags/example_branch_python_dop_operator_3.py took 0.142 seconds
[2024-05-26T03:47:50.066+0000] {processor.py:161} INFO - Started process (PID=275) to work on /home/airflow/.local/lib/python3.12/site-packages/airflow/example_dags/example_branch_python_dop_operator_3.py
[2024-05-26T03:47:50.068+0000] {processor.py:830} INFO - Processing file /home/airflow/.local/lib/python3.12/site-packages/airflow/example_dags/example_branch_python_dop_operator_3.py for tasks to queue
[2024-05-26T03:47:50.072+0000] {logging_mixin.py:188} INFO - [2024-05-26T03:47:50.071+0000] {dagbag.py:545} INFO - Filling up the DagBag from /home/airflow/.local/lib/python3.12/site-packages/airflow/example_dags/example_branch_python_dop_operator_3.py
[2024-05-26T03:47:50.088+0000] {processor.py:840} INFO - DAG(s) 'example_branch_dop_operator_v3' retrieved from /home/airflow/.local/lib/python3.12/site-packages/airflow/example_dags/example_branch_python_dop_operator_3.py
[2024-05-26T03:47:50.124+0000] {logging_mixin.py:188} INFO - [2024-05-26T03:47:50.124+0000] {dag.py:3096} INFO - Sync 1 DAGs
[2024-05-26T03:47:50.170+0000] {logging_mixin.py:188} INFO - [2024-05-26T03:47:50.170+0000] {dag.py:3954} INFO - Setting next_dagrun for example_branch_dop_operator_v3 to 2024-05-26 03:46:00+00:00, run_after=2024-05-26 03:47:00+00:00
[2024-05-26T03:47:50.218+0000] {processor.py:183} INFO - Processing /home/airflow/.local/lib/python3.12/site-packages/airflow/example_dags/example_branch_python_dop_operator_3.py took 0.161 seconds
[2024-05-26T03:48:20.857+0000] {processor.py:161} INFO - Started process (PID=333) to work on /home/airflow/.local/lib/python3.12/site-packages/airflow/example_dags/example_branch_python_dop_operator_3.py
[2024-05-26T03:48:20.858+0000] {processor.py:830} INFO - Processing file /home/airflow/.local/lib/python3.12/site-packages/airflow/example_dags/example_branch_python_dop_operator_3.py for tasks to queue
[2024-05-26T03:48:20.861+0000] {logging_mixin.py:188} INFO - [2024-05-26T03:48:20.860+0000] {dagbag.py:545} INFO - Filling up the DagBag from /home/airflow/.local/lib/python3.12/site-packages/airflow/example_dags/example_branch_python_dop_operator_3.py
[2024-05-26T03:48:20.872+0000] {processor.py:840} INFO - DAG(s) 'example_branch_dop_operator_v3' retrieved from /home/airflow/.local/lib/python3.12/site-packages/airflow/example_dags/example_branch_python_dop_operator_3.py
[2024-05-26T03:48:20.922+0000] {logging_mixin.py:188} INFO - [2024-05-26T03:48:20.921+0000] {dag.py:3096} INFO - Sync 1 DAGs
[2024-05-26T03:48:20.998+0000] {logging_mixin.py:188} INFO - [2024-05-26T03:48:20.997+0000] {dag.py:3954} INFO - Setting next_dagrun for example_branch_dop_operator_v3 to 2024-05-26 03:47:00+00:00, run_after=2024-05-26 03:48:00+00:00
[2024-05-26T03:48:21.058+0000] {processor.py:183} INFO - Processing /home/airflow/.local/lib/python3.12/site-packages/airflow/example_dags/example_branch_python_dop_operator_3.py took 0.216 seconds
[2024-05-26T03:48:51.678+0000] {processor.py:161} INFO - Started process (PID=391) to work on /home/airflow/.local/lib/python3.12/site-packages/airflow/example_dags/example_branch_python_dop_operator_3.py
[2024-05-26T03:48:51.680+0000] {processor.py:830} INFO - Processing file /home/airflow/.local/lib/python3.12/site-packages/airflow/example_dags/example_branch_python_dop_operator_3.py for tasks to queue
[2024-05-26T03:48:51.684+0000] {logging_mixin.py:188} INFO - [2024-05-26T03:48:51.683+0000] {dagbag.py:545} INFO - Filling up the DagBag from /home/airflow/.local/lib/python3.12/site-packages/airflow/example_dags/example_branch_python_dop_operator_3.py
[2024-05-26T03:48:51.704+0000] {processor.py:840} INFO - DAG(s) 'example_branch_dop_operator_v3' retrieved from /home/airflow/.local/lib/python3.12/site-packages/airflow/example_dags/example_branch_python_dop_operator_3.py
[2024-05-26T03:48:51.747+0000] {logging_mixin.py:188} INFO - [2024-05-26T03:48:51.746+0000] {dag.py:3096} INFO - Sync 1 DAGs
[2024-05-26T03:48:51.796+0000] {logging_mixin.py:188} INFO - [2024-05-26T03:48:51.796+0000] {dag.py:3954} INFO - Setting next_dagrun for example_branch_dop_operator_v3 to 2024-05-26 03:47:00+00:00, run_after=2024-05-26 03:48:00+00:00
[2024-05-26T03:48:51.845+0000] {processor.py:183} INFO - Processing /home/airflow/.local/lib/python3.12/site-packages/airflow/example_dags/example_branch_python_dop_operator_3.py took 0.180 seconds
[2024-05-26T03:49:21.910+0000] {processor.py:161} INFO - Started process (PID=449) to work on /home/airflow/.local/lib/python3.12/site-packages/airflow/example_dags/example_branch_python_dop_operator_3.py
[2024-05-26T03:49:21.912+0000] {processor.py:830} INFO - Processing file /home/airflow/.local/lib/python3.12/site-packages/airflow/example_dags/example_branch_python_dop_operator_3.py for tasks to queue
[2024-05-26T03:49:21.914+0000] {logging_mixin.py:188} INFO - [2024-05-26T03:49:21.914+0000] {dagbag.py:545} INFO - Filling up the DagBag from /home/airflow/.local/lib/python3.12/site-packages/airflow/example_dags/example_branch_python_dop_operator_3.py
[2024-05-26T03:49:21.927+0000] {processor.py:840} INFO - DAG(s) 'example_branch_dop_operator_v3' retrieved from /home/airflow/.local/lib/python3.12/site-packages/airflow/example_dags/example_branch_python_dop_operator_3.py
[2024-05-26T03:49:21.955+0000] {logging_mixin.py:188} INFO - [2024-05-26T03:49:21.954+0000] {dag.py:3096} INFO - Sync 1 DAGs
[2024-05-26T03:49:21.991+0000] {logging_mixin.py:188} INFO - [2024-05-26T03:49:21.991+0000] {dag.py:3954} INFO - Setting next_dagrun for example_branch_dop_operator_v3 to 2024-05-26 03:48:00+00:00, run_after=2024-05-26 03:49:00+00:00
[2024-05-26T03:49:22.024+0000] {processor.py:183} INFO - Processing /home/airflow/.local/lib/python3.12/site-packages/airflow/example_dags/example_branch_python_dop_operator_3.py took 0.121 seconds
