[2024-05-26T03:45:45.916+0000] {processor.py:161} INFO - Started process (PID=40) to work on /home/airflow/.local/lib/python3.12/site-packages/airflow/example_dags/example_bash_operator.py
[2024-05-26T03:45:45.925+0000] {processor.py:830} INFO - Processing file /home/airflow/.local/lib/python3.12/site-packages/airflow/example_dags/example_bash_operator.py for tasks to queue
[2024-05-26T03:45:45.931+0000] {logging_mixin.py:188} INFO - [2024-05-26T03:45:45.930+0000] {dagbag.py:545} INFO - Filling up the DagBag from /home/airflow/.local/lib/python3.12/site-packages/airflow/example_dags/example_bash_operator.py
[2024-05-26T03:45:46.014+0000] {processor.py:840} INFO - DAG(s) 'example_bash_operator' retrieved from /home/airflow/.local/lib/python3.12/site-packages/airflow/example_dags/example_bash_operator.py
[2024-05-26T03:45:46.206+0000] {logging_mixin.py:188} INFO - [2024-05-26T03:45:46.205+0000] {dag.py:3096} INFO - Sync 1 DAGs
[2024-05-26T03:45:46.317+0000] {logging_mixin.py:188} INFO - [2024-05-26T03:45:46.315+0000] {dag.py:3954} INFO - Setting next_dagrun for example_bash_operator to 2024-05-25 00:00:00+00:00, run_after=2024-05-26 00:00:00+00:00
[2024-05-26T03:45:46.437+0000] {processor.py:183} INFO - Processing /home/airflow/.local/lib/python3.12/site-packages/airflow/example_dags/example_bash_operator.py took 0.554 seconds
[2024-05-26T03:46:16.909+0000] {processor.py:161} INFO - Started process (PID=98) to work on /home/airflow/.local/lib/python3.12/site-packages/airflow/example_dags/example_bash_operator.py
[2024-05-26T03:46:16.912+0000] {processor.py:830} INFO - Processing file /home/airflow/.local/lib/python3.12/site-packages/airflow/example_dags/example_bash_operator.py for tasks to queue
[2024-05-26T03:46:16.915+0000] {logging_mixin.py:188} INFO - [2024-05-26T03:46:16.915+0000] {dagbag.py:545} INFO - Filling up the DagBag from /home/airflow/.local/lib/python3.12/site-packages/airflow/example_dags/example_bash_operator.py
[2024-05-26T03:46:16.937+0000] {processor.py:840} INFO - DAG(s) 'example_bash_operator' retrieved from /home/airflow/.local/lib/python3.12/site-packages/airflow/example_dags/example_bash_operator.py
[2024-05-26T03:46:16.986+0000] {logging_mixin.py:188} INFO - [2024-05-26T03:46:16.986+0000] {dag.py:3096} INFO - Sync 1 DAGs
[2024-05-26T03:46:17.028+0000] {logging_mixin.py:188} INFO - [2024-05-26T03:46:17.027+0000] {dag.py:3954} INFO - Setting next_dagrun for example_bash_operator to 2024-05-25 00:00:00+00:00, run_after=2024-05-26 00:00:00+00:00
[2024-05-26T03:46:17.344+0000] {processor.py:183} INFO - Processing /home/airflow/.local/lib/python3.12/site-packages/airflow/example_dags/example_bash_operator.py took 0.443 seconds
[2024-05-26T03:46:47.594+0000] {processor.py:161} INFO - Started process (PID=157) to work on /home/airflow/.local/lib/python3.12/site-packages/airflow/example_dags/example_bash_operator.py
[2024-05-26T03:46:47.606+0000] {processor.py:830} INFO - Processing file /home/airflow/.local/lib/python3.12/site-packages/airflow/example_dags/example_bash_operator.py for tasks to queue
[2024-05-26T03:46:47.614+0000] {logging_mixin.py:188} INFO - [2024-05-26T03:46:47.612+0000] {dagbag.py:545} INFO - Filling up the DagBag from /home/airflow/.local/lib/python3.12/site-packages/airflow/example_dags/example_bash_operator.py
[2024-05-26T03:46:47.706+0000] {processor.py:840} INFO - DAG(s) 'example_bash_operator' retrieved from /home/airflow/.local/lib/python3.12/site-packages/airflow/example_dags/example_bash_operator.py
[2024-05-26T03:46:47.835+0000] {logging_mixin.py:188} INFO - [2024-05-26T03:46:47.835+0000] {dag.py:3096} INFO - Sync 1 DAGs
[2024-05-26T03:46:47.961+0000] {logging_mixin.py:188} INFO - [2024-05-26T03:46:47.960+0000] {dag.py:3954} INFO - Setting next_dagrun for example_bash_operator to 2024-05-25 00:00:00+00:00, run_after=2024-05-26 00:00:00+00:00
[2024-05-26T03:46:48.138+0000] {processor.py:183} INFO - Processing /home/airflow/.local/lib/python3.12/site-packages/airflow/example_dags/example_bash_operator.py took 0.565 seconds
[2024-05-26T03:47:19.135+0000] {processor.py:161} INFO - Started process (PID=215) to work on /home/airflow/.local/lib/python3.12/site-packages/airflow/example_dags/example_bash_operator.py
[2024-05-26T03:47:19.138+0000] {processor.py:830} INFO - Processing file /home/airflow/.local/lib/python3.12/site-packages/airflow/example_dags/example_bash_operator.py for tasks to queue
[2024-05-26T03:47:19.140+0000] {logging_mixin.py:188} INFO - [2024-05-26T03:47:19.140+0000] {dagbag.py:545} INFO - Filling up the DagBag from /home/airflow/.local/lib/python3.12/site-packages/airflow/example_dags/example_bash_operator.py
[2024-05-26T03:47:19.153+0000] {processor.py:840} INFO - DAG(s) 'example_bash_operator' retrieved from /home/airflow/.local/lib/python3.12/site-packages/airflow/example_dags/example_bash_operator.py
[2024-05-26T03:47:19.192+0000] {logging_mixin.py:188} INFO - [2024-05-26T03:47:19.192+0000] {dag.py:3096} INFO - Sync 1 DAGs
[2024-05-26T03:47:19.222+0000] {logging_mixin.py:188} INFO - [2024-05-26T03:47:19.221+0000] {dag.py:3954} INFO - Setting next_dagrun for example_bash_operator to 2024-05-25 00:00:00+00:00, run_after=2024-05-26 00:00:00+00:00
[2024-05-26T03:47:19.254+0000] {processor.py:183} INFO - Processing /home/airflow/.local/lib/python3.12/site-packages/airflow/example_dags/example_bash_operator.py took 0.125 seconds
[2024-05-26T03:47:49.865+0000] {processor.py:161} INFO - Started process (PID=273) to work on /home/airflow/.local/lib/python3.12/site-packages/airflow/example_dags/example_bash_operator.py
[2024-05-26T03:47:49.867+0000] {processor.py:830} INFO - Processing file /home/airflow/.local/lib/python3.12/site-packages/airflow/example_dags/example_bash_operator.py for tasks to queue
[2024-05-26T03:47:49.870+0000] {logging_mixin.py:188} INFO - [2024-05-26T03:47:49.869+0000] {dagbag.py:545} INFO - Filling up the DagBag from /home/airflow/.local/lib/python3.12/site-packages/airflow/example_dags/example_bash_operator.py
[2024-05-26T03:47:49.888+0000] {processor.py:840} INFO - DAG(s) 'example_bash_operator' retrieved from /home/airflow/.local/lib/python3.12/site-packages/airflow/example_dags/example_bash_operator.py
[2024-05-26T03:47:49.933+0000] {logging_mixin.py:188} INFO - [2024-05-26T03:47:49.932+0000] {dag.py:3096} INFO - Sync 1 DAGs
[2024-05-26T03:47:49.976+0000] {logging_mixin.py:188} INFO - [2024-05-26T03:47:49.976+0000] {dag.py:3954} INFO - Setting next_dagrun for example_bash_operator to 2024-05-25 00:00:00+00:00, run_after=2024-05-26 00:00:00+00:00
[2024-05-26T03:47:50.016+0000] {processor.py:183} INFO - Processing /home/airflow/.local/lib/python3.12/site-packages/airflow/example_dags/example_bash_operator.py took 0.159 seconds
[2024-05-26T03:48:20.322+0000] {processor.py:161} INFO - Started process (PID=331) to work on /home/airflow/.local/lib/python3.12/site-packages/airflow/example_dags/example_bash_operator.py
[2024-05-26T03:48:20.323+0000] {processor.py:830} INFO - Processing file /home/airflow/.local/lib/python3.12/site-packages/airflow/example_dags/example_bash_operator.py for tasks to queue
[2024-05-26T03:48:20.325+0000] {logging_mixin.py:188} INFO - [2024-05-26T03:48:20.325+0000] {dagbag.py:545} INFO - Filling up the DagBag from /home/airflow/.local/lib/python3.12/site-packages/airflow/example_dags/example_bash_operator.py
[2024-05-26T03:48:20.359+0000] {processor.py:840} INFO - DAG(s) 'example_bash_operator' retrieved from /home/airflow/.local/lib/python3.12/site-packages/airflow/example_dags/example_bash_operator.py
[2024-05-26T03:48:20.459+0000] {logging_mixin.py:188} INFO - [2024-05-26T03:48:20.459+0000] {dag.py:3096} INFO - Sync 1 DAGs
[2024-05-26T03:48:20.508+0000] {logging_mixin.py:188} INFO - [2024-05-26T03:48:20.506+0000] {dag.py:3954} INFO - Setting next_dagrun for example_bash_operator to 2024-05-25 00:00:00+00:00, run_after=2024-05-26 00:00:00+00:00
[2024-05-26T03:48:20.568+0000] {processor.py:183} INFO - Processing /home/airflow/.local/lib/python3.12/site-packages/airflow/example_dags/example_bash_operator.py took 0.253 seconds
[2024-05-26T03:48:51.172+0000] {processor.py:161} INFO - Started process (PID=389) to work on /home/airflow/.local/lib/python3.12/site-packages/airflow/example_dags/example_bash_operator.py
[2024-05-26T03:48:51.180+0000] {processor.py:830} INFO - Processing file /home/airflow/.local/lib/python3.12/site-packages/airflow/example_dags/example_bash_operator.py for tasks to queue
[2024-05-26T03:48:51.183+0000] {logging_mixin.py:188} INFO - [2024-05-26T03:48:51.183+0000] {dagbag.py:545} INFO - Filling up the DagBag from /home/airflow/.local/lib/python3.12/site-packages/airflow/example_dags/example_bash_operator.py
[2024-05-26T03:48:51.236+0000] {processor.py:840} INFO - DAG(s) 'example_bash_operator' retrieved from /home/airflow/.local/lib/python3.12/site-packages/airflow/example_dags/example_bash_operator.py
[2024-05-26T03:48:51.290+0000] {logging_mixin.py:188} INFO - [2024-05-26T03:48:51.290+0000] {dag.py:3096} INFO - Sync 1 DAGs
[2024-05-26T03:48:51.346+0000] {logging_mixin.py:188} INFO - [2024-05-26T03:48:51.345+0000] {dag.py:3954} INFO - Setting next_dagrun for example_bash_operator to 2024-05-25 00:00:00+00:00, run_after=2024-05-26 00:00:00+00:00
[2024-05-26T03:48:51.396+0000] {processor.py:183} INFO - Processing /home/airflow/.local/lib/python3.12/site-packages/airflow/example_dags/example_bash_operator.py took 0.236 seconds
[2024-05-26T03:49:21.601+0000] {processor.py:161} INFO - Started process (PID=447) to work on /home/airflow/.local/lib/python3.12/site-packages/airflow/example_dags/example_bash_operator.py
[2024-05-26T03:49:21.604+0000] {processor.py:830} INFO - Processing file /home/airflow/.local/lib/python3.12/site-packages/airflow/example_dags/example_bash_operator.py for tasks to queue
[2024-05-26T03:49:21.608+0000] {logging_mixin.py:188} INFO - [2024-05-26T03:49:21.607+0000] {dagbag.py:545} INFO - Filling up the DagBag from /home/airflow/.local/lib/python3.12/site-packages/airflow/example_dags/example_bash_operator.py
[2024-05-26T03:49:21.652+0000] {processor.py:840} INFO - DAG(s) 'example_bash_operator' retrieved from /home/airflow/.local/lib/python3.12/site-packages/airflow/example_dags/example_bash_operator.py
[2024-05-26T03:49:21.731+0000] {logging_mixin.py:188} INFO - [2024-05-26T03:49:21.731+0000] {dag.py:3096} INFO - Sync 1 DAGs
[2024-05-26T03:49:21.806+0000] {logging_mixin.py:188} INFO - [2024-05-26T03:49:21.806+0000] {dag.py:3954} INFO - Setting next_dagrun for example_bash_operator to 2024-05-25 00:00:00+00:00, run_after=2024-05-26 00:00:00+00:00
[2024-05-26T03:49:21.848+0000] {processor.py:183} INFO - Processing /home/airflow/.local/lib/python3.12/site-packages/airflow/example_dags/example_bash_operator.py took 0.257 seconds
