[2024-05-26T03:45:43.895+0000] {processor.py:161} INFO - Started process (PID=37) to work on /home/airflow/.local/lib/python3.12/site-packages/airflow/example_dags/example_latest_only.py
[2024-05-26T03:45:43.902+0000] {processor.py:830} INFO - Processing file /home/airflow/.local/lib/python3.12/site-packages/airflow/example_dags/example_latest_only.py for tasks to queue
[2024-05-26T03:45:43.949+0000] {logging_mixin.py:188} INFO - [2024-05-26T03:45:43.948+0000] {dagbag.py:545} INFO - Filling up the DagBag from /home/airflow/.local/lib/python3.12/site-packages/airflow/example_dags/example_latest_only.py
[2024-05-26T03:45:44.017+0000] {processor.py:840} INFO - DAG(s) 'latest_only' retrieved from /home/airflow/.local/lib/python3.12/site-packages/airflow/example_dags/example_latest_only.py
[2024-05-26T03:45:44.310+0000] {logging_mixin.py:188} INFO - [2024-05-26T03:45:44.309+0000] {dag.py:3096} INFO - Sync 1 DAGs
[2024-05-26T03:45:44.419+0000] {logging_mixin.py:188} INFO - [2024-05-26T03:45:44.418+0000] {dag.py:3954} INFO - Setting next_dagrun for latest_only to 2024-05-25 20:00:00+00:00, run_after=2024-05-26 00:00:00+00:00
[2024-05-26T03:45:44.511+0000] {processor.py:183} INFO - Processing /home/airflow/.local/lib/python3.12/site-packages/airflow/example_dags/example_latest_only.py took 0.645 seconds
[2024-05-26T03:46:16.163+0000] {processor.py:161} INFO - Started process (PID=95) to work on /home/airflow/.local/lib/python3.12/site-packages/airflow/example_dags/example_latest_only.py
[2024-05-26T03:46:16.252+0000] {processor.py:830} INFO - Processing file /home/airflow/.local/lib/python3.12/site-packages/airflow/example_dags/example_latest_only.py for tasks to queue
[2024-05-26T03:46:16.256+0000] {logging_mixin.py:188} INFO - [2024-05-26T03:46:16.256+0000] {dagbag.py:545} INFO - Filling up the DagBag from /home/airflow/.local/lib/python3.12/site-packages/airflow/example_dags/example_latest_only.py
[2024-05-26T03:46:16.280+0000] {processor.py:840} INFO - DAG(s) 'latest_only' retrieved from /home/airflow/.local/lib/python3.12/site-packages/airflow/example_dags/example_latest_only.py
[2024-05-26T03:46:16.308+0000] {logging_mixin.py:188} INFO - [2024-05-26T03:46:16.307+0000] {dag.py:3096} INFO - Sync 1 DAGs
[2024-05-26T03:46:16.336+0000] {logging_mixin.py:188} INFO - [2024-05-26T03:46:16.336+0000] {dag.py:3954} INFO - Setting next_dagrun for latest_only to 2024-05-25 20:00:00+00:00, run_after=2024-05-26 00:00:00+00:00
[2024-05-26T03:46:16.448+0000] {processor.py:183} INFO - Processing /home/airflow/.local/lib/python3.12/site-packages/airflow/example_dags/example_latest_only.py took 0.298 seconds
[2024-05-26T03:46:46.888+0000] {processor.py:161} INFO - Started process (PID=154) to work on /home/airflow/.local/lib/python3.12/site-packages/airflow/example_dags/example_latest_only.py
[2024-05-26T03:46:46.896+0000] {processor.py:830} INFO - Processing file /home/airflow/.local/lib/python3.12/site-packages/airflow/example_dags/example_latest_only.py for tasks to queue
[2024-05-26T03:46:46.900+0000] {logging_mixin.py:188} INFO - [2024-05-26T03:46:46.899+0000] {dagbag.py:545} INFO - Filling up the DagBag from /home/airflow/.local/lib/python3.12/site-packages/airflow/example_dags/example_latest_only.py
[2024-05-26T03:46:46.917+0000] {processor.py:840} INFO - DAG(s) 'latest_only' retrieved from /home/airflow/.local/lib/python3.12/site-packages/airflow/example_dags/example_latest_only.py
[2024-05-26T03:46:46.977+0000] {logging_mixin.py:188} INFO - [2024-05-26T03:46:46.975+0000] {dag.py:3096} INFO - Sync 1 DAGs
[2024-05-26T03:46:47.138+0000] {logging_mixin.py:188} INFO - [2024-05-26T03:46:47.137+0000] {dag.py:3954} INFO - Setting next_dagrun for latest_only to 2024-05-25 20:00:00+00:00, run_after=2024-05-26 00:00:00+00:00
[2024-05-26T03:46:47.289+0000] {processor.py:183} INFO - Processing /home/airflow/.local/lib/python3.12/site-packages/airflow/example_dags/example_latest_only.py took 0.437 seconds
[2024-05-26T03:47:17.981+0000] {processor.py:161} INFO - Started process (PID=212) to work on /home/airflow/.local/lib/python3.12/site-packages/airflow/example_dags/example_latest_only.py
[2024-05-26T03:47:17.984+0000] {processor.py:830} INFO - Processing file /home/airflow/.local/lib/python3.12/site-packages/airflow/example_dags/example_latest_only.py for tasks to queue
[2024-05-26T03:47:17.986+0000] {logging_mixin.py:188} INFO - [2024-05-26T03:47:17.986+0000] {dagbag.py:545} INFO - Filling up the DagBag from /home/airflow/.local/lib/python3.12/site-packages/airflow/example_dags/example_latest_only.py
[2024-05-26T03:47:17.992+0000] {processor.py:840} INFO - DAG(s) 'latest_only' retrieved from /home/airflow/.local/lib/python3.12/site-packages/airflow/example_dags/example_latest_only.py
[2024-05-26T03:47:18.022+0000] {logging_mixin.py:188} INFO - [2024-05-26T03:47:18.022+0000] {dag.py:3096} INFO - Sync 1 DAGs
[2024-05-26T03:47:18.055+0000] {logging_mixin.py:188} INFO - [2024-05-26T03:47:18.055+0000] {dag.py:3954} INFO - Setting next_dagrun for latest_only to 2024-05-25 20:00:00+00:00, run_after=2024-05-26 00:00:00+00:00
[2024-05-26T03:47:18.090+0000] {processor.py:183} INFO - Processing /home/airflow/.local/lib/python3.12/site-packages/airflow/example_dags/example_latest_only.py took 0.115 seconds
[2024-05-26T03:47:48.656+0000] {processor.py:161} INFO - Started process (PID=270) to work on /home/airflow/.local/lib/python3.12/site-packages/airflow/example_dags/example_latest_only.py
[2024-05-26T03:47:48.658+0000] {processor.py:830} INFO - Processing file /home/airflow/.local/lib/python3.12/site-packages/airflow/example_dags/example_latest_only.py for tasks to queue
[2024-05-26T03:47:48.662+0000] {logging_mixin.py:188} INFO - [2024-05-26T03:47:48.661+0000] {dagbag.py:545} INFO - Filling up the DagBag from /home/airflow/.local/lib/python3.12/site-packages/airflow/example_dags/example_latest_only.py
[2024-05-26T03:47:48.673+0000] {processor.py:840} INFO - DAG(s) 'latest_only' retrieved from /home/airflow/.local/lib/python3.12/site-packages/airflow/example_dags/example_latest_only.py
[2024-05-26T03:47:48.713+0000] {logging_mixin.py:188} INFO - [2024-05-26T03:47:48.713+0000] {dag.py:3096} INFO - Sync 1 DAGs
[2024-05-26T03:47:48.776+0000] {logging_mixin.py:188} INFO - [2024-05-26T03:47:48.775+0000] {dag.py:3954} INFO - Setting next_dagrun for latest_only to 2024-05-25 20:00:00+00:00, run_after=2024-05-26 00:00:00+00:00
[2024-05-26T03:47:48.816+0000] {processor.py:183} INFO - Processing /home/airflow/.local/lib/python3.12/site-packages/airflow/example_dags/example_latest_only.py took 0.169 seconds
[2024-05-26T03:48:19.307+0000] {processor.py:161} INFO - Started process (PID=328) to work on /home/airflow/.local/lib/python3.12/site-packages/airflow/example_dags/example_latest_only.py
[2024-05-26T03:48:19.309+0000] {processor.py:830} INFO - Processing file /home/airflow/.local/lib/python3.12/site-packages/airflow/example_dags/example_latest_only.py for tasks to queue
[2024-05-26T03:48:19.312+0000] {logging_mixin.py:188} INFO - [2024-05-26T03:48:19.312+0000] {dagbag.py:545} INFO - Filling up the DagBag from /home/airflow/.local/lib/python3.12/site-packages/airflow/example_dags/example_latest_only.py
[2024-05-26T03:48:19.319+0000] {processor.py:840} INFO - DAG(s) 'latest_only' retrieved from /home/airflow/.local/lib/python3.12/site-packages/airflow/example_dags/example_latest_only.py
[2024-05-26T03:48:19.360+0000] {logging_mixin.py:188} INFO - [2024-05-26T03:48:19.359+0000] {dag.py:3096} INFO - Sync 1 DAGs
[2024-05-26T03:48:19.413+0000] {logging_mixin.py:188} INFO - [2024-05-26T03:48:19.413+0000] {dag.py:3954} INFO - Setting next_dagrun for latest_only to 2024-05-25 20:00:00+00:00, run_after=2024-05-26 00:00:00+00:00
[2024-05-26T03:48:19.460+0000] {processor.py:183} INFO - Processing /home/airflow/.local/lib/python3.12/site-packages/airflow/example_dags/example_latest_only.py took 0.165 seconds
[2024-05-26T03:48:49.939+0000] {processor.py:161} INFO - Started process (PID=386) to work on /home/airflow/.local/lib/python3.12/site-packages/airflow/example_dags/example_latest_only.py
[2024-05-26T03:48:49.941+0000] {processor.py:830} INFO - Processing file /home/airflow/.local/lib/python3.12/site-packages/airflow/example_dags/example_latest_only.py for tasks to queue
[2024-05-26T03:48:49.945+0000] {logging_mixin.py:188} INFO - [2024-05-26T03:48:49.945+0000] {dagbag.py:545} INFO - Filling up the DagBag from /home/airflow/.local/lib/python3.12/site-packages/airflow/example_dags/example_latest_only.py
[2024-05-26T03:48:49.953+0000] {processor.py:840} INFO - DAG(s) 'latest_only' retrieved from /home/airflow/.local/lib/python3.12/site-packages/airflow/example_dags/example_latest_only.py
[2024-05-26T03:48:50.004+0000] {logging_mixin.py:188} INFO - [2024-05-26T03:48:50.003+0000] {dag.py:3096} INFO - Sync 1 DAGs
[2024-05-26T03:48:50.065+0000] {logging_mixin.py:188} INFO - [2024-05-26T03:48:50.065+0000] {dag.py:3954} INFO - Setting next_dagrun for latest_only to 2024-05-25 20:00:00+00:00, run_after=2024-05-26 00:00:00+00:00
[2024-05-26T03:48:50.132+0000] {processor.py:183} INFO - Processing /home/airflow/.local/lib/python3.12/site-packages/airflow/example_dags/example_latest_only.py took 0.203 seconds
[2024-05-26T03:49:20.398+0000] {processor.py:161} INFO - Started process (PID=445) to work on /home/airflow/.local/lib/python3.12/site-packages/airflow/example_dags/example_latest_only.py
[2024-05-26T03:49:20.400+0000] {processor.py:830} INFO - Processing file /home/airflow/.local/lib/python3.12/site-packages/airflow/example_dags/example_latest_only.py for tasks to queue
[2024-05-26T03:49:20.403+0000] {logging_mixin.py:188} INFO - [2024-05-26T03:49:20.403+0000] {dagbag.py:545} INFO - Filling up the DagBag from /home/airflow/.local/lib/python3.12/site-packages/airflow/example_dags/example_latest_only.py
[2024-05-26T03:49:20.411+0000] {processor.py:840} INFO - DAG(s) 'latest_only' retrieved from /home/airflow/.local/lib/python3.12/site-packages/airflow/example_dags/example_latest_only.py
[2024-05-26T03:49:20.450+0000] {logging_mixin.py:188} INFO - [2024-05-26T03:49:20.449+0000] {dag.py:3096} INFO - Sync 1 DAGs
[2024-05-26T03:49:20.488+0000] {logging_mixin.py:188} INFO - [2024-05-26T03:49:20.488+0000] {dag.py:3954} INFO - Setting next_dagrun for latest_only to 2024-05-25 20:00:00+00:00, run_after=2024-05-26 00:00:00+00:00
[2024-05-26T03:49:20.527+0000] {processor.py:183} INFO - Processing /home/airflow/.local/lib/python3.12/site-packages/airflow/example_dags/example_latest_only.py took 0.137 seconds
